[ 2017-11-10T10:12:22+08:00 ] 127.0.0.1 /index.php/app/match/index
INFO: [ app_init ] --START--
INFO: Run Behavior\BuildLiteBehavior [ RunTime:0.000000s ]
INFO: [ app_init ] --END-- [ RunTime:0.000000s ]
INFO: [ app_begin ] --START--
INFO: Run Behavior\ReadHtmlCacheBehavior [ RunTime:0.000000s ]
INFO: [ app_begin ] --END-- [ RunTime:0.000000s ]
NOTIC: [8] Undefined offset: 2 D:\phpStudy\WWW\haozi\Application\App\Controller\MatchController.class.php 第 156 行.
NOTIC: [8] Undefined offset: 3 D:\phpStudy\WWW\haozi\Application\App\Controller\MatchController.class.php 第 156 行.
NOTIC: [8] Undefined offset: 4 D:\phpStudy\WWW\haozi\Application\App\Controller\MatchController.class.php 第 156 行.
NOTIC: [8] Undefined offset: 5 D:\phpStudy\WWW\haozi\Application\App\Controller\MatchController.class.php 第 156 行.
NOTIC: [8] Undefined offset: 6 D:\phpStudy\WWW\haozi\Application\App\Controller\MatchController.class.php 第 156 行.
NOTIC: [8] Undefined offset: 3 D:\phpStudy\WWW\haozi\Application\App\Controller\MatchController.class.php 第 156 行.
NOTIC: [8] Undefined offset: 4 D:\phpStudy\WWW\haozi\Application\App\Controller\MatchController.class.php 第 156 行.
NOTIC: [8] Undefined offset: 5 D:\phpStudy\WWW\haozi\Application\App\Controller\MatchController.class.php 第 156 行.
NOTIC: [8] Undefined offset: 6 D:\phpStudy\WWW\haozi\Application\App\Controller\MatchController.class.php 第 156 行.
NOTIC: [8] Undefined offset: 4 D:\phpStudy\WWW\haozi\Application\App\Controller\MatchController.class.php 第 156 行.
NOTIC: [8] Undefined offset: 5 D:\phpStudy\WWW\haozi\Application\App\Controller\MatchController.class.php 第 156 行.
NOTIC: [8] Undefined offset: 6 D:\phpStudy\WWW\haozi\Application\App\Controller\MatchController.class.php 第 156 行.
NOTIC: [8] Undefined offset: 5 D:\phpStudy\WWW\haozi\Application\App\Controller\MatchController.class.php 第 156 行.
NOTIC: [8] Undefined offset: 6 D:\phpStudy\WWW\haozi\Application\App\Controller\MatchController.class.php 第 156 行.
NOTIC: [8] Undefined offset: 6 D:\phpStudy\WWW\haozi\Application\App\Controller\MatchController.class.php 第 156 行.
INFO: [ app_end ] --START--
INFO: Run Behavior\ShowPageTraceBehavior [ RunTime:0.001000s ]
INFO: [ app_end ] --END-- [ RunTime:0.001000s ]

[ 2017-11-10T10:12:45+08:00 ] 127.0.0.1 /index.php/app/match/index
INFO: [ app_init ] --START--
INFO: Run Behavior\BuildLiteBehavior [ RunTime:0.000000s ]
INFO: [ app_init ] --END-- [ RunTime:0.000000s ]
INFO: [ app_begin ] --START--
INFO: Run Behavior\ReadHtmlCacheBehavior [ RunTime:0.000000s ]
INFO: [ app_begin ] --END-- [ RunTime:0.000000s ]
NOTIC: [8] Undefined offset: 2 D:\phpStudy\WWW\haozi\Application\App\Controller\MatchController.class.php 第 156 行.
NOTIC: [8] Undefined offset: 3 D:\phpStudy\WWW\haozi\Application\App\Controller\MatchController.class.php 第 156 行.
NOTIC: [8] Undefined offset: 4 D:\phpStudy\WWW\haozi\Application\App\Controller\MatchController.class.php 第 156 行.
NOTIC: [8] Undefined offset: 5 D:\phpStudy\WWW\haozi\Application\App\Controller\MatchController.class.php 第 156 行.
NOTIC: [8] Undefined offset: 6 D:\phpStudy\WWW\haozi\Application\App\Controller\MatchController.class.php 第 156 行.
NOTIC: [8] Undefined offset: 3 D:\phpStudy\WWW\haozi\Application\App\Controller\MatchController.class.php 第 156 行.
NOTIC: [8] Undefined offset: 4 D:\phpStudy\WWW\haozi\Application\App\Controller\MatchController.class.php 第 156 行.
NOTIC: [8] Undefined offset: 5 D:\phpStudy\WWW\haozi\Application\App\Controller\MatchController.class.php 第 156 行.
NOTIC: [8] Undefined offset: 6 D:\phpStudy\WWW\haozi\Application\App\Controller\MatchController.class.php 第 156 行.
NOTIC: [8] Undefined offset: 4 D:\phpStudy\WWW\haozi\Application\App\Controller\MatchController.class.php 第 156 行.
NOTIC: [8] Undefined offset: 5 D:\phpStudy\WWW\haozi\Application\App\Controller\MatchController.class.php 第 156 行.
NOTIC: [8] Undefined offset: 6 D:\phpStudy\WWW\haozi\Application\App\Controller\MatchController.class.php 第 156 行.
NOTIC: [8] Undefined offset: 5 D:\phpStudy\WWW\haozi\Application\App\Controller\MatchController.class.php 第 156 行.
NOTIC: [8] Undefined offset: 6 D:\phpStudy\WWW\haozi\Application\App\Controller\MatchController.class.php 第 156 行.
NOTIC: [8] Undefined offset: 6 D:\phpStudy\WWW\haozi\Application\App\Controller\MatchController.class.php 第 156 行.
NOTIC: [8] Undefined offset: 6 D:\phpStudy\WWW\haozi\Application\App\Controller\MatchController.class.php 第 156 行.
NOTIC: [8] Undefined offset: 6 D:\phpStudy\WWW\haozi\Application\App\Controller\MatchController.class.php 第 156 行.
NOTIC: [8] Undefined offset: 6 D:\phpStudy\WWW\haozi\Application\App\Controller\MatchController.class.php 第 156 行.
NOTIC: [8] Undefined offset: 6 D:\phpStudy\WWW\haozi\Application\App\Controller\MatchController.class.php 第 156 行.
NOTIC: [8] Undefined offset: 6 D:\phpStudy\WWW\haozi\Application\App\Controller\MatchController.class.php 第 156 行.
NOTIC: [8] Undefined offset: 6 D:\phpStudy\WWW\haozi\Application\App\Controller\MatchController.class.php 第 156 行.
INFO: [ app_end ] --START--
INFO: Run Behavior\ShowPageTraceBehavior [ RunTime:0.000000s ]
INFO: [ app_end ] --END-- [ RunTime:0.000000s ]

[ 2017-11-10T10:12:47+08:00 ] 127.0.0.1 /index.php/app/match/index
INFO: [ app_init ] --START--
INFO: Run Behavior\BuildLiteBehavior [ RunTime:0.000000s ]
INFO: [ app_init ] --END-- [ RunTime:0.000000s ]
INFO: [ app_begin ] --START--
INFO: Run Behavior\ReadHtmlCacheBehavior [ RunTime:0.000000s ]
INFO: [ app_begin ] --END-- [ RunTime:0.000000s ]
NOTIC: [8] Undefined offset: 2 D:\phpStudy\WWW\haozi\Application\App\Controller\MatchController.class.php 第 156 行.
NOTIC: [8] Undefined offset: 3 D:\phpStudy\WWW\haozi\Application\App\Controller\MatchController.class.php 第 156 行.
NOTIC: [8] Undefined offset: 4 D:\phpStudy\WWW\haozi\Application\App\Controller\MatchController.class.php 第 156 行.
NOTIC: [8] Undefined offset: 5 D:\phpStudy\WWW\haozi\Application\App\Controller\MatchController.class.php 第 156 行.
NOTIC: [8] Undefined offset: 6 D:\phpStudy\WWW\haozi\Application\App\Controller\MatchController.class.php 第 156 行.
NOTIC: [8] Undefined offset: 3 D:\phpStudy\WWW\haozi\Application\App\Controller\MatchController.class.php 第 156 行.
NOTIC: [8] Undefined offset: 4 D:\phpStudy\WWW\haozi\Application\App\Controller\MatchController.class.php 第 156 行.
NOTIC: [8] Undefined offset: 5 D:\phpStudy\WWW\haozi\Application\App\Controller\MatchController.class.php 第 156 行.
NOTIC: [8] Undefined offset: 6 D:\phpStudy\WWW\haozi\Application\App\Controller\MatchController.class.php 第 156 行.
NOTIC: [8] Undefined offset: 4 D:\phpStudy\WWW\haozi\Application\App\Controller\MatchController.class.php 第 156 行.
NOTIC: [8] Undefined offset: 5 D:\phpStudy\WWW\haozi\Application\App\Controller\MatchController.class.php 第 156 行.
NOTIC: [8] Undefined offset: 6 D:\phpStudy\WWW\haozi\Application\App\Controller\MatchController.class.php 第 156 行.
NOTIC: [8] Undefined offset: 5 D:\phpStudy\WWW\haozi\Application\App\Controller\MatchController.class.php 第 156 行.
NOTIC: [8] Undefined offset: 6 D:\phpStudy\WWW\haozi\Application\App\Controller\MatchController.class.php 第 156 行.
NOTIC: [8] Undefined offset: 6 D:\phpStudy\WWW\haozi\Application\App\Controller\MatchController.class.php 第 156 行.
NOTIC: [8] Undefined offset: 6 D:\phpStudy\WWW\haozi\Application\App\Controller\MatchController.class.php 第 156 行.
NOTIC: [8] Undefined offset: 6 D:\phpStudy\WWW\haozi\Application\App\Controller\MatchController.class.php 第 156 行.
NOTIC: [8] Undefined offset: 6 D:\phpStudy\WWW\haozi\Application\App\Controller\MatchController.class.php 第 156 行.
NOTIC: [8] Undefined offset: 6 D:\phpStudy\WWW\haozi\Application\App\Controller\MatchController.class.php 第 156 行.
NOTIC: [8] Undefined offset: 6 D:\phpStudy\WWW\haozi\Application\App\Controller\MatchController.class.php 第 156 行.
NOTIC: [8] Undefined offset: 6 D:\phpStudy\WWW\haozi\Application\App\Controller\MatchController.class.php 第 156 行.
INFO: [ app_end ] --START--
INFO: Run Behavior\ShowPageTraceBehavior [ RunTime:0.000000s ]
INFO: [ app_end ] --END-- [ RunTime:0.000000s ]

[ 2017-11-10T10:12:47+08:00 ] 127.0.0.1 /index.php/app/match/index
INFO: [ app_init ] --START--
INFO: Run Behavior\BuildLiteBehavior [ RunTime:0.000000s ]
INFO: [ app_init ] --END-- [ RunTime:0.001000s ]
INFO: [ app_begin ] --START--
INFO: Run Behavior\ReadHtmlCacheBehavior [ RunTime:0.001001s ]
INFO: [ app_begin ] --END-- [ RunTime:0.001001s ]
NOTIC: [8] Undefined offset: 2 D:\phpStudy\WWW\haozi\Application\App\Controller\MatchController.class.php 第 156 行.
NOTIC: [8] Undefined offset: 3 D:\phpStudy\WWW\haozi\Application\App\Controller\MatchController.class.php 第 156 行.
NOTIC: [8] Undefined offset: 4 D:\phpStudy\WWW\haozi\Application\App\Controller\MatchController.class.php 第 156 行.
NOTIC: [8] Undefined offset: 5 D:\phpStudy\WWW\haozi\Application\App\Controller\MatchController.class.php 第 156 行.
NOTIC: [8] Undefined offset: 6 D:\phpStudy\WWW\haozi\Application\App\Controller\MatchController.class.php 第 156 行.
NOTIC: [8] Undefined offset: 3 D:\phpStudy\WWW\haozi\Application\App\Controller\MatchController.class.php 第 156 行.
NOTIC: [8] Undefined offset: 4 D:\phpStudy\WWW\haozi\Application\App\Controller\MatchController.class.php 第 156 行.
NOTIC: [8] Undefined offset: 5 D:\phpStudy\WWW\haozi\Application\App\Controller\MatchController.class.php 第 156 行.
NOTIC: [8] Undefined offset: 6 D:\phpStudy\WWW\haozi\Application\App\Controller\MatchController.class.php 第 156 行.
NOTIC: [8] Undefined offset: 4 D:\phpStudy\WWW\haozi\Application\App\Controller\MatchController.class.php 第 156 行.
NOTIC: [8] Undefined offset: 5 D:\phpStudy\WWW\haozi\Application\App\Controller\MatchController.class.php 第 156 行.
NOTIC: [8] Undefined offset: 6 D:\phpStudy\WWW\haozi\Application\App\Controller\MatchController.class.php 第 156 行.
NOTIC: [8] Undefined offset: 5 D:\phpStudy\WWW\haozi\Application\App\Controller\MatchController.class.php 第 156 行.
NOTIC: [8] Undefined offset: 6 D:\phpStudy\WWW\haozi\Application\App\Controller\MatchController.class.php 第 156 行.
NOTIC: [8] Undefined offset: 6 D:\phpStudy\WWW\haozi\Application\App\Controller\MatchController.class.php 第 156 行.
NOTIC: [8] Undefined offset: 6 D:\phpStudy\WWW\haozi\Application\App\Controller\MatchController.class.php 第 156 行.
NOTIC: [8] Undefined offset: 6 D:\phpStudy\WWW\haozi\Application\App\Controller\MatchController.class.php 第 156 行.
NOTIC: [8] Undefined offset: 6 D:\phpStudy\WWW\haozi\Application\App\Controller\MatchController.class.php 第 156 行.
NOTIC: [8] Undefined offset: 6 D:\phpStudy\WWW\haozi\Application\App\Controller\MatchController.class.php 第 156 行.
NOTIC: [8] Undefined offset: 6 D:\phpStudy\WWW\haozi\Application\App\Controller\MatchController.class.php 第 156 行.
NOTIC: [8] Undefined offset: 6 D:\phpStudy\WWW\haozi\Application\App\Controller\MatchController.class.php 第 156 行.
INFO: [ app_end ] --START--
INFO: Run Behavior\ShowPageTraceBehavior [ RunTime:0.001000s ]
INFO: [ app_end ] --END-- [ RunTime:0.001000s ]

[ 2017-11-10T10:12:57+08:00 ] 127.0.0.1 /index.php/app/match/index
INFO: [ app_init ] --START--
INFO: Run Behavior\BuildLiteBehavior [ RunTime:0.000000s ]
INFO: [ app_init ] --END-- [ RunTime:0.001000s ]
INFO: [ app_begin ] --START--
INFO: Run Behavior\ReadHtmlCacheBehavior [ RunTime:0.001000s ]
INFO: [ app_begin ] --END-- [ RunTime:0.001000s ]
NOTIC: [8] Undefined offset: 2 D:\phpStudy\WWW\haozi\Application\App\Controller\MatchController.class.php 第 156 行.
NOTIC: [8] Undefined offset: 3 D:\phpStudy\WWW\haozi\Application\App\Controller\MatchController.class.php 第 156 行.
NOTIC: [8] Undefined offset: 4 D:\phpStudy\WWW\haozi\Application\App\Controller\MatchController.class.php 第 156 行.
NOTIC: [8] Undefined offset: 5 D:\phpStudy\WWW\haozi\Application\App\Controller\MatchController.class.php 第 156 行.
NOTIC: [8] Undefined offset: 6 D:\phpStudy\WWW\haozi\Application\App\Controller\MatchController.class.php 第 156 行.
NOTIC: [8] Undefined offset: 3 D:\phpStudy\WWW\haozi\Application\App\Controller\MatchController.class.php 第 156 行.
NOTIC: [8] Undefined offset: 4 D:\phpStudy\WWW\haozi\Application\App\Controller\MatchController.class.php 第 156 行.
NOTIC: [8] Undefined offset: 5 D:\phpStudy\WWW\haozi\Application\App\Controller\MatchController.class.php 第 156 行.
NOTIC: [8] Undefined offset: 6 D:\phpStudy\WWW\haozi\Application\App\Controller\MatchController.class.php 第 156 行.
NOTIC: [8] Undefined offset: 4 D:\phpStudy\WWW\haozi\Application\App\Controller\MatchController.class.php 第 156 行.
NOTIC: [8] Undefined offset: 5 D:\phpStudy\WWW\haozi\Application\App\Controller\MatchController.class.php 第 156 行.
NOTIC: [8] Undefined offset: 6 D:\phpStudy\WWW\haozi\Application\App\Controller\MatchController.class.php 第 156 行.
NOTIC: [8] Undefined offset: 5 D:\phpStudy\WWW\haozi\Application\App\Controller\MatchController.class.php 第 156 行.
NOTIC: [8] Undefined offset: 6 D:\phpStudy\WWW\haozi\Application\App\Controller\MatchController.class.php 第 156 行.
NOTIC: [8] Undefined offset: 6 D:\phpStudy\WWW\haozi\Application\App\Controller\MatchController.class.php 第 156 行.
NOTIC: [8] Undefined offset: 6 D:\phpStudy\WWW\haozi\Application\App\Controller\MatchController.class.php 第 156 行.
INFO: [ app_end ] --START--
INFO: Run Behavior\ShowPageTraceBehavior [ RunTime:0.001000s ]
INFO: [ app_end ] --END-- [ RunTime:0.001000s ]

[ 2017-11-10T10:13:13+08:00 ] 127.0.0.1 /index.php/app/match/index
INFO: [ app_init ] --START--
INFO: Run Behavior\BuildLiteBehavior [ RunTime:0.000000s ]
INFO: [ app_init ] --END-- [ RunTime:0.000000s ]
INFO: [ app_begin ] --START--
INFO: Run Behavior\ReadHtmlCacheBehavior [ RunTime:0.001000s ]
INFO: [ app_begin ] --END-- [ RunTime:0.001000s ]
NOTIC: [8] Undefined offset: 2 D:\phpStudy\WWW\haozi\Application\App\Controller\MatchController.class.php 第 148 行.
NOTIC: [8] Undefined offset: 3 D:\phpStudy\WWW\haozi\Application\App\Controller\MatchController.class.php 第 148 行.
NOTIC: [8] Undefined offset: 4 D:\phpStudy\WWW\haozi\Application\App\Controller\MatchController.class.php 第 148 行.
NOTIC: [8] Undefined offset: 5 D:\phpStudy\WWW\haozi\Application\App\Controller\MatchController.class.php 第 148 行.
NOTIC: [8] Undefined offset: 6 D:\phpStudy\WWW\haozi\Application\App\Controller\MatchController.class.php 第 148 行.
NOTIC: [8] Undefined offset: 2 D:\phpStudy\WWW\haozi\Application\App\Controller\MatchController.class.php 第 156 行.
NOTIC: [8] Undefined offset: 3 D:\phpStudy\WWW\haozi\Application\App\Controller\MatchController.class.php 第 156 行.
NOTIC: [8] Undefined offset: 4 D:\phpStudy\WWW\haozi\Application\App\Controller\MatchController.class.php 第 156 行.
NOTIC: [8] Undefined offset: 5 D:\phpStudy\WWW\haozi\Application\App\Controller\MatchController.class.php 第 156 行.
NOTIC: [8] Undefined offset: 6 D:\phpStudy\WWW\haozi\Application\App\Controller\MatchController.class.php 第 156 行.
NOTIC: [8] Undefined offset: 3 D:\phpStudy\WWW\haozi\Application\App\Controller\MatchController.class.php 第 156 行.
NOTIC: [8] Undefined offset: 4 D:\phpStudy\WWW\haozi\Application\App\Controller\MatchController.class.php 第 156 行.
NOTIC: [8] Undefined offset: 5 D:\phpStudy\WWW\haozi\Application\App\Controller\MatchController.class.php 第 156 行.
NOTIC: [8] Undefined offset: 6 D:\phpStudy\WWW\haozi\Application\App\Controller\MatchController.class.php 第 156 行.
NOTIC: [8] Undefined offset: 4 D:\phpStudy\WWW\haozi\Application\App\Controller\MatchController.class.php 第 156 行.
NOTIC: [8] Undefined offset: 5 D:\phpStudy\WWW\haozi\Application\App\Controller\MatchController.class.php 第 156 行.
NOTIC: [8] Undefined offset: 6 D:\phpStudy\WWW\haozi\Application\App\Controller\MatchController.class.php 第 156 行.
NOTIC: [8] Undefined offset: 5 D:\phpStudy\WWW\haozi\Application\App\Controller\MatchController.class.php 第 156 行.
NOTIC: [8] Undefined offset: 6 D:\phpStudy\WWW\haozi\Application\App\Controller\MatchController.class.php 第 156 行.
NOTIC: [8] Undefined offset: 6 D:\phpStudy\WWW\haozi\Application\App\Controller\MatchController.class.php 第 156 行.
INFO: [ app_end ] --START--
INFO: Run Behavior\ShowPageTraceBehavior [ RunTime:0.001001s ]
INFO: [ app_end ] --END-- [ RunTime:0.001001s ]

[ 2017-11-10T10:13:32+08:00 ] 127.0.0.1 /index.php/app/match/index
INFO: [ app_init ] --START--
INFO: Run Behavior\BuildLiteBehavior [ RunTime:0.000000s ]
INFO: [ app_init ] --END-- [ RunTime:0.001000s ]
INFO: [ app_begin ] --START--
INFO: Run Behavior\ReadHtmlCacheBehavior [ RunTime:0.000000s ]
INFO: [ app_begin ] --END-- [ RunTime:0.000000s ]
NOTIC: [8] Undefined offset: 2 D:\phpStudy\WWW\haozi\Application\App\Controller\MatchController.class.php 第 156 行.
NOTIC: [8] Undefined offset: 3 D:\phpStudy\WWW\haozi\Application\App\Controller\MatchController.class.php 第 156 行.
NOTIC: [8] Undefined offset: 4 D:\phpStudy\WWW\haozi\Application\App\Controller\MatchController.class.php 第 156 行.
NOTIC: [8] Undefined offset: 5 D:\phpStudy\WWW\haozi\Application\App\Controller\MatchController.class.php 第 156 行.
NOTIC: [8] Undefined offset: 6 D:\phpStudy\WWW\haozi\Application\App\Controller\MatchController.class.php 第 156 行.
NOTIC: [8] Undefined offset: 3 D:\phpStudy\WWW\haozi\Application\App\Controller\MatchController.class.php 第 156 行.
NOTIC: [8] Undefined offset: 4 D:\phpStudy\WWW\haozi\Application\App\Controller\MatchController.class.php 第 156 行.
NOTIC: [8] Undefined offset: 5 D:\phpStudy\WWW\haozi\Application\App\Controller\MatchController.class.php 第 156 行.
NOTIC: [8] Undefined offset: 6 D:\phpStudy\WWW\haozi\Application\App\Controller\MatchController.class.php 第 156 行.
NOTIC: [8] Undefined offset: 4 D:\phpStudy\WWW\haozi\Application\App\Controller\MatchController.class.php 第 156 行.
NOTIC: [8] Undefined offset: 5 D:\phpStudy\WWW\haozi\Application\App\Controller\MatchController.class.php 第 156 行.
NOTIC: [8] Undefined offset: 6 D:\phpStudy\WWW\haozi\Application\App\Controller\MatchController.class.php 第 156 行.
NOTIC: [8] Undefined offset: 5 D:\phpStudy\WWW\haozi\Application\App\Controller\MatchController.class.php 第 156 行.
NOTIC: [8] Undefined offset: 6 D:\phpStudy\WWW\haozi\Application\App\Controller\MatchController.class.php 第 156 行.
NOTIC: [8] Undefined offset: 6 D:\phpStudy\WWW\haozi\Application\App\Controller\MatchController.class.php 第 156 行.
INFO: [ app_end ] --START--
INFO: Run Behavior\ShowPageTraceBehavior [ RunTime:0.001000s ]
INFO: [ app_end ] --END-- [ RunTime:0.001000s ]

[ 2017-11-10T10:13:32+08:00 ] 127.0.0.1 /index.php/app/match/index
INFO: [ app_init ] --START--
INFO: Run Behavior\BuildLiteBehavior [ RunTime:0.000000s ]
INFO: [ app_init ] --END-- [ RunTime:0.000000s ]
INFO: [ app_begin ] --START--
INFO: Run Behavior\ReadHtmlCacheBehavior [ RunTime:0.000000s ]
INFO: [ app_begin ] --END-- [ RunTime:0.000000s ]
NOTIC: [8] Undefined offset: 2 D:\phpStudy\WWW\haozi\Application\App\Controller\MatchController.class.php 第 156 行.
NOTIC: [8] Undefined offset: 3 D:\phpStudy\WWW\haozi\Application\App\Controller\MatchController.class.php 第 156 行.
NOTIC: [8] Undefined offset: 4 D:\phpStudy\WWW\haozi\Application\App\Controller\MatchController.class.php 第 156 行.
NOTIC: [8] Undefined offset: 5 D:\phpStudy\WWW\haozi\Application\App\Controller\MatchController.class.php 第 156 行.
NOTIC: [8] Undefined offset: 6 D:\phpStudy\WWW\haozi\Application\App\Controller\MatchController.class.php 第 156 行.
NOTIC: [8] Undefined offset: 3 D:\phpStudy\WWW\haozi\Application\App\Controller\MatchController.class.php 第 156 行.
NOTIC: [8] Undefined offset: 4 D:\phpStudy\WWW\haozi\Application\App\Controller\MatchController.class.php 第 156 行.
NOTIC: [8] Undefined offset: 5 D:\phpStudy\WWW\haozi\Application\App\Controller\MatchController.class.php 第 156 行.
NOTIC: [8] Undefined offset: 6 D:\phpStudy\WWW\haozi\Application\App\Controller\MatchController.class.php 第 156 行.
NOTIC: [8] Undefined offset: 4 D:\phpStudy\WWW\haozi\Application\App\Controller\MatchController.class.php 第 156 行.
NOTIC: [8] Undefined offset: 5 D:\phpStudy\WWW\haozi\Application\App\Controller\MatchController.class.php 第 156 行.
NOTIC: [8] Undefined offset: 6 D:\phpStudy\WWW\haozi\Application\App\Controller\MatchController.class.php 第 156 行.
NOTIC: [8] Undefined offset: 5 D:\phpStudy\WWW\haozi\Application\App\Controller\MatchController.class.php 第 156 行.
NOTIC: [8] Undefined offset: 6 D:\phpStudy\WWW\haozi\Application\App\Controller\MatchController.class.php 第 156 行.
NOTIC: [8] Undefined offset: 6 D:\phpStudy\WWW\haozi\Application\App\Controller\MatchController.class.php 第 156 行.
INFO: [ app_end ] --START--
INFO: Run Behavior\ShowPageTraceBehavior [ RunTime:0.001000s ]
INFO: [ app_end ] --END-- [ RunTime:0.001000s ]

[ 2017-11-10T10:13:32+08:00 ] 127.0.0.1 /index.php/app/match/index
INFO: [ app_init ] --START--
INFO: Run Behavior\BuildLiteBehavior [ RunTime:0.001000s ]
INFO: [ app_init ] --END-- [ RunTime:0.001000s ]
INFO: [ app_begin ] --START--
INFO: Run Behavior\ReadHtmlCacheBehavior [ RunTime:0.000000s ]
INFO: [ app_begin ] --END-- [ RunTime:0.000000s ]
NOTIC: [8] Undefined offset: 2 D:\phpStudy\WWW\haozi\Application\App\Controller\MatchController.class.php 第 156 行.
NOTIC: [8] Undefined offset: 3 D:\phpStudy\WWW\haozi\Application\App\Controller\MatchController.class.php 第 156 行.
NOTIC: [8] Undefined offset: 4 D:\phpStudy\WWW\haozi\Application\App\Controller\MatchController.class.php 第 156 行.
NOTIC: [8] Undefined offset: 5 D:\phpStudy\WWW\haozi\Application\App\Controller\MatchController.class.php 第 156 行.
NOTIC: [8] Undefined offset: 6 D:\phpStudy\WWW\haozi\Application\App\Controller\MatchController.class.php 第 156 行.
NOTIC: [8] Undefined offset: 3 D:\phpStudy\WWW\haozi\Application\App\Controller\MatchController.class.php 第 156 行.
NOTIC: [8] Undefined offset: 4 D:\phpStudy\WWW\haozi\Application\App\Controller\MatchController.class.php 第 156 行.
NOTIC: [8] Undefined offset: 5 D:\phpStudy\WWW\haozi\Application\App\Controller\MatchController.class.php 第 156 行.
NOTIC: [8] Undefined offset: 6 D:\phpStudy\WWW\haozi\Application\App\Controller\MatchController.class.php 第 156 行.
NOTIC: [8] Undefined offset: 4 D:\phpStudy\WWW\haozi\Application\App\Controller\MatchController.class.php 第 156 行.
NOTIC: [8] Undefined offset: 5 D:\phpStudy\WWW\haozi\Application\App\Controller\MatchController.class.php 第 156 行.
NOTIC: [8] Undefined offset: 6 D:\phpStudy\WWW\haozi\Application\App\Controller\MatchController.class.php 第 156 行.
NOTIC: [8] Undefined offset: 5 D:\phpStudy\WWW\haozi\Application\App\Controller\MatchController.class.php 第 156 行.
NOTIC: [8] Undefined offset: 6 D:\phpStudy\WWW\haozi\Application\App\Controller\MatchController.class.php 第 156 行.
NOTIC: [8] Undefined offset: 6 D:\phpStudy\WWW\haozi\Application\App\Controller\MatchController.class.php 第 156 行.
INFO: [ app_end ] --START--
INFO: Run Behavior\ShowPageTraceBehavior [ RunTime:0.000000s ]
INFO: [ app_end ] --END-- [ RunTime:0.000000s ]

[ 2017-11-10T10:13:53+08:00 ] 127.0.0.1 /index.php/app/match/index
INFO: [ app_init ] --START--
INFO: Run Behavior\BuildLiteBehavior [ RunTime:0.000000s ]
INFO: [ app_init ] --END-- [ RunTime:0.000000s ]
INFO: [ app_begin ] --START--
INFO: Run Behavior\ReadHtmlCacheBehavior [ RunTime:0.000000s ]
INFO: [ app_begin ] --END-- [ RunTime:0.000000s ]
INFO: [ app_end ] --START--
INFO: Run Behavior\ShowPageTraceBehavior [ RunTime:0.000000s ]
INFO: [ app_end ] --END-- [ RunTime:0.000000s ]

[ 2017-11-10T10:13:53+08:00 ] 127.0.0.1 /index.php/app/match/index
INFO: [ app_init ] --START--
INFO: Run Behavior\BuildLiteBehavior [ RunTime:0.000000s ]
INFO: [ app_init ] --END-- [ RunTime:0.001001s ]
INFO: [ app_begin ] --START--
INFO: Run Behavior\ReadHtmlCacheBehavior [ RunTime:0.000000s ]
INFO: [ app_begin ] --END-- [ RunTime:0.000000s ]
INFO: [ app_end ] --START--
INFO: Run Behavior\ShowPageTraceBehavior [ RunTime:0.001000s ]
INFO: [ app_end ] --END-- [ RunTime:0.001000s ]

[ 2017-11-10T10:13:53+08:00 ] 127.0.0.1 /index.php/app/match/index
INFO: [ app_init ] --START--
INFO: Run Behavior\BuildLiteBehavior [ RunTime:0.000000s ]
INFO: [ app_init ] --END-- [ RunTime:0.000000s ]
INFO: [ app_begin ] --START--
INFO: Run Behavior\ReadHtmlCacheBehavior [ RunTime:0.000000s ]
INFO: [ app_begin ] --END-- [ RunTime:0.000000s ]
INFO: [ app_end ] --START--
INFO: Run Behavior\ShowPageTraceBehavior [ RunTime:0.000000s ]
INFO: [ app_end ] --END-- [ RunTime:0.000000s ]

[ 2017-11-10T10:14:22+08:00 ] 127.0.0.1 /index.php/app/match/index
INFO: [ app_init ] --START--
INFO: Run Behavior\BuildLiteBehavior [ RunTime:0.000000s ]
INFO: [ app_init ] --END-- [ RunTime:0.000000s ]
INFO: [ app_begin ] --START--
INFO: Run Behavior\ReadHtmlCacheBehavior [ RunTime:0.000000s ]
INFO: [ app_begin ] --END-- [ RunTime:0.000000s ]
NOTIC: [8] Undefined offset: 2 D:\phpStudy\WWW\haozi\Application\App\Controller\MatchController.class.php 第 148 行.
NOTIC: [8] Undefined offset: 3 D:\phpStudy\WWW\haozi\Application\App\Controller\MatchController.class.php 第 148 行.
NOTIC: [8] Undefined offset: 4 D:\phpStudy\WWW\haozi\Application\App\Controller\MatchController.class.php 第 148 行.
NOTIC: [8] Undefined offset: 5 D:\phpStudy\WWW\haozi\Application\App\Controller\MatchController.class.php 第 148 行.
NOTIC: [8] Undefined offset: 6 D:\phpStudy\WWW\haozi\Application\App\Controller\MatchController.class.php 第 148 行.
INFO: [ app_end ] --START--
INFO: Run Behavior\ShowPageTraceBehavior [ RunTime:0.000000s ]
INFO: [ app_end ] --END-- [ RunTime:0.000000s ]

[ 2017-11-10T10:14:23+08:00 ] 127.0.0.1 /index.php/app/match/index
INFO: [ app_init ] --START--
INFO: Run Behavior\BuildLiteBehavior [ RunTime:0.000000s ]
INFO: [ app_init ] --END-- [ RunTime:0.000000s ]
INFO: [ app_begin ] --START--
INFO: Run Behavior\ReadHtmlCacheBehavior [ RunTime:0.015600s ]
INFO: [ app_begin ] --END-- [ RunTime:0.015600s ]
NOTIC: [8] Undefined offset: 2 D:\phpStudy\WWW\haozi\Application\App\Controller\MatchController.class.php 第 148 行.
NOTIC: [8] Undefined offset: 3 D:\phpStudy\WWW\haozi\Application\App\Controller\MatchController.class.php 第 148 行.
NOTIC: [8] Undefined offset: 4 D:\phpStudy\WWW\haozi\Application\App\Controller\MatchController.class.php 第 148 行.
NOTIC: [8] Undefined offset: 5 D:\phpStudy\WWW\haozi\Application\App\Controller\MatchController.class.php 第 148 行.
NOTIC: [8] Undefined offset: 6 D:\phpStudy\WWW\haozi\Application\App\Controller\MatchController.class.php 第 148 行.
INFO: [ app_end ] --START--
INFO: Run Behavior\ShowPageTraceBehavior [ RunTime:0.000000s ]
INFO: [ app_end ] --END-- [ RunTime:0.000000s ]

[ 2017-11-10T10:14:24+08:00 ] 127.0.0.1 /index.php/app/match/index
INFO: [ app_init ] --START--
INFO: Run Behavior\BuildLiteBehavior [ RunTime:0.000000s ]
INFO: [ app_init ] --END-- [ RunTime:0.000000s ]
INFO: [ app_begin ] --START--
INFO: Run Behavior\ReadHtmlCacheBehavior [ RunTime:0.015600s ]
INFO: [ app_begin ] --END-- [ RunTime:0.015600s ]
NOTIC: [8] Undefined offset: 2 D:\phpStudy\WWW\haozi\Application\App\Controller\MatchController.class.php 第 148 行.
NOTIC: [8] Undefined offset: 3 D:\phpStudy\WWW\haozi\Application\App\Controller\MatchController.class.php 第 148 行.
NOTIC: [8] Undefined offset: 4 D:\phpStudy\WWW\haozi\Application\App\Controller\MatchController.class.php 第 148 行.
NOTIC: [8] Undefined offset: 5 D:\phpStudy\WWW\haozi\Application\App\Controller\MatchController.class.php 第 148 行.
NOTIC: [8] Undefined offset: 6 D:\phpStudy\WWW\haozi\Application\App\Controller\MatchController.class.php 第 148 行.
INFO: [ app_end ] --START--
INFO: Run Behavior\ShowPageTraceBehavior [ RunTime:0.001000s ]
INFO: [ app_end ] --END-- [ RunTime:0.001000s ]

[ 2017-11-10T10:14:24+08:00 ] 127.0.0.1 /index.php/app/match/index
INFO: [ app_init ] --START--
INFO: Run Behavior\BuildLiteBehavior [ RunTime:0.000000s ]
INFO: [ app_init ] --END-- [ RunTime:0.001000s ]
INFO: [ app_begin ] --START--
INFO: Run Behavior\ReadHtmlCacheBehavior [ RunTime:0.001000s ]
INFO: [ app_begin ] --END-- [ RunTime:0.001000s ]
NOTIC: [8] Undefined offset: 2 D:\phpStudy\WWW\haozi\Application\App\Controller\MatchController.class.php 第 148 行.
NOTIC: [8] Undefined offset: 3 D:\phpStudy\WWW\haozi\Application\App\Controller\MatchController.class.php 第 148 行.
NOTIC: [8] Undefined offset: 4 D:\phpStudy\WWW\haozi\Application\App\Controller\MatchController.class.php 第 148 行.
NOTIC: [8] Undefined offset: 5 D:\phpStudy\WWW\haozi\Application\App\Controller\MatchController.class.php 第 148 行.
NOTIC: [8] Undefined offset: 6 D:\phpStudy\WWW\haozi\Application\App\Controller\MatchController.class.php 第 148 行.
INFO: [ app_end ] --START--
INFO: Run Behavior\ShowPageTraceBehavior [ RunTime:0.001000s ]
INFO: [ app_end ] --END-- [ RunTime:0.001000s ]

[ 2017-11-10T10:14:24+08:00 ] 127.0.0.1 /index.php/app/match/index
INFO: [ app_init ] --START--
INFO: Run Behavior\BuildLiteBehavior [ RunTime:0.000000s ]
INFO: [ app_init ] --END-- [ RunTime:0.000000s ]
INFO: [ app_begin ] --START--
INFO: Run Behavior\ReadHtmlCacheBehavior [ RunTime:0.000000s ]
INFO: [ app_begin ] --END-- [ RunTime:0.000000s ]
NOTIC: [8] Undefined offset: 2 D:\phpStudy\WWW\haozi\Application\App\Controller\MatchController.class.php 第 148 行.
NOTIC: [8] Undefined offset: 3 D:\phpStudy\WWW\haozi\Application\App\Controller\MatchController.class.php 第 148 行.
NOTIC: [8] Undefined offset: 4 D:\phpStudy\WWW\haozi\Application\App\Controller\MatchController.class.php 第 148 行.
NOTIC: [8] Undefined offset: 5 D:\phpStudy\WWW\haozi\Application\App\Controller\MatchController.class.php 第 148 行.
NOTIC: [8] Undefined offset: 6 D:\phpStudy\WWW\haozi\Application\App\Controller\MatchController.class.php 第 148 行.
INFO: [ app_end ] --START--
INFO: Run Behavior\ShowPageTraceBehavior [ RunTime:0.001000s ]
INFO: [ app_end ] --END-- [ RunTime:0.001000s ]

[ 2017-11-10T10:14:24+08:00 ] 127.0.0.1 /index.php/app/match/index
INFO: [ app_init ] --START--
INFO: Run Behavior\BuildLiteBehavior [ RunTime:0.000000s ]
INFO: [ app_init ] --END-- [ RunTime:0.000000s ]
INFO: [ app_begin ] --START--
INFO: Run Behavior\ReadHtmlCacheBehavior [ RunTime:0.000000s ]
INFO: [ app_begin ] --END-- [ RunTime:0.000000s ]
NOTIC: [8] Undefined offset: 2 D:\phpStudy\WWW\haozi\Application\App\Controller\MatchController.class.php 第 148 行.
NOTIC: [8] Undefined offset: 3 D:\phpStudy\WWW\haozi\Application\App\Controller\MatchController.class.php 第 148 行.
NOTIC: [8] Undefined offset: 4 D:\phpStudy\WWW\haozi\Application\App\Controller\MatchController.class.php 第 148 行.
NOTIC: [8] Undefined offset: 5 D:\phpStudy\WWW\haozi\Application\App\Controller\MatchController.class.php 第 148 行.
NOTIC: [8] Undefined offset: 6 D:\phpStudy\WWW\haozi\Application\App\Controller\MatchController.class.php 第 148 行.
INFO: [ app_end ] --START--
INFO: Run Behavior\ShowPageTraceBehavior [ RunTime:0.001000s ]
INFO: [ app_end ] --END-- [ RunTime:0.001000s ]

[ 2017-11-10T10:14:24+08:00 ] 127.0.0.1 /index.php/app/match/index
INFO: [ app_init ] --START--
INFO: Run Behavior\BuildLiteBehavior [ RunTime:0.000000s ]
INFO: [ app_init ] --END-- [ RunTime:0.000000s ]
INFO: [ app_begin ] --START--
INFO: Run Behavior\ReadHtmlCacheBehavior [ RunTime:0.001000s ]
INFO: [ app_begin ] --END-- [ RunTime:0.001000s ]
NOTIC: [8] Undefined offset: 2 D:\phpStudy\WWW\haozi\Application\App\Controller\MatchController.class.php 第 148 行.
NOTIC: [8] Undefined offset: 3 D:\phpStudy\WWW\haozi\Application\App\Controller\MatchController.class.php 第 148 行.
NOTIC: [8] Undefined offset: 4 D:\phpStudy\WWW\haozi\Application\App\Controller\MatchController.class.php 第 148 行.
NOTIC: [8] Undefined offset: 5 D:\phpStudy\WWW\haozi\Application\App\Controller\MatchController.class.php 第 148 行.
NOTIC: [8] Undefined offset: 6 D:\phpStudy\WWW\haozi\Application\App\Controller\MatchController.class.php 第 148 行.
INFO: [ app_end ] --START--
INFO: Run Behavior\ShowPageTraceBehavior [ RunTime:0.001000s ]
INFO: [ app_end ] --END-- [ RunTime:0.001000s ]

[ 2017-11-10T10:14:25+08:00 ] 127.0.0.1 /index.php/app/match/index
INFO: [ app_init ] --START--
INFO: Run Behavior\BuildLiteBehavior [ RunTime:0.000000s ]
INFO: [ app_init ] --END-- [ RunTime:0.000000s ]
INFO: [ app_begin ] --START--
INFO: Run Behavior\ReadHtmlCacheBehavior [ RunTime:0.001000s ]
INFO: [ app_begin ] --END-- [ RunTime:0.001000s ]
NOTIC: [8] Undefined offset: 2 D:\phpStudy\WWW\haozi\Application\App\Controller\MatchController.class.php 第 148 行.
NOTIC: [8] Undefined offset: 3 D:\phpStudy\WWW\haozi\Application\App\Controller\MatchController.class.php 第 148 行.
NOTIC: [8] Undefined offset: 4 D:\phpStudy\WWW\haozi\Application\App\Controller\MatchController.class.php 第 148 行.
NOTIC: [8] Undefined offset: 5 D:\phpStudy\WWW\haozi\Application\App\Controller\MatchController.class.php 第 148 行.
NOTIC: [8] Undefined offset: 6 D:\phpStudy\WWW\haozi\Application\App\Controller\MatchController.class.php 第 148 行.
INFO: [ app_end ] --START--
INFO: Run Behavior\ShowPageTraceBehavior [ RunTime:0.001000s ]
INFO: [ app_end ] --END-- [ RunTime:0.001000s ]

[ 2017-11-10T10:14:25+08:00 ] 127.0.0.1 /index.php/app/match/index
INFO: [ app_init ] --START--
INFO: Run Behavior\BuildLiteBehavior [ RunTime:0.000000s ]
INFO: [ app_init ] --END-- [ RunTime:0.000000s ]
INFO: [ app_begin ] --START--
INFO: Run Behavior\ReadHtmlCacheBehavior [ RunTime:0.000000s ]
INFO: [ app_begin ] --END-- [ RunTime:0.000000s ]
NOTIC: [8] Undefined offset: 2 D:\phpStudy\WWW\haozi\Application\App\Controller\MatchController.class.php 第 148 行.
NOTIC: [8] Undefined offset: 3 D:\phpStudy\WWW\haozi\Application\App\Controller\MatchController.class.php 第 148 行.
NOTIC: [8] Undefined offset: 4 D:\phpStudy\WWW\haozi\Application\App\Controller\MatchController.class.php 第 148 行.
NOTIC: [8] Undefined offset: 5 D:\phpStudy\WWW\haozi\Application\App\Controller\MatchController.class.php 第 148 行.
NOTIC: [8] Undefined offset: 6 D:\phpStudy\WWW\haozi\Application\App\Controller\MatchController.class.php 第 148 行.
INFO: [ app_end ] --START--
INFO: Run Behavior\ShowPageTraceBehavior [ RunTime:0.000000s ]
INFO: [ app_end ] --END-- [ RunTime:0.000000s ]

[ 2017-11-10T10:14:34+08:00 ] 127.0.0.1 /index.php/app/match/index
INFO: [ app_init ] --START--
INFO: Run Behavior\BuildLiteBehavior [ RunTime:0.000000s ]
INFO: [ app_init ] --END-- [ RunTime:0.000000s ]
INFO: [ app_begin ] --START--
INFO: Run Behavior\ReadHtmlCacheBehavior [ RunTime:0.000000s ]
INFO: [ app_begin ] --END-- [ RunTime:0.001000s ]
INFO: [ app_end ] --START--
INFO: Run Behavior\ShowPageTraceBehavior [ RunTime:0.001000s ]
INFO: [ app_end ] --END-- [ RunTime:0.001000s ]

[ 2017-11-10T10:15:27+08:00 ] 127.0.0.1 /index.php/app/match/index
INFO: [ app_init ] --START--
INFO: Run Behavior\BuildLiteBehavior [ RunTime:0.000000s ]
INFO: [ app_init ] --END-- [ RunTime:0.000000s ]
INFO: [ app_begin ] --START--
INFO: Run Behavior\ReadHtmlCacheBehavior [ RunTime:0.001000s ]
INFO: [ app_begin ] --END-- [ RunTime:0.001000s ]
INFO: [ app_end ] --START--
INFO: Run Behavior\ShowPageTraceBehavior [ RunTime:0.000000s ]
INFO: [ app_end ] --END-- [ RunTime:0.000000s ]

[ 2017-11-10T10:15:36+08:00 ] 127.0.0.1 /index.php/app/match/index
INFO: [ app_init ] --START--
INFO: Run Behavior\BuildLiteBehavior [ RunTime:0.000000s ]
INFO: [ app_init ] --END-- [ RunTime:0.000000s ]
INFO: [ app_begin ] --START--
INFO: Run Behavior\ReadHtmlCacheBehavior [ RunTime:0.000000s ]
INFO: [ app_begin ] --END-- [ RunTime:0.001000s ]
INFO: [ app_end ] --START--
INFO: Run Behavior\ShowPageTraceBehavior [ RunTime:0.001000s ]
INFO: [ app_end ] --END-- [ RunTime:0.001000s ]

[ 2017-11-10T10:15:57+08:00 ] 127.0.0.1 /index.php/app/match/index
INFO: [ app_init ] --START--
INFO: Run Behavior\BuildLiteBehavior [ RunTime:0.000000s ]
INFO: [ app_init ] --END-- [ RunTime:0.001000s ]
INFO: [ app_begin ] --START--
INFO: Run Behavior\ReadHtmlCacheBehavior [ RunTime:0.001000s ]
INFO: [ app_begin ] --END-- [ RunTime:0.001000s ]
NOTIC: [8] Undefined offset: 2 D:\phpStudy\WWW\haozi\Application\App\Controller\MatchController.class.php 第 148 行.
NOTIC: [8] Undefined offset: 3 D:\phpStudy\WWW\haozi\Application\App\Controller\MatchController.class.php 第 148 行.
NOTIC: [8] Undefined offset: 4 D:\phpStudy\WWW\haozi\Application\App\Controller\MatchController.class.php 第 148 行.
NOTIC: [8] Undefined offset: 5 D:\phpStudy\WWW\haozi\Application\App\Controller\MatchController.class.php 第 148 行.
NOTIC: [8] Undefined offset: 1 D:\phpStudy\WWW\haozi\Application\App\Controller\MatchController.class.php 第 156 行.
NOTIC: [8] Undefined offset: 2 D:\phpStudy\WWW\haozi\Application\App\Controller\MatchController.class.php 第 156 行.
NOTIC: [8] Undefined offset: 3 D:\phpStudy\WWW\haozi\Application\App\Controller\MatchController.class.php 第 156 行.
NOTIC: [8] Undefined offset: 4 D:\phpStudy\WWW\haozi\Application\App\Controller\MatchController.class.php 第 156 行.
NOTIC: [8] Undefined offset: 5 D:\phpStudy\WWW\haozi\Application\App\Controller\MatchController.class.php 第 156 行.
INFO: [ app_end ] --START--
INFO: Run Behavior\ShowPageTraceBehavior [ RunTime:0.001001s ]
INFO: [ app_end ] --END-- [ RunTime:0.001001s ]

[ 2017-11-10T10:16:36+08:00 ] 127.0.0.1 /index.php/app/match/index
INFO: [ app_init ] --START--
INFO: Run Behavior\BuildLiteBehavior [ RunTime:0.000000s ]
INFO: [ app_init ] --END-- [ RunTime:0.001000s ]
INFO: [ app_begin ] --START--
INFO: Run Behavior\ReadHtmlCacheBehavior [ RunTime:0.001000s ]
INFO: [ app_begin ] --END-- [ RunTime:0.001000s ]
NOTIC: [8] Undefined offset: 2 D:\phpStudy\WWW\haozi\Application\App\Controller\MatchController.class.php 第 148 行.
NOTIC: [8] Undefined offset: 3 D:\phpStudy\WWW\haozi\Application\App\Controller\MatchController.class.php 第 148 行.
NOTIC: [8] Undefined offset: 4 D:\phpStudy\WWW\haozi\Application\App\Controller\MatchController.class.php 第 148 行.
NOTIC: [8] Undefined offset: 5 D:\phpStudy\WWW\haozi\Application\App\Controller\MatchController.class.php 第 148 行.
NOTIC: [8] Undefined offset: 6 D:\phpStudy\WWW\haozi\Application\App\Controller\MatchController.class.php 第 148 行.
INFO: [ app_end ] --START--
INFO: Run Behavior\ShowPageTraceBehavior [ RunTime:0.000000s ]
INFO: [ app_end ] --END-- [ RunTime:0.000000s ]

[ 2017-11-10T10:16:45+08:00 ] 127.0.0.1 /index.php/app/match/index
INFO: [ app_init ] --START--
INFO: Run Behavior\BuildLiteBehavior [ RunTime:0.000000s ]
INFO: [ app_init ] --END-- [ RunTime:0.000000s ]
INFO: [ app_begin ] --START--
INFO: Run Behavior\ReadHtmlCacheBehavior [ RunTime:0.000000s ]
INFO: [ app_begin ] --END-- [ RunTime:0.000000s ]
NOTIC: [8] Undefined offset: 2 D:\phpStudy\WWW\haozi\Application\App\Controller\MatchController.class.php 第 148 行.
NOTIC: [8] Undefined offset: 3 D:\phpStudy\WWW\haozi\Application\App\Controller\MatchController.class.php 第 148 行.
NOTIC: [8] Undefined offset: 4 D:\phpStudy\WWW\haozi\Application\App\Controller\MatchController.class.php 第 148 行.
NOTIC: [8] Undefined offset: 5 D:\phpStudy\WWW\haozi\Application\App\Controller\MatchController.class.php 第 148 行.
NOTIC: [8] Undefined offset: 6 D:\phpStudy\WWW\haozi\Application\App\Controller\MatchController.class.php 第 148 行.
INFO: [ app_end ] --START--
INFO: Run Behavior\ShowPageTraceBehavior [ RunTime:0.000000s ]
INFO: [ app_end ] --END-- [ RunTime:0.000000s ]

[ 2017-11-10T10:17:00+08:00 ] 127.0.0.1 /index.php/app/match/index
INFO: [ app_init ] --START--
INFO: Run Behavior\BuildLiteBehavior [ RunTime:0.000000s ]
INFO: [ app_init ] --END-- [ RunTime:0.001000s ]
INFO: [ app_begin ] --START--
INFO: Run Behavior\ReadHtmlCacheBehavior [ RunTime:0.001000s ]
INFO: [ app_begin ] --END-- [ RunTime:0.001000s ]
NOTIC: [8] Undefined offset: 2 D:\phpStudy\WWW\haozi\Application\App\Controller\MatchController.class.php 第 148 行.
NOTIC: [8] Undefined offset: 3 D:\phpStudy\WWW\haozi\Application\App\Controller\MatchController.class.php 第 148 行.
NOTIC: [8] Undefined offset: 4 D:\phpStudy\WWW\haozi\Application\App\Controller\MatchController.class.php 第 148 行.
NOTIC: [8] Undefined offset: 5 D:\phpStudy\WWW\haozi\Application\App\Controller\MatchController.class.php 第 148 行.
INFO: [ app_end ] --START--
INFO: Run Behavior\ShowPageTraceBehavior [ RunTime:0.000000s ]
INFO: [ app_end ] --END-- [ RunTime:0.000000s ]

[ 2017-11-10T10:17:01+08:00 ] 127.0.0.1 /index.php/app/match/index
INFO: [ app_init ] --START--
INFO: Run Behavior\BuildLiteBehavior [ RunTime:0.000000s ]
INFO: [ app_init ] --END-- [ RunTime:0.000000s ]
INFO: [ app_begin ] --START--
INFO: Run Behavior\ReadHtmlCacheBehavior [ RunTime:0.000000s ]
INFO: [ app_begin ] --END-- [ RunTime:0.000000s ]
NOTIC: [8] Undefined offset: 2 D:\phpStudy\WWW\haozi\Application\App\Controller\MatchController.class.php 第 148 行.
NOTIC: [8] Undefined offset: 3 D:\phpStudy\WWW\haozi\Application\App\Controller\MatchController.class.php 第 148 行.
NOTIC: [8] Undefined offset: 4 D:\phpStudy\WWW\haozi\Application\App\Controller\MatchController.class.php 第 148 行.
NOTIC: [8] Undefined offset: 5 D:\phpStudy\WWW\haozi\Application\App\Controller\MatchController.class.php 第 148 行.
INFO: [ app_end ] --START--
INFO: Run Behavior\ShowPageTraceBehavior [ RunTime:0.000000s ]
INFO: [ app_end ] --END-- [ RunTime:0.000000s ]

[ 2017-11-10T10:17:02+08:00 ] 127.0.0.1 /index.php/app/match/index
INFO: [ app_init ] --START--
INFO: Run Behavior\BuildLiteBehavior [ RunTime:0.000000s ]
INFO: [ app_init ] --END-- [ RunTime:0.001000s ]
INFO: [ app_begin ] --START--
INFO: Run Behavior\ReadHtmlCacheBehavior [ RunTime:0.001000s ]
INFO: [ app_begin ] --END-- [ RunTime:0.001000s ]
NOTIC: [8] Undefined offset: 2 D:\phpStudy\WWW\haozi\Application\App\Controller\MatchController.class.php 第 148 行.
NOTIC: [8] Undefined offset: 3 D:\phpStudy\WWW\haozi\Application\App\Controller\MatchController.class.php 第 148 行.
NOTIC: [8] Undefined offset: 4 D:\phpStudy\WWW\haozi\Application\App\Controller\MatchController.class.php 第 148 行.
NOTIC: [8] Undefined offset: 5 D:\phpStudy\WWW\haozi\Application\App\Controller\MatchController.class.php 第 148 行.
INFO: [ app_end ] --START--
INFO: Run Behavior\ShowPageTraceBehavior [ RunTime:0.001001s ]
INFO: [ app_end ] --END-- [ RunTime:0.001001s ]

[ 2017-11-10T10:17:02+08:00 ] 127.0.0.1 /index.php/app/match/index
INFO: [ app_init ] --START--
INFO: Run Behavior\BuildLiteBehavior [ RunTime:0.000000s ]
INFO: [ app_init ] --END-- [ RunTime:0.000000s ]
INFO: [ app_begin ] --START--
INFO: Run Behavior\ReadHtmlCacheBehavior [ RunTime:0.015600s ]
INFO: [ app_begin ] --END-- [ RunTime:0.015600s ]
NOTIC: [8] Undefined offset: 2 D:\phpStudy\WWW\haozi\Application\App\Controller\MatchController.class.php 第 148 行.
NOTIC: [8] Undefined offset: 3 D:\phpStudy\WWW\haozi\Application\App\Controller\MatchController.class.php 第 148 行.
NOTIC: [8] Undefined offset: 4 D:\phpStudy\WWW\haozi\Application\App\Controller\MatchController.class.php 第 148 行.
NOTIC: [8] Undefined offset: 5 D:\phpStudy\WWW\haozi\Application\App\Controller\MatchController.class.php 第 148 行.
INFO: [ app_end ] --START--
INFO: Run Behavior\ShowPageTraceBehavior [ RunTime:0.000000s ]
INFO: [ app_end ] --END-- [ RunTime:0.000000s ]

[ 2017-11-10T10:17:10+08:00 ] 127.0.0.1 /index.php/app/match/index
INFO: [ app_init ] --START--
INFO: Run Behavior\BuildLiteBehavior [ RunTime:0.000000s ]
INFO: [ app_init ] --END-- [ RunTime:0.000000s ]
INFO: [ app_begin ] --START--
INFO: Run Behavior\ReadHtmlCacheBehavior [ RunTime:0.000000s ]
INFO: [ app_begin ] --END-- [ RunTime:0.000000s ]
INFO: [ app_end ] --START--
INFO: Run Behavior\ShowPageTraceBehavior [ RunTime:0.000000s ]
INFO: [ app_end ] --END-- [ RunTime:0.000000s ]

[ 2017-11-10T10:17:10+08:00 ] 127.0.0.1 /index.php/app/match/index
INFO: [ app_init ] --START--
INFO: Run Behavior\BuildLiteBehavior [ RunTime:0.000000s ]
INFO: [ app_init ] --END-- [ RunTime:0.000000s ]
INFO: [ app_begin ] --START--
INFO: Run Behavior\ReadHtmlCacheBehavior [ RunTime:0.000000s ]
INFO: [ app_begin ] --END-- [ RunTime:0.000000s ]
INFO: [ app_end ] --START--
INFO: Run Behavior\ShowPageTraceBehavior [ RunTime:0.015600s ]
INFO: [ app_end ] --END-- [ RunTime:0.015600s ]

[ 2017-11-10T10:17:10+08:00 ] 127.0.0.1 /index.php/app/match/index
INFO: [ app_init ] --START--
INFO: Run Behavior\BuildLiteBehavior [ RunTime:0.000000s ]
INFO: [ app_init ] --END-- [ RunTime:0.001000s ]
INFO: [ app_begin ] --START--
INFO: Run Behavior\ReadHtmlCacheBehavior [ RunTime:0.000000s ]
INFO: [ app_begin ] --END-- [ RunTime:0.000000s ]
INFO: [ app_end ] --START--
INFO: Run Behavior\ShowPageTraceBehavior [ RunTime:0.000000s ]
INFO: [ app_end ] --END-- [ RunTime:0.000000s ]

[ 2017-11-10T10:17:10+08:00 ] 127.0.0.1 /index.php/app/match/index
INFO: [ app_init ] --START--
INFO: Run Behavior\BuildLiteBehavior [ RunTime:0.000000s ]
INFO: [ app_init ] --END-- [ RunTime:0.000000s ]
INFO: [ app_begin ] --START--
INFO: Run Behavior\ReadHtmlCacheBehavior [ RunTime:0.001000s ]
INFO: [ app_begin ] --END-- [ RunTime:0.001000s ]
INFO: [ app_end ] --START--
INFO: Run Behavior\ShowPageTraceBehavior [ RunTime:0.001000s ]
INFO: [ app_end ] --END-- [ RunTime:0.001000s ]

[ 2017-11-10T10:17:13+08:00 ] 127.0.0.1 /index.php/app/match/index
INFO: [ app_init ] --START--
INFO: Run Behavior\BuildLiteBehavior [ RunTime:0.000000s ]
INFO: [ app_init ] --END-- [ RunTime:0.000000s ]
INFO: [ app_begin ] --START--
INFO: Run Behavior\ReadHtmlCacheBehavior [ RunTime:0.000000s ]
INFO: [ app_begin ] --END-- [ RunTime:0.000000s ]
INFO: [ app_end ] --START--
INFO: Run Behavior\ShowPageTraceBehavior [ RunTime:0.000000s ]
INFO: [ app_end ] --END-- [ RunTime:0.000000s ]

[ 2017-11-10T10:17:13+08:00 ] 127.0.0.1 /index.php/app/match/index
INFO: [ app_init ] --START--
INFO: Run Behavior\BuildLiteBehavior [ RunTime:0.000000s ]
INFO: [ app_init ] --END-- [ RunTime:0.000000s ]
INFO: [ app_begin ] --START--
INFO: Run Behavior\ReadHtmlCacheBehavior [ RunTime:0.000000s ]
INFO: [ app_begin ] --END-- [ RunTime:0.000000s ]
INFO: [ app_end ] --START--
INFO: Run Behavior\ShowPageTraceBehavior [ RunTime:0.000000s ]
INFO: [ app_end ] --END-- [ RunTime:0.000000s ]

