[ 2017-11-09T09:11:26+08:00 ] 127.0.0.1 /index.php/app/login/regist
INFO: [ app_init ] --START--
INFO: Run Behavior\BuildLiteBehavior [ RunTime:0.000000s ]
INFO: [ app_init ] --END-- [ RunTime:0.000000s ]
INFO: [ app_begin ] --START--
INFO: Run Behavior\ReadHtmlCacheBehavior [ RunTime:0.000000s ]
INFO: [ app_begin ] --END-- [ RunTime:0.000000s ]
SQL: SHOW COLUMNS FROM `hwh_user` [ RunTime:0.0040s ]
SQL: SELECT `username` FROM `hwh_user` WHERE `username` = 'hahaha' LIMIT 1   [ RunTime:0.0000s ]

[ 2017-11-09T09:11:33+08:00 ] 127.0.0.1 /index.php/app/login/regist
INFO: [ app_init ] --START--
INFO: Run Behavior\BuildLiteBehavior [ RunTime:0.000000s ]
INFO: [ app_init ] --END-- [ RunTime:0.000000s ]
INFO: [ app_begin ] --START--
INFO: Run Behavior\ReadHtmlCacheBehavior [ RunTime:0.001001s ]
INFO: [ app_begin ] --END-- [ RunTime:0.001001s ]
SQL: SHOW COLUMNS FROM `hwh_user` [ RunTime:0.0040s ]
SQL: SELECT `username` FROM `hwh_user` WHERE `username` = 'hahaha' LIMIT 1   [ RunTime:0.0000s ]
SQL: SELECT * FROM `hwh_user` WHERE `email` = '1165092460@qq.com' AND `states` = 1 LIMIT 1   [ RunTime:0.0000s ]
SQL: INSERT INTO `hwh_user` (`password_leven`,`username`,`password`,`regist_time`,`email`,`activate_code`,`activate_code_times`) VALUES ('1','hahaha','e10adc3949ba59abbe56e057f20f883e','2017-11-09 09:11:32','1165092460@qq.com','dd18a6b8415f5ed4613f56326e4385a7','1510276292') [ RunTime:0.0330s ]
SQL: SELECT `id` FROM `hwh_user` WHERE `username` = 'hahaha' LIMIT 1   [ RunTime:0.0000s ]

[ 2017-11-09T09:13:06+08:00 ] 127.0.0.1 /App/Login/userActivate?id=7&verify=dd18a6b8415f5ed4613f56326e4385a7&time=1510276292
INFO: [ app_init ] --START--
INFO: Run Behavior\BuildLiteBehavior [ RunTime:0.000000s ]
INFO: [ app_init ] --END-- [ RunTime:0.000000s ]
INFO: [ app_begin ] --START--
INFO: Run Behavior\ReadHtmlCacheBehavior [ RunTime:0.000000s ]
INFO: [ app_begin ] --END-- [ RunTime:0.000000s ]
SQL: SHOW COLUMNS FROM `hwh_user` [ RunTime:0.0070s ]
SQL: UPDATE `hwh_user` SET `states`='1' WHERE `id` = 7 AND `activate_code` = 'dd18a6b8415f5ed4613f56326e4385a7' [ RunTime:0.0280s ]
SQL: UPDATE `hwh_user` SET `activate_code`='',`activate_code_times`='0' WHERE `states` = 1 AND `id` = 7 [ RunTime:0.0240s ]

[ 2017-11-09T11:06:20+08:00 ] 127.0.0.1 /index.php/app/match/a
INFO: [ app_init ] --START--
INFO: Run Behavior\BuildLiteBehavior [ RunTime:0.000000s ]
INFO: [ app_init ] --END-- [ RunTime:0.012000s ]
INFO: [ app_begin ] --START--
INFO: Run Behavior\ReadHtmlCacheBehavior [ RunTime:0.001000s ]
INFO: [ app_begin ] --END-- [ RunTime:0.002000s ]
INFO: [ app_end ] --START--
INFO: Run Behavior\ShowPageTraceBehavior [ RunTime:0.011000s ]
INFO: [ app_end ] --END-- [ RunTime:0.011000s ]

[ 2017-11-09T11:09:35+08:00 ] 127.0.0.1 /index.php/app/match/a
INFO: [ app_init ] --START--
INFO: Run Behavior\BuildLiteBehavior [ RunTime:0.000000s ]
INFO: [ app_init ] --END-- [ RunTime:0.000000s ]
INFO: [ app_begin ] --START--
INFO: Run Behavior\ReadHtmlCacheBehavior [ RunTime:0.001000s ]
INFO: [ app_begin ] --END-- [ RunTime:0.001000s ]
INFO: [ app_end ] --START--
INFO: Run Behavior\ShowPageTraceBehavior [ RunTime:0.001000s ]
INFO: [ app_end ] --END-- [ RunTime:0.001000s ]

[ 2017-11-09T11:09:46+08:00 ] 127.0.0.1 /index.php/app/match/a
INFO: [ app_init ] --START--
INFO: Run Behavior\BuildLiteBehavior [ RunTime:0.000000s ]
INFO: [ app_init ] --END-- [ RunTime:0.000000s ]
INFO: [ app_begin ] --START--
INFO: Run Behavior\ReadHtmlCacheBehavior [ RunTime:0.000000s ]
INFO: [ app_begin ] --END-- [ RunTime:0.000000s ]
INFO: [ app_end ] --START--
INFO: Run Behavior\ShowPageTraceBehavior [ RunTime:0.000000s ]
INFO: [ app_end ] --END-- [ RunTime:0.000000s ]

[ 2017-11-09T11:15:30+08:00 ] 127.0.0.1 /index.php/app/match/a
INFO: [ app_init ] --START--
INFO: Run Behavior\BuildLiteBehavior [ RunTime:0.000000s ]
INFO: [ app_init ] --END-- [ RunTime:0.000000s ]
INFO: [ app_begin ] --START--
INFO: Run Behavior\ReadHtmlCacheBehavior [ RunTime:0.001000s ]
INFO: [ app_begin ] --END-- [ RunTime:0.001000s ]
INFO: [ app_end ] --START--
INFO: Run Behavior\ShowPageTraceBehavior [ RunTime:0.001000s ]
INFO: [ app_end ] --END-- [ RunTime:0.001000s ]

[ 2017-11-09T11:15:54+08:00 ] 127.0.0.1 /index.php/app/match/a
INFO: [ app_init ] --START--
INFO: Run Behavior\BuildLiteBehavior [ RunTime:0.000000s ]
INFO: [ app_init ] --END-- [ RunTime:0.001000s ]
INFO: [ app_begin ] --START--
INFO: Run Behavior\ReadHtmlCacheBehavior [ RunTime:0.000000s ]
INFO: [ app_begin ] --END-- [ RunTime:0.000000s ]
INFO: [ app_end ] --START--
INFO: Run Behavior\ShowPageTraceBehavior [ RunTime:0.001000s ]
INFO: [ app_end ] --END-- [ RunTime:0.001000s ]

[ 2017-11-09T11:15:56+08:00 ] 127.0.0.1 /index.php/app/match/a
INFO: [ app_init ] --START--
INFO: Run Behavior\BuildLiteBehavior [ RunTime:0.000000s ]
INFO: [ app_init ] --END-- [ RunTime:0.000000s ]
INFO: [ app_begin ] --START--
INFO: Run Behavior\ReadHtmlCacheBehavior [ RunTime:0.001000s ]
INFO: [ app_begin ] --END-- [ RunTime:0.001000s ]
INFO: [ app_end ] --START--
INFO: Run Behavior\ShowPageTraceBehavior [ RunTime:0.001000s ]
INFO: [ app_end ] --END-- [ RunTime:0.001000s ]

[ 2017-11-09T11:16:49+08:00 ] 127.0.0.1 /index.php/app/match/a
INFO: [ app_init ] --START--
INFO: Run Behavior\BuildLiteBehavior [ RunTime:0.000000s ]
INFO: [ app_init ] --END-- [ RunTime:0.001000s ]
INFO: [ app_begin ] --START--
INFO: Run Behavior\ReadHtmlCacheBehavior [ RunTime:0.001000s ]
INFO: [ app_begin ] --END-- [ RunTime:0.001000s ]
INFO: [ app_end ] --START--
INFO: Run Behavior\ShowPageTraceBehavior [ RunTime:0.001000s ]
INFO: [ app_end ] --END-- [ RunTime:0.001000s ]

[ 2017-11-09T11:17:21+08:00 ] 127.0.0.1 /index.php/app/match/a
INFO: [ app_init ] --START--
INFO: Run Behavior\BuildLiteBehavior [ RunTime:0.000000s ]
INFO: [ app_init ] --END-- [ RunTime:0.001000s ]
INFO: [ app_begin ] --START--
INFO: Run Behavior\ReadHtmlCacheBehavior [ RunTime:0.001000s ]
INFO: [ app_begin ] --END-- [ RunTime:0.001000s ]
INFO: [ app_end ] --START--
INFO: Run Behavior\ShowPageTraceBehavior [ RunTime:0.001000s ]
INFO: [ app_end ] --END-- [ RunTime:0.001000s ]

[ 2017-11-09T11:17:30+08:00 ] 127.0.0.1 /index.php/app/match/a
INFO: [ app_init ] --START--
INFO: Run Behavior\BuildLiteBehavior [ RunTime:0.000000s ]
INFO: [ app_init ] --END-- [ RunTime:0.001000s ]
INFO: [ app_begin ] --START--
INFO: Run Behavior\ReadHtmlCacheBehavior [ RunTime:0.000000s ]
INFO: [ app_begin ] --END-- [ RunTime:0.000000s ]
INFO: [ app_end ] --START--
INFO: Run Behavior\ShowPageTraceBehavior [ RunTime:0.000000s ]
INFO: [ app_end ] --END-- [ RunTime:0.000000s ]

[ 2017-11-09T11:17:44+08:00 ] 127.0.0.1 /index.php/app/match/a
INFO: [ app_init ] --START--
INFO: Run Behavior\BuildLiteBehavior [ RunTime:0.000000s ]
INFO: [ app_init ] --END-- [ RunTime:0.001000s ]
INFO: [ app_begin ] --START--
INFO: Run Behavior\ReadHtmlCacheBehavior [ RunTime:0.001000s ]
INFO: [ app_begin ] --END-- [ RunTime:0.001000s ]
INFO: [ app_end ] --START--
INFO: Run Behavior\ShowPageTraceBehavior [ RunTime:0.001000s ]
INFO: [ app_end ] --END-- [ RunTime:0.001000s ]

[ 2017-11-09T11:19:40+08:00 ] 127.0.0.1 /index.php/app/match/a
INFO: [ app_init ] --START--
INFO: Run Behavior\BuildLiteBehavior [ RunTime:0.000000s ]
INFO: [ app_init ] --END-- [ RunTime:0.001000s ]
INFO: [ app_begin ] --START--
INFO: Run Behavior\ReadHtmlCacheBehavior [ RunTime:0.001000s ]
INFO: [ app_begin ] --END-- [ RunTime:0.001000s ]
INFO: [ app_end ] --START--
INFO: Run Behavior\ShowPageTraceBehavior [ RunTime:0.001000s ]
INFO: [ app_end ] --END-- [ RunTime:0.001000s ]

[ 2017-11-09T11:19:47+08:00 ] 127.0.0.1 /index.php/app/match/a
INFO: [ app_init ] --START--
INFO: Run Behavior\BuildLiteBehavior [ RunTime:0.000000s ]
INFO: [ app_init ] --END-- [ RunTime:0.001000s ]
INFO: [ app_begin ] --START--
INFO: Run Behavior\ReadHtmlCacheBehavior [ RunTime:0.001000s ]
INFO: [ app_begin ] --END-- [ RunTime:0.001000s ]
INFO: [ app_end ] --START--
INFO: Run Behavior\ShowPageTraceBehavior [ RunTime:0.001000s ]
INFO: [ app_end ] --END-- [ RunTime:0.001000s ]

[ 2017-11-09T11:19:48+08:00 ] 127.0.0.1 /index.php/app/match/a
INFO: [ app_init ] --START--
INFO: Run Behavior\BuildLiteBehavior [ RunTime:0.000000s ]
INFO: [ app_init ] --END-- [ RunTime:0.001000s ]
INFO: [ app_begin ] --START--
INFO: Run Behavior\ReadHtmlCacheBehavior [ RunTime:0.001000s ]
INFO: [ app_begin ] --END-- [ RunTime:0.001000s ]
INFO: [ app_end ] --START--
INFO: Run Behavior\ShowPageTraceBehavior [ RunTime:0.001000s ]
INFO: [ app_end ] --END-- [ RunTime:0.001000s ]

[ 2017-11-09T11:20:31+08:00 ] 127.0.0.1 /index.php/app/match/a
INFO: [ app_init ] --START--
INFO: Run Behavior\BuildLiteBehavior [ RunTime:0.000000s ]
INFO: [ app_init ] --END-- [ RunTime:0.001000s ]
INFO: [ app_begin ] --START--
INFO: Run Behavior\ReadHtmlCacheBehavior [ RunTime:0.001000s ]
INFO: [ app_begin ] --END-- [ RunTime:0.001000s ]
INFO: [ app_end ] --START--
INFO: Run Behavior\ShowPageTraceBehavior [ RunTime:0.001000s ]
INFO: [ app_end ] --END-- [ RunTime:0.001000s ]

[ 2017-11-09T11:20:33+08:00 ] 127.0.0.1 /index.php/app/match/a
INFO: [ app_init ] --START--
INFO: Run Behavior\BuildLiteBehavior [ RunTime:0.000000s ]
INFO: [ app_init ] --END-- [ RunTime:0.001000s ]
INFO: [ app_begin ] --START--
INFO: Run Behavior\ReadHtmlCacheBehavior [ RunTime:0.001000s ]
INFO: [ app_begin ] --END-- [ RunTime:0.001000s ]
INFO: [ app_end ] --START--
INFO: Run Behavior\ShowPageTraceBehavior [ RunTime:0.001000s ]
INFO: [ app_end ] --END-- [ RunTime:0.001000s ]

[ 2017-11-09T11:20:34+08:00 ] 127.0.0.1 /index.php/app/match/a
INFO: [ app_init ] --START--
INFO: Run Behavior\BuildLiteBehavior [ RunTime:0.000000s ]
INFO: [ app_init ] --END-- [ RunTime:0.001000s ]
INFO: [ app_begin ] --START--
INFO: Run Behavior\ReadHtmlCacheBehavior [ RunTime:0.001000s ]
INFO: [ app_begin ] --END-- [ RunTime:0.001000s ]
INFO: [ app_end ] --START--
INFO: Run Behavior\ShowPageTraceBehavior [ RunTime:0.001000s ]
INFO: [ app_end ] --END-- [ RunTime:0.001000s ]

[ 2017-11-09T11:20:34+08:00 ] 127.0.0.1 /index.php/app/match/a
INFO: [ app_init ] --START--
INFO: Run Behavior\BuildLiteBehavior [ RunTime:0.000000s ]
INFO: [ app_init ] --END-- [ RunTime:0.000000s ]
INFO: [ app_begin ] --START--
INFO: Run Behavior\ReadHtmlCacheBehavior [ RunTime:0.000000s ]
INFO: [ app_begin ] --END-- [ RunTime:0.000000s ]
INFO: [ app_end ] --START--
INFO: Run Behavior\ShowPageTraceBehavior [ RunTime:0.000000s ]
INFO: [ app_end ] --END-- [ RunTime:0.000000s ]

[ 2017-11-09T11:20:34+08:00 ] 127.0.0.1 /index.php/app/match/a
INFO: [ app_init ] --START--
INFO: Run Behavior\BuildLiteBehavior [ RunTime:0.000000s ]
INFO: [ app_init ] --END-- [ RunTime:0.001000s ]
INFO: [ app_begin ] --START--
INFO: Run Behavior\ReadHtmlCacheBehavior [ RunTime:0.001000s ]
INFO: [ app_begin ] --END-- [ RunTime:0.001000s ]
INFO: [ app_end ] --START--
INFO: Run Behavior\ShowPageTraceBehavior [ RunTime:0.001000s ]
INFO: [ app_end ] --END-- [ RunTime:0.001000s ]

[ 2017-11-09T11:20:34+08:00 ] 127.0.0.1 /index.php/app/match/a
INFO: [ app_init ] --START--
INFO: Run Behavior\BuildLiteBehavior [ RunTime:0.000000s ]
INFO: [ app_init ] --END-- [ RunTime:0.001000s ]
INFO: [ app_begin ] --START--
INFO: Run Behavior\ReadHtmlCacheBehavior [ RunTime:0.000000s ]
INFO: [ app_begin ] --END-- [ RunTime:0.000000s ]
INFO: [ app_end ] --START--
INFO: Run Behavior\ShowPageTraceBehavior [ RunTime:0.000000s ]
INFO: [ app_end ] --END-- [ RunTime:0.000000s ]

[ 2017-11-09T11:20:57+08:00 ] 127.0.0.1 /index.php/app/match/a
INFO: [ app_init ] --START--
INFO: Run Behavior\BuildLiteBehavior [ RunTime:0.000000s ]
INFO: [ app_init ] --END-- [ RunTime:0.001000s ]
INFO: [ app_begin ] --START--
INFO: Run Behavior\ReadHtmlCacheBehavior [ RunTime:0.001000s ]
INFO: [ app_begin ] --END-- [ RunTime:0.001000s ]
INFO: [ app_end ] --START--
INFO: Run Behavior\ShowPageTraceBehavior [ RunTime:0.001000s ]
INFO: [ app_end ] --END-- [ RunTime:0.001000s ]

[ 2017-11-09T11:21:03+08:00 ] 127.0.0.1 /index.php/app/match/a
INFO: [ app_init ] --START--
INFO: Run Behavior\BuildLiteBehavior [ RunTime:0.000000s ]
INFO: [ app_init ] --END-- [ RunTime:0.001000s ]
INFO: [ app_begin ] --START--
INFO: Run Behavior\ReadHtmlCacheBehavior [ RunTime:0.001000s ]
INFO: [ app_begin ] --END-- [ RunTime:0.001000s ]
INFO: [ app_end ] --START--
INFO: Run Behavior\ShowPageTraceBehavior [ RunTime:0.001000s ]
INFO: [ app_end ] --END-- [ RunTime:0.001000s ]

[ 2017-11-09T11:21:04+08:00 ] 127.0.0.1 /index.php/app/match/a
INFO: [ app_init ] --START--
INFO: Run Behavior\BuildLiteBehavior [ RunTime:0.000000s ]
INFO: [ app_init ] --END-- [ RunTime:0.001000s ]
INFO: [ app_begin ] --START--
INFO: Run Behavior\ReadHtmlCacheBehavior [ RunTime:0.001000s ]
INFO: [ app_begin ] --END-- [ RunTime:0.001000s ]
INFO: [ app_end ] --START--
INFO: Run Behavior\ShowPageTraceBehavior [ RunTime:0.001000s ]
INFO: [ app_end ] --END-- [ RunTime:0.001000s ]

[ 2017-11-09T11:21:04+08:00 ] 127.0.0.1 /index.php/app/match/a
INFO: [ app_init ] --START--
INFO: Run Behavior\BuildLiteBehavior [ RunTime:0.000000s ]
INFO: [ app_init ] --END-- [ RunTime:0.001000s ]
INFO: [ app_begin ] --START--
INFO: Run Behavior\ReadHtmlCacheBehavior [ RunTime:0.000000s ]
INFO: [ app_begin ] --END-- [ RunTime:0.000000s ]
INFO: [ app_end ] --START--
INFO: Run Behavior\ShowPageTraceBehavior [ RunTime:0.000000s ]
INFO: [ app_end ] --END-- [ RunTime:0.000000s ]

[ 2017-11-09T11:21:04+08:00 ] 127.0.0.1 /index.php/app/match/a
INFO: [ app_init ] --START--
INFO: Run Behavior\BuildLiteBehavior [ RunTime:0.000000s ]
INFO: [ app_init ] --END-- [ RunTime:0.000000s ]
INFO: [ app_begin ] --START--
INFO: Run Behavior\ReadHtmlCacheBehavior [ RunTime:0.000000s ]
INFO: [ app_begin ] --END-- [ RunTime:0.000000s ]
INFO: [ app_end ] --START--
INFO: Run Behavior\ShowPageTraceBehavior [ RunTime:0.000000s ]
INFO: [ app_end ] --END-- [ RunTime:0.000000s ]

[ 2017-11-09T11:21:51+08:00 ] 127.0.0.1 /index.php/app/match/a
INFO: [ app_init ] --START--
INFO: Run Behavior\BuildLiteBehavior [ RunTime:0.000000s ]
INFO: [ app_init ] --END-- [ RunTime:0.000000s ]
INFO: [ app_begin ] --START--
INFO: Run Behavior\ReadHtmlCacheBehavior [ RunTime:0.001000s ]
INFO: [ app_begin ] --END-- [ RunTime:0.001000s ]
INFO: [ app_end ] --START--
INFO: Run Behavior\ShowPageTraceBehavior [ RunTime:0.001000s ]
INFO: [ app_end ] --END-- [ RunTime:0.001000s ]

[ 2017-11-09T11:21:51+08:00 ] 127.0.0.1 /index.php/app/match/a
INFO: [ app_init ] --START--
INFO: Run Behavior\BuildLiteBehavior [ RunTime:0.000000s ]
INFO: [ app_init ] --END-- [ RunTime:0.001000s ]
INFO: [ app_begin ] --START--
INFO: Run Behavior\ReadHtmlCacheBehavior [ RunTime:0.001000s ]
INFO: [ app_begin ] --END-- [ RunTime:0.001000s ]
INFO: [ app_end ] --START--
INFO: Run Behavior\ShowPageTraceBehavior [ RunTime:0.001000s ]
INFO: [ app_end ] --END-- [ RunTime:0.002001s ]

[ 2017-11-09T11:21:52+08:00 ] 127.0.0.1 /index.php/app/match/a
INFO: [ app_init ] --START--
INFO: Run Behavior\BuildLiteBehavior [ RunTime:0.000000s ]
INFO: [ app_init ] --END-- [ RunTime:0.000000s ]
INFO: [ app_begin ] --START--
INFO: Run Behavior\ReadHtmlCacheBehavior [ RunTime:0.001000s ]
INFO: [ app_begin ] --END-- [ RunTime:0.001000s ]
INFO: [ app_end ] --START--
INFO: Run Behavior\ShowPageTraceBehavior [ RunTime:0.001000s ]
INFO: [ app_end ] --END-- [ RunTime:0.001000s ]

[ 2017-11-09T11:21:52+08:00 ] 127.0.0.1 /index.php/app/match/a
INFO: [ app_init ] --START--
INFO: Run Behavior\BuildLiteBehavior [ RunTime:0.000000s ]
INFO: [ app_init ] --END-- [ RunTime:0.000000s ]
INFO: [ app_begin ] --START--
INFO: Run Behavior\ReadHtmlCacheBehavior [ RunTime:0.000000s ]
INFO: [ app_begin ] --END-- [ RunTime:0.000000s ]
INFO: [ app_end ] --START--
INFO: Run Behavior\ShowPageTraceBehavior [ RunTime:0.001000s ]
INFO: [ app_end ] --END-- [ RunTime:0.001000s ]

[ 2017-11-09T11:21:52+08:00 ] 127.0.0.1 /index.php/app/match/a
INFO: [ app_init ] --START--
INFO: Run Behavior\BuildLiteBehavior [ RunTime:0.000000s ]
INFO: [ app_init ] --END-- [ RunTime:0.001000s ]
INFO: [ app_begin ] --START--
INFO: Run Behavior\ReadHtmlCacheBehavior [ RunTime:0.000000s ]
INFO: [ app_begin ] --END-- [ RunTime:0.000000s ]
INFO: [ app_end ] --START--
INFO: Run Behavior\ShowPageTraceBehavior [ RunTime:0.000000s ]
INFO: [ app_end ] --END-- [ RunTime:0.000000s ]

[ 2017-11-09T11:22:10+08:00 ] 127.0.0.1 /index.php/app/match/a
INFO: [ app_init ] --START--
INFO: Run Behavior\BuildLiteBehavior [ RunTime:0.000000s ]
INFO: [ app_init ] --END-- [ RunTime:0.000000s ]
INFO: [ app_begin ] --START--
INFO: Run Behavior\ReadHtmlCacheBehavior [ RunTime:0.001000s ]
INFO: [ app_begin ] --END-- [ RunTime:0.001000s ]
INFO: [ app_end ] --START--
INFO: Run Behavior\ShowPageTraceBehavior [ RunTime:0.001000s ]
INFO: [ app_end ] --END-- [ RunTime:0.001000s ]

[ 2017-11-09T11:22:28+08:00 ] 127.0.0.1 /index.php/app/match/a
INFO: [ app_init ] --START--
INFO: Run Behavior\BuildLiteBehavior [ RunTime:0.000000s ]
INFO: [ app_init ] --END-- [ RunTime:0.001000s ]
INFO: [ app_begin ] --START--
INFO: Run Behavior\ReadHtmlCacheBehavior [ RunTime:0.001000s ]
INFO: [ app_begin ] --END-- [ RunTime:0.001000s ]
INFO: [ app_end ] --START--
INFO: Run Behavior\ShowPageTraceBehavior [ RunTime:0.001000s ]
INFO: [ app_end ] --END-- [ RunTime:0.001000s ]

[ 2017-11-09T11:22:34+08:00 ] 127.0.0.1 /index.php/app/match/a
INFO: [ app_init ] --START--
INFO: Run Behavior\BuildLiteBehavior [ RunTime:0.000000s ]
INFO: [ app_init ] --END-- [ RunTime:0.000000s ]
INFO: [ app_begin ] --START--
INFO: Run Behavior\ReadHtmlCacheBehavior [ RunTime:0.000000s ]
INFO: [ app_begin ] --END-- [ RunTime:0.000000s ]
INFO: [ app_end ] --START--
INFO: Run Behavior\ShowPageTraceBehavior [ RunTime:0.001000s ]
INFO: [ app_end ] --END-- [ RunTime:0.001000s ]

[ 2017-11-09T11:22:55+08:00 ] 127.0.0.1 /index.php/app/match/a
INFO: [ app_init ] --START--
INFO: Run Behavior\BuildLiteBehavior [ RunTime:0.000000s ]
INFO: [ app_init ] --END-- [ RunTime:0.000000s ]
INFO: [ app_begin ] --START--
INFO: Run Behavior\ReadHtmlCacheBehavior [ RunTime:0.001000s ]
INFO: [ app_begin ] --END-- [ RunTime:0.001000s ]
INFO: [ app_end ] --START--
INFO: Run Behavior\ShowPageTraceBehavior [ RunTime:0.001000s ]
INFO: [ app_end ] --END-- [ RunTime:0.001000s ]

[ 2017-11-09T11:23:41+08:00 ] 127.0.0.1 /index.php/app/match/a
INFO: [ app_init ] --START--
INFO: Run Behavior\BuildLiteBehavior [ RunTime:0.000000s ]
INFO: [ app_init ] --END-- [ RunTime:0.001000s ]
INFO: [ app_begin ] --START--
INFO: Run Behavior\ReadHtmlCacheBehavior [ RunTime:0.000000s ]
INFO: [ app_begin ] --END-- [ RunTime:0.000000s ]
INFO: [ app_end ] --START--
INFO: Run Behavior\ShowPageTraceBehavior [ RunTime:0.000000s ]
INFO: [ app_end ] --END-- [ RunTime:0.000000s ]

[ 2017-11-09T11:23:41+08:00 ] 127.0.0.1 /index.php/app/match/a
INFO: [ app_init ] --START--
INFO: Run Behavior\BuildLiteBehavior [ RunTime:0.000000s ]
INFO: [ app_init ] --END-- [ RunTime:0.001000s ]
INFO: [ app_begin ] --START--
INFO: Run Behavior\ReadHtmlCacheBehavior [ RunTime:0.000000s ]
INFO: [ app_begin ] --END-- [ RunTime:0.001000s ]
INFO: [ app_end ] --START--
INFO: Run Behavior\ShowPageTraceBehavior [ RunTime:0.001000s ]
INFO: [ app_end ] --END-- [ RunTime:0.001000s ]

[ 2017-11-09T11:23:41+08:00 ] 127.0.0.1 /index.php/app/match/a
INFO: [ app_init ] --START--
INFO: Run Behavior\BuildLiteBehavior [ RunTime:0.000000s ]
INFO: [ app_init ] --END-- [ RunTime:0.000000s ]
INFO: [ app_begin ] --START--
INFO: Run Behavior\ReadHtmlCacheBehavior [ RunTime:0.001000s ]
INFO: [ app_begin ] --END-- [ RunTime:0.001000s ]
INFO: [ app_end ] --START--
INFO: Run Behavior\ShowPageTraceBehavior [ RunTime:0.001000s ]
INFO: [ app_end ] --END-- [ RunTime:0.001000s ]

[ 2017-11-09T11:23:48+08:00 ] 127.0.0.1 /index.php/app/match/a
INFO: [ app_init ] --START--
INFO: Run Behavior\BuildLiteBehavior [ RunTime:0.000000s ]
INFO: [ app_init ] --END-- [ RunTime:0.001000s ]
INFO: [ app_begin ] --START--
INFO: Run Behavior\ReadHtmlCacheBehavior [ RunTime:0.001000s ]
INFO: [ app_begin ] --END-- [ RunTime:0.001000s ]
INFO: [ app_end ] --START--
INFO: Run Behavior\ShowPageTraceBehavior [ RunTime:0.001000s ]
INFO: [ app_end ] --END-- [ RunTime:0.001000s ]

[ 2017-11-09T11:23:48+08:00 ] 127.0.0.1 /index.php/app/match/a
INFO: [ app_init ] --START--
INFO: Run Behavior\BuildLiteBehavior [ RunTime:0.000000s ]
INFO: [ app_init ] --END-- [ RunTime:0.001000s ]
INFO: [ app_begin ] --START--
INFO: Run Behavior\ReadHtmlCacheBehavior [ RunTime:0.001000s ]
INFO: [ app_begin ] --END-- [ RunTime:0.001000s ]
INFO: [ app_end ] --START--
INFO: Run Behavior\ShowPageTraceBehavior [ RunTime:0.001000s ]
INFO: [ app_end ] --END-- [ RunTime:0.001000s ]

[ 2017-11-09T11:23:48+08:00 ] 127.0.0.1 /index.php/app/match/a
INFO: [ app_init ] --START--
INFO: Run Behavior\BuildLiteBehavior [ RunTime:0.000000s ]
INFO: [ app_init ] --END-- [ RunTime:0.001000s ]
INFO: [ app_begin ] --START--
INFO: Run Behavior\ReadHtmlCacheBehavior [ RunTime:0.001000s ]
INFO: [ app_begin ] --END-- [ RunTime:0.002000s ]
INFO: [ app_end ] --START--
INFO: Run Behavior\ShowPageTraceBehavior [ RunTime:0.001000s ]
INFO: [ app_end ] --END-- [ RunTime:0.002000s ]

[ 2017-11-09T11:23:48+08:00 ] 127.0.0.1 /index.php/app/match/a
INFO: [ app_init ] --START--
INFO: Run Behavior\BuildLiteBehavior [ RunTime:0.000000s ]
INFO: [ app_init ] --END-- [ RunTime:0.000000s ]
INFO: [ app_begin ] --START--
INFO: Run Behavior\ReadHtmlCacheBehavior [ RunTime:0.001000s ]
INFO: [ app_begin ] --END-- [ RunTime:0.001000s ]
INFO: [ app_end ] --START--
INFO: Run Behavior\ShowPageTraceBehavior [ RunTime:0.001000s ]
INFO: [ app_end ] --END-- [ RunTime:0.001000s ]

[ 2017-11-09T11:23:55+08:00 ] 127.0.0.1 /index.php/app/match/a
INFO: [ app_init ] --START--
INFO: Run Behavior\BuildLiteBehavior [ RunTime:0.000000s ]
INFO: [ app_init ] --END-- [ RunTime:0.000000s ]
INFO: [ app_begin ] --START--
INFO: Run Behavior\ReadHtmlCacheBehavior [ RunTime:0.000000s ]
INFO: [ app_begin ] --END-- [ RunTime:0.000000s ]
INFO: [ app_end ] --START--
INFO: Run Behavior\ShowPageTraceBehavior [ RunTime:0.000000s ]
INFO: [ app_end ] --END-- [ RunTime:0.000000s ]

[ 2017-11-09T11:23:55+08:00 ] 127.0.0.1 /index.php/app/match/a
INFO: [ app_init ] --START--
INFO: Run Behavior\BuildLiteBehavior [ RunTime:0.000000s ]
INFO: [ app_init ] --END-- [ RunTime:0.001000s ]
INFO: [ app_begin ] --START--
INFO: Run Behavior\ReadHtmlCacheBehavior [ RunTime:0.001000s ]
INFO: [ app_begin ] --END-- [ RunTime:0.001000s ]
INFO: [ app_end ] --START--
INFO: Run Behavior\ShowPageTraceBehavior [ RunTime:0.000000s ]
INFO: [ app_end ] --END-- [ RunTime:0.000000s ]

[ 2017-11-09T11:23:55+08:00 ] 127.0.0.1 /index.php/app/match/a
INFO: [ app_init ] --START--
INFO: Run Behavior\BuildLiteBehavior [ RunTime:0.000000s ]
INFO: [ app_init ] --END-- [ RunTime:0.000000s ]
INFO: [ app_begin ] --START--
INFO: Run Behavior\ReadHtmlCacheBehavior [ RunTime:0.000000s ]
INFO: [ app_begin ] --END-- [ RunTime:0.000000s ]
INFO: [ app_end ] --START--
INFO: Run Behavior\ShowPageTraceBehavior [ RunTime:0.001000s ]
INFO: [ app_end ] --END-- [ RunTime:0.001000s ]

[ 2017-11-09T11:24:02+08:00 ] 127.0.0.1 /index.php/app/match/a
INFO: [ app_init ] --START--
INFO: Run Behavior\BuildLiteBehavior [ RunTime:0.000000s ]
INFO: [ app_init ] --END-- [ RunTime:0.000000s ]
INFO: [ app_begin ] --START--
INFO: Run Behavior\ReadHtmlCacheBehavior [ RunTime:0.001000s ]
INFO: [ app_begin ] --END-- [ RunTime:0.001000s ]
INFO: [ app_end ] --START--
INFO: Run Behavior\ShowPageTraceBehavior [ RunTime:0.001000s ]
INFO: [ app_end ] --END-- [ RunTime:0.001000s ]

[ 2017-11-09T11:24:02+08:00 ] 127.0.0.1 /index.php/app/match/a
INFO: [ app_init ] --START--
INFO: Run Behavior\BuildLiteBehavior [ RunTime:0.000000s ]
INFO: [ app_init ] --END-- [ RunTime:0.001000s ]
INFO: [ app_begin ] --START--
INFO: Run Behavior\ReadHtmlCacheBehavior [ RunTime:0.000000s ]
INFO: [ app_begin ] --END-- [ RunTime:0.000000s ]
INFO: [ app_end ] --START--
INFO: Run Behavior\ShowPageTraceBehavior [ RunTime:0.000000s ]
INFO: [ app_end ] --END-- [ RunTime:0.000000s ]

[ 2017-11-09T11:24:03+08:00 ] 127.0.0.1 /index.php/app/match/a
INFO: [ app_init ] --START--
INFO: Run Behavior\BuildLiteBehavior [ RunTime:0.000000s ]
INFO: [ app_init ] --END-- [ RunTime:0.001000s ]
INFO: [ app_begin ] --START--
INFO: Run Behavior\ReadHtmlCacheBehavior [ RunTime:0.000000s ]
INFO: [ app_begin ] --END-- [ RunTime:0.000000s ]
INFO: [ app_end ] --START--
INFO: Run Behavior\ShowPageTraceBehavior [ RunTime:0.001000s ]
INFO: [ app_end ] --END-- [ RunTime:0.001000s ]

[ 2017-11-09T11:24:10+08:00 ] 127.0.0.1 /index.php/app/match/a
INFO: [ app_init ] --START--
INFO: Run Behavior\BuildLiteBehavior [ RunTime:0.000000s ]
INFO: [ app_init ] --END-- [ RunTime:0.001000s ]
INFO: [ app_begin ] --START--
INFO: Run Behavior\ReadHtmlCacheBehavior [ RunTime:0.001000s ]
INFO: [ app_begin ] --END-- [ RunTime:0.001000s ]
INFO: [ app_end ] --START--
INFO: Run Behavior\ShowPageTraceBehavior [ RunTime:0.001001s ]
INFO: [ app_end ] --END-- [ RunTime:0.001001s ]

[ 2017-11-09T11:24:11+08:00 ] 127.0.0.1 /index.php/app/match/a
INFO: [ app_init ] --START--
INFO: Run Behavior\BuildLiteBehavior [ RunTime:0.000000s ]
INFO: [ app_init ] --END-- [ RunTime:0.000000s ]
INFO: [ app_begin ] --START--
INFO: Run Behavior\ReadHtmlCacheBehavior [ RunTime:0.001000s ]
INFO: [ app_begin ] --END-- [ RunTime:0.001000s ]
INFO: [ app_end ] --START--
INFO: Run Behavior\ShowPageTraceBehavior [ RunTime:0.000000s ]
INFO: [ app_end ] --END-- [ RunTime:0.000000s ]

[ 2017-11-09T11:35:19+08:00 ] 127.0.0.1 /index.php/app/match/a
INFO: [ app_init ] --START--
INFO: Run Behavior\BuildLiteBehavior [ RunTime:0.000000s ]
INFO: [ app_init ] --END-- [ RunTime:0.001000s ]
INFO: [ app_begin ] --START--
INFO: Run Behavior\ReadHtmlCacheBehavior [ RunTime:0.000000s ]
INFO: [ app_begin ] --END-- [ RunTime:0.000000s ]
NOTIC: [8] Undefined offset: 2 D:\phpStudy\WWW\haozi\Application\App\Controller\MatchController.class.php 第 46 行.
NOTIC: [8] Undefined offset: 3 D:\phpStudy\WWW\haozi\Application\App\Controller\MatchController.class.php 第 46 行.
NOTIC: [8] Undefined offset: 4 D:\phpStudy\WWW\haozi\Application\App\Controller\MatchController.class.php 第 46 行.
NOTIC: [8] Undefined offset: 5 D:\phpStudy\WWW\haozi\Application\App\Controller\MatchController.class.php 第 46 行.
NOTIC: [8] Undefined offset: 6 D:\phpStudy\WWW\haozi\Application\App\Controller\MatchController.class.php 第 46 行.
NOTIC: [8] Array to string conversion D:\phpStudy\WWW\haozi\Application\App\Controller\MatchController.class.php 第 54 行.
INFO: [ app_end ] --START--
INFO: Run Behavior\ShowPageTraceBehavior [ RunTime:0.000000s ]
INFO: [ app_end ] --END-- [ RunTime:0.000000s ]

[ 2017-11-09T11:36:15+08:00 ] 127.0.0.1 /index.php/app/match/a
INFO: [ app_init ] --START--
INFO: Run Behavior\BuildLiteBehavior [ RunTime:0.000000s ]
INFO: [ app_init ] --END-- [ RunTime:0.000000s ]
INFO: [ app_begin ] --START--
INFO: Run Behavior\ReadHtmlCacheBehavior [ RunTime:0.001000s ]
INFO: [ app_begin ] --END-- [ RunTime:0.001000s ]
NOTIC: [8] Undefined offset: 2 D:\phpStudy\WWW\haozi\Application\App\Controller\MatchController.class.php 第 46 行.
NOTIC: [8] Undefined offset: 3 D:\phpStudy\WWW\haozi\Application\App\Controller\MatchController.class.php 第 46 行.
NOTIC: [8] Undefined offset: 4 D:\phpStudy\WWW\haozi\Application\App\Controller\MatchController.class.php 第 46 行.
NOTIC: [8] Undefined offset: 5 D:\phpStudy\WWW\haozi\Application\App\Controller\MatchController.class.php 第 46 行.
NOTIC: [8] Undefined offset: 6 D:\phpStudy\WWW\haozi\Application\App\Controller\MatchController.class.php 第 46 行.
INFO: [ app_end ] --START--
INFO: Run Behavior\ShowPageTraceBehavior [ RunTime:0.001000s ]
INFO: [ app_end ] --END-- [ RunTime:0.001000s ]

[ 2017-11-09T11:38:34+08:00 ] 127.0.0.1 /index.php/app/match/sanjiao
INFO: [ app_init ] --START--
INFO: Run Behavior\BuildLiteBehavior [ RunTime:0.000000s ]
INFO: [ app_init ] --END-- [ RunTime:0.001000s ]
INFO: [ app_begin ] --START--
INFO: Run Behavior\ReadHtmlCacheBehavior [ RunTime:0.001000s ]
INFO: [ app_begin ] --END-- [ RunTime:0.001000s ]
NOTIC: [8] Undefined offset: 2 D:\phpStudy\WWW\haozi\Application\App\Controller\MatchController.class.php 第 47 行.
NOTIC: [8] Undefined offset: 3 D:\phpStudy\WWW\haozi\Application\App\Controller\MatchController.class.php 第 47 行.
NOTIC: [8] Undefined offset: 4 D:\phpStudy\WWW\haozi\Application\App\Controller\MatchController.class.php 第 47 行.
NOTIC: [8] Undefined offset: 5 D:\phpStudy\WWW\haozi\Application\App\Controller\MatchController.class.php 第 47 行.
NOTIC: [8] Undefined offset: 6 D:\phpStudy\WWW\haozi\Application\App\Controller\MatchController.class.php 第 47 行.
NOTIC: [8] Undefined offset: 0 D:\phpStudy\WWW\haozi\Application\App\Controller\MatchController.class.php 第 54 行.
INFO: [ app_end ] --START--
INFO: Run Behavior\ShowPageTraceBehavior [ RunTime:0.000000s ]
INFO: [ app_end ] --END-- [ RunTime:0.000000s ]

[ 2017-11-09T11:39:01+08:00 ] 127.0.0.1 /index.php/app/match/sanjiao
INFO: [ app_init ] --START--
INFO: Run Behavior\BuildLiteBehavior [ RunTime:0.000000s ]
INFO: [ app_init ] --END-- [ RunTime:0.001000s ]
INFO: [ app_begin ] --START--
INFO: Run Behavior\ReadHtmlCacheBehavior [ RunTime:0.001000s ]
INFO: [ app_begin ] --END-- [ RunTime:0.001000s ]
NOTIC: [8] Undefined offset: 2 D:\phpStudy\WWW\haozi\Application\App\Controller\MatchController.class.php 第 47 行.
NOTIC: [8] Undefined offset: 3 D:\phpStudy\WWW\haozi\Application\App\Controller\MatchController.class.php 第 47 行.
NOTIC: [8] Undefined offset: 4 D:\phpStudy\WWW\haozi\Application\App\Controller\MatchController.class.php 第 47 行.
NOTIC: [8] Undefined offset: 5 D:\phpStudy\WWW\haozi\Application\App\Controller\MatchController.class.php 第 47 行.
NOTIC: [8] Undefined offset: 6 D:\phpStudy\WWW\haozi\Application\App\Controller\MatchController.class.php 第 47 行.
INFO: [ app_end ] --START--
INFO: Run Behavior\ShowPageTraceBehavior [ RunTime:0.000000s ]
INFO: [ app_end ] --END-- [ RunTime:0.000000s ]

[ 2017-11-09T11:40:15+08:00 ] 127.0.0.1 /index.php/app/match/sanjiao
INFO: [ app_init ] --START--
INFO: Run Behavior\BuildLiteBehavior [ RunTime:0.000000s ]
INFO: [ app_init ] --END-- [ RunTime:0.001000s ]
INFO: [ app_begin ] --START--
INFO: Run Behavior\ReadHtmlCacheBehavior [ RunTime:0.000000s ]
INFO: [ app_begin ] --END-- [ RunTime:0.000000s ]
NOTIC: [8] Undefined offset: 2 D:\phpStudy\WWW\haozi\Application\App\Controller\MatchController.class.php 第 47 行.
NOTIC: [8] Undefined offset: 3 D:\phpStudy\WWW\haozi\Application\App\Controller\MatchController.class.php 第 47 行.
NOTIC: [8] Undefined offset: 4 D:\phpStudy\WWW\haozi\Application\App\Controller\MatchController.class.php 第 47 行.
NOTIC: [8] Undefined offset: 5 D:\phpStudy\WWW\haozi\Application\App\Controller\MatchController.class.php 第 47 行.
NOTIC: [8] Undefined offset: 6 D:\phpStudy\WWW\haozi\Application\App\Controller\MatchController.class.php 第 47 行.
NOTIC: [8] Undefined offset: 7 D:\phpStudy\WWW\haozi\Application\App\Controller\MatchController.class.php 第 47 行.
NOTIC: [8] Undefined offset: 8 D:\phpStudy\WWW\haozi\Application\App\Controller\MatchController.class.php 第 47 行.
NOTIC: [8] Undefined offset: 9 D:\phpStudy\WWW\haozi\Application\App\Controller\MatchController.class.php 第 47 行.
NOTIC: [8] Undefined offset: 10 D:\phpStudy\WWW\haozi\Application\App\Controller\MatchController.class.php 第 47 行.
NOTIC: [8] Undefined offset: 0 D:\phpStudy\WWW\haozi\Application\App\Controller\MatchController.class.php 第 54 行.
INFO: [ app_end ] --START--
INFO: Run Behavior\ShowPageTraceBehavior [ RunTime:0.000000s ]
INFO: [ app_end ] --END-- [ RunTime:0.000000s ]

[ 2017-11-09T11:43:26+08:00 ] 127.0.0.1 /index.php/app/match/sanjiao
INFO: [ app_init ] --START--
INFO: Run Behavior\BuildLiteBehavior [ RunTime:0.000000s ]
INFO: [ app_init ] --END-- [ RunTime:0.002000s ]
INFO: [ app_begin ] --START--
INFO: Run Behavior\ReadHtmlCacheBehavior [ RunTime:0.001000s ]
INFO: [ app_begin ] --END-- [ RunTime:0.001000s ]
NOTIC: [8] Array to string conversion D:\phpStudy\WWW\haozi\Application\App\Controller\MatchController.class.php 第 48 行.
NOTIC: [8] Undefined offset: 2 D:\phpStudy\WWW\haozi\Application\App\Controller\MatchController.class.php 第 47 行.
NOTIC: [8] Array to string conversion D:\phpStudy\WWW\haozi\Application\App\Controller\MatchController.class.php 第 48 行.
NOTIC: [8] Array to string conversion D:\phpStudy\WWW\haozi\Application\App\Controller\MatchController.class.php 第 48 行.
NOTIC: [8] Array to string conversion D:\phpStudy\WWW\haozi\Application\App\Controller\MatchController.class.php 第 48 行.
NOTIC: [8] Undefined offset: 3 D:\phpStudy\WWW\haozi\Application\App\Controller\MatchController.class.php 第 47 行.
NOTIC: [8] Array to string conversion D:\phpStudy\WWW\haozi\Application\App\Controller\MatchController.class.php 第 48 行.
NOTIC: [8] Array to string conversion D:\phpStudy\WWW\haozi\Application\App\Controller\MatchController.class.php 第 48 行.
NOTIC: [8] Array to string conversion D:\phpStudy\WWW\haozi\Application\App\Controller\MatchController.class.php 第 48 行.
NOTIC: [8] Array to string conversion D:\phpStudy\WWW\haozi\Application\App\Controller\MatchController.class.php 第 48 行.
NOTIC: [8] Undefined offset: 4 D:\phpStudy\WWW\haozi\Application\App\Controller\MatchController.class.php 第 47 行.
NOTIC: [8] Array to string conversion D:\phpStudy\WWW\haozi\Application\App\Controller\MatchController.class.php 第 48 行.
NOTIC: [8] Array to string conversion D:\phpStudy\WWW\haozi\Application\App\Controller\MatchController.class.php 第 48 行.
NOTIC: [8] Array to string conversion D:\phpStudy\WWW\haozi\Application\App\Controller\MatchController.class.php 第 48 行.
NOTIC: [8] Array to string conversion D:\phpStudy\WWW\haozi\Application\App\Controller\MatchController.class.php 第 48 行.
NOTIC: [8] Array to string conversion D:\phpStudy\WWW\haozi\Application\App\Controller\MatchController.class.php 第 48 行.
NOTIC: [8] Undefined offset: 5 D:\phpStudy\WWW\haozi\Application\App\Controller\MatchController.class.php 第 47 行.
NOTIC: [8] Array to string conversion D:\phpStudy\WWW\haozi\Application\App\Controller\MatchController.class.php 第 48 行.
NOTIC: [8] Array to string conversion D:\phpStudy\WWW\haozi\Application\App\Controller\MatchController.class.php 第 48 行.
NOTIC: [8] Array to string conversion D:\phpStudy\WWW\haozi\Application\App\Controller\MatchController.class.php 第 48 行.
NOTIC: [8] Array to string conversion D:\phpStudy\WWW\haozi\Application\App\Controller\MatchController.class.php 第 48 行.
NOTIC: [8] Array to string conversion D:\phpStudy\WWW\haozi\Application\App\Controller\MatchController.class.php 第 48 行.
NOTIC: [8] Array to string conversion D:\phpStudy\WWW\haozi\Application\App\Controller\MatchController.class.php 第 48 行.
NOTIC: [8] Undefined offset: 6 D:\phpStudy\WWW\haozi\Application\App\Controller\MatchController.class.php 第 47 行.
NOTIC: [8] Array to string conversion D:\phpStudy\WWW\haozi\Application\App\Controller\MatchController.class.php 第 48 行.
NOTIC: [8] Array to string conversion D:\phpStudy\WWW\haozi\Application\App\Controller\MatchController.class.php 第 48 行.
NOTIC: [8] Array to string conversion D:\phpStudy\WWW\haozi\Application\App\Controller\MatchController.class.php 第 48 行.
NOTIC: [8] Array to string conversion D:\phpStudy\WWW\haozi\Application\App\Controller\MatchController.class.php 第 48 行.
NOTIC: [8] Array to string conversion D:\phpStudy\WWW\haozi\Application\App\Controller\MatchController.class.php 第 48 行.
NOTIC: [8] Array to string conversion D:\phpStudy\WWW\haozi\Application\App\Controller\MatchController.class.php 第 48 行.
NOTIC: [8] Array to string conversion D:\phpStudy\WWW\haozi\Application\App\Controller\MatchController.class.php 第 48 行.
NOTIC: [8] Undefined offset: 7 D:\phpStudy\WWW\haozi\Application\App\Controller\MatchController.class.php 第 47 行.
NOTIC: [8] Array to string conversion D:\phpStudy\WWW\haozi\Application\App\Controller\MatchController.class.php 第 48 行.
NOTIC: [8] Array to string conversion D:\phpStudy\WWW\haozi\Application\App\Controller\MatchController.class.php 第 48 行.
NOTIC: [8] Array to string conversion D:\phpStudy\WWW\haozi\Application\App\Controller\MatchController.class.php 第 48 行.
NOTIC: [8] Array to string conversion D:\phpStudy\WWW\haozi\Application\App\Controller\MatchController.class.php 第 48 行.
NOTIC: [8] Array to string conversion D:\phpStudy\WWW\haozi\Application\App\Controller\MatchController.class.php 第 48 行.
NOTIC: [8] Array to string conversion D:\phpStudy\WWW\haozi\Application\App\Controller\MatchController.class.php 第 48 行.
NOTIC: [8] Array to string conversion D:\phpStudy\WWW\haozi\Application\App\Controller\MatchController.class.php 第 48 行.
NOTIC: [8] Array to string conversion D:\phpStudy\WWW\haozi\Application\App\Controller\MatchController.class.php 第 48 行.
NOTIC: [8] Undefined offset: 8 D:\phpStudy\WWW\haozi\Application\App\Controller\MatchController.class.php 第 47 行.
NOTIC: [8] Array to string conversion D:\phpStudy\WWW\haozi\Application\App\Controller\MatchController.class.php 第 48 行.
NOTIC: [8] Array to string conversion D:\phpStudy\WWW\haozi\Application\App\Controller\MatchController.class.php 第 48 行.
NOTIC: [8] Array to string conversion D:\phpStudy\WWW\haozi\Application\App\Controller\MatchController.class.php 第 48 行.
NOTIC: [8] Array to string conversion D:\phpStudy\WWW\haozi\Application\App\Controller\MatchController.class.php 第 48 行.
NOTIC: [8] Array to string conversion D:\phpStudy\WWW\haozi\Application\App\Controller\MatchController.class.php 第 48 行.
NOTIC: [8] Array to string conversion D:\phpStudy\WWW\haozi\Application\App\Controller\MatchController.class.php 第 48 行.
NOTIC: [8] Array to string conversion D:\phpStudy\WWW\haozi\Application\App\Controller\MatchController.class.php 第 48 行.
NOTIC: [8] Array to string conversion D:\phpStudy\WWW\haozi\Application\App\Controller\MatchController.class.php 第 48 行.
NOTIC: [8] Array to string conversion D:\phpStudy\WWW\haozi\Application\App\Controller\MatchController.class.php 第 48 行.
NOTIC: [8] Undefined offset: 9 D:\phpStudy\WWW\haozi\Application\App\Controller\MatchController.class.php 第 47 行.
NOTIC: [8] Array to string conversion D:\phpStudy\WWW\haozi\Application\App\Controller\MatchController.class.php 第 48 行.
NOTIC: [8] Array to string conversion D:\phpStudy\WWW\haozi\Application\App\Controller\MatchController.class.php 第 48 行.
NOTIC: [8] Array to string conversion D:\phpStudy\WWW\haozi\Application\App\Controller\MatchController.class.php 第 48 行.
NOTIC: [8] Array to string conversion D:\phpStudy\WWW\haozi\Application\App\Controller\MatchController.class.php 第 48 行.
NOTIC: [8] Array to string conversion D:\phpStudy\WWW\haozi\Application\App\Controller\MatchController.class.php 第 48 行.
NOTIC: [8] Array to string conversion D:\phpStudy\WWW\haozi\Application\App\Controller\MatchController.class.php 第 48 行.
NOTIC: [8] Array to string conversion D:\phpStudy\WWW\haozi\Application\App\Controller\MatchController.class.php 第 48 行.
NOTIC: [8] Array to string conversion D:\phpStudy\WWW\haozi\Application\App\Controller\MatchController.class.php 第 48 行.
NOTIC: [8] Array to string conversion D:\phpStudy\WWW\haozi\Application\App\Controller\MatchController.class.php 第 48 行.
NOTIC: [8] Array to string conversion D:\phpStudy\WWW\haozi\Application\App\Controller\MatchController.class.php 第 48 行.
NOTIC: [8] Undefined offset: 10 D:\phpStudy\WWW\haozi\Application\App\Controller\MatchController.class.php 第 47 行.
NOTIC: [8] Array to string conversion D:\phpStudy\WWW\haozi\Application\App\Controller\MatchController.class.php 第 48 行.
INFO: [ app_end ] --START--
INFO: Run Behavior\ShowPageTraceBehavior [ RunTime:0.001000s ]
INFO: [ app_end ] --END-- [ RunTime:0.001000s ]

[ 2017-11-09T11:43:38+08:00 ] 127.0.0.1 /index.php/app/match/sanjiao
INFO: [ app_init ] --START--
INFO: Run Behavior\BuildLiteBehavior [ RunTime:0.000000s ]
INFO: [ app_init ] --END-- [ RunTime:0.001000s ]
INFO: [ app_begin ] --START--
INFO: Run Behavior\ReadHtmlCacheBehavior [ RunTime:0.001000s ]
INFO: [ app_begin ] --END-- [ RunTime:0.001000s ]
NOTIC: [8] Undefined offset: 2 D:\phpStudy\WWW\haozi\Application\App\Controller\MatchController.class.php 第 47 行.
NOTIC: [8] Undefined offset: 3 D:\phpStudy\WWW\haozi\Application\App\Controller\MatchController.class.php 第 47 行.
NOTIC: [8] Undefined offset: 4 D:\phpStudy\WWW\haozi\Application\App\Controller\MatchController.class.php 第 47 行.
NOTIC: [8] Undefined offset: 5 D:\phpStudy\WWW\haozi\Application\App\Controller\MatchController.class.php 第 47 行.
NOTIC: [8] Undefined offset: 6 D:\phpStudy\WWW\haozi\Application\App\Controller\MatchController.class.php 第 47 行.
NOTIC: [8] Undefined offset: 7 D:\phpStudy\WWW\haozi\Application\App\Controller\MatchController.class.php 第 47 行.
NOTIC: [8] Undefined offset: 8 D:\phpStudy\WWW\haozi\Application\App\Controller\MatchController.class.php 第 47 行.
NOTIC: [8] Undefined offset: 9 D:\phpStudy\WWW\haozi\Application\App\Controller\MatchController.class.php 第 47 行.
NOTIC: [8] Undefined offset: 10 D:\phpStudy\WWW\haozi\Application\App\Controller\MatchController.class.php 第 47 行.
INFO: [ app_end ] --START--
INFO: Run Behavior\ShowPageTraceBehavior [ RunTime:0.000000s ]
INFO: [ app_end ] --END-- [ RunTime:0.000000s ]

[ 2017-11-09T11:43:58+08:00 ] 127.0.0.1 /index.php/app/match/sanjiao
INFO: [ app_init ] --START--
INFO: Run Behavior\BuildLiteBehavior [ RunTime:0.000000s ]
INFO: [ app_init ] --END-- [ RunTime:0.001000s ]
INFO: [ app_begin ] --START--
INFO: Run Behavior\ReadHtmlCacheBehavior [ RunTime:0.001000s ]
INFO: [ app_begin ] --END-- [ RunTime:0.001000s ]
NOTIC: [8] Undefined offset: 2 D:\phpStudy\WWW\haozi\Application\App\Controller\MatchController.class.php 第 47 行.
NOTIC: [8] Undefined offset: 3 D:\phpStudy\WWW\haozi\Application\App\Controller\MatchController.class.php 第 47 行.
NOTIC: [8] Undefined offset: 4 D:\phpStudy\WWW\haozi\Application\App\Controller\MatchController.class.php 第 47 行.
NOTIC: [8] Undefined offset: 5 D:\phpStudy\WWW\haozi\Application\App\Controller\MatchController.class.php 第 47 行.
NOTIC: [8] Undefined offset: 6 D:\phpStudy\WWW\haozi\Application\App\Controller\MatchController.class.php 第 47 行.
NOTIC: [8] Undefined offset: 7 D:\phpStudy\WWW\haozi\Application\App\Controller\MatchController.class.php 第 47 行.
NOTIC: [8] Undefined offset: 8 D:\phpStudy\WWW\haozi\Application\App\Controller\MatchController.class.php 第 47 行.
NOTIC: [8] Undefined offset: 9 D:\phpStudy\WWW\haozi\Application\App\Controller\MatchController.class.php 第 47 行.
NOTIC: [8] Undefined offset: 10 D:\phpStudy\WWW\haozi\Application\App\Controller\MatchController.class.php 第 47 行.
INFO: [ app_end ] --START--
INFO: Run Behavior\ShowPageTraceBehavior [ RunTime:0.001000s ]
INFO: [ app_end ] --END-- [ RunTime:0.001000s ]

[ 2017-11-09T11:48:10+08:00 ] 127.0.0.1 /index.php/app/match/sanjiao
INFO: [ app_init ] --START--
INFO: Run Behavior\BuildLiteBehavior [ RunTime:0.000000s ]
INFO: [ app_init ] --END-- [ RunTime:0.000000s ]
INFO: [ app_begin ] --START--
INFO: Run Behavior\ReadHtmlCacheBehavior [ RunTime:0.001000s ]
INFO: [ app_begin ] --END-- [ RunTime:0.001000s ]
NOTIC: [8] Undefined variable: a D:\phpStudy\WWW\haozi\Application\App\Controller\MatchController.class.php 第 57 行.
NOTIC: [8] Undefined variable: a D:\phpStudy\WWW\haozi\Application\App\Controller\MatchController.class.php 第 57 行.
NOTIC: [8] Undefined variable: a D:\phpStudy\WWW\haozi\Application\App\Controller\MatchController.class.php 第 57 行.
NOTIC: [8] Undefined variable: a D:\phpStudy\WWW\haozi\Application\App\Controller\MatchController.class.php 第 57 行.
NOTIC: [8] Undefined variable: a D:\phpStudy\WWW\haozi\Application\App\Controller\MatchController.class.php 第 57 行.
NOTIC: [8] Undefined variable: a D:\phpStudy\WWW\haozi\Application\App\Controller\MatchController.class.php 第 57 行.
NOTIC: [8] Undefined variable: a D:\phpStudy\WWW\haozi\Application\App\Controller\MatchController.class.php 第 57 行.
NOTIC: [8] Undefined variable: a D:\phpStudy\WWW\haozi\Application\App\Controller\MatchController.class.php 第 57 行.
NOTIC: [8] Undefined variable: a D:\phpStudy\WWW\haozi\Application\App\Controller\MatchController.class.php 第 57 行.
NOTIC: [8] Undefined variable: a D:\phpStudy\WWW\haozi\Application\App\Controller\MatchController.class.php 第 57 行.
NOTIC: [8] Undefined variable: a D:\phpStudy\WWW\haozi\Application\App\Controller\MatchController.class.php 第 57 行.
NOTIC: [8] Undefined variable: a D:\phpStudy\WWW\haozi\Application\App\Controller\MatchController.class.php 第 57 行.
NOTIC: [8] Undefined variable: a D:\phpStudy\WWW\haozi\Application\App\Controller\MatchController.class.php 第 57 行.
NOTIC: [8] Undefined variable: a D:\phpStudy\WWW\haozi\Application\App\Controller\MatchController.class.php 第 57 行.
NOTIC: [8] Undefined variable: a D:\phpStudy\WWW\haozi\Application\App\Controller\MatchController.class.php 第 57 行.
NOTIC: [8] Undefined variable: a D:\phpStudy\WWW\haozi\Application\App\Controller\MatchController.class.php 第 57 行.
NOTIC: [8] Undefined variable: a D:\phpStudy\WWW\haozi\Application\App\Controller\MatchController.class.php 第 57 行.
NOTIC: [8] Undefined variable: a D:\phpStudy\WWW\haozi\Application\App\Controller\MatchController.class.php 第 57 行.
NOTIC: [8] Undefined variable: a D:\phpStudy\WWW\haozi\Application\App\Controller\MatchController.class.php 第 57 行.
NOTIC: [8] Undefined variable: a D:\phpStudy\WWW\haozi\Application\App\Controller\MatchController.class.php 第 57 行.
NOTIC: [8] Undefined variable: a D:\phpStudy\WWW\haozi\Application\App\Controller\MatchController.class.php 第 57 行.
NOTIC: [8] Undefined variable: a D:\phpStudy\WWW\haozi\Application\App\Controller\MatchController.class.php 第 57 行.
NOTIC: [8] Undefined variable: a D:\phpStudy\WWW\haozi\Application\App\Controller\MatchController.class.php 第 57 行.
NOTIC: [8] Undefined variable: a D:\phpStudy\WWW\haozi\Application\App\Controller\MatchController.class.php 第 57 行.
NOTIC: [8] Undefined variable: a D:\phpStudy\WWW\haozi\Application\App\Controller\MatchController.class.php 第 57 行.
NOTIC: [8] Undefined variable: a D:\phpStudy\WWW\haozi\Application\App\Controller\MatchController.class.php 第 57 行.
NOTIC: [8] Undefined variable: a D:\phpStudy\WWW\haozi\Application\App\Controller\MatchController.class.php 第 57 行.
NOTIC: [8] Undefined variable: a D:\phpStudy\WWW\haozi\Application\App\Controller\MatchController.class.php 第 57 行.
NOTIC: [8] Undefined variable: a D:\phpStudy\WWW\haozi\Application\App\Controller\MatchController.class.php 第 57 行.
NOTIC: [8] Undefined variable: a D:\phpStudy\WWW\haozi\Application\App\Controller\MatchController.class.php 第 57 行.
NOTIC: [8] Undefined variable: a D:\phpStudy\WWW\haozi\Application\App\Controller\MatchController.class.php 第 57 行.
NOTIC: [8] Undefined variable: a D:\phpStudy\WWW\haozi\Application\App\Controller\MatchController.class.php 第 57 行.
NOTIC: [8] Undefined variable: a D:\phpStudy\WWW\haozi\Application\App\Controller\MatchController.class.php 第 57 行.
NOTIC: [8] Undefined variable: a D:\phpStudy\WWW\haozi\Application\App\Controller\MatchController.class.php 第 57 行.
NOTIC: [8] Undefined variable: a D:\phpStudy\WWW\haozi\Application\App\Controller\MatchController.class.php 第 57 行.
NOTIC: [8] Undefined variable: a D:\phpStudy\WWW\haozi\Application\App\Controller\MatchController.class.php 第 57 行.
NOTIC: [8] Undefined variable: a D:\phpStudy\WWW\haozi\Application\App\Controller\MatchController.class.php 第 57 行.
NOTIC: [8] Undefined variable: a D:\phpStudy\WWW\haozi\Application\App\Controller\MatchController.class.php 第 57 行.
NOTIC: [8] Undefined variable: a D:\phpStudy\WWW\haozi\Application\App\Controller\MatchController.class.php 第 57 行.
NOTIC: [8] Undefined variable: a D:\phpStudy\WWW\haozi\Application\App\Controller\MatchController.class.php 第 57 行.
NOTIC: [8] Undefined variable: a D:\phpStudy\WWW\haozi\Application\App\Controller\MatchController.class.php 第 57 行.
NOTIC: [8] Undefined variable: a D:\phpStudy\WWW\haozi\Application\App\Controller\MatchController.class.php 第 57 行.
NOTIC: [8] Undefined variable: a D:\phpStudy\WWW\haozi\Application\App\Controller\MatchController.class.php 第 57 行.
NOTIC: [8] Undefined variable: a D:\phpStudy\WWW\haozi\Application\App\Controller\MatchController.class.php 第 57 行.
NOTIC: [8] Undefined variable: a D:\phpStudy\WWW\haozi\Application\App\Controller\MatchController.class.php 第 57 行.
NOTIC: [8] Undefined variable: a D:\phpStudy\WWW\haozi\Application\App\Controller\MatchController.class.php 第 57 行.
NOTIC: [8] Undefined variable: a D:\phpStudy\WWW\haozi\Application\App\Controller\MatchController.class.php 第 57 行.
NOTIC: [8] Undefined variable: a D:\phpStudy\WWW\haozi\Application\App\Controller\MatchController.class.php 第 57 行.
NOTIC: [8] Undefined variable: a D:\phpStudy\WWW\haozi\Application\App\Controller\MatchController.class.php 第 57 行.
NOTIC: [8] Undefined variable: a D:\phpStudy\WWW\haozi\Application\App\Controller\MatchController.class.php 第 57 行.
NOTIC: [8] Undefined variable: a D:\phpStudy\WWW\haozi\Application\App\Controller\MatchController.class.php 第 57 行.
NOTIC: [8] Undefined variable: a D:\phpStudy\WWW\haozi\Application\App\Controller\MatchController.class.php 第 57 行.
NOTIC: [8] Undefined variable: a D:\phpStudy\WWW\haozi\Application\App\Controller\MatchController.class.php 第 57 行.
NOTIC: [8] Undefined variable: a D:\phpStudy\WWW\haozi\Application\App\Controller\MatchController.class.php 第 57 行.
NOTIC: [8] Undefined variable: a D:\phpStudy\WWW\haozi\Application\App\Controller\MatchController.class.php 第 57 行.
INFO: [ app_end ] --START--
INFO: Run Behavior\ShowPageTraceBehavior [ RunTime:0.001000s ]
INFO: [ app_end ] --END-- [ RunTime:0.002000s ]

[ 2017-11-09T11:48:25+08:00 ] 127.0.0.1 /index.php/app/match/sanjiao
INFO: [ app_init ] --START--
INFO: Run Behavior\BuildLiteBehavior [ RunTime:0.000000s ]
INFO: [ app_init ] --END-- [ RunTime:0.001000s ]
INFO: [ app_begin ] --START--
INFO: Run Behavior\ReadHtmlCacheBehavior [ RunTime:0.001000s ]
INFO: [ app_begin ] --END-- [ RunTime:0.001000s ]
NOTIC: [8] Undefined offset: 0 D:\phpStudy\WWW\haozi\Application\App\Controller\MatchController.class.php 第 57 行.
NOTIC: [8] Undefined offset: 1 D:\phpStudy\WWW\haozi\Application\App\Controller\MatchController.class.php 第 57 行.
NOTIC: [8] Undefined offset: 1 D:\phpStudy\WWW\haozi\Application\App\Controller\MatchController.class.php 第 57 行.
NOTIC: [8] Undefined offset: 2 D:\phpStudy\WWW\haozi\Application\App\Controller\MatchController.class.php 第 57 行.
NOTIC: [8] Undefined offset: 1 D:\phpStudy\WWW\haozi\Application\App\Controller\MatchController.class.php 第 57 行.
NOTIC: [8] Undefined offset: 2 D:\phpStudy\WWW\haozi\Application\App\Controller\MatchController.class.php 第 57 行.
NOTIC: [8] Undefined offset: 3 D:\phpStudy\WWW\haozi\Application\App\Controller\MatchController.class.php 第 57 行.
NOTIC: [8] Undefined offset: 1 D:\phpStudy\WWW\haozi\Application\App\Controller\MatchController.class.php 第 57 行.
NOTIC: [8] Undefined offset: 2 D:\phpStudy\WWW\haozi\Application\App\Controller\MatchController.class.php 第 57 行.
NOTIC: [8] Undefined offset: 3 D:\phpStudy\WWW\haozi\Application\App\Controller\MatchController.class.php 第 57 行.
NOTIC: [8] Undefined offset: 4 D:\phpStudy\WWW\haozi\Application\App\Controller\MatchController.class.php 第 57 行.
NOTIC: [8] Undefined offset: 1 D:\phpStudy\WWW\haozi\Application\App\Controller\MatchController.class.php 第 57 行.
NOTIC: [8] Undefined offset: 2 D:\phpStudy\WWW\haozi\Application\App\Controller\MatchController.class.php 第 57 行.
NOTIC: [8] Undefined offset: 3 D:\phpStudy\WWW\haozi\Application\App\Controller\MatchController.class.php 第 57 行.
NOTIC: [8] Undefined offset: 4 D:\phpStudy\WWW\haozi\Application\App\Controller\MatchController.class.php 第 57 行.
NOTIC: [8] Undefined offset: 5 D:\phpStudy\WWW\haozi\Application\App\Controller\MatchController.class.php 第 57 行.
NOTIC: [8] Undefined offset: 1 D:\phpStudy\WWW\haozi\Application\App\Controller\MatchController.class.php 第 57 行.
NOTIC: [8] Undefined offset: 2 D:\phpStudy\WWW\haozi\Application\App\Controller\MatchController.class.php 第 57 行.
NOTIC: [8] Undefined offset: 3 D:\phpStudy\WWW\haozi\Application\App\Controller\MatchController.class.php 第 57 行.
NOTIC: [8] Undefined offset: 4 D:\phpStudy\WWW\haozi\Application\App\Controller\MatchController.class.php 第 57 行.
NOTIC: [8] Undefined offset: 5 D:\phpStudy\WWW\haozi\Application\App\Controller\MatchController.class.php 第 57 行.
NOTIC: [8] Undefined offset: 6 D:\phpStudy\WWW\haozi\Application\App\Controller\MatchController.class.php 第 57 行.
NOTIC: [8] Undefined offset: 1 D:\phpStudy\WWW\haozi\Application\App\Controller\MatchController.class.php 第 57 行.
NOTIC: [8] Undefined offset: 2 D:\phpStudy\WWW\haozi\Application\App\Controller\MatchController.class.php 第 57 行.
NOTIC: [8] Undefined offset: 3 D:\phpStudy\WWW\haozi\Application\App\Controller\MatchController.class.php 第 57 行.
NOTIC: [8] Undefined offset: 4 D:\phpStudy\WWW\haozi\Application\App\Controller\MatchController.class.php 第 57 行.
NOTIC: [8] Undefined offset: 5 D:\phpStudy\WWW\haozi\Application\App\Controller\MatchController.class.php 第 57 行.
NOTIC: [8] Undefined offset: 6 D:\phpStudy\WWW\haozi\Application\App\Controller\MatchController.class.php 第 57 行.
NOTIC: [8] Undefined offset: 7 D:\phpStudy\WWW\haozi\Application\App\Controller\MatchController.class.php 第 57 行.
NOTIC: [8] Undefined offset: 1 D:\phpStudy\WWW\haozi\Application\App\Controller\MatchController.class.php 第 57 行.
NOTIC: [8] Undefined offset: 2 D:\phpStudy\WWW\haozi\Application\App\Controller\MatchController.class.php 第 57 行.
NOTIC: [8] Undefined offset: 3 D:\phpStudy\WWW\haozi\Application\App\Controller\MatchController.class.php 第 57 行.
NOTIC: [8] Undefined offset: 4 D:\phpStudy\WWW\haozi\Application\App\Controller\MatchController.class.php 第 57 行.
NOTIC: [8] Undefined offset: 5 D:\phpStudy\WWW\haozi\Application\App\Controller\MatchController.class.php 第 57 行.
NOTIC: [8] Undefined offset: 6 D:\phpStudy\WWW\haozi\Application\App\Controller\MatchController.class.php 第 57 行.
NOTIC: [8] Undefined offset: 7 D:\phpStudy\WWW\haozi\Application\App\Controller\MatchController.class.php 第 57 行.
NOTIC: [8] Undefined offset: 8 D:\phpStudy\WWW\haozi\Application\App\Controller\MatchController.class.php 第 57 行.
INFO: [ app_end ] --START--
INFO: Run Behavior\ShowPageTraceBehavior [ RunTime:0.000000s ]
INFO: [ app_end ] --END-- [ RunTime:0.000000s ]

[ 2017-11-09T11:48:38+08:00 ] 127.0.0.1 /index.php/app/match/sanjiao
INFO: [ app_init ] --START--
INFO: Run Behavior\BuildLiteBehavior [ RunTime:0.000000s ]
INFO: [ app_init ] --END-- [ RunTime:0.001000s ]
INFO: [ app_begin ] --START--
INFO: Run Behavior\ReadHtmlCacheBehavior [ RunTime:0.001000s ]
INFO: [ app_begin ] --END-- [ RunTime:0.001000s ]
NOTIC: [8] Undefined variable: a D:\phpStudy\WWW\haozi\Application\App\Controller\MatchController.class.php 第 48 行.
NOTIC: [8] Undefined variable: a D:\phpStudy\WWW\haozi\Application\App\Controller\MatchController.class.php 第 48 行.
NOTIC: [8] Undefined offset: 1 D:\phpStudy\WWW\haozi\Application\App\Controller\MatchController.class.php 第 48 行.
NOTIC: [8] Undefined offset: 1 D:\phpStudy\WWW\haozi\Application\App\Controller\MatchController.class.php 第 48 行.
NOTIC: [8] Undefined offset: 0 D:\phpStudy\WWW\haozi\Application\App\Controller\MatchController.class.php 第 48 行.
NOTIC: [8] Undefined offset: 3 D:\phpStudy\WWW\haozi\Application\App\Controller\MatchController.class.php 第 48 行.
NOTIC: [8] Undefined offset: 0 D:\phpStudy\WWW\haozi\Application\App\Controller\MatchController.class.php 第 48 行.
NOTIC: [8] Undefined offset: 4 D:\phpStudy\WWW\haozi\Application\App\Controller\MatchController.class.php 第 48 行.
NOTIC: [8] Undefined offset: 0 D:\phpStudy\WWW\haozi\Application\App\Controller\MatchController.class.php 第 48 行.
NOTIC: [8] Undefined offset: 5 D:\phpStudy\WWW\haozi\Application\App\Controller\MatchController.class.php 第 48 行.
NOTIC: [8] Undefined offset: 0 D:\phpStudy\WWW\haozi\Application\App\Controller\MatchController.class.php 第 48 行.
NOTIC: [8] Undefined offset: 6 D:\phpStudy\WWW\haozi\Application\App\Controller\MatchController.class.php 第 48 行.
NOTIC: [8] Undefined offset: 0 D:\phpStudy\WWW\haozi\Application\App\Controller\MatchController.class.php 第 48 行.
NOTIC: [8] Undefined offset: 7 D:\phpStudy\WWW\haozi\Application\App\Controller\MatchController.class.php 第 48 行.
NOTIC: [8] Undefined offset: 0 D:\phpStudy\WWW\haozi\Application\App\Controller\MatchController.class.php 第 48 行.
NOTIC: [8] Undefined offset: 8 D:\phpStudy\WWW\haozi\Application\App\Controller\MatchController.class.php 第 48 行.
NOTIC: [8] Undefined offset: 0 D:\phpStudy\WWW\haozi\Application\App\Controller\MatchController.class.php 第 48 行.
NOTIC: [8] Undefined offset: 9 D:\phpStudy\WWW\haozi\Application\App\Controller\MatchController.class.php 第 48 行.
NOTIC: [8] Undefined offset: 0 D:\phpStudy\WWW\haozi\Application\App\Controller\MatchController.class.php 第 48 行.
NOTIC: [8] Undefined offset: 10 D:\phpStudy\WWW\haozi\Application\App\Controller\MatchController.class.php 第 48 行.
NOTIC: [8] Undefined offset: 0 D:\phpStudy\WWW\haozi\Application\App\Controller\MatchController.class.php 第 57 行.
NOTIC: [8] Undefined offset: 1 D:\phpStudy\WWW\haozi\Application\App\Controller\MatchController.class.php 第 57 行.
NOTIC: [8] Undefined offset: 1 D:\phpStudy\WWW\haozi\Application\App\Controller\MatchController.class.php 第 57 行.
NOTIC: [8] Undefined offset: 0 D:\phpStudy\WWW\haozi\Application\App\Controller\MatchController.class.php 第 57 行.
NOTIC: [8] Undefined offset: 0 D:\phpStudy\WWW\haozi\Application\App\Controller\MatchController.class.php 第 57 行.
NOTIC: [8] Undefined offset: 0 D:\phpStudy\WWW\haozi\Application\App\Controller\MatchController.class.php 第 57 行.
NOTIC: [8] Undefined offset: 0 D:\phpStudy\WWW\haozi\Application\App\Controller\MatchController.class.php 第 57 行.
NOTIC: [8] Undefined offset: 0 D:\phpStudy\WWW\haozi\Application\App\Controller\MatchController.class.php 第 57 行.
NOTIC: [8] Undefined offset: 0 D:\phpStudy\WWW\haozi\Application\App\Controller\MatchController.class.php 第 57 行.
NOTIC: [8] Undefined offset: 0 D:\phpStudy\WWW\haozi\Application\App\Controller\MatchController.class.php 第 57 行.
NOTIC: [8] Undefined offset: 0 D:\phpStudy\WWW\haozi\Application\App\Controller\MatchController.class.php 第 57 行.
INFO: [ app_end ] --START--
INFO: Run Behavior\ShowPageTraceBehavior [ RunTime:0.001000s ]
INFO: [ app_end ] --END-- [ RunTime:0.001000s ]

[ 2017-11-09T11:48:51+08:00 ] 127.0.0.1 /index.php/app/match/sanjiao
INFO: [ app_init ] --START--
INFO: Run Behavior\BuildLiteBehavior [ RunTime:0.000000s ]
INFO: [ app_init ] --END-- [ RunTime:0.001000s ]
INFO: [ app_begin ] --START--
INFO: Run Behavior\ReadHtmlCacheBehavior [ RunTime:0.001000s ]
INFO: [ app_begin ] --END-- [ RunTime:0.001000s ]
NOTIC: [8] Undefined offset: 2 D:\phpStudy\WWW\haozi\Application\App\Controller\MatchController.class.php 第 48 行.
NOTIC: [8] Undefined offset: 3 D:\phpStudy\WWW\haozi\Application\App\Controller\MatchController.class.php 第 48 行.
NOTIC: [8] Undefined offset: 4 D:\phpStudy\WWW\haozi\Application\App\Controller\MatchController.class.php 第 48 行.
NOTIC: [8] Undefined offset: 5 D:\phpStudy\WWW\haozi\Application\App\Controller\MatchController.class.php 第 48 行.
NOTIC: [8] Undefined offset: 6 D:\phpStudy\WWW\haozi\Application\App\Controller\MatchController.class.php 第 48 行.
NOTIC: [8] Undefined offset: 7 D:\phpStudy\WWW\haozi\Application\App\Controller\MatchController.class.php 第 48 行.
NOTIC: [8] Undefined offset: 8 D:\phpStudy\WWW\haozi\Application\App\Controller\MatchController.class.php 第 48 行.
NOTIC: [8] Undefined offset: 9 D:\phpStudy\WWW\haozi\Application\App\Controller\MatchController.class.php 第 48 行.
NOTIC: [8] Undefined offset: 10 D:\phpStudy\WWW\haozi\Application\App\Controller\MatchController.class.php 第 48 行.
NOTIC: [8] Undefined offset: 0 D:\phpStudy\WWW\haozi\Application\App\Controller\MatchController.class.php 第 57 行.
INFO: [ app_end ] --START--
INFO: Run Behavior\ShowPageTraceBehavior [ RunTime:0.001000s ]
INFO: [ app_end ] --END-- [ RunTime:0.001000s ]

[ 2017-11-09T11:49:02+08:00 ] 127.0.0.1 /index.php/app/match/sanjiao
INFO: [ app_init ] --START--
INFO: Run Behavior\BuildLiteBehavior [ RunTime:0.000000s ]
INFO: [ app_init ] --END-- [ RunTime:0.001000s ]
INFO: [ app_begin ] --START--
INFO: Run Behavior\ReadHtmlCacheBehavior [ RunTime:0.001000s ]
INFO: [ app_begin ] --END-- [ RunTime:0.001000s ]
NOTIC: [8] Undefined offset: 2 D:\phpStudy\WWW\haozi\Application\App\Controller\MatchController.class.php 第 48 行.
NOTIC: [8] Undefined offset: 3 D:\phpStudy\WWW\haozi\Application\App\Controller\MatchController.class.php 第 48 行.
NOTIC: [8] Undefined offset: 4 D:\phpStudy\WWW\haozi\Application\App\Controller\MatchController.class.php 第 48 行.
NOTIC: [8] Undefined offset: 5 D:\phpStudy\WWW\haozi\Application\App\Controller\MatchController.class.php 第 48 行.
NOTIC: [8] Undefined offset: 6 D:\phpStudy\WWW\haozi\Application\App\Controller\MatchController.class.php 第 48 行.
NOTIC: [8] Undefined offset: 0 D:\phpStudy\WWW\haozi\Application\App\Controller\MatchController.class.php 第 57 行.
INFO: [ app_end ] --START--
INFO: Run Behavior\ShowPageTraceBehavior [ RunTime:0.000000s ]
INFO: [ app_end ] --END-- [ RunTime:0.000000s ]

[ 2017-11-09T17:05:38+08:00 ] 127.0.0.1 /index.php/app/match/kuaisu
INFO: [ app_init ] --START--
INFO: Run Behavior\BuildLiteBehavior [ RunTime:0.000000s ]
INFO: [ app_init ] --END-- [ RunTime:0.001000s ]
INFO: [ app_begin ] --START--
INFO: Run Behavior\ReadHtmlCacheBehavior [ RunTime:0.000000s ]
INFO: [ app_begin ] --END-- [ RunTime:0.000000s ]
NOTIC: [8] Undefined offset: 12 D:\phpStudy\WWW\haozi\Application\App\Controller\MatchController.class.php 第 85 行.
NOTIC: [8] Undefined offset: 12 D:\phpStudy\WWW\haozi\Application\App\Controller\MatchController.class.php 第 87 行.
NOTIC: [2] array_merge(): Argument #2 is not an array D:\phpStudy\WWW\haozi\Application\App\Controller\MatchController.class.php 第 96 行.
INFO: [ app_end ] --START--
INFO: Run Behavior\ShowPageTraceBehavior [ RunTime:0.001000s ]
INFO: [ app_end ] --END-- [ RunTime:0.001000s ]

[ 2017-11-09T17:05:53+08:00 ] 127.0.0.1 /index.php/app/match/kuaisu
INFO: [ app_init ] --START--
INFO: Run Behavior\BuildLiteBehavior [ RunTime:0.000000s ]
INFO: [ app_init ] --END-- [ RunTime:0.001000s ]
INFO: [ app_begin ] --START--
INFO: Run Behavior\ReadHtmlCacheBehavior [ RunTime:0.000000s ]
INFO: [ app_begin ] --END-- [ RunTime:0.000000s ]
NOTIC: [8] Undefined offset: 12 D:\phpStudy\WWW\haozi\Application\App\Controller\MatchController.class.php 第 85 行.
NOTIC: [8] Undefined offset: 12 D:\phpStudy\WWW\haozi\Application\App\Controller\MatchController.class.php 第 87 行.
NOTIC: [2] array_merge(): Argument #2 is not an array D:\phpStudy\WWW\haozi\Application\App\Controller\MatchController.class.php 第 96 行.
INFO: [ app_end ] --START--
INFO: Run Behavior\ShowPageTraceBehavior [ RunTime:0.001000s ]
INFO: [ app_end ] --END-- [ RunTime:0.001000s ]

[ 2017-11-09T17:06:51+08:00 ] 127.0.0.1 /index.php/app/match/kuaisu
INFO: [ app_init ] --START--
INFO: Run Behavior\BuildLiteBehavior [ RunTime:0.000000s ]
INFO: [ app_init ] --END-- [ RunTime:0.000000s ]
INFO: [ app_begin ] --START--
INFO: Run Behavior\ReadHtmlCacheBehavior [ RunTime:0.001000s ]
INFO: [ app_begin ] --END-- [ RunTime:0.001000s ]
NOTIC: [8] Undefined offset: 12 D:\phpStudy\WWW\haozi\Application\App\Controller\MatchController.class.php 第 85 行.
NOTIC: [8] Undefined offset: 12 D:\phpStudy\WWW\haozi\Application\App\Controller\MatchController.class.php 第 87 行.
INFO: [ app_end ] --START--
INFO: Run Behavior\ShowPageTraceBehavior [ RunTime:0.000000s ]
INFO: [ app_end ] --END-- [ RunTime:0.000000s ]

[ 2017-11-09T17:07:20+08:00 ] 127.0.0.1 /index.php/app/match/kuaisu
INFO: [ app_init ] --START--
INFO: Run Behavior\BuildLiteBehavior [ RunTime:0.000000s ]
INFO: [ app_init ] --END-- [ RunTime:0.000000s ]
INFO: [ app_begin ] --START--
INFO: Run Behavior\ReadHtmlCacheBehavior [ RunTime:0.001000s ]
INFO: [ app_begin ] --END-- [ RunTime:0.001000s ]
NOTIC: [8] Undefined offset: 12 D:\phpStudy\WWW\haozi\Application\App\Controller\MatchController.class.php 第 85 行.
NOTIC: [8] Undefined offset: 12 D:\phpStudy\WWW\haozi\Application\App\Controller\MatchController.class.php 第 87 行.
INFO: [ app_end ] --START--
INFO: Run Behavior\ShowPageTraceBehavior [ RunTime:0.001000s ]
INFO: [ app_end ] --END-- [ RunTime:0.001000s ]

[ 2017-11-09T17:11:11+08:00 ] 127.0.0.1 /index.php/app/match/kuaisu
INFO: [ app_init ] --START--
INFO: Run Behavior\BuildLiteBehavior [ RunTime:0.000000s ]
INFO: [ app_init ] --END-- [ RunTime:0.001000s ]
INFO: [ app_begin ] --START--
INFO: Run Behavior\ReadHtmlCacheBehavior [ RunTime:0.001000s ]
INFO: [ app_begin ] --END-- [ RunTime:0.001000s ]
ERR: 参数错误或者未定义:arr

[ 2017-11-09T17:12:24+08:00 ] 127.0.0.1 /index.php/app/match/a
INFO: [ app_init ] --START--
INFO: Run Behavior\BuildLiteBehavior [ RunTime:0.000000s ]
INFO: [ app_init ] --END-- [ RunTime:0.001000s ]
INFO: [ app_begin ] --START--
INFO: Run Behavior\ReadHtmlCacheBehavior [ RunTime:0.001001s ]
INFO: [ app_begin ] --END-- [ RunTime:0.001001s ]

[ 2017-11-09T17:12:41+08:00 ] 127.0.0.1 /index.php/app/match/a
INFO: [ app_init ] --START--
INFO: Run Behavior\BuildLiteBehavior [ RunTime:0.000000s ]
INFO: [ app_init ] --END-- [ RunTime:0.000000s ]
INFO: [ app_begin ] --START--
INFO: Run Behavior\ReadHtmlCacheBehavior [ RunTime:0.000000s ]
INFO: [ app_begin ] --END-- [ RunTime:0.000000s ]
NOTIC: [8] Undefined offset: 12 D:\phpStudy\WWW\haozi\Application\App\Controller\MatchController.class.php 第 85 行.
NOTIC: [8] Undefined offset: 12 D:\phpStudy\WWW\haozi\Application\App\Controller\MatchController.class.php 第 87 行.

[ 2017-11-09T17:12:54+08:00 ] 127.0.0.1 /index.php/app/match/a
INFO: [ app_init ] --START--
INFO: Run Behavior\BuildLiteBehavior [ RunTime:0.000000s ]
INFO: [ app_init ] --END-- [ RunTime:0.001000s ]
INFO: [ app_begin ] --START--
INFO: Run Behavior\ReadHtmlCacheBehavior [ RunTime:0.000000s ]
INFO: [ app_begin ] --END-- [ RunTime:0.000000s ]
NOTIC: [8] Undefined offset: 12 D:\phpStudy\WWW\haozi\Application\App\Controller\MatchController.class.php 第 85 行.
NOTIC: [8] Undefined offset: 12 D:\phpStudy\WWW\haozi\Application\App\Controller\MatchController.class.php 第 87 行.

[ 2017-11-09T17:13:10+08:00 ] 127.0.0.1 /index.php/app/match/a
INFO: [ app_init ] --START--
INFO: Run Behavior\BuildLiteBehavior [ RunTime:0.000000s ]
INFO: [ app_init ] --END-- [ RunTime:0.001000s ]
INFO: [ app_begin ] --START--
INFO: Run Behavior\ReadHtmlCacheBehavior [ RunTime:0.001000s ]
INFO: [ app_begin ] --END-- [ RunTime:0.001000s ]

[ 2017-11-09T17:13:20+08:00 ] 127.0.0.1 /index.php/app/match/a
INFO: [ app_init ] --START--
INFO: Run Behavior\BuildLiteBehavior [ RunTime:0.000000s ]
INFO: [ app_init ] --END-- [ RunTime:0.001000s ]
INFO: [ app_begin ] --START--
INFO: Run Behavior\ReadHtmlCacheBehavior [ RunTime:0.000000s ]
INFO: [ app_begin ] --END-- [ RunTime:0.001000s ]
INFO: [ app_end ] --START--
INFO: Run Behavior\ShowPageTraceBehavior [ RunTime:0.001000s ]
INFO: [ app_end ] --END-- [ RunTime:0.001000s ]

[ 2017-11-09T17:29:55+08:00 ] 127.0.0.1 /index.php/app/match/a
INFO: [ app_init ] --START--
INFO: Run Behavior\BuildLiteBehavior [ RunTime:0.000000s ]
INFO: [ app_init ] --END-- [ RunTime:0.001000s ]
INFO: [ app_begin ] --START--
INFO: Run Behavior\ReadHtmlCacheBehavior [ RunTime:0.001000s ]
INFO: [ app_begin ] --END-- [ RunTime:0.001000s ]
INFO: [ app_end ] --START--
INFO: Run Behavior\ShowPageTraceBehavior [ RunTime:0.001000s ]
INFO: [ app_end ] --END-- [ RunTime:0.001000s ]

[ 2017-11-09T17:29:57+08:00 ] 127.0.0.1 /index.php/app/match/a
INFO: [ app_init ] --START--
INFO: Run Behavior\BuildLiteBehavior [ RunTime:0.000000s ]
INFO: [ app_init ] --END-- [ RunTime:0.001000s ]
INFO: [ app_begin ] --START--
INFO: Run Behavior\ReadHtmlCacheBehavior [ RunTime:0.001000s ]
INFO: [ app_begin ] --END-- [ RunTime:0.001000s ]
INFO: [ app_end ] --START--
INFO: Run Behavior\ShowPageTraceBehavior [ RunTime:0.001000s ]
INFO: [ app_end ] --END-- [ RunTime:0.001000s ]

[ 2017-11-09T17:29:57+08:00 ] 127.0.0.1 /index.php/app/match/a
INFO: [ app_init ] --START--
INFO: Run Behavior\BuildLiteBehavior [ RunTime:0.000000s ]
INFO: [ app_init ] --END-- [ RunTime:0.001000s ]
INFO: [ app_begin ] --START--
INFO: Run Behavior\ReadHtmlCacheBehavior [ RunTime:0.001000s ]
INFO: [ app_begin ] --END-- [ RunTime:0.001000s ]
INFO: [ app_end ] --START--
INFO: Run Behavior\ShowPageTraceBehavior [ RunTime:0.001000s ]
INFO: [ app_end ] --END-- [ RunTime:0.001000s ]

[ 2017-11-09T17:29:57+08:00 ] 127.0.0.1 /index.php/app/match/a
INFO: [ app_init ] --START--
INFO: Run Behavior\BuildLiteBehavior [ RunTime:0.000000s ]
INFO: [ app_init ] --END-- [ RunTime:0.000000s ]
INFO: [ app_begin ] --START--
INFO: Run Behavior\ReadHtmlCacheBehavior [ RunTime:0.001000s ]
INFO: [ app_begin ] --END-- [ RunTime:0.001000s ]
INFO: [ app_end ] --START--
INFO: Run Behavior\ShowPageTraceBehavior [ RunTime:0.001000s ]
INFO: [ app_end ] --END-- [ RunTime:0.001000s ]

