[ 2017-08-29T09:31:40+08:00 ] 127.0.0.1 /mall.php/admin/goods/goodsadd
INFO: [ app_init ] --START--
INFO: Run Behavior\BuildLiteBehavior [ RunTime:0.000000s ]
INFO: [ app_init ] --END-- [ RunTime:0.000000s ]
INFO: [ app_begin ] --START--
INFO: Run Behavior\ReadHtmlCacheBehavior [ RunTime:0.000000s ]
INFO: [ app_begin ] --END-- [ RunTime:0.000000s ]
SQL: SHOW COLUMNS FROM `hwh_goods_category` [ RunTime:0.0156s ]
SQL: SELECT `id`,`name` FROM `hwh_goods_category` WHERE ( isShow=1 and parentId=0 )  [ RunTime:0.0000s ]
SQL: SELECT `id`,`name` FROM `hwh_goods_category` WHERE ( parentId=4 )  [ RunTime:0.0000s ]
SQL: SELECT `id`,`name` FROM `hwh_goods_category` WHERE ( parentId=6 )  [ RunTime:0.0000s ]
SQL: SHOW COLUMNS FROM `hwh_attribute_name` [ RunTime:0.0000s ]
SQL: SELECT * FROM `hwh_attribute_name`  [ RunTime:0.0000s ]
INFO: [ view_parse ] --START--
INFO: [ template_filter ] --START--
INFO: Run Behavior\ContentReplaceBehavior [ RunTime:0.000000s ]
INFO: [ template_filter ] --END-- [ RunTime:0.000000s ]
INFO: Run Behavior\ParseTemplateBehavior [ RunTime:0.016600s ]
INFO: [ view_parse ] --END-- [ RunTime:0.016600s ]
INFO: [ view_filter ] --START--
INFO: Run Behavior\WriteHtmlCacheBehavior [ RunTime:0.000000s ]
INFO: [ view_filter ] --END-- [ RunTime:0.000000s ]
INFO: [ app_end ] --START--
INFO: Run Behavior\ShowPageTraceBehavior [ RunTime:0.000000s ]
INFO: [ app_end ] --END-- [ RunTime:0.000000s ]

[ 2017-08-29T09:31:40+08:00 ] 127.0.0.1 /mall.php/admin/goods/images/admin_logo.png
INFO: [ app_init ] --START--
INFO: Run Behavior\BuildLiteBehavior [ RunTime:0.000000s ]
INFO: [ app_init ] --END-- [ RunTime:0.000000s ]

[ 2017-08-29T09:31:42+08:00 ] 127.0.0.1 /mall.php/admin/goods/goodslist.html
INFO: [ app_init ] --START--
INFO: Run Behavior\BuildLiteBehavior [ RunTime:0.000000s ]
INFO: [ app_init ] --END-- [ RunTime:0.000000s ]
INFO: [ app_begin ] --START--
INFO: Run Behavior\ReadHtmlCacheBehavior [ RunTime:0.001000s ]
INFO: [ app_begin ] --END-- [ RunTime:0.001000s ]
SQL: select c.id,c.name from hwh_goods g left join hwh_goods_category c on c.id = g.categoryId where g.isMarketable = 1 and c.parentId = 0 group by g.categoryId [ RunTime:0.0000s ]
INFO: [ view_parse ] --START--
INFO: [ template_filter ] --START--
INFO: Run Behavior\ContentReplaceBehavior [ RunTime:0.000000s ]
INFO: [ template_filter ] --END-- [ RunTime:0.000000s ]
INFO: Run Behavior\ParseTemplateBehavior [ RunTime:0.000000s ]
INFO: [ view_parse ] --END-- [ RunTime:0.000000s ]
INFO: [ view_filter ] --START--
INFO: Run Behavior\WriteHtmlCacheBehavior [ RunTime:0.000000s ]
INFO: [ view_filter ] --END-- [ RunTime:0.000000s ]
INFO: [ app_end ] --START--
INFO: Run Behavior\ShowPageTraceBehavior [ RunTime:0.000000s ]
INFO: [ app_end ] --END-- [ RunTime:0.000000s ]

[ 2017-08-29T09:31:42+08:00 ] 127.0.0.1 /mall.php/admin/goods/images/admin_logo.png
INFO: [ app_init ] --START--
INFO: Run Behavior\BuildLiteBehavior [ RunTime:0.000000s ]
INFO: [ app_init ] --END-- [ RunTime:0.000000s ]

[ 2017-08-29T09:31:42+08:00 ] 127.0.0.1 /mall.php/admin/goods/goodslist.html
INFO: [ app_init ] --START--
INFO: Run Behavior\BuildLiteBehavior [ RunTime:0.000000s ]
INFO: [ app_init ] --END-- [ RunTime:0.000000s ]
INFO: [ app_begin ] --START--
INFO: Run Behavior\ReadHtmlCacheBehavior [ RunTime:0.000000s ]
INFO: [ app_begin ] --END-- [ RunTime:0.000000s ]
SQL: SHOW COLUMNS FROM `hwh_goods` [ RunTime:0.0040s ]
SQL: SELECT g.*,c.name as categoryName FROM hwh_goods g INNER JOIN hwh_goods_category c ON c.id = g.categoryId   [ RunTime:0.0000s ]

[ 2017-08-29T09:31:45+08:00 ] 127.0.0.1 /mall.php/Admin/Goods/goodsEdit?id=17
INFO: [ app_init ] --START--
INFO: Run Behavior\BuildLiteBehavior [ RunTime:0.000000s ]
INFO: [ app_init ] --END-- [ RunTime:0.000000s ]
INFO: [ app_begin ] --START--
INFO: Run Behavior\ReadHtmlCacheBehavior [ RunTime:0.000000s ]
INFO: [ app_begin ] --END-- [ RunTime:0.000000s ]
SQL: SHOW COLUMNS FROM `hwh_goods` [ RunTime:0.0060s ]
SQL: SELECT g.*,c.name as categoryName FROM hwh_goods g INNER JOIN hwh_goods_category c on c.id = g.categoryId  WHERE ( g.id=17 ) LIMIT 1   [ RunTime:0.0010s ]
SQL: SHOW COLUMNS FROM `hwh_goods_store` [ RunTime:0.0060s ]
SQL: SELECT `id`,`attrValue1`,`attrValue2`,`price`,`stock`,`unitName` FROM `hwh_goods_store` WHERE ( goodsId=17 )  [ RunTime:0.0010s ]
INFO: [ view_parse ] --START--
INFO: [ template_filter ] --START--
INFO: Run Behavior\ContentReplaceBehavior [ RunTime:0.000000s ]
INFO: [ template_filter ] --END-- [ RunTime:0.000000s ]
NOTIC: [8] Undefined index: attrvalue1 D:\phpStudy\WWW\haozi\Shopping\Runtime\Cache\Admin\c0bb82dbc0832f6ec64b6b8eb902014f.php 第 119 行.
NOTIC: [8] Undefined index: attrvalue2 D:\phpStudy\WWW\haozi\Shopping\Runtime\Cache\Admin\c0bb82dbc0832f6ec64b6b8eb902014f.php 第 123 行.
INFO: Run Behavior\ParseTemplateBehavior [ RunTime:0.007001s ]
INFO: [ view_parse ] --END-- [ RunTime:0.007001s ]
INFO: [ view_filter ] --START--
INFO: Run Behavior\WriteHtmlCacheBehavior [ RunTime:0.000000s ]
INFO: [ view_filter ] --END-- [ RunTime:0.000000s ]
INFO: [ app_end ] --START--
INFO: Run Behavior\ShowPageTraceBehavior [ RunTime:0.000000s ]
INFO: [ app_end ] --END-- [ RunTime:0.000000s ]

[ 2017-08-29T09:31:45+08:00 ] 127.0.0.1 /mall.php/Admin/Goods/images/admin_logo.png
INFO: [ app_init ] --START--
INFO: Run Behavior\BuildLiteBehavior [ RunTime:0.000000s ]
INFO: [ app_init ] --END-- [ RunTime:0.000000s ]

[ 2017-08-29T09:34:28+08:00 ] 127.0.0.1 /mall.php/Admin/Goods/goodsEdit?id=17
INFO: [ app_init ] --START--
INFO: Run Behavior\BuildLiteBehavior [ RunTime:0.000000s ]
INFO: [ app_init ] --END-- [ RunTime:0.001000s ]
INFO: [ app_begin ] --START--
INFO: Run Behavior\ReadHtmlCacheBehavior [ RunTime:0.000000s ]
INFO: [ app_begin ] --END-- [ RunTime:0.000000s ]
SQL: SHOW COLUMNS FROM `hwh_goods` [ RunTime:0.0030s ]
SQL: SELECT g.*,c.name as categoryName FROM hwh_goods g INNER JOIN hwh_goods_category c on c.id = g.categoryId  WHERE ( g.id=17 ) LIMIT 1   [ RunTime:0.0000s ]
SQL: SHOW COLUMNS FROM `hwh_goods_store` [ RunTime:0.0000s ]
SQL: SELECT `id`,`attrValue1`,`attrValue2`,`price`,`stock`,`unitName` FROM `hwh_goods_store` WHERE ( goodsId=17 )  [ RunTime:0.0000s ]
INFO: [ view_parse ] --START--
INFO: [ template_filter ] --START--
INFO: Run Behavior\ContentReplaceBehavior [ RunTime:0.000000s ]
INFO: [ template_filter ] --END-- [ RunTime:0.000000s ]
INFO: Run Behavior\ParseTemplateBehavior [ RunTime:0.000000s ]
INFO: [ view_parse ] --END-- [ RunTime:0.000000s ]
INFO: [ view_filter ] --START--
INFO: Run Behavior\WriteHtmlCacheBehavior [ RunTime:0.000000s ]
INFO: [ view_filter ] --END-- [ RunTime:0.000000s ]
INFO: [ app_end ] --START--
INFO: Run Behavior\ShowPageTraceBehavior [ RunTime:0.000000s ]
INFO: [ app_end ] --END-- [ RunTime:0.000000s ]

[ 2017-08-29T09:34:28+08:00 ] 127.0.0.1 /mall.php/Admin/Goods/images/admin_logo.png
INFO: [ app_init ] --START--
INFO: Run Behavior\BuildLiteBehavior [ RunTime:0.000000s ]
INFO: [ app_init ] --END-- [ RunTime:0.000000s ]

[ 2017-08-29T09:35:36+08:00 ] 127.0.0.1 /mall.php/Admin/Goods/goodsEdit?id=17
INFO: [ app_init ] --START--
INFO: Run Behavior\BuildLiteBehavior [ RunTime:0.000000s ]
INFO: [ app_init ] --END-- [ RunTime:0.001000s ]
INFO: [ app_begin ] --START--
INFO: Run Behavior\ReadHtmlCacheBehavior [ RunTime:0.000000s ]
INFO: [ app_begin ] --END-- [ RunTime:0.000000s ]
SQL: SHOW COLUMNS FROM `hwh_goods` [ RunTime:0.0000s ]
SQL: SELECT g.*,c.name as categoryName FROM hwh_goods g INNER JOIN hwh_goods_category c on c.id = g.categoryId  WHERE ( g.id=17 ) LIMIT 1   [ RunTime:0.0000s ]
SQL: SHOW COLUMNS FROM `hwh_goods_store` [ RunTime:0.0000s ]
SQL: SELECT `id`,`attrValue1`,`attrValue2`,`price`,`stock`,`unitName` FROM `hwh_goods_store` WHERE ( goodsId=17 )  [ RunTime:0.0000s ]
INFO: [ view_parse ] --START--
INFO: [ template_filter ] --START--
INFO: Run Behavior\ContentReplaceBehavior [ RunTime:0.000000s ]
INFO: [ template_filter ] --END-- [ RunTime:0.000000s ]
INFO: Run Behavior\ParseTemplateBehavior [ RunTime:0.000000s ]
INFO: [ view_parse ] --END-- [ RunTime:0.000000s ]
INFO: [ view_filter ] --START--
INFO: Run Behavior\WriteHtmlCacheBehavior [ RunTime:0.000000s ]
INFO: [ view_filter ] --END-- [ RunTime:0.000000s ]
INFO: [ app_end ] --START--
INFO: Run Behavior\ShowPageTraceBehavior [ RunTime:0.000000s ]
INFO: [ app_end ] --END-- [ RunTime:0.000000s ]

[ 2017-08-29T09:35:36+08:00 ] 127.0.0.1 /mall.php/Admin/Goods/images/admin_logo.png
INFO: [ app_init ] --START--
INFO: Run Behavior\BuildLiteBehavior [ RunTime:0.000000s ]
INFO: [ app_init ] --END-- [ RunTime:0.000000s ]

[ 2017-08-29T09:36:37+08:00 ] 127.0.0.1 /mall.php/Admin/Goods/goodsEdit?id=17
INFO: [ app_init ] --START--
INFO: Run Behavior\BuildLiteBehavior [ RunTime:0.000000s ]
INFO: [ app_init ] --END-- [ RunTime:0.000000s ]
INFO: [ app_begin ] --START--
INFO: Run Behavior\ReadHtmlCacheBehavior [ RunTime:0.000000s ]
INFO: [ app_begin ] --END-- [ RunTime:0.000000s ]
SQL: SHOW COLUMNS FROM `hwh_goods` [ RunTime:0.0050s ]
SQL: SELECT g.*,c.name as categoryName FROM hwh_goods g INNER JOIN hwh_goods_category c on c.id = g.categoryId  WHERE ( g.id=17 ) LIMIT 1   [ RunTime:0.0010s ]
SQL: SHOW COLUMNS FROM `hwh_goods_store` [ RunTime:0.0050s ]
SQL: SELECT `id`,`attrValue1`,`attrValue2`,`price`,`stock`,`unitName` FROM `hwh_goods_store` WHERE ( goodsId=17 )  [ RunTime:0.0000s ]
INFO: [ view_parse ] --START--
INFO: [ template_filter ] --START--
INFO: Run Behavior\ContentReplaceBehavior [ RunTime:0.000000s ]
INFO: [ template_filter ] --END-- [ RunTime:0.001000s ]
INFO: Run Behavior\ParseTemplateBehavior [ RunTime:0.007001s ]
INFO: [ view_parse ] --END-- [ RunTime:0.007001s ]
INFO: [ view_filter ] --START--
INFO: Run Behavior\WriteHtmlCacheBehavior [ RunTime:0.000000s ]
INFO: [ view_filter ] --END-- [ RunTime:0.000000s ]
INFO: [ app_end ] --START--
INFO: Run Behavior\ShowPageTraceBehavior [ RunTime:0.000000s ]
INFO: [ app_end ] --END-- [ RunTime:0.000000s ]

[ 2017-08-29T09:36:37+08:00 ] 127.0.0.1 /mall.php/Admin/Goods/images/admin_logo.png
INFO: [ app_init ] --START--
INFO: Run Behavior\BuildLiteBehavior [ RunTime:0.000000s ]
INFO: [ app_init ] --END-- [ RunTime:0.000000s ]

[ 2017-08-29T09:36:38+08:00 ] 127.0.0.1 /mall.php/admin/goods/goodsedit.html
INFO: [ app_init ] --START--
INFO: Run Behavior\BuildLiteBehavior [ RunTime:0.000000s ]
INFO: [ app_init ] --END-- [ RunTime:0.000000s ]
INFO: [ app_begin ] --START--
INFO: Run Behavior\ReadHtmlCacheBehavior [ RunTime:0.000000s ]
INFO: [ app_begin ] --END-- [ RunTime:0.000000s ]

[ 2017-08-29T09:36:42+08:00 ] 127.0.0.1 /mall.php/admin/goods/goodsedit.html
INFO: [ app_init ] --START--
INFO: Run Behavior\BuildLiteBehavior [ RunTime:0.000000s ]
INFO: [ app_init ] --END-- [ RunTime:0.000000s ]
INFO: [ app_begin ] --START--
INFO: Run Behavior\ReadHtmlCacheBehavior [ RunTime:0.000000s ]
INFO: [ app_begin ] --END-- [ RunTime:0.000000s ]

[ 2017-08-29T09:38:52+08:00 ] 127.0.0.1 /mall.php/admin/goods/goodslist.html
INFO: [ app_init ] --START--
INFO: Run Behavior\BuildLiteBehavior [ RunTime:0.000000s ]
INFO: [ app_init ] --END-- [ RunTime:0.000000s ]
INFO: [ app_begin ] --START--
INFO: Run Behavior\ReadHtmlCacheBehavior [ RunTime:0.000000s ]
INFO: [ app_begin ] --END-- [ RunTime:0.000000s ]
SQL: select c.id,c.name from hwh_goods g left join hwh_goods_category c on c.id = g.categoryId where g.isMarketable = 1 and c.parentId = 0 group by g.categoryId [ RunTime:0.0000s ]
INFO: [ view_parse ] --START--
INFO: [ template_filter ] --START--
INFO: Run Behavior\ContentReplaceBehavior [ RunTime:0.000000s ]
INFO: [ template_filter ] --END-- [ RunTime:0.000000s ]
INFO: Run Behavior\ParseTemplateBehavior [ RunTime:0.004000s ]
INFO: [ view_parse ] --END-- [ RunTime:0.004000s ]
INFO: [ view_filter ] --START--
INFO: Run Behavior\WriteHtmlCacheBehavior [ RunTime:0.000000s ]
INFO: [ view_filter ] --END-- [ RunTime:0.000000s ]
INFO: [ app_end ] --START--
INFO: Run Behavior\ShowPageTraceBehavior [ RunTime:0.001000s ]
INFO: [ app_end ] --END-- [ RunTime:0.001000s ]

[ 2017-08-29T09:38:52+08:00 ] 127.0.0.1 /mall.php/admin/goods/images/admin_logo.png
INFO: [ app_init ] --START--
INFO: Run Behavior\BuildLiteBehavior [ RunTime:0.000000s ]
INFO: [ app_init ] --END-- [ RunTime:0.000000s ]

[ 2017-08-29T09:38:52+08:00 ] 127.0.0.1 /mall.php/admin/goods/images/admin_logo.png
INFO: [ app_init ] --START--
INFO: Run Behavior\BuildLiteBehavior [ RunTime:0.000000s ]
INFO: [ app_init ] --END-- [ RunTime:0.000000s ]

[ 2017-08-29T09:38:52+08:00 ] 127.0.0.1 /mall.php/admin/goods/goodslist.html
INFO: [ app_init ] --START--
INFO: Run Behavior\BuildLiteBehavior [ RunTime:0.000000s ]
INFO: [ app_init ] --END-- [ RunTime:0.000000s ]
INFO: [ app_begin ] --START--
INFO: Run Behavior\ReadHtmlCacheBehavior [ RunTime:0.001000s ]
INFO: [ app_begin ] --END-- [ RunTime:0.001000s ]
SQL: SHOW COLUMNS FROM `hwh_goods` [ RunTime:0.0000s ]
SQL: SELECT g.*,c.name as categoryName FROM hwh_goods g INNER JOIN hwh_goods_category c ON c.id = g.categoryId   [ RunTime:0.0000s ]

[ 2017-08-29T09:38:54+08:00 ] 127.0.0.1 /mall.php/admin/goods/goodsadd.html
INFO: [ app_init ] --START--
INFO: Run Behavior\BuildLiteBehavior [ RunTime:0.000000s ]
INFO: [ app_init ] --END-- [ RunTime:0.000000s ]
INFO: [ app_begin ] --START--
INFO: Run Behavior\ReadHtmlCacheBehavior [ RunTime:0.000000s ]
INFO: [ app_begin ] --END-- [ RunTime:0.000000s ]
SQL: SHOW COLUMNS FROM `hwh_goods_category` [ RunTime:0.0040s ]
SQL: SELECT `id`,`name` FROM `hwh_goods_category` WHERE ( isShow=1 and parentId=0 )  [ RunTime:0.0000s ]
SQL: SELECT `id`,`name` FROM `hwh_goods_category` WHERE ( parentId=4 )  [ RunTime:0.0000s ]
SQL: SELECT `id`,`name` FROM `hwh_goods_category` WHERE ( parentId=6 )  [ RunTime:0.0000s ]
SQL: SHOW COLUMNS FROM `hwh_attribute_name` [ RunTime:0.0000s ]
SQL: SELECT * FROM `hwh_attribute_name`  [ RunTime:0.0000s ]
INFO: [ view_parse ] --START--
INFO: [ template_filter ] --START--
INFO: Run Behavior\ContentReplaceBehavior [ RunTime:0.000000s ]
INFO: [ template_filter ] --END-- [ RunTime:0.000000s ]
INFO: Run Behavior\ParseTemplateBehavior [ RunTime:0.000000s ]
INFO: [ view_parse ] --END-- [ RunTime:0.000000s ]
INFO: [ view_filter ] --START--
INFO: Run Behavior\WriteHtmlCacheBehavior [ RunTime:0.000000s ]
INFO: [ view_filter ] --END-- [ RunTime:0.000000s ]
INFO: [ app_end ] --START--
INFO: Run Behavior\ShowPageTraceBehavior [ RunTime:0.000000s ]
INFO: [ app_end ] --END-- [ RunTime:0.000000s ]

[ 2017-08-29T09:38:54+08:00 ] 127.0.0.1 /mall.php/admin/goods/images/admin_logo.png
INFO: [ app_init ] --START--
INFO: Run Behavior\BuildLiteBehavior [ RunTime:0.000000s ]
INFO: [ app_init ] --END-- [ RunTime:0.000000s ]

[ 2017-08-29T09:38:54+08:00 ] 127.0.0.1 /mall.php/admin/goods/images/admin_logo.png
INFO: [ app_init ] --START--
INFO: Run Behavior\BuildLiteBehavior [ RunTime:0.000000s ]
INFO: [ app_init ] --END-- [ RunTime:0.000000s ]

[ 2017-08-29T09:40:39+08:00 ] 127.0.0.1 /mall.php/admin/goods/goodslist.html
INFO: [ app_init ] --START--
INFO: Run Behavior\BuildLiteBehavior [ RunTime:0.000000s ]
INFO: [ app_init ] --END-- [ RunTime:0.000000s ]
INFO: [ app_begin ] --START--
INFO: Run Behavior\ReadHtmlCacheBehavior [ RunTime:0.000000s ]
INFO: [ app_begin ] --END-- [ RunTime:0.000000s ]
SQL: select c.id,c.name from hwh_goods g left join hwh_goods_category c on c.id = g.categoryId where g.isMarketable = 1 and c.parentId = 0 group by g.categoryId [ RunTime:0.0010s ]
INFO: [ view_parse ] --START--
INFO: [ template_filter ] --START--
INFO: Run Behavior\ContentReplaceBehavior [ RunTime:0.000000s ]
INFO: [ template_filter ] --END-- [ RunTime:0.000000s ]
INFO: Run Behavior\ParseTemplateBehavior [ RunTime:0.004000s ]
INFO: [ view_parse ] --END-- [ RunTime:0.004000s ]
INFO: [ view_filter ] --START--
INFO: Run Behavior\WriteHtmlCacheBehavior [ RunTime:0.000000s ]
INFO: [ view_filter ] --END-- [ RunTime:0.000000s ]
INFO: [ app_end ] --START--
INFO: Run Behavior\ShowPageTraceBehavior [ RunTime:0.000000s ]
INFO: [ app_end ] --END-- [ RunTime:0.000000s ]

[ 2017-08-29T09:40:39+08:00 ] 127.0.0.1 /mall.php/admin/goods/images/admin_logo.png
INFO: [ app_init ] --START--
INFO: Run Behavior\BuildLiteBehavior [ RunTime:0.000000s ]
INFO: [ app_init ] --END-- [ RunTime:0.000000s ]

[ 2017-08-29T09:40:39+08:00 ] 127.0.0.1 /mall.php/admin/goods/images/admin_logo.png
INFO: [ app_init ] --START--
INFO: Run Behavior\BuildLiteBehavior [ RunTime:0.000000s ]
INFO: [ app_init ] --END-- [ RunTime:0.000000s ]

[ 2017-08-29T09:40:39+08:00 ] 127.0.0.1 /mall.php/admin/goods/goodslist.html
INFO: [ app_init ] --START--
INFO: Run Behavior\BuildLiteBehavior [ RunTime:0.000000s ]
INFO: [ app_init ] --END-- [ RunTime:0.000000s ]
INFO: [ app_begin ] --START--
INFO: Run Behavior\ReadHtmlCacheBehavior [ RunTime:0.000000s ]
INFO: [ app_begin ] --END-- [ RunTime:0.000000s ]
SQL: SHOW COLUMNS FROM `hwh_goods` [ RunTime:0.0000s ]
SQL: SELECT g.*,c.name as categoryName FROM hwh_goods g INNER JOIN hwh_goods_category c ON c.id = g.categoryId   [ RunTime:0.0000s ]

[ 2017-08-29T09:40:41+08:00 ] 127.0.0.1 /mall.php/Admin/Goods/goodsEdit?id=17
INFO: [ app_init ] --START--
INFO: Run Behavior\BuildLiteBehavior [ RunTime:0.000000s ]
INFO: [ app_init ] --END-- [ RunTime:0.000000s ]
INFO: [ app_begin ] --START--
INFO: Run Behavior\ReadHtmlCacheBehavior [ RunTime:0.001000s ]
INFO: [ app_begin ] --END-- [ RunTime:0.001000s ]
SQL: SHOW COLUMNS FROM `hwh_goods` [ RunTime:0.0050s ]
SQL: SELECT g.*,c.name as categoryName FROM hwh_goods g INNER JOIN hwh_goods_category c on c.id = g.categoryId  WHERE ( g.id=17 ) LIMIT 1   [ RunTime:0.0010s ]
SQL: SHOW COLUMNS FROM `hwh_goods_store` [ RunTime:0.0040s ]
SQL: SELECT `id`,`attrValue1`,`attrValue2`,`price`,`stock`,`unitName` FROM `hwh_goods_store` WHERE ( goodsId=17 )  [ RunTime:0.0000s ]
INFO: [ view_parse ] --START--
INFO: [ template_filter ] --START--
INFO: Run Behavior\ContentReplaceBehavior [ RunTime:0.000000s ]
INFO: [ template_filter ] --END-- [ RunTime:0.000000s ]
INFO: Run Behavior\ParseTemplateBehavior [ RunTime:0.006001s ]
INFO: [ view_parse ] --END-- [ RunTime:0.006001s ]
INFO: [ view_filter ] --START--
INFO: Run Behavior\WriteHtmlCacheBehavior [ RunTime:0.000000s ]
INFO: [ view_filter ] --END-- [ RunTime:0.000000s ]
INFO: [ app_end ] --START--
INFO: Run Behavior\ShowPageTraceBehavior [ RunTime:0.001000s ]
INFO: [ app_end ] --END-- [ RunTime:0.001000s ]

[ 2017-08-29T09:40:41+08:00 ] 127.0.0.1 /mall.php/Admin/Goods/images/admin_logo.png
INFO: [ app_init ] --START--
INFO: Run Behavior\BuildLiteBehavior [ RunTime:0.000000s ]
INFO: [ app_init ] --END-- [ RunTime:0.000000s ]

[ 2017-08-29T09:40:41+08:00 ] 127.0.0.1 /mall.php/Admin/Goods/images/admin_logo.png
INFO: [ app_init ] --START--
INFO: Run Behavior\BuildLiteBehavior [ RunTime:0.000000s ]
INFO: [ app_init ] --END-- [ RunTime:0.000000s ]

[ 2017-08-29T09:44:13+08:00 ] 127.0.0.1 /mall.php/admin/goods/goodsedit.html
INFO: [ app_init ] --START--
INFO: Run Behavior\BuildLiteBehavior [ RunTime:0.000000s ]
INFO: [ app_init ] --END-- [ RunTime:0.000000s ]
INFO: [ app_begin ] --START--
INFO: Run Behavior\ReadHtmlCacheBehavior [ RunTime:0.000000s ]
INFO: [ app_begin ] --END-- [ RunTime:0.000000s ]

[ 2017-08-29T09:49:24+08:00 ] 127.0.0.1 /mall.php/Admin/Goods/goodsEdit?id=17
INFO: [ app_init ] --START--
INFO: Run Behavior\BuildLiteBehavior [ RunTime:0.000000s ]
INFO: [ app_init ] --END-- [ RunTime:0.000000s ]
INFO: [ app_begin ] --START--
INFO: Run Behavior\ReadHtmlCacheBehavior [ RunTime:0.000000s ]
INFO: [ app_begin ] --END-- [ RunTime:0.000000s ]
SQL: SHOW COLUMNS FROM `hwh_goods` [ RunTime:0.0030s ]
SQL: SELECT g.*,c.name as categoryName FROM hwh_goods g INNER JOIN hwh_goods_category c on c.id = g.categoryId  WHERE ( g.id=17 ) LIMIT 1   [ RunTime:0.0000s ]
SQL: SHOW COLUMNS FROM `hwh_goods_store` [ RunTime:0.0030s ]
SQL: SELECT `id`,`attrValue1`,`attrValue2`,`price`,`stock`,`unitName` FROM `hwh_goods_store` WHERE ( goodsId=17 )  [ RunTime:0.0000s ]
INFO: [ view_parse ] --START--
INFO: [ template_filter ] --START--
INFO: Run Behavior\ContentReplaceBehavior [ RunTime:0.000000s ]
INFO: [ template_filter ] --END-- [ RunTime:0.000000s ]
INFO: Run Behavior\ParseTemplateBehavior [ RunTime:0.004000s ]
INFO: [ view_parse ] --END-- [ RunTime:0.004000s ]
INFO: [ view_filter ] --START--
INFO: Run Behavior\WriteHtmlCacheBehavior [ RunTime:0.001000s ]
INFO: [ view_filter ] --END-- [ RunTime:0.001000s ]
INFO: [ app_end ] --START--
INFO: Run Behavior\ShowPageTraceBehavior [ RunTime:0.000000s ]
INFO: [ app_end ] --END-- [ RunTime:0.000000s ]

[ 2017-08-29T09:49:24+08:00 ] 127.0.0.1 /mall.php/Admin/Goods/images/admin_logo.png
INFO: [ app_init ] --START--
INFO: Run Behavior\BuildLiteBehavior [ RunTime:0.000000s ]
INFO: [ app_init ] --END-- [ RunTime:0.000000s ]

[ 2017-08-29T09:49:24+08:00 ] 127.0.0.1 /mall.php/Admin/Goods/images/admin_logo.png
INFO: [ app_init ] --START--
INFO: Run Behavior\BuildLiteBehavior [ RunTime:0.000000s ]
INFO: [ app_init ] --END-- [ RunTime:0.000000s ]

[ 2017-08-29T09:49:44+08:00 ] 127.0.0.1 /mall.php/admin/goods/goodsedit.html
INFO: [ app_init ] --START--
INFO: Run Behavior\BuildLiteBehavior [ RunTime:0.000000s ]
INFO: [ app_init ] --END-- [ RunTime:0.000000s ]
INFO: [ app_begin ] --START--
INFO: Run Behavior\ReadHtmlCacheBehavior [ RunTime:0.000000s ]
INFO: [ app_begin ] --END-- [ RunTime:0.000000s ]
SQL: SHOW COLUMNS FROM `hwh_goods` [ RunTime:0.0040s ]
SQL: SELECT * FROM `hwh_goods` WHERE `id` = 17 LIMIT 1   [ RunTime:0.0000s ]

[ 2017-08-29T09:51:12+08:00 ] 127.0.0.1 /mall.php/Admin/Goods/goodsEdit?id=17
INFO: [ app_init ] --START--
INFO: Run Behavior\BuildLiteBehavior [ RunTime:0.000000s ]
INFO: [ app_init ] --END-- [ RunTime:0.001000s ]
INFO: [ app_begin ] --START--
INFO: Run Behavior\ReadHtmlCacheBehavior [ RunTime:0.001000s ]
INFO: [ app_begin ] --END-- [ RunTime:0.001000s ]
SQL: SHOW COLUMNS FROM `hwh_goods` [ RunTime:0.0040s ]
SQL: SELECT g.*,c.name as categoryName FROM hwh_goods g INNER JOIN hwh_goods_category c on c.id = g.categoryId  WHERE ( g.id=17 ) LIMIT 1   [ RunTime:0.0000s ]
SQL: SHOW COLUMNS FROM `hwh_goods_store` [ RunTime:0.0030s ]
SQL: SELECT `id`,`attrValue1`,`attrValue2`,`price`,`stock`,`unitName` FROM `hwh_goods_store` WHERE ( goodsId=17 )  [ RunTime:0.0000s ]
INFO: [ view_parse ] --START--
INFO: [ template_filter ] --START--
INFO: Run Behavior\ContentReplaceBehavior [ RunTime:0.000000s ]
INFO: [ template_filter ] --END-- [ RunTime:0.000000s ]
INFO: Run Behavior\ParseTemplateBehavior [ RunTime:0.004000s ]
INFO: [ view_parse ] --END-- [ RunTime:0.004000s ]
INFO: [ view_filter ] --START--
INFO: Run Behavior\WriteHtmlCacheBehavior [ RunTime:0.000000s ]
INFO: [ view_filter ] --END-- [ RunTime:0.000000s ]
INFO: [ app_end ] --START--
INFO: Run Behavior\ShowPageTraceBehavior [ RunTime:0.001000s ]
INFO: [ app_end ] --END-- [ RunTime:0.001000s ]

[ 2017-08-29T09:51:12+08:00 ] 127.0.0.1 /mall.php/Admin/Goods/images/admin_logo.png
INFO: [ app_init ] --START--
INFO: Run Behavior\BuildLiteBehavior [ RunTime:0.000000s ]
INFO: [ app_init ] --END-- [ RunTime:0.000000s ]

[ 2017-08-29T09:51:12+08:00 ] 127.0.0.1 /mall.php/Admin/Goods/images/admin_logo.png
INFO: [ app_init ] --START--
INFO: Run Behavior\BuildLiteBehavior [ RunTime:0.000000s ]
INFO: [ app_init ] --END-- [ RunTime:0.001000s ]

[ 2017-08-29T09:51:23+08:00 ] 127.0.0.1 /mall.php/Admin/Goods/goodsEdit?id=17
INFO: [ app_init ] --START--
INFO: Run Behavior\BuildLiteBehavior [ RunTime:0.000000s ]
INFO: [ app_init ] --END-- [ RunTime:0.001000s ]
INFO: [ app_begin ] --START--
INFO: Run Behavior\ReadHtmlCacheBehavior [ RunTime:0.000000s ]
INFO: [ app_begin ] --END-- [ RunTime:0.000000s ]
SQL: SHOW COLUMNS FROM `hwh_goods` [ RunTime:0.0060s ]
SQL: SELECT g.*,c.name as categoryName FROM hwh_goods g INNER JOIN hwh_goods_category c on c.id = g.categoryId  WHERE ( g.id=17 ) LIMIT 1   [ RunTime:0.0010s ]
SQL: SHOW COLUMNS FROM `hwh_goods_store` [ RunTime:0.0050s ]
SQL: SELECT `id`,`attrValue1`,`attrValue2`,`price`,`stock`,`unitName` FROM `hwh_goods_store` WHERE ( goodsId=17 )  [ RunTime:0.0010s ]
INFO: [ view_parse ] --START--
INFO: [ template_filter ] --START--
INFO: Run Behavior\ContentReplaceBehavior [ RunTime:0.000000s ]
INFO: [ template_filter ] --END-- [ RunTime:0.000000s ]
INFO: Run Behavior\ParseTemplateBehavior [ RunTime:0.004000s ]
INFO: [ view_parse ] --END-- [ RunTime:0.004000s ]
INFO: [ view_filter ] --START--
INFO: Run Behavior\WriteHtmlCacheBehavior [ RunTime:0.001000s ]
INFO: [ view_filter ] --END-- [ RunTime:0.001000s ]
INFO: [ app_end ] --START--
INFO: Run Behavior\ShowPageTraceBehavior [ RunTime:0.000000s ]
INFO: [ app_end ] --END-- [ RunTime:0.000000s ]

[ 2017-08-29T09:51:23+08:00 ] 127.0.0.1 /mall.php/Admin/Goods/images/admin_logo.png
INFO: [ app_init ] --START--
INFO: Run Behavior\BuildLiteBehavior [ RunTime:0.000000s ]
INFO: [ app_init ] --END-- [ RunTime:0.000000s ]

[ 2017-08-29T09:51:23+08:00 ] 127.0.0.1 /mall.php/Admin/Goods/images/admin_logo.png
INFO: [ app_init ] --START--
INFO: Run Behavior\BuildLiteBehavior [ RunTime:0.000000s ]
INFO: [ app_init ] --END-- [ RunTime:0.000000s ]

[ 2017-08-29T09:51:32+08:00 ] 127.0.0.1 /mall.php/admin/goods/goodsedit.html
INFO: [ app_init ] --START--
INFO: Run Behavior\BuildLiteBehavior [ RunTime:0.000000s ]
INFO: [ app_init ] --END-- [ RunTime:0.001000s ]
INFO: [ app_begin ] --START--
INFO: Run Behavior\ReadHtmlCacheBehavior [ RunTime:0.001000s ]
INFO: [ app_begin ] --END-- [ RunTime:0.001000s ]

[ 2017-08-29T09:52:29+08:00 ] 127.0.0.1 /mall.php/admin/goods/goodsedit.html
INFO: [ app_init ] --START--
INFO: Run Behavior\BuildLiteBehavior [ RunTime:0.000000s ]
INFO: [ app_init ] --END-- [ RunTime:0.000000s ]
INFO: [ app_begin ] --START--
INFO: Run Behavior\ReadHtmlCacheBehavior [ RunTime:0.000000s ]
INFO: [ app_begin ] --END-- [ RunTime:0.000000s ]

[ 2017-08-29T10:03:45+08:00 ] 127.0.0.1 /mall.php/Admin/Goods/goodsEdit?id=17
INFO: [ app_init ] --START--
INFO: Run Behavior\BuildLiteBehavior [ RunTime:0.000000s ]
INFO: [ app_init ] --END-- [ RunTime:0.001000s ]
INFO: [ app_begin ] --START--
INFO: Run Behavior\ReadHtmlCacheBehavior [ RunTime:0.000000s ]
INFO: [ app_begin ] --END-- [ RunTime:0.000000s ]
SQL: SHOW COLUMNS FROM `hwh_goods` [ RunTime:0.0000s ]
SQL: SELECT g.*,c.name as categoryName FROM hwh_goods g INNER JOIN hwh_goods_category c on c.id = g.categoryId  WHERE ( g.id=17 ) LIMIT 1   [ RunTime:0.0000s ]
SQL: SHOW COLUMNS FROM `hwh_goods_store` [ RunTime:0.0000s ]
SQL: SELECT `id`,`attrValue1`,`attrValue2`,`price`,`stock`,`unitName` FROM `hwh_goods_store` WHERE ( goodsId=17 )  [ RunTime:0.0000s ]
INFO: [ view_parse ] --START--
INFO: [ template_filter ] --START--
INFO: Run Behavior\ContentReplaceBehavior [ RunTime:0.000000s ]
INFO: [ template_filter ] --END-- [ RunTime:0.000000s ]
INFO: Run Behavior\ParseTemplateBehavior [ RunTime:0.015600s ]
INFO: [ view_parse ] --END-- [ RunTime:0.015600s ]
INFO: [ view_filter ] --START--
INFO: Run Behavior\WriteHtmlCacheBehavior [ RunTime:0.000000s ]
INFO: [ view_filter ] --END-- [ RunTime:0.000000s ]
INFO: [ app_end ] --START--
INFO: Run Behavior\ShowPageTraceBehavior [ RunTime:0.000000s ]
INFO: [ app_end ] --END-- [ RunTime:0.000000s ]

[ 2017-08-29T10:03:45+08:00 ] 127.0.0.1 /mall.php/Admin/Goods/images/admin_logo.png
INFO: [ app_init ] --START--
INFO: Run Behavior\BuildLiteBehavior [ RunTime:0.000000s ]
INFO: [ app_init ] --END-- [ RunTime:0.000000s ]

[ 2017-08-29T10:03:45+08:00 ] 127.0.0.1 /mall.php/Admin/Goods/images/admin_logo.png
INFO: [ app_init ] --START--
INFO: Run Behavior\BuildLiteBehavior [ RunTime:0.000000s ]
INFO: [ app_init ] --END-- [ RunTime:0.000000s ]

[ 2017-08-29T10:03:52+08:00 ] 127.0.0.1 /mall.php/admin/goods/goodsedit.html
INFO: [ app_init ] --START--
INFO: Run Behavior\BuildLiteBehavior [ RunTime:0.000000s ]
INFO: [ app_init ] --END-- [ RunTime:0.000000s ]
INFO: [ app_begin ] --START--
INFO: Run Behavior\ReadHtmlCacheBehavior [ RunTime:0.000000s ]
INFO: [ app_begin ] --END-- [ RunTime:0.000000s ]

[ 2017-08-29T10:04:50+08:00 ] 127.0.0.1 /mall.php/Admin/Goods/goodsEdit?id=17
INFO: [ app_init ] --START--
INFO: Run Behavior\BuildLiteBehavior [ RunTime:0.000000s ]
INFO: [ app_init ] --END-- [ RunTime:0.000000s ]
INFO: [ app_begin ] --START--
INFO: Run Behavior\ReadHtmlCacheBehavior [ RunTime:0.000000s ]
INFO: [ app_begin ] --END-- [ RunTime:0.000000s ]
SQL: SHOW COLUMNS FROM `hwh_goods` [ RunTime:0.0040s ]
SQL: SELECT g.*,c.name as categoryName FROM hwh_goods g INNER JOIN hwh_goods_category c on c.id = g.categoryId  WHERE ( g.id=17 ) LIMIT 1   [ RunTime:0.0000s ]
SQL: SHOW COLUMNS FROM `hwh_goods_store` [ RunTime:0.0030s ]
SQL: SELECT `id`,`attrValue1`,`attrValue2`,`price`,`stock`,`unitName` FROM `hwh_goods_store` WHERE ( goodsId=17 )  [ RunTime:0.0010s ]
INFO: [ view_parse ] --START--
INFO: [ template_filter ] --START--
INFO: Run Behavior\ContentReplaceBehavior [ RunTime:0.000000s ]
INFO: [ template_filter ] --END-- [ RunTime:0.000000s ]
INFO: Run Behavior\ParseTemplateBehavior [ RunTime:0.004000s ]
INFO: [ view_parse ] --END-- [ RunTime:0.004000s ]
INFO: [ view_filter ] --START--
INFO: Run Behavior\WriteHtmlCacheBehavior [ RunTime:0.000000s ]
INFO: [ view_filter ] --END-- [ RunTime:0.000000s ]
INFO: [ app_end ] --START--
INFO: Run Behavior\ShowPageTraceBehavior [ RunTime:0.000000s ]
INFO: [ app_end ] --END-- [ RunTime:0.000000s ]

[ 2017-08-29T10:04:50+08:00 ] 127.0.0.1 /mall.php/Admin/Goods/images/admin_logo.png
INFO: [ app_init ] --START--
INFO: Run Behavior\BuildLiteBehavior [ RunTime:0.000000s ]
INFO: [ app_init ] --END-- [ RunTime:0.000000s ]

[ 2017-08-29T10:04:50+08:00 ] 127.0.0.1 /mall.php/Admin/Goods/images/admin_logo.png
INFO: [ app_init ] --START--
INFO: Run Behavior\BuildLiteBehavior [ RunTime:0.000000s ]
INFO: [ app_init ] --END-- [ RunTime:0.000000s ]

[ 2017-08-29T10:05:10+08:00 ] 127.0.0.1 /mall.php/admin/goods/goodsedit.html
INFO: [ app_init ] --START--
INFO: Run Behavior\BuildLiteBehavior [ RunTime:0.000000s ]
INFO: [ app_init ] --END-- [ RunTime:0.000000s ]
INFO: [ app_begin ] --START--
INFO: Run Behavior\ReadHtmlCacheBehavior [ RunTime:0.000000s ]
INFO: [ app_begin ] --END-- [ RunTime:0.000000s ]

[ 2017-08-29T10:05:14+08:00 ] 127.0.0.1 /mall.php/Admin/Goods/goodsEdit?id=17
INFO: [ app_init ] --START--
INFO: Run Behavior\BuildLiteBehavior [ RunTime:0.000000s ]
INFO: [ app_init ] --END-- [ RunTime:0.000000s ]
INFO: [ app_begin ] --START--
INFO: Run Behavior\ReadHtmlCacheBehavior [ RunTime:0.000000s ]
INFO: [ app_begin ] --END-- [ RunTime:0.000000s ]
SQL: SHOW COLUMNS FROM `hwh_goods` [ RunTime:0.0000s ]
SQL: SELECT g.*,c.name as categoryName FROM hwh_goods g INNER JOIN hwh_goods_category c on c.id = g.categoryId  WHERE ( g.id=17 ) LIMIT 1   [ RunTime:0.0000s ]
SQL: SHOW COLUMNS FROM `hwh_goods_store` [ RunTime:0.0000s ]
SQL: SELECT `id`,`attrValue1`,`attrValue2`,`price`,`stock`,`unitName` FROM `hwh_goods_store` WHERE ( goodsId=17 )  [ RunTime:0.0000s ]
INFO: [ view_parse ] --START--
INFO: [ template_filter ] --START--
INFO: Run Behavior\ContentReplaceBehavior [ RunTime:0.000000s ]
INFO: [ template_filter ] --END-- [ RunTime:0.000000s ]
INFO: Run Behavior\ParseTemplateBehavior [ RunTime:0.015600s ]
INFO: [ view_parse ] --END-- [ RunTime:0.015600s ]
INFO: [ view_filter ] --START--
INFO: Run Behavior\WriteHtmlCacheBehavior [ RunTime:0.000000s ]
INFO: [ view_filter ] --END-- [ RunTime:0.000000s ]
INFO: [ app_end ] --START--
INFO: Run Behavior\ShowPageTraceBehavior [ RunTime:0.000000s ]
INFO: [ app_end ] --END-- [ RunTime:0.000000s ]

[ 2017-08-29T10:05:14+08:00 ] 127.0.0.1 /mall.php/Admin/Goods/images/admin_logo.png
INFO: [ app_init ] --START--
INFO: Run Behavior\BuildLiteBehavior [ RunTime:0.000000s ]
INFO: [ app_init ] --END-- [ RunTime:0.000000s ]

[ 2017-08-29T10:05:14+08:00 ] 127.0.0.1 /mall.php/Admin/Goods/images/admin_logo.png
INFO: [ app_init ] --START--
INFO: Run Behavior\BuildLiteBehavior [ RunTime:0.000000s ]
INFO: [ app_init ] --END-- [ RunTime:0.000000s ]

[ 2017-08-29T10:05:35+08:00 ] 127.0.0.1 /mall.php/Admin/Goods/goodsEdit?id=17
INFO: [ app_init ] --START--
INFO: Run Behavior\BuildLiteBehavior [ RunTime:0.000000s ]
INFO: [ app_init ] --END-- [ RunTime:0.000000s ]
INFO: [ app_begin ] --START--
INFO: Run Behavior\ReadHtmlCacheBehavior [ RunTime:0.000000s ]
INFO: [ app_begin ] --END-- [ RunTime:0.000000s ]
SQL: SHOW COLUMNS FROM `hwh_goods` [ RunTime:0.0000s ]
SQL: SELECT g.*,c.name as categoryName FROM hwh_goods g INNER JOIN hwh_goods_category c on c.id = g.categoryId  WHERE ( g.id=17 ) LIMIT 1   [ RunTime:0.0000s ]
SQL: SHOW COLUMNS FROM `hwh_goods_store` [ RunTime:0.0000s ]
SQL: SELECT `id`,`attrValue1`,`attrValue2`,`price`,`stock`,`unitName` FROM `hwh_goods_store` WHERE ( goodsId=17 )  [ RunTime:0.0000s ]
INFO: [ view_parse ] --START--
INFO: [ template_filter ] --START--
INFO: Run Behavior\ContentReplaceBehavior [ RunTime:0.000000s ]
INFO: [ template_filter ] --END-- [ RunTime:0.001000s ]
INFO: Run Behavior\ParseTemplateBehavior [ RunTime:0.019600s ]
INFO: [ view_parse ] --END-- [ RunTime:0.019600s ]
INFO: [ view_filter ] --START--
INFO: Run Behavior\WriteHtmlCacheBehavior [ RunTime:0.001000s ]
INFO: [ view_filter ] --END-- [ RunTime:0.001000s ]
INFO: [ app_end ] --START--
INFO: Run Behavior\ShowPageTraceBehavior [ RunTime:0.000000s ]
INFO: [ app_end ] --END-- [ RunTime:0.000000s ]

[ 2017-08-29T10:05:35+08:00 ] 127.0.0.1 /mall.php/Admin/Goods/images/admin_logo.png
INFO: [ app_init ] --START--
INFO: Run Behavior\BuildLiteBehavior [ RunTime:0.000000s ]
INFO: [ app_init ] --END-- [ RunTime:0.000000s ]

[ 2017-08-29T10:05:35+08:00 ] 127.0.0.1 /mall.php/Admin/Goods/images/admin_logo.png
INFO: [ app_init ] --START--
INFO: Run Behavior\BuildLiteBehavior [ RunTime:0.000000s ]
INFO: [ app_init ] --END-- [ RunTime:0.000000s ]

[ 2017-08-29T10:05:49+08:00 ] 127.0.0.1 /mall.php/admin/goods/goodsedit.html
INFO: [ app_init ] --START--
INFO: Run Behavior\BuildLiteBehavior [ RunTime:0.000000s ]
INFO: [ app_init ] --END-- [ RunTime:0.001000s ]
INFO: [ app_begin ] --START--
INFO: Run Behavior\ReadHtmlCacheBehavior [ RunTime:0.001001s ]
INFO: [ app_begin ] --END-- [ RunTime:0.001001s ]
SQL: SHOW COLUMNS FROM `hwh_goods` [ RunTime:0.0060s ]
SQL: SELECT * FROM `hwh_goods` WHERE `id` = 17 LIMIT 1   [ RunTime:0.0010s ]
SQL: SHOW COLUMNS FROM `hwh_goods_store` [ RunTime:0.0050s ]
SQL: UPDATE `hwh_goods_store` SET `price`='66',`stock`='30',`updateDate`='2017-08-29 10:05:49' WHERE `id` = 9 [ RunTime:0.0000s ]
SQL: UPDATE `hwh_goods_store` SET `price`='66',`stock`='50',`updateDate`='2017-08-29 10:05:49' WHERE `id` = 10 [ RunTime:0.0000s ]
SQL: UPDATE `hwh_goods_store` SET `price`='77',`stock`='45',`updateDate`='2017-08-29 10:05:49' WHERE `id` = 11 [ RunTime:0.0010s ]
SQL: UPDATE `hwh_goods_store` SET `price`='77',`stock`='45',`updateDate`='2017-08-29 10:05:49' WHERE `id` = 12 [ RunTime:0.0000s ]
SQL: UPDATE `hwh_goods` SET `id`='17',`name`='花花公子精品男装',`price`='88',`stock`='95',`img`='http://haoziweb.com.cn/Public/Uploads/article/20170518/1495077221_179485_591d116538e1c.jpg',`description`=NULL WHERE `id` = 17 [ RunTime:0.0000s ]

[ 2017-08-29T10:08:13+08:00 ] 127.0.0.1 /mall.php/Admin/Goods/goodsEdit?id=17
INFO: [ app_init ] --START--
INFO: Run Behavior\BuildLiteBehavior [ RunTime:0.000000s ]
INFO: [ app_init ] --END-- [ RunTime:0.000000s ]
INFO: [ app_begin ] --START--
INFO: Run Behavior\ReadHtmlCacheBehavior [ RunTime:0.000000s ]
INFO: [ app_begin ] --END-- [ RunTime:0.000000s ]
SQL: SHOW COLUMNS FROM `hwh_goods` [ RunTime:0.0000s ]
SQL: SELECT g.*,c.name as categoryName FROM hwh_goods g INNER JOIN hwh_goods_category c on c.id = g.categoryId  WHERE ( g.id=17 ) LIMIT 1   [ RunTime:0.0000s ]
SQL: SHOW COLUMNS FROM `hwh_goods_store` [ RunTime:0.0000s ]
SQL: SELECT `id`,`attrValue1`,`attrValue2`,`price`,`stock`,`unitName` FROM `hwh_goods_store` WHERE ( goodsId=17 )  [ RunTime:0.0000s ]
INFO: [ view_parse ] --START--
INFO: [ template_filter ] --START--
INFO: Run Behavior\ContentReplaceBehavior [ RunTime:0.000000s ]
INFO: [ template_filter ] --END-- [ RunTime:0.000000s ]
INFO: Run Behavior\ParseTemplateBehavior [ RunTime:0.000000s ]
INFO: [ view_parse ] --END-- [ RunTime:0.000000s ]
INFO: [ view_filter ] --START--
INFO: Run Behavior\WriteHtmlCacheBehavior [ RunTime:0.000000s ]
INFO: [ view_filter ] --END-- [ RunTime:0.000000s ]
INFO: [ app_end ] --START--
INFO: Run Behavior\ShowPageTraceBehavior [ RunTime:0.000000s ]
INFO: [ app_end ] --END-- [ RunTime:0.000000s ]

[ 2017-08-29T10:08:13+08:00 ] 127.0.0.1 /mall.php/Admin/Goods/images/admin_logo.png
INFO: [ app_init ] --START--
INFO: Run Behavior\BuildLiteBehavior [ RunTime:0.000000s ]
INFO: [ app_init ] --END-- [ RunTime:0.001000s ]

[ 2017-08-29T10:08:13+08:00 ] 127.0.0.1 /mall.php/Admin/Goods/images/admin_logo.png
INFO: [ app_init ] --START--
INFO: Run Behavior\BuildLiteBehavior [ RunTime:0.000000s ]
INFO: [ app_init ] --END-- [ RunTime:0.001000s ]

[ 2017-08-29T10:08:22+08:00 ] 127.0.0.1 /mall.php/admin/goods/goodsedit.html
INFO: [ app_init ] --START--
INFO: Run Behavior\BuildLiteBehavior [ RunTime:0.000000s ]
INFO: [ app_init ] --END-- [ RunTime:0.000000s ]
INFO: [ app_begin ] --START--
INFO: Run Behavior\ReadHtmlCacheBehavior [ RunTime:0.000000s ]
INFO: [ app_begin ] --END-- [ RunTime:0.000000s ]
SQL: SHOW COLUMNS FROM `hwh_goods` [ RunTime:0.0040s ]
SQL: SELECT * FROM `hwh_goods` WHERE `id` = 17 LIMIT 1   [ RunTime:0.0000s ]
SQL: SHOW COLUMNS FROM `hwh_goods_store` [ RunTime:0.0040s ]
SQL: UPDATE `hwh_goods_store` SET `price`='66',`stock`='30',`updateDate`='2017-08-29 10:08:22' WHERE `id` = 9 [ RunTime:0.0000s ]
SQL: UPDATE `hwh_goods_store` SET `price`='66',`stock`='50',`updateDate`='2017-08-29 10:08:22' WHERE `id` = 10 [ RunTime:0.0010s ]
SQL: UPDATE `hwh_goods_store` SET `price`='77',`stock`='45',`updateDate`='2017-08-29 10:08:22' WHERE `id` = 11 [ RunTime:0.0000s ]
SQL: UPDATE `hwh_goods_store` SET `price`='77',`stock`='45',`updateDate`='2017-08-29 10:08:22' WHERE `id` = 12 [ RunTime:0.0000s ]
SQL: UPDATE `hwh_goods` SET `id`='17',`name`='花花公子精品男装',`price`='88',`stock`='95',`img`='http://haoziweb.com.cn/Public/Uploads/article/20170518/1495077221_179485_591d116538e1c.jpg',`description`=NULL WHERE `id` = 17 [ RunTime:0.0010s ]

[ 2017-08-29T10:08:22+08:00 ] 127.0.0.1 /mall.php/admin/goods/goodslist.html
INFO: [ app_init ] --START--
INFO: Run Behavior\BuildLiteBehavior [ RunTime:0.000000s ]
INFO: [ app_init ] --END-- [ RunTime:0.000000s ]
INFO: [ app_begin ] --START--
INFO: Run Behavior\ReadHtmlCacheBehavior [ RunTime:0.000000s ]
INFO: [ app_begin ] --END-- [ RunTime:0.000000s ]
SQL: select c.id,c.name from hwh_goods g left join hwh_goods_category c on c.id = g.categoryId where g.isMarketable = 1 and c.parentId = 0 group by g.categoryId [ RunTime:0.0000s ]
INFO: [ view_parse ] --START--
INFO: [ template_filter ] --START--
INFO: Run Behavior\ContentReplaceBehavior [ RunTime:0.000000s ]
INFO: [ template_filter ] --END-- [ RunTime:0.000000s ]
INFO: Run Behavior\ParseTemplateBehavior [ RunTime:0.004000s ]
INFO: [ view_parse ] --END-- [ RunTime:0.004000s ]
INFO: [ view_filter ] --START--
INFO: Run Behavior\WriteHtmlCacheBehavior [ RunTime:0.000000s ]
INFO: [ view_filter ] --END-- [ RunTime:0.001000s ]
INFO: [ app_end ] --START--
INFO: Run Behavior\ShowPageTraceBehavior [ RunTime:0.000000s ]
INFO: [ app_end ] --END-- [ RunTime:0.000000s ]

[ 2017-08-29T10:08:22+08:00 ] 127.0.0.1 /mall.php/admin/goods/images/admin_logo.png
INFO: [ app_init ] --START--
INFO: Run Behavior\BuildLiteBehavior [ RunTime:0.000000s ]
INFO: [ app_init ] --END-- [ RunTime:0.001000s ]

[ 2017-08-29T10:08:22+08:00 ] 127.0.0.1 /mall.php/admin/goods/images/admin_logo.png
INFO: [ app_init ] --START--
INFO: Run Behavior\BuildLiteBehavior [ RunTime:0.000000s ]
INFO: [ app_init ] --END-- [ RunTime:0.000000s ]

[ 2017-08-29T10:08:22+08:00 ] 127.0.0.1 /mall.php/admin/goods/goodslist.html
INFO: [ app_init ] --START--
INFO: Run Behavior\BuildLiteBehavior [ RunTime:0.000000s ]
INFO: [ app_init ] --END-- [ RunTime:0.000000s ]
INFO: [ app_begin ] --START--
INFO: Run Behavior\ReadHtmlCacheBehavior [ RunTime:0.015600s ]
INFO: [ app_begin ] --END-- [ RunTime:0.015600s ]
SQL: SHOW COLUMNS FROM `hwh_goods` [ RunTime:0.0040s ]
SQL: SELECT g.*,c.name as categoryName FROM hwh_goods g INNER JOIN hwh_goods_category c ON c.id = g.categoryId   [ RunTime:0.0000s ]

[ 2017-08-29T10:08:25+08:00 ] 127.0.0.1 /mall.php/Admin/Goods/goodsEdit?id=17
INFO: [ app_init ] --START--
INFO: Run Behavior\BuildLiteBehavior [ RunTime:0.000000s ]
INFO: [ app_init ] --END-- [ RunTime:0.001000s ]
INFO: [ app_begin ] --START--
INFO: Run Behavior\ReadHtmlCacheBehavior [ RunTime:0.000000s ]
INFO: [ app_begin ] --END-- [ RunTime:0.000000s ]
SQL: SHOW COLUMNS FROM `hwh_goods` [ RunTime:0.0080s ]
SQL: SELECT g.*,c.name as categoryName FROM hwh_goods g INNER JOIN hwh_goods_category c on c.id = g.categoryId  WHERE ( g.id=17 ) LIMIT 1   [ RunTime:0.0000s ]
SQL: SHOW COLUMNS FROM `hwh_goods_store` [ RunTime:0.0090s ]
SQL: SELECT `id`,`attrValue1`,`attrValue2`,`price`,`stock`,`unitName` FROM `hwh_goods_store` WHERE ( goodsId=17 )  [ RunTime:0.0010s ]
INFO: [ view_parse ] --START--
INFO: [ template_filter ] --START--
INFO: Run Behavior\ContentReplaceBehavior [ RunTime:0.000000s ]
INFO: [ template_filter ] --END-- [ RunTime:0.000000s ]
INFO: Run Behavior\ParseTemplateBehavior [ RunTime:0.000000s ]
INFO: [ view_parse ] --END-- [ RunTime:0.000000s ]
INFO: [ view_filter ] --START--
INFO: Run Behavior\WriteHtmlCacheBehavior [ RunTime:0.000000s ]
INFO: [ view_filter ] --END-- [ RunTime:0.000000s ]
INFO: [ app_end ] --START--
INFO: Run Behavior\ShowPageTraceBehavior [ RunTime:0.000000s ]
INFO: [ app_end ] --END-- [ RunTime:0.000000s ]

[ 2017-08-29T10:08:25+08:00 ] 127.0.0.1 /mall.php/Admin/Goods/images/admin_logo.png
INFO: [ app_init ] --START--
INFO: Run Behavior\BuildLiteBehavior [ RunTime:0.000000s ]
INFO: [ app_init ] --END-- [ RunTime:0.000000s ]

[ 2017-08-29T10:08:25+08:00 ] 127.0.0.1 /mall.php/Admin/Goods/images/admin_logo.png
INFO: [ app_init ] --START--
INFO: Run Behavior\BuildLiteBehavior [ RunTime:0.000000s ]
INFO: [ app_init ] --END-- [ RunTime:0.000000s ]

[ 2017-08-29T10:08:37+08:00 ] 127.0.0.1 /mall.php/Admin/Goods/goodsEdit?id=17
INFO: [ app_init ] --START--
INFO: Run Behavior\BuildLiteBehavior [ RunTime:0.000000s ]
INFO: [ app_init ] --END-- [ RunTime:0.001000s ]
INFO: [ app_begin ] --START--
INFO: Run Behavior\ReadHtmlCacheBehavior [ RunTime:0.000000s ]
INFO: [ app_begin ] --END-- [ RunTime:0.000000s ]
SQL: SHOW COLUMNS FROM `hwh_goods` [ RunTime:0.0040s ]
SQL: SELECT g.*,c.name as categoryName FROM hwh_goods g INNER JOIN hwh_goods_category c on c.id = g.categoryId  WHERE ( g.id=17 ) LIMIT 1   [ RunTime:0.0000s ]
SQL: SHOW COLUMNS FROM `hwh_goods_store` [ RunTime:0.0000s ]
SQL: SELECT `id`,`attrValue1`,`attrValue2`,`price`,`stock`,`unitName` FROM `hwh_goods_store` WHERE ( goodsId=17 )  [ RunTime:0.0000s ]
INFO: [ view_parse ] --START--
INFO: [ template_filter ] --START--
INFO: Run Behavior\ContentReplaceBehavior [ RunTime:0.000000s ]
INFO: [ template_filter ] --END-- [ RunTime:0.000000s ]
INFO: Run Behavior\ParseTemplateBehavior [ RunTime:0.000000s ]
INFO: [ view_parse ] --END-- [ RunTime:0.000000s ]
INFO: [ view_filter ] --START--
INFO: Run Behavior\WriteHtmlCacheBehavior [ RunTime:0.000000s ]
INFO: [ view_filter ] --END-- [ RunTime:0.000000s ]
INFO: [ app_end ] --START--
INFO: Run Behavior\ShowPageTraceBehavior [ RunTime:0.000000s ]
INFO: [ app_end ] --END-- [ RunTime:0.000000s ]

[ 2017-08-29T10:08:37+08:00 ] 127.0.0.1 /mall.php/Admin/Goods/images/admin_logo.png
INFO: [ app_init ] --START--
INFO: Run Behavior\BuildLiteBehavior [ RunTime:0.000000s ]
INFO: [ app_init ] --END-- [ RunTime:0.000000s ]

[ 2017-08-29T10:08:37+08:00 ] 127.0.0.1 /mall.php/Admin/Goods/images/admin_logo.png
INFO: [ app_init ] --START--
INFO: Run Behavior\BuildLiteBehavior [ RunTime:0.000000s ]
INFO: [ app_init ] --END-- [ RunTime:0.000000s ]

[ 2017-08-29T10:08:43+08:00 ] 127.0.0.1 /mall.php/admin/goods/goodsedit.html
INFO: [ app_init ] --START--
INFO: Run Behavior\BuildLiteBehavior [ RunTime:0.000000s ]
INFO: [ app_init ] --END-- [ RunTime:0.000000s ]
INFO: [ app_begin ] --START--
INFO: Run Behavior\ReadHtmlCacheBehavior [ RunTime:0.000000s ]
INFO: [ app_begin ] --END-- [ RunTime:0.000000s ]
SQL: SHOW COLUMNS FROM `hwh_goods` [ RunTime:0.0000s ]
SQL: SELECT * FROM `hwh_goods` WHERE `id` = 17 LIMIT 1   [ RunTime:0.0000s ]
SQL: SHOW COLUMNS FROM `hwh_goods_store` [ RunTime:0.0176s ]
SQL: UPDATE `hwh_goods_store` SET `price`='66',`stock`='30',`updateDate`='2017-08-29 10:08:43' WHERE `id` = 9 [ RunTime:0.0000s ]
SQL: UPDATE `hwh_goods_store` SET `price`='66',`stock`='50',`updateDate`='2017-08-29 10:08:43' WHERE `id` = 10 [ RunTime:0.0010s ]
SQL: UPDATE `hwh_goods_store` SET `price`='77',`stock`='45',`updateDate`='2017-08-29 10:08:43' WHERE `id` = 11 [ RunTime:0.0000s ]
SQL: UPDATE `hwh_goods_store` SET `price`='77',`stock`='45',`updateDate`='2017-08-29 10:08:43' WHERE `id` = 12 [ RunTime:0.0000s ]
SQL: UPDATE `hwh_goods` SET `id`='17',`name`='花花公子精品男装',`price`='88',`stock`='95',`img`='http://haoziweb.com.cn/Public/Uploads/article/20170518/1495077221_179485_591d116538e1c.jpg',`description`=NULL WHERE `id` = 17 [ RunTime:0.0010s ]

[ 2017-08-29T10:11:04+08:00 ] 127.0.0.1 /mall.php/Admin/Goods/goodsEdit?id=17
INFO: [ app_init ] --START--
INFO: Run Behavior\BuildLiteBehavior [ RunTime:0.000000s ]
INFO: [ app_init ] --END-- [ RunTime:0.000000s ]
INFO: [ app_begin ] --START--
INFO: Run Behavior\ReadHtmlCacheBehavior [ RunTime:0.001000s ]
INFO: [ app_begin ] --END-- [ RunTime:0.001000s ]
SQL: SHOW COLUMNS FROM `hwh_goods` [ RunTime:0.0000s ]
SQL: SELECT g.*,c.name as categoryName FROM hwh_goods g INNER JOIN hwh_goods_category c on c.id = g.categoryId  WHERE ( g.id=17 ) LIMIT 1   [ RunTime:0.0000s ]
SQL: SHOW COLUMNS FROM `hwh_goods_store` [ RunTime:0.0000s ]
SQL: SELECT `id`,`attrValue1`,`attrValue2`,`price`,`stock`,`unitName` FROM `hwh_goods_store` WHERE ( goodsId=17 )  [ RunTime:0.0000s ]
INFO: [ view_parse ] --START--
INFO: [ template_filter ] --START--
INFO: Run Behavior\ContentReplaceBehavior [ RunTime:0.000000s ]
INFO: [ template_filter ] --END-- [ RunTime:0.000000s ]
INFO: Run Behavior\ParseTemplateBehavior [ RunTime:0.015600s ]
INFO: [ view_parse ] --END-- [ RunTime:0.015600s ]
INFO: [ view_filter ] --START--
INFO: Run Behavior\WriteHtmlCacheBehavior [ RunTime:0.000000s ]
INFO: [ view_filter ] --END-- [ RunTime:0.000000s ]
INFO: [ app_end ] --START--
INFO: Run Behavior\ShowPageTraceBehavior [ RunTime:0.000000s ]
INFO: [ app_end ] --END-- [ RunTime:0.000000s ]

[ 2017-08-29T10:11:04+08:00 ] 127.0.0.1 /mall.php/Admin/Goods/images/admin_logo.png
INFO: [ app_init ] --START--
INFO: Run Behavior\BuildLiteBehavior [ RunTime:0.000000s ]
INFO: [ app_init ] --END-- [ RunTime:0.000000s ]

[ 2017-08-29T10:11:04+08:00 ] 127.0.0.1 /mall.php/Admin/Goods/images/admin_logo.png
INFO: [ app_init ] --START--
INFO: Run Behavior\BuildLiteBehavior [ RunTime:0.000000s ]
INFO: [ app_init ] --END-- [ RunTime:0.000000s ]

[ 2017-08-29T10:11:07+08:00 ] 127.0.0.1 /mall.php/Admin/Goods/goodsEdit?id=17
INFO: [ app_init ] --START--
INFO: Run Behavior\BuildLiteBehavior [ RunTime:0.000000s ]
INFO: [ app_init ] --END-- [ RunTime:0.001000s ]
INFO: [ app_begin ] --START--
INFO: Run Behavior\ReadHtmlCacheBehavior [ RunTime:0.000000s ]
INFO: [ app_begin ] --END-- [ RunTime:0.000000s ]
SQL: SHOW COLUMNS FROM `hwh_goods` [ RunTime:0.0040s ]
SQL: SELECT g.*,c.name as categoryName FROM hwh_goods g INNER JOIN hwh_goods_category c on c.id = g.categoryId  WHERE ( g.id=17 ) LIMIT 1   [ RunTime:0.0000s ]
SQL: SHOW COLUMNS FROM `hwh_goods_store` [ RunTime:0.0030s ]
SQL: SELECT `id`,`attrValue1`,`attrValue2`,`price`,`stock`,`unitName` FROM `hwh_goods_store` WHERE ( goodsId=17 )  [ RunTime:0.0010s ]
INFO: [ view_parse ] --START--
INFO: [ template_filter ] --START--
INFO: Run Behavior\ContentReplaceBehavior [ RunTime:0.000000s ]
INFO: [ template_filter ] --END-- [ RunTime:0.000000s ]
INFO: Run Behavior\ParseTemplateBehavior [ RunTime:0.004000s ]
INFO: [ view_parse ] --END-- [ RunTime:0.004000s ]
INFO: [ view_filter ] --START--
INFO: Run Behavior\WriteHtmlCacheBehavior [ RunTime:0.000000s ]
INFO: [ view_filter ] --END-- [ RunTime:0.000000s ]
INFO: [ app_end ] --START--
INFO: Run Behavior\ShowPageTraceBehavior [ RunTime:0.000000s ]
INFO: [ app_end ] --END-- [ RunTime:0.000000s ]

[ 2017-08-29T10:11:07+08:00 ] 127.0.0.1 /mall.php/Admin/Goods/images/admin_logo.png
INFO: [ app_init ] --START--
INFO: Run Behavior\BuildLiteBehavior [ RunTime:0.000000s ]
INFO: [ app_init ] --END-- [ RunTime:0.000000s ]

[ 2017-08-29T10:11:07+08:00 ] 127.0.0.1 /mall.php/Admin/Goods/images/admin_logo.png
INFO: [ app_init ] --START--
INFO: Run Behavior\BuildLiteBehavior [ RunTime:0.000000s ]
INFO: [ app_init ] --END-- [ RunTime:0.000000s ]

[ 2017-08-29T10:12:23+08:00 ] 127.0.0.1 /mall.php/admin/goods/goodsedit.html
INFO: [ app_init ] --START--
INFO: Run Behavior\BuildLiteBehavior [ RunTime:0.000000s ]
INFO: [ app_init ] --END-- [ RunTime:0.001000s ]
INFO: [ app_begin ] --START--
INFO: Run Behavior\ReadHtmlCacheBehavior [ RunTime:0.000000s ]
INFO: [ app_begin ] --END-- [ RunTime:0.000000s ]
SQL: SHOW COLUMNS FROM `hwh_goods` [ RunTime:0.0010s ]
SQL: SELECT * FROM `hwh_goods` WHERE `id` = 17 LIMIT 1   [ RunTime:0.0000s ]
SQL: SHOW COLUMNS FROM `hwh_goods_store` [ RunTime:0.0000s ]
SQL: UPDATE `hwh_goods_store` SET `price`='66',`stock`='30',`updateDate`='2017-08-29 10:12:23' WHERE `id` = 9 [ RunTime:0.0000s ]
SQL: UPDATE `hwh_goods_store` SET `price`='66',`stock`='50',`updateDate`='2017-08-29 10:12:23' WHERE `id` = 10 [ RunTime:0.0000s ]
SQL: UPDATE `hwh_goods_store` SET `price`='77',`stock`='45',`updateDate`='2017-08-29 10:12:23' WHERE `id` = 11 [ RunTime:0.0000s ]
SQL: UPDATE `hwh_goods_store` SET `price`='77',`stock`='45',`updateDate`='2017-08-29 10:12:23' WHERE `id` = 12 [ RunTime:0.0000s ]
SQL: UPDATE `hwh_goods` SET `id`='17',`name`='花花公子精品男装',`price`='88',`stock`='95',`img`='http://haoziweb.com
.cn/Public/Uploads/article/20170518/1495077221_179485_591d116538e1c.jpg',`description`=NULL WHERE `id` = 17 [ RunTime:0.0000s ]

[ 2017-08-29T10:14:37+08:00 ] 127.0.0.1 /mall.php/Admin/Goods/goodsEdit?id=17
INFO: [ app_init ] --START--
INFO: Run Behavior\BuildLiteBehavior [ RunTime:0.000000s ]
INFO: [ app_init ] --END-- [ RunTime:0.001000s ]
INFO: [ app_begin ] --START--
INFO: Run Behavior\ReadHtmlCacheBehavior [ RunTime:0.000000s ]
INFO: [ app_begin ] --END-- [ RunTime:0.000000s ]
SQL: SHOW COLUMNS FROM `hwh_goods` [ RunTime:0.0000s ]
SQL: SELECT g.*,c.name as categoryName FROM hwh_goods g INNER JOIN hwh_goods_category c on c.id = g.categoryId  WHERE ( g.id=17 ) LIMIT 1   [ RunTime:0.0000s ]
SQL: SHOW COLUMNS FROM `hwh_goods_store` [ RunTime:0.0000s ]
SQL: SELECT `id`,`attrValue1`,`attrValue2`,`price`,`stock`,`unitName` FROM `hwh_goods_store` WHERE ( goodsId=17 )  [ RunTime:0.0000s ]
INFO: [ view_parse ] --START--
INFO: [ template_filter ] --START--
INFO: Run Behavior\ContentReplaceBehavior [ RunTime:0.000000s ]
INFO: [ template_filter ] --END-- [ RunTime:0.000000s ]
INFO: Run Behavior\ParseTemplateBehavior [ RunTime:0.000000s ]
INFO: [ view_parse ] --END-- [ RunTime:0.000000s ]
INFO: [ view_filter ] --START--
INFO: Run Behavior\WriteHtmlCacheBehavior [ RunTime:0.000000s ]
INFO: [ view_filter ] --END-- [ RunTime:0.000000s ]
INFO: [ app_end ] --START--
INFO: Run Behavior\ShowPageTraceBehavior [ RunTime:0.000000s ]
INFO: [ app_end ] --END-- [ RunTime:0.000000s ]

[ 2017-08-29T10:14:37+08:00 ] 127.0.0.1 /mall.php/Admin/Goods/images/admin_logo.png
INFO: [ app_init ] --START--
INFO: Run Behavior\BuildLiteBehavior [ RunTime:0.000000s ]
INFO: [ app_init ] --END-- [ RunTime:0.000000s ]

[ 2017-08-29T10:14:37+08:00 ] 127.0.0.1 /mall.php/Admin/Goods/images/admin_logo.png
INFO: [ app_init ] --START--
INFO: Run Behavior\BuildLiteBehavior [ RunTime:0.000000s ]
INFO: [ app_init ] --END-- [ RunTime:0.000000s ]

[ 2017-08-29T10:14:40+08:00 ] 127.0.0.1 /mall.php/admin/goods/goodslist.html
INFO: [ app_init ] --START--
INFO: Run Behavior\BuildLiteBehavior [ RunTime:0.000000s ]
INFO: [ app_init ] --END-- [ RunTime:0.001000s ]
INFO: [ app_begin ] --START--
INFO: Run Behavior\ReadHtmlCacheBehavior [ RunTime:0.000000s ]
INFO: [ app_begin ] --END-- [ RunTime:0.000000s ]
SQL: select c.id,c.name from hwh_goods g left join hwh_goods_category c on c.id = g.categoryId where g.isMarketable = 1 and c.parentId = 0 group by g.categoryId [ RunTime:0.0000s ]
INFO: [ view_parse ] --START--
INFO: [ template_filter ] --START--
INFO: Run Behavior\ContentReplaceBehavior [ RunTime:0.000000s ]
INFO: [ template_filter ] --END-- [ RunTime:0.000000s ]
INFO: Run Behavior\ParseTemplateBehavior [ RunTime:0.000000s ]
INFO: [ view_parse ] --END-- [ RunTime:0.000000s ]
INFO: [ view_filter ] --START--
INFO: Run Behavior\WriteHtmlCacheBehavior [ RunTime:0.000000s ]
INFO: [ view_filter ] --END-- [ RunTime:0.000000s ]
INFO: [ app_end ] --START--
INFO: Run Behavior\ShowPageTraceBehavior [ RunTime:0.000000s ]
INFO: [ app_end ] --END-- [ RunTime:0.000000s ]

[ 2017-08-29T10:14:40+08:00 ] 127.0.0.1 /mall.php/admin/goods/images/admin_logo.png
INFO: [ app_init ] --START--
INFO: Run Behavior\BuildLiteBehavior [ RunTime:0.000000s ]
INFO: [ app_init ] --END-- [ RunTime:0.000000s ]

[ 2017-08-29T10:14:40+08:00 ] 127.0.0.1 /mall.php/admin/goods/images/admin_logo.png
INFO: [ app_init ] --START--
INFO: Run Behavior\BuildLiteBehavior [ RunTime:0.000000s ]
INFO: [ app_init ] --END-- [ RunTime:0.000000s ]

[ 2017-08-29T10:14:40+08:00 ] 127.0.0.1 /mall.php/admin/goods/goodslist.html
INFO: [ app_init ] --START--
INFO: Run Behavior\BuildLiteBehavior [ RunTime:0.000000s ]
INFO: [ app_init ] --END-- [ RunTime:0.000000s ]
INFO: [ app_begin ] --START--
INFO: Run Behavior\ReadHtmlCacheBehavior [ RunTime:0.000000s ]
INFO: [ app_begin ] --END-- [ RunTime:0.000000s ]
SQL: SHOW COLUMNS FROM `hwh_goods` [ RunTime:0.0176s ]
SQL: SELECT g.*,c.name as categoryName FROM hwh_goods g INNER JOIN hwh_goods_category c ON c.id = g.categoryId   [ RunTime:0.0000s ]

[ 2017-08-29T10:15:23+08:00 ] 127.0.0.1 /mall.php/admin/goods/goodslist.html
INFO: [ app_init ] --START--
INFO: Run Behavior\BuildLiteBehavior [ RunTime:0.000000s ]
INFO: [ app_init ] --END-- [ RunTime:0.000000s ]
INFO: [ app_begin ] --START--
INFO: Run Behavior\ReadHtmlCacheBehavior [ RunTime:0.001000s ]
INFO: [ app_begin ] --END-- [ RunTime:0.001000s ]
SQL: select c.id,c.name from hwh_goods g left join hwh_goods_category c on c.id = g.categoryId where g.isMarketable = 1 and c.parentId = 0 group by g.categoryId [ RunTime:0.0010s ]
INFO: [ view_parse ] --START--
INFO: [ template_filter ] --START--
INFO: Run Behavior\ContentReplaceBehavior [ RunTime:0.000000s ]
INFO: [ template_filter ] --END-- [ RunTime:0.000000s ]
INFO: Run Behavior\ParseTemplateBehavior [ RunTime:0.007000s ]
INFO: [ view_parse ] --END-- [ RunTime:0.007000s ]
INFO: [ view_filter ] --START--
INFO: Run Behavior\WriteHtmlCacheBehavior [ RunTime:0.001001s ]
INFO: [ view_filter ] --END-- [ RunTime:0.001001s ]
INFO: [ app_end ] --START--
INFO: Run Behavior\ShowPageTraceBehavior [ RunTime:0.000000s ]
INFO: [ app_end ] --END-- [ RunTime:0.000000s ]

[ 2017-08-29T10:15:23+08:00 ] 127.0.0.1 /mall.php/admin/goods/images/admin_logo.png
INFO: [ app_init ] --START--
INFO: Run Behavior\BuildLiteBehavior [ RunTime:0.000000s ]
INFO: [ app_init ] --END-- [ RunTime:0.000000s ]

[ 2017-08-29T10:15:23+08:00 ] 127.0.0.1 /mall.php/admin/goods/goodslist.html
INFO: [ app_init ] --START--
INFO: Run Behavior\BuildLiteBehavior [ RunTime:0.000000s ]
INFO: [ app_init ] --END-- [ RunTime:0.000000s ]
INFO: [ app_begin ] --START--
INFO: Run Behavior\ReadHtmlCacheBehavior [ RunTime:0.000000s ]
INFO: [ app_begin ] --END-- [ RunTime:0.000000s ]
SQL: SHOW COLUMNS FROM `hwh_goods` [ RunTime:0.0030s ]
SQL: SELECT g.*,c.name as categoryName FROM hwh_goods g INNER JOIN hwh_goods_category c ON c.id = g.categoryId   [ RunTime:0.0010s ]

[ 2017-08-29T10:15:27+08:00 ] 127.0.0.1 /mall.php/Admin/Goods/goodsEdit?id=17
INFO: [ app_init ] --START--
INFO: Run Behavior\BuildLiteBehavior [ RunTime:0.000000s ]
INFO: [ app_init ] --END-- [ RunTime:0.000000s ]
INFO: [ app_begin ] --START--
INFO: Run Behavior\ReadHtmlCacheBehavior [ RunTime:0.000000s ]
INFO: [ app_begin ] --END-- [ RunTime:0.000000s ]
SQL: SHOW COLUMNS FROM `hwh_goods` [ RunTime:0.0040s ]
SQL: SELECT g.*,c.name as categoryName FROM hwh_goods g INNER JOIN hwh_goods_category c on c.id = g.categoryId  WHERE ( g.id=17 ) LIMIT 1   [ RunTime:0.0000s ]
SQL: SHOW COLUMNS FROM `hwh_goods_store` [ RunTime:0.0040s ]
SQL: SELECT `id`,`attrValue1`,`attrValue2`,`price`,`stock`,`unitName` FROM `hwh_goods_store` WHERE ( goodsId=17 )  [ RunTime:0.0000s ]
INFO: [ view_parse ] --START--
INFO: [ template_filter ] --START--
INFO: Run Behavior\ContentReplaceBehavior [ RunTime:0.000000s ]
INFO: [ template_filter ] --END-- [ RunTime:0.000000s ]
INFO: Run Behavior\ParseTemplateBehavior [ RunTime:0.005000s ]
INFO: [ view_parse ] --END-- [ RunTime:0.005000s ]
INFO: [ view_filter ] --START--
INFO: Run Behavior\WriteHtmlCacheBehavior [ RunTime:0.000000s ]
INFO: [ view_filter ] --END-- [ RunTime:0.000000s ]
INFO: [ app_end ] --START--
INFO: Run Behavior\ShowPageTraceBehavior [ RunTime:0.001001s ]
INFO: [ app_end ] --END-- [ RunTime:0.001001s ]

[ 2017-08-29T10:15:27+08:00 ] 127.0.0.1 /mall.php/Admin/Goods/images/admin_logo.png
INFO: [ app_init ] --START--
INFO: Run Behavior\BuildLiteBehavior [ RunTime:0.000000s ]
INFO: [ app_init ] --END-- [ RunTime:0.001000s ]

[ 2017-08-29T10:15:27+08:00 ] 127.0.0.1 /mall.php/Admin/Goods/images/admin_logo.png
INFO: [ app_init ] --START--
INFO: Run Behavior\BuildLiteBehavior [ RunTime:0.000000s ]
INFO: [ app_init ] --END-- [ RunTime:0.001000s ]

[ 2017-08-29T10:15:37+08:00 ] 127.0.0.1 /mall.php/admin/goods/goodsedit.html
INFO: [ app_init ] --START--
INFO: Run Behavior\BuildLiteBehavior [ RunTime:0.000000s ]
INFO: [ app_init ] --END-- [ RunTime:0.000000s ]
INFO: [ app_begin ] --START--
INFO: Run Behavior\ReadHtmlCacheBehavior [ RunTime:0.000000s ]
INFO: [ app_begin ] --END-- [ RunTime:0.000000s ]
SQL: SHOW COLUMNS FROM `hwh_goods` [ RunTime:0.0000s ]
SQL: SELECT * FROM `hwh_goods` WHERE `id` = 17 LIMIT 1   [ RunTime:0.0000s ]
SQL: SHOW COLUMNS FROM `hwh_goods_store` [ RunTime:0.0000s ]
SQL: UPDATE `hwh_goods_store` SET `price`='66',`stock`='30',`updateDate`='2017-08-29 10:15:37' WHERE `id` = 9 [ RunTime:0.0000s ]
SQL: UPDATE `hwh_goods_store` SET `price`='66',`stock`='50',`updateDate`='2017-08-29 10:15:37' WHERE `id` = 10 [ RunTime:0.0000s ]
SQL: UPDATE `hwh_goods_store` SET `price`='77',`stock`='45',`updateDate`='2017-08-29 10:15:37' WHERE `id` = 11 [ RunTime:0.0000s ]
SQL: UPDATE `hwh_goods_store` SET `price`='77',`stock`='45',`updateDate`='2017-08-29 10:15:37' WHERE `id` = 12 [ RunTime:0.0000s ]
SQL: UPDATE `hwh_goods` SET `id`='17',`name`='花花公子精品男装',`price`='88',`stock`='95',`img`='http://haoziweb.com
.cn/Public/Uploads/article/20170518/1495077221_179485_591d116538e1c.jpg',`description`=NULL WHERE `id` = 17 [ RunTime:0.0000s ]

[ 2017-08-29T10:17:27+08:00 ] 127.0.0.1 /mall.php/Admin/Goods/goodsEdit?id=17
INFO: [ app_init ] --START--
INFO: Run Behavior\BuildLiteBehavior [ RunTime:0.000000s ]
INFO: [ app_init ] --END-- [ RunTime:0.000000s ]
INFO: [ app_begin ] --START--
INFO: Run Behavior\ReadHtmlCacheBehavior [ RunTime:0.015600s ]
INFO: [ app_begin ] --END-- [ RunTime:0.015600s ]
SQL: SHOW COLUMNS FROM `hwh_goods` [ RunTime:0.0000s ]
SQL: SELECT g.*,c.name as categoryName FROM hwh_goods g INNER JOIN hwh_goods_category c on c.id = g.categoryId  WHERE ( g.id=17 ) LIMIT 1   [ RunTime:0.0000s ]
SQL: SHOW COLUMNS FROM `hwh_goods_store` [ RunTime:0.0000s ]
SQL: SELECT `id`,`attrValue1`,`attrValue2`,`price`,`stock`,`unitName` FROM `hwh_goods_store` WHERE ( goodsId=17 )  [ RunTime:0.0000s ]
INFO: [ view_parse ] --START--
INFO: [ template_filter ] --START--
INFO: Run Behavior\ContentReplaceBehavior [ RunTime:0.000000s ]
INFO: [ template_filter ] --END-- [ RunTime:0.000000s ]
INFO: Run Behavior\ParseTemplateBehavior [ RunTime:0.000000s ]
INFO: [ view_parse ] --END-- [ RunTime:0.015600s ]
INFO: [ view_filter ] --START--
INFO: Run Behavior\WriteHtmlCacheBehavior [ RunTime:0.000000s ]
INFO: [ view_filter ] --END-- [ RunTime:0.000000s ]
INFO: [ app_end ] --START--
INFO: Run Behavior\ShowPageTraceBehavior [ RunTime:0.001000s ]
INFO: [ app_end ] --END-- [ RunTime:0.001000s ]

[ 2017-08-29T10:17:27+08:00 ] 127.0.0.1 /mall.php/Admin/Goods/images/admin_logo.png
INFO: [ app_init ] --START--
INFO: Run Behavior\BuildLiteBehavior [ RunTime:0.000000s ]
INFO: [ app_init ] --END-- [ RunTime:0.000000s ]

[ 2017-08-29T10:17:27+08:00 ] 127.0.0.1 /mall.php/Admin/Goods/images/admin_logo.png
INFO: [ app_init ] --START--
INFO: Run Behavior\BuildLiteBehavior [ RunTime:0.000000s ]
INFO: [ app_init ] --END-- [ RunTime:0.001001s ]

[ 2017-08-29T10:17:41+08:00 ] 127.0.0.1 /mall.php/admin/goods/goodsedit.html
INFO: [ app_init ] --START--
INFO: Run Behavior\BuildLiteBehavior [ RunTime:0.000000s ]
INFO: [ app_init ] --END-- [ RunTime:0.000000s ]
INFO: [ app_begin ] --START--
INFO: Run Behavior\ReadHtmlCacheBehavior [ RunTime:0.000000s ]
INFO: [ app_begin ] --END-- [ RunTime:0.000000s ]
SQL: SHOW COLUMNS FROM `hwh_goods` [ RunTime:0.0000s ]
SQL: SELECT * FROM `hwh_goods` WHERE `id` = 17 LIMIT 1   [ RunTime:0.0000s ]
SQL: SHOW COLUMNS FROM `hwh_goods_store` [ RunTime:0.0000s ]
SQL: UPDATE `hwh_goods_store` SET `price`='66',`stock`='30',`updateDate`='2017-08-29 10:17:41' WHERE `id` = 9 [ RunTime:0.0000s ]
SQL: UPDATE `hwh_goods_store` SET `price`='66',`stock`='50',`updateDate`='2017-08-29 10:17:41' WHERE `id` = 10 [ RunTime:0.0000s ]
SQL: UPDATE `hwh_goods_store` SET `price`='77',`stock`='45',`updateDate`='2017-08-29 10:17:41' WHERE `id` = 11 [ RunTime:0.0000s ]
SQL: UPDATE `hwh_goods_store` SET `price`='77',`stock`='45',`updateDate`='2017-08-29 10:17:41' WHERE `id` = 12 [ RunTime:0.0000s ]
SQL: UPDATE `hwh_goods` SET `name`='花花公子精品男装',`oldPrice`='102',`isMarketable`='1',`updateDate`='2017-08-29 10:17:41' WHERE `id` = 17 [ RunTime:0.0000s ]

[ 2017-08-29T10:19:33+08:00 ] 127.0.0.1 /mall.php/admin/goods/goodslist.html
INFO: [ app_init ] --START--
INFO: Run Behavior\BuildLiteBehavior [ RunTime:0.000000s ]
INFO: [ app_init ] --END-- [ RunTime:0.000000s ]
INFO: [ app_begin ] --START--
INFO: Run Behavior\ReadHtmlCacheBehavior [ RunTime:0.001000s ]
INFO: [ app_begin ] --END-- [ RunTime:0.001000s ]
SQL: select c.id,c.name from hwh_goods g left join hwh_goods_category c on c.id = g.categoryId where g.isMarketable = 1 and c.parentId = 0 group by g.categoryId [ RunTime:0.0000s ]
INFO: [ view_parse ] --START--
INFO: [ template_filter ] --START--
INFO: Run Behavior\ContentReplaceBehavior [ RunTime:0.000000s ]
INFO: [ template_filter ] --END-- [ RunTime:0.000000s ]
INFO: Run Behavior\ParseTemplateBehavior [ RunTime:0.004000s ]
INFO: [ view_parse ] --END-- [ RunTime:0.004000s ]
INFO: [ view_filter ] --START--
INFO: Run Behavior\WriteHtmlCacheBehavior [ RunTime:0.000000s ]
INFO: [ view_filter ] --END-- [ RunTime:0.000000s ]
INFO: [ app_end ] --START--
INFO: Run Behavior\ShowPageTraceBehavior [ RunTime:0.001000s ]
INFO: [ app_end ] --END-- [ RunTime:0.001000s ]

[ 2017-08-29T10:19:34+08:00 ] 127.0.0.1 /mall.php/admin/goods/images/admin_logo.png
INFO: [ app_init ] --START--
INFO: Run Behavior\BuildLiteBehavior [ RunTime:0.000000s ]
INFO: [ app_init ] --END-- [ RunTime:0.000000s ]

[ 2017-08-29T10:19:34+08:00 ] 127.0.0.1 /mall.php/admin/goods/images/admin_logo.png
INFO: [ app_init ] --START--
INFO: Run Behavior\BuildLiteBehavior [ RunTime:0.000000s ]
INFO: [ app_init ] --END-- [ RunTime:0.000000s ]

[ 2017-08-29T10:19:34+08:00 ] 127.0.0.1 /mall.php/admin/goods/goodslist.html
INFO: [ app_init ] --START--
INFO: Run Behavior\BuildLiteBehavior [ RunTime:0.000000s ]
INFO: [ app_init ] --END-- [ RunTime:0.000000s ]
INFO: [ app_begin ] --START--
INFO: Run Behavior\ReadHtmlCacheBehavior [ RunTime:0.000000s ]
INFO: [ app_begin ] --END-- [ RunTime:0.000000s ]
SQL: SHOW COLUMNS FROM `hwh_goods` [ RunTime:0.0040s ]
SQL: SELECT g.*,c.name as categoryName FROM hwh_goods g INNER JOIN hwh_goods_category c ON c.id = g.categoryId   [ RunTime:0.0000s ]

[ 2017-08-29T10:19:47+08:00 ] 127.0.0.1 /mall.php/admin/goods/goodslist.html
INFO: [ app_init ] --START--
INFO: Run Behavior\BuildLiteBehavior [ RunTime:0.000000s ]
INFO: [ app_init ] --END-- [ RunTime:0.000000s ]
INFO: [ app_begin ] --START--
INFO: Run Behavior\ReadHtmlCacheBehavior [ RunTime:0.001000s ]
INFO: [ app_begin ] --END-- [ RunTime:0.001000s ]
SQL: select c.id,c.name from hwh_goods g left join hwh_goods_category c on c.id = g.categoryId where g.isMarketable = 1 and c.parentId = 0 group by g.categoryId [ RunTime:0.0000s ]
INFO: [ view_parse ] --START--
INFO: [ template_filter ] --START--
INFO: Run Behavior\ContentReplaceBehavior [ RunTime:0.000000s ]
INFO: [ template_filter ] --END-- [ RunTime:0.000000s ]
INFO: Run Behavior\ParseTemplateBehavior [ RunTime:0.000000s ]
INFO: [ view_parse ] --END-- [ RunTime:0.000000s ]
INFO: [ view_filter ] --START--
INFO: Run Behavior\WriteHtmlCacheBehavior [ RunTime:0.000000s ]
INFO: [ view_filter ] --END-- [ RunTime:0.000000s ]
INFO: [ app_end ] --START--
INFO: Run Behavior\ShowPageTraceBehavior [ RunTime:0.000000s ]
INFO: [ app_end ] --END-- [ RunTime:0.000000s ]

[ 2017-08-29T10:19:47+08:00 ] 127.0.0.1 /mall.php/admin/goods/images/admin_logo.png
INFO: [ app_init ] --START--
INFO: Run Behavior\BuildLiteBehavior [ RunTime:0.000000s ]
INFO: [ app_init ] --END-- [ RunTime:0.000000s ]

[ 2017-08-29T10:19:47+08:00 ] 127.0.0.1 /mall.php/admin/goods/images/admin_logo.png
INFO: [ app_init ] --START--
INFO: Run Behavior\BuildLiteBehavior [ RunTime:0.000000s ]
INFO: [ app_init ] --END-- [ RunTime:0.000000s ]

[ 2017-08-29T10:19:47+08:00 ] 127.0.0.1 /mall.php/admin/goods/goodslist.html
INFO: [ app_init ] --START--
INFO: Run Behavior\BuildLiteBehavior [ RunTime:0.000000s ]
INFO: [ app_init ] --END-- [ RunTime:0.000000s ]
INFO: [ app_begin ] --START--
INFO: Run Behavior\ReadHtmlCacheBehavior [ RunTime:0.000000s ]
INFO: [ app_begin ] --END-- [ RunTime:0.000000s ]
SQL: SHOW COLUMNS FROM `hwh_goods` [ RunTime:0.0000s ]
SQL: SELECT g.*,c.name as categoryName FROM hwh_goods g INNER JOIN hwh_goods_category c ON c.id = g.categoryId   [ RunTime:0.0000s ]

[ 2017-08-29T10:23:54+08:00 ] 127.0.0.1 /mall.php/admin/goods/goodslist.html
INFO: [ app_init ] --START--
INFO: Run Behavior\BuildLiteBehavior [ RunTime:0.000000s ]
INFO: [ app_init ] --END-- [ RunTime:0.000000s ]
INFO: [ app_begin ] --START--
INFO: Run Behavior\ReadHtmlCacheBehavior [ RunTime:0.001000s ]
INFO: [ app_begin ] --END-- [ RunTime:0.001000s ]
SQL: select c.id,c.name from hwh_goods g left join hwh_goods_category c on c.id = g.categoryId where g.isMarketable = 1 and c.parentId = 0 group by g.categoryId [ RunTime:0.0010s ]
INFO: [ view_parse ] --START--
INFO: [ template_filter ] --START--
INFO: Run Behavior\ContentReplaceBehavior [ RunTime:0.000000s ]
INFO: [ template_filter ] --END-- [ RunTime:0.000000s ]
INFO: Run Behavior\ParseTemplateBehavior [ RunTime:0.008001s ]
INFO: [ view_parse ] --END-- [ RunTime:0.008001s ]
INFO: [ view_filter ] --START--
INFO: Run Behavior\WriteHtmlCacheBehavior [ RunTime:0.001000s ]
INFO: [ view_filter ] --END-- [ RunTime:0.001000s ]
INFO: [ app_end ] --START--
INFO: Run Behavior\ShowPageTraceBehavior [ RunTime:0.001000s ]
INFO: [ app_end ] --END-- [ RunTime:0.001000s ]

[ 2017-08-29T10:23:54+08:00 ] 127.0.0.1 /mall.php/admin/goods/images/admin_logo.png
INFO: [ app_init ] --START--
INFO: Run Behavior\BuildLiteBehavior [ RunTime:0.000000s ]
INFO: [ app_init ] --END-- [ RunTime:0.000000s ]

[ 2017-08-29T10:23:54+08:00 ] 127.0.0.1 /mall.php/admin/goods/images/admin_logo.png
INFO: [ app_init ] --START--
INFO: Run Behavior\BuildLiteBehavior [ RunTime:0.000000s ]
INFO: [ app_init ] --END-- [ RunTime:0.000000s ]

[ 2017-08-29T10:23:54+08:00 ] 127.0.0.1 /mall.php/admin/goods/goodslist.html
INFO: [ app_init ] --START--
INFO: Run Behavior\BuildLiteBehavior [ RunTime:0.000000s ]
INFO: [ app_init ] --END-- [ RunTime:0.000000s ]
INFO: [ app_begin ] --START--
INFO: Run Behavior\ReadHtmlCacheBehavior [ RunTime:0.000000s ]
INFO: [ app_begin ] --END-- [ RunTime:0.000000s ]
SQL: SHOW COLUMNS FROM `hwh_goods` [ RunTime:0.0000s ]
SQL: SELECT g.*,c.name as categoryName FROM hwh_goods g INNER JOIN hwh_goods_category c ON c.id = g.categoryId   [ RunTime:0.0000s ]

[ 2017-08-29T10:24:06+08:00 ] 127.0.0.1 /mall.php/Admin/Goods/goodsEdit?id=17
INFO: [ app_init ] --START--
INFO: Run Behavior\BuildLiteBehavior [ RunTime:0.000000s ]
INFO: [ app_init ] --END-- [ RunTime:0.000000s ]
INFO: [ app_begin ] --START--
INFO: Run Behavior\ReadHtmlCacheBehavior [ RunTime:0.000000s ]
INFO: [ app_begin ] --END-- [ RunTime:0.000000s ]
SQL: SHOW COLUMNS FROM `hwh_goods` [ RunTime:0.0000s ]
SQL: SELECT g.*,c.name as categoryName FROM hwh_goods g INNER JOIN hwh_goods_category c on c.id = g.categoryId  WHERE ( g.id=17 ) LIMIT 1   [ RunTime:0.0000s ]
SQL: SHOW COLUMNS FROM `hwh_goods_store` [ RunTime:0.0000s ]
SQL: SELECT `id`,`attrValue1`,`attrValue2`,`price`,`stock`,`unitName` FROM `hwh_goods_store` WHERE ( goodsId=17 )  [ RunTime:0.0000s ]
INFO: [ view_parse ] --START--
INFO: [ template_filter ] --START--
INFO: Run Behavior\ContentReplaceBehavior [ RunTime:0.000000s ]
INFO: [ template_filter ] --END-- [ RunTime:0.000000s ]
INFO: Run Behavior\ParseTemplateBehavior [ RunTime:0.022601s ]
INFO: [ view_parse ] --END-- [ RunTime:0.022601s ]
INFO: [ view_filter ] --START--
INFO: Run Behavior\WriteHtmlCacheBehavior [ RunTime:0.000000s ]
INFO: [ view_filter ] --END-- [ RunTime:0.000000s ]
INFO: [ app_end ] --START--
INFO: Run Behavior\ShowPageTraceBehavior [ RunTime:0.000000s ]
INFO: [ app_end ] --END-- [ RunTime:0.000000s ]

[ 2017-08-29T10:24:06+08:00 ] 127.0.0.1 /mall.php/Admin/Goods/images/admin_logo.png
INFO: [ app_init ] --START--
INFO: Run Behavior\BuildLiteBehavior [ RunTime:0.000000s ]
INFO: [ app_init ] --END-- [ RunTime:0.000000s ]

[ 2017-08-29T10:24:06+08:00 ] 127.0.0.1 /mall.php/Admin/Goods/images/admin_logo.png
INFO: [ app_init ] --START--
INFO: Run Behavior\BuildLiteBehavior [ RunTime:0.000000s ]
INFO: [ app_init ] --END-- [ RunTime:0.000000s ]

[ 2017-08-29T10:24:11+08:00 ] 127.0.0.1 /mall.php/admin/goods/goodsedit.html
INFO: [ app_init ] --START--
INFO: Run Behavior\BuildLiteBehavior [ RunTime:0.000000s ]
INFO: [ app_init ] --END-- [ RunTime:0.000000s ]
INFO: [ app_begin ] --START--
INFO: Run Behavior\ReadHtmlCacheBehavior [ RunTime:0.000000s ]
INFO: [ app_begin ] --END-- [ RunTime:0.000000s ]
SQL: SHOW COLUMNS FROM `hwh_goods` [ RunTime:0.0000s ]
SQL: SELECT * FROM `hwh_goods` WHERE `id` = 17 LIMIT 1   [ RunTime:0.0000s ]
SQL: SHOW COLUMNS FROM `hwh_goods_store` [ RunTime:0.0000s ]
SQL: UPDATE `hwh_goods_store` SET `price`='66',`stock`='30',`updateDate`='2017-08-29 10:24:11' WHERE `id` = 9 [ RunTime:0.0000s ]
SQL: UPDATE `hwh_goods_store` SET `price`='66',`stock`='50',`updateDate`='2017-08-29 10:24:11' WHERE `id` = 10 [ RunTime:0.0000s ]
SQL: UPDATE `hwh_goods_store` SET `price`='77',`stock`='45',`updateDate`='2017-08-29 10:24:11' WHERE `id` = 11 [ RunTime:0.0000s ]
SQL: UPDATE `hwh_goods_store` SET `price`='77',`stock`='45',`updateDate`='2017-08-29 10:24:11' WHERE `id` = 12 [ RunTime:0.0000s ]
SQL: UPDATE `hwh_goods` SET `name`='花花公子精品男装',`oldPrice`='102',`stock`='170',`isMarketable`='1',`updateDate`='2017-08-29 10:24:11' WHERE `id` = 17 [ RunTime:0.0000s ]

[ 2017-08-29T10:24:26+08:00 ] 127.0.0.1 /mall.php/Admin/Goods/goodsEdit?id=17
INFO: [ app_init ] --START--
INFO: Run Behavior\BuildLiteBehavior [ RunTime:0.000000s ]
INFO: [ app_init ] --END-- [ RunTime:0.001000s ]
INFO: [ app_begin ] --START--
INFO: Run Behavior\ReadHtmlCacheBehavior [ RunTime:0.001000s ]
INFO: [ app_begin ] --END-- [ RunTime:0.001000s ]
SQL: SHOW COLUMNS FROM `hwh_goods` [ RunTime:0.0000s ]
SQL: SELECT g.*,c.name as categoryName FROM hwh_goods g INNER JOIN hwh_goods_category c on c.id = g.categoryId  WHERE ( g.id=17 ) LIMIT 1   [ RunTime:0.0000s ]
SQL: SHOW COLUMNS FROM `hwh_goods_store` [ RunTime:0.0156s ]
SQL: SELECT `id`,`attrValue1`,`attrValue2`,`price`,`stock`,`unitName` FROM `hwh_goods_store` WHERE ( goodsId=17 )  [ RunTime:0.0000s ]
INFO: [ view_parse ] --START--
INFO: [ template_filter ] --START--
INFO: Run Behavior\ContentReplaceBehavior [ RunTime:0.000000s ]
INFO: [ template_filter ] --END-- [ RunTime:0.000000s ]
INFO: Run Behavior\ParseTemplateBehavior [ RunTime:0.000000s ]
INFO: [ view_parse ] --END-- [ RunTime:0.000000s ]
INFO: [ view_filter ] --START--
INFO: Run Behavior\WriteHtmlCacheBehavior [ RunTime:0.000000s ]
INFO: [ view_filter ] --END-- [ RunTime:0.000000s ]
INFO: [ app_end ] --START--
INFO: Run Behavior\ShowPageTraceBehavior [ RunTime:0.000000s ]
INFO: [ app_end ] --END-- [ RunTime:0.000000s ]

[ 2017-08-29T10:24:26+08:00 ] 127.0.0.1 /mall.php/Admin/Goods/images/admin_logo.png
INFO: [ app_init ] --START--
INFO: Run Behavior\BuildLiteBehavior [ RunTime:0.000000s ]
INFO: [ app_init ] --END-- [ RunTime:0.000000s ]

[ 2017-08-29T10:24:27+08:00 ] 127.0.0.1 /mall.php/Admin/Goods/images/admin_logo.png
INFO: [ app_init ] --START--
INFO: Run Behavior\BuildLiteBehavior [ RunTime:0.000000s ]
INFO: [ app_init ] --END-- [ RunTime:0.000000s ]

[ 2017-08-29T10:24:44+08:00 ] 127.0.0.1 /mall.php/admin/goods/goodsedit.html
INFO: [ app_init ] --START--
INFO: Run Behavior\BuildLiteBehavior [ RunTime:0.000000s ]
INFO: [ app_init ] --END-- [ RunTime:0.001000s ]
INFO: [ app_begin ] --START--
INFO: Run Behavior\ReadHtmlCacheBehavior [ RunTime:0.001000s ]
INFO: [ app_begin ] --END-- [ RunTime:0.001000s ]
SQL: SHOW COLUMNS FROM `hwh_goods` [ RunTime:0.0040s ]
SQL: SELECT * FROM `hwh_goods` WHERE `id` = 17 LIMIT 1   [ RunTime:0.0010s ]
SQL: SHOW COLUMNS FROM `hwh_goods_store` [ RunTime:0.0040s ]
SQL: UPDATE `hwh_goods_store` SET `price`='66',`stock`='30',`updateDate`='2017-08-29 10:24:44' WHERE `id` = 9 [ RunTime:0.0000s ]
SQL: UPDATE `hwh_goods_store` SET `price`='66',`stock`='50',`updateDate`='2017-08-29 10:24:44' WHERE `id` = 10 [ RunTime:0.0000s ]
SQL: UPDATE `hwh_goods_store` SET `price`='77',`stock`='45',`updateDate`='2017-08-29 10:24:44' WHERE `id` = 11 [ RunTime:0.0010s ]
SQL: UPDATE `hwh_goods_store` SET `price`='77',`stock`='45',`updateDate`='2017-08-29 10:24:44' WHERE `id` = 12 [ RunTime:0.0000s ]
SQL: UPDATE `hwh_goods` SET `name`='花花公子精品男装',`oldPrice`='102',`stock`='170',`isMarketable`='1',`updateDate`='2017-08-29 10:24:44' WHERE `id` = 17 [ RunTime:0.0000s ]

[ 2017-08-29T10:24:51+08:00 ] 127.0.0.1 /mall.php/Admin/Goods/goodsEdit?id=17
INFO: [ app_init ] --START--
INFO: Run Behavior\BuildLiteBehavior [ RunTime:0.000000s ]
INFO: [ app_init ] --END-- [ RunTime:0.000000s ]
INFO: [ app_begin ] --START--
INFO: Run Behavior\ReadHtmlCacheBehavior [ RunTime:0.001000s ]
INFO: [ app_begin ] --END-- [ RunTime:0.001000s ]
SQL: SHOW COLUMNS FROM `hwh_goods` [ RunTime:0.0060s ]
SQL: SELECT g.*,c.name as categoryName FROM hwh_goods g INNER JOIN hwh_goods_category c on c.id = g.categoryId  WHERE ( g.id=17 ) LIMIT 1   [ RunTime:0.0000s ]
SQL: SHOW COLUMNS FROM `hwh_goods_store` [ RunTime:0.0060s ]
SQL: SELECT `id`,`attrValue1`,`attrValue2`,`price`,`stock`,`unitName` FROM `hwh_goods_store` WHERE ( goodsId=17 )  [ RunTime:0.0000s ]
INFO: [ view_parse ] --START--
INFO: [ template_filter ] --START--
INFO: Run Behavior\ContentReplaceBehavior [ RunTime:0.000000s ]
INFO: [ template_filter ] --END-- [ RunTime:0.000000s ]
INFO: Run Behavior\ParseTemplateBehavior [ RunTime:0.008001s ]
INFO: [ view_parse ] --END-- [ RunTime:0.008001s ]
INFO: [ view_filter ] --START--
INFO: Run Behavior\WriteHtmlCacheBehavior [ RunTime:0.000000s ]
INFO: [ view_filter ] --END-- [ RunTime:0.000000s ]
INFO: [ app_end ] --START--
INFO: Run Behavior\ShowPageTraceBehavior [ RunTime:0.001000s ]
INFO: [ app_end ] --END-- [ RunTime:0.001000s ]

[ 2017-08-29T10:24:51+08:00 ] 127.0.0.1 /mall.php/Admin/Goods/images/admin_logo.png
INFO: [ app_init ] --START--
INFO: Run Behavior\BuildLiteBehavior [ RunTime:0.000000s ]
INFO: [ app_init ] --END-- [ RunTime:0.000000s ]

[ 2017-08-29T10:24:51+08:00 ] 127.0.0.1 /mall.php/Admin/Goods/images/admin_logo.png
INFO: [ app_init ] --START--
INFO: Run Behavior\BuildLiteBehavior [ RunTime:0.000000s ]
INFO: [ app_init ] --END-- [ RunTime:0.000000s ]

[ 2017-08-29T10:25:02+08:00 ] 127.0.0.1 /mall.php/Admin/Goods/goodslist
INFO: [ app_init ] --START--
INFO: Run Behavior\BuildLiteBehavior [ RunTime:0.000000s ]
INFO: [ app_init ] --END-- [ RunTime:0.000000s ]
INFO: [ app_begin ] --START--
INFO: Run Behavior\ReadHtmlCacheBehavior [ RunTime:0.000000s ]
INFO: [ app_begin ] --END-- [ RunTime:0.000000s ]
SQL: select c.id,c.name from hwh_goods g left join hwh_goods_category c on c.id = g.categoryId where g.isMarketable = 1 and c.parentId = 0 group by g.categoryId [ RunTime:0.0000s ]
INFO: [ view_parse ] --START--
INFO: [ template_filter ] --START--
INFO: Run Behavior\ContentReplaceBehavior [ RunTime:0.000000s ]
INFO: [ template_filter ] --END-- [ RunTime:0.000000s ]
INFO: Run Behavior\ParseTemplateBehavior [ RunTime:0.004001s ]
INFO: [ view_parse ] --END-- [ RunTime:0.004001s ]
INFO: [ view_filter ] --START--
INFO: Run Behavior\WriteHtmlCacheBehavior [ RunTime:0.000000s ]
INFO: [ view_filter ] --END-- [ RunTime:0.000000s ]
INFO: [ app_end ] --START--
INFO: Run Behavior\ShowPageTraceBehavior [ RunTime:0.001000s ]
INFO: [ app_end ] --END-- [ RunTime:0.001000s ]

[ 2017-08-29T10:25:02+08:00 ] 127.0.0.1 /mall.php/Admin/Goods/images/admin_logo.png
INFO: [ app_init ] --START--
INFO: Run Behavior\BuildLiteBehavior [ RunTime:0.000000s ]
INFO: [ app_init ] --END-- [ RunTime:0.000000s ]

[ 2017-08-29T10:25:02+08:00 ] 127.0.0.1 /mall.php/Admin/Goods/images/admin_logo.png
INFO: [ app_init ] --START--
INFO: Run Behavior\BuildLiteBehavior [ RunTime:0.000000s ]
INFO: [ app_init ] --END-- [ RunTime:0.000000s ]

[ 2017-08-29T10:25:02+08:00 ] 127.0.0.1 /mall.php/admin/goods/goodslist.html
INFO: [ app_init ] --START--
INFO: Run Behavior\BuildLiteBehavior [ RunTime:0.000000s ]
INFO: [ app_init ] --END-- [ RunTime:0.000000s ]
INFO: [ app_begin ] --START--
INFO: Run Behavior\ReadHtmlCacheBehavior [ RunTime:0.000000s ]
INFO: [ app_begin ] --END-- [ RunTime:0.000000s ]
SQL: SHOW COLUMNS FROM `hwh_goods` [ RunTime:0.0040s ]
SQL: SELECT g.*,c.name as categoryName FROM hwh_goods g INNER JOIN hwh_goods_category c ON c.id = g.categoryId   [ RunTime:0.0000s ]

