[ 2017-09-29T09:14:14+08:00 ] 127.0.0.1 /
INFO: [ app_init ] --START--
INFO: Run Behavior\BuildLiteBehavior [ RunTime:0.000000s ]
INFO: [ app_init ] --END-- [ RunTime:0.000000s ]
INFO: [ app_begin ] --START--
INFO: Run Behavior\ReadHtmlCacheBehavior [ RunTime:0.018001s ]
INFO: [ app_begin ] --END-- [ RunTime:0.018001s ]
SQL: select * from hwh_yulu where is_ok = 1 order by id desc limit 5 [ RunTime:0.0140s ]
SQL: SHOW COLUMNS FROM `hwh_joke` [ RunTime:0.0280s ]
SQL: SELECT * FROM `hwh_joke` WHERE ( is_ok=1 ) ORDER BY maketime desc LIMIT 5   [ RunTime:0.0000s ]
SQL: SHOW COLUMNS FROM `hwh_article` [ RunTime:0.0260s ]
SQL: SELECT * FROM `hwh_article` WHERE ( is_ok=1 ) ORDER BY create_date desc LIMIT 8   [ RunTime:0.0140s ]
SQL: SELECT * FROM `hwh_article` WHERE `is_recommend` = 1 AND `is_ok` = 1 ORDER BY create_date desc LIMIT 1   [ RunTime:0.0000s ]
INFO: [ view_parse ] --START--
INFO: [ template_filter ] --START--
INFO: Run Behavior\ContentReplaceBehavior [ RunTime:0.001000s ]
INFO: [ template_filter ] --END-- [ RunTime:0.001000s ]
NOTIC: [8] Undefined variable: code_url D:\phpStudy\WWW\haozi\Application\Runtime\Cache\Home\2a94b8bda04ff446dcedd42276fc99ee.php 第 78 行.
NOTIC: [8] Undefined variable: userList D:\phpStudy\WWW\haozi\Application\Runtime\Cache\Home\2a94b8bda04ff446dcedd42276fc99ee.php 第 309 行.
NOTIC: [2] Invalid argument supplied for foreach() D:\phpStudy\WWW\haozi\Application\Runtime\Cache\Home\2a94b8bda04ff446dcedd42276fc99ee.php 第 309 行.
INFO: Run Behavior\ParseTemplateBehavior [ RunTime:0.401023s ]
INFO: [ view_parse ] --END-- [ RunTime:0.401023s ]
INFO: [ view_filter ] --START--
INFO: Run Behavior\WriteHtmlCacheBehavior [ RunTime:0.070004s ]
INFO: [ view_filter ] --END-- [ RunTime:0.070004s ]
INFO: [ app_end ] --START--
INFO: Run Behavior\ShowPageTraceBehavior [ RunTime:0.060003s ]
INFO: [ app_end ] --END-- [ RunTime:0.060003s ]

[ 2017-09-29T09:55:00+08:00 ] 127.0.0.1 /
INFO: [ app_init ] --START--
INFO: Run Behavior\BuildLiteBehavior [ RunTime:0.000000s ]
INFO: [ app_init ] --END-- [ RunTime:0.000000s ]
INFO: [ app_begin ] --START--
INFO: Run Behavior\ReadHtmlCacheBehavior [ RunTime:0.001000s ]
INFO: [ app_begin ] --END-- [ RunTime:0.001000s ]
SQL: select * from hwh_yulu where is_ok = 1 order by id desc limit 5 [ RunTime:0.0000s ]
SQL: SHOW COLUMNS FROM `hwh_joke` [ RunTime:0.0040s ]
SQL: SELECT * FROM `hwh_joke` WHERE ( is_ok=1 ) ORDER BY maketime desc LIMIT 5   [ RunTime:0.0000s ]
SQL: SHOW COLUMNS FROM `hwh_article` [ RunTime:0.0040s ]
SQL: SELECT * FROM `hwh_article` WHERE ( is_ok=1 ) ORDER BY create_date desc LIMIT 8   [ RunTime:0.0000s ]
SQL: SELECT * FROM `hwh_article` WHERE `is_recommend` = 1 AND `is_ok` = 1 ORDER BY create_date desc LIMIT 1   [ RunTime:0.0000s ]
INFO: [ view_parse ] --START--
INFO: [ template_filter ] --START--
INFO: Run Behavior\ContentReplaceBehavior [ RunTime:0.000000s ]
INFO: [ template_filter ] --END-- [ RunTime:0.000000s ]
NOTIC: [8] Undefined variable: code_url D:\phpStudy\WWW\haozi\Application\Runtime\Cache\Home\2a94b8bda04ff446dcedd42276fc99ee.php 第 78 行.
NOTIC: [8] Undefined variable: userList D:\phpStudy\WWW\haozi\Application\Runtime\Cache\Home\2a94b8bda04ff446dcedd42276fc99ee.php 第 309 行.
NOTIC: [2] Invalid argument supplied for foreach() D:\phpStudy\WWW\haozi\Application\Runtime\Cache\Home\2a94b8bda04ff446dcedd42276fc99ee.php 第 309 行.
INFO: Run Behavior\ParseTemplateBehavior [ RunTime:0.008000s ]
INFO: [ view_parse ] --END-- [ RunTime:0.008000s ]
INFO: [ view_filter ] --START--
INFO: Run Behavior\WriteHtmlCacheBehavior [ RunTime:0.000000s ]
INFO: [ view_filter ] --END-- [ RunTime:0.000000s ]
INFO: [ app_end ] --START--
INFO: Run Behavior\ShowPageTraceBehavior [ RunTime:0.000000s ]
INFO: [ app_end ] --END-- [ RunTime:0.000000s ]

[ 2017-09-29T09:55:02+08:00 ] 127.0.0.1 /index.php/home/login/ajaxlogin.html
INFO: [ app_init ] --START--
INFO: Run Behavior\BuildLiteBehavior [ RunTime:0.000000s ]
INFO: [ app_init ] --END-- [ RunTime:0.000000s ]
INFO: [ app_begin ] --START--
INFO: Run Behavior\ReadHtmlCacheBehavior [ RunTime:0.001000s ]
INFO: [ app_begin ] --END-- [ RunTime:0.001000s ]
INFO: [ view_parse ] --START--
INFO: [ template_filter ] --START--
INFO: Run Behavior\ContentReplaceBehavior [ RunTime:0.000000s ]
INFO: [ template_filter ] --END-- [ RunTime:0.000000s ]
INFO: Run Behavior\ParseTemplateBehavior [ RunTime:0.024001s ]
INFO: [ view_parse ] --END-- [ RunTime:0.024001s ]
INFO: [ view_filter ] --START--
INFO: Run Behavior\WriteHtmlCacheBehavior [ RunTime:0.001000s ]
INFO: [ view_filter ] --END-- [ RunTime:0.001000s ]
INFO: [ app_end ] --START--
INFO: Run Behavior\ShowPageTraceBehavior [ RunTime:0.000000s ]
INFO: [ app_end ] --END-- [ RunTime:0.000000s ]

[ 2017-09-29T09:55:02+08:00 ] 127.0.0.1 /index.php/Home/Login/verify
INFO: [ app_init ] --START--
INFO: Run Behavior\BuildLiteBehavior [ RunTime:0.000000s ]
INFO: [ app_init ] --END-- [ RunTime:0.001000s ]
INFO: [ app_begin ] --START--
INFO: Run Behavior\ReadHtmlCacheBehavior [ RunTime:0.000000s ]
INFO: [ app_begin ] --END-- [ RunTime:0.000000s ]
INFO: [ app_end ] --START--
INFO: Run Behavior\ShowPageTraceBehavior [ RunTime:0.001000s ]
INFO: [ app_end ] --END-- [ RunTime:0.001000s ]

[ 2017-09-29T09:55:10+08:00 ] 127.0.0.1 /index.php/home/login/ajaxlogin.html
INFO: [ app_init ] --START--
INFO: Run Behavior\BuildLiteBehavior [ RunTime:0.000000s ]
INFO: [ app_init ] --END-- [ RunTime:0.000000s ]
INFO: [ app_begin ] --START--
INFO: Run Behavior\ReadHtmlCacheBehavior [ RunTime:0.000000s ]
INFO: [ app_begin ] --END-- [ RunTime:0.000000s ]
SQL: SHOW COLUMNS FROM `hwh_user` [ RunTime:0.0060s ]
SQL: SELECT * FROM `hwh_user` WHERE `username` = 'dawenhao' AND `password` = '5d14438a7c70719dc20a764ac92072b3' LIMIT 1   [ RunTime:0.0010s ]
SQL: UPDATE `hwh_user` SET `login_way`='0' WHERE ( id=1 ) [ RunTime:0.0310s ]
SQL: SELECT `username`,`nickname` FROM `hwh_user` WHERE ( id=1 ) LIMIT 1   [ RunTime:0.0000s ]
SQL: SHOW COLUMNS FROM `hwh_user_log` [ RunTime:0.0060s ]
SQL: INSERT INTO `hwh_user_log` (`uid`,`user_time`,`user_ip`) VALUES ('1','2017-09-29 09:55:10','127.0.0.1') [ RunTime:0.0090s ]

[ 2017-09-29T09:55:10+08:00 ] 127.0.0.1 /index.php/home/user/userinfo.html
INFO: [ app_init ] --START--
INFO: Run Behavior\BuildLiteBehavior [ RunTime:0.000000s ]
INFO: [ app_init ] --END-- [ RunTime:0.000000s ]
INFO: [ app_begin ] --START--
INFO: Run Behavior\ReadHtmlCacheBehavior [ RunTime:0.000000s ]
INFO: [ app_begin ] --END-- [ RunTime:0.000000s ]
SQL: SHOW COLUMNS FROM `hwh_user` [ RunTime:0.0030s ]
SQL: SELECT `id`,`username`,`password`,`nickname`,`u_birthday`,`u_img`,`u_photo`,`u_sign`,`province`,`city`,`district`,`address`,`qq_openid`,`weix_openid`,`remember_me`,`email`,`states`,`activate_code`,`activate_code_times`,`regist_time`,`token`,`password_leven`,`reset_password_code`,`reset_password_state`,`login_way`,`is_black`,`login_time` FROM `hwh_user` WHERE ( id=1 ) LIMIT 1   [ RunTime:0.0000s ]
SQL: SELECT `u_sign` FROM `hwh_user` WHERE ( id=1 ) LIMIT 1   [ RunTime:0.0000s ]
SQL: SHOW COLUMNS FROM `hwh_user_photo` [ RunTime:0.0040s ]
SQL: SELECT COUNT(*) AS tp_count FROM `hwh_user_photo` WHERE ( uid=1 ) LIMIT 1   [ RunTime:0.0100s ]
INFO: [ view_parse ] --START--
INFO: [ template_filter ] --START--
INFO: Run Behavior\ContentReplaceBehavior [ RunTime:0.000000s ]
INFO: [ template_filter ] --END-- [ RunTime:0.001000s ]
NOTIC: [8] Undefined index: qq_nickname D:\phpStudy\WWW\haozi\Application\Runtime\Cache\Home\542df0b0c61848fdce37b5299f5b97f0.php 第 54 行.
NOTIC: [8] Undefined variable: numMessage D:\phpStudy\WWW\haozi\Application\Runtime\Cache\Home\542df0b0c61848fdce37b5299f5b97f0.php 第 107 行.
NOTIC: [8] Use of undefined constant u_sign - assumed 'u_sign' D:\phpStudy\WWW\haozi\Application\Runtime\Cache\Home\542df0b0c61848fdce37b5299f5b97f0.php 第 117 行.
INFO: Run Behavior\ParseTemplateBehavior [ RunTime:0.020001s ]
INFO: [ view_parse ] --END-- [ RunTime:0.020001s ]
INFO: [ view_filter ] --START--
INFO: Run Behavior\WriteHtmlCacheBehavior [ RunTime:0.000000s ]
INFO: [ view_filter ] --END-- [ RunTime:0.000000s ]
INFO: [ app_end ] --START--
INFO: Run Behavior\ShowPageTraceBehavior [ RunTime:0.000000s ]
INFO: [ app_end ] --END-- [ RunTime:0.000000s ]

[ 2017-09-29T09:55:11+08:00 ] 127.0.0.1 /index.php/home/user/userinfoson.html
INFO: [ app_init ] --START--
INFO: Run Behavior\BuildLiteBehavior [ RunTime:0.000000s ]
INFO: [ app_init ] --END-- [ RunTime:0.000000s ]
INFO: [ app_begin ] --START--
INFO: Run Behavior\ReadHtmlCacheBehavior [ RunTime:0.000000s ]
INFO: [ app_begin ] --END-- [ RunTime:0.000000s ]
SQL: SHOW COLUMNS FROM `hwh_user` [ RunTime:0.0040s ]
SQL: SELECT * FROM `hwh_user` WHERE ( id=1 ) LIMIT 1   [ RunTime:0.0000s ]
INFO: [ app_end ] --START--
INFO: Run Behavior\ShowPageTraceBehavior [ RunTime:0.000000s ]
INFO: [ app_end ] --END-- [ RunTime:0.000000s ]

[ 2017-09-29T09:59:00+08:00 ] 127.0.0.1 /index.php/Home/Index/index
INFO: [ app_init ] --START--
INFO: Run Behavior\BuildLiteBehavior [ RunTime:0.000000s ]
INFO: [ app_init ] --END-- [ RunTime:0.001000s ]
INFO: [ app_begin ] --START--
INFO: Run Behavior\ReadHtmlCacheBehavior [ RunTime:0.001000s ]
INFO: [ app_begin ] --END-- [ RunTime:0.001000s ]
SQL: select * from hwh_yulu where is_ok = 1 order by id desc limit 5 [ RunTime:0.0010s ]
SQL: SHOW COLUMNS FROM `hwh_joke` [ RunTime:0.0140s ]
SQL: SELECT * FROM `hwh_joke` WHERE ( is_ok=1 ) ORDER BY maketime desc LIMIT 5   [ RunTime:0.0010s ]
SQL: SHOW COLUMNS FROM `hwh_article` [ RunTime:0.0130s ]
SQL: SELECT * FROM `hwh_article` WHERE ( is_ok=1 ) ORDER BY create_date desc LIMIT 8   [ RunTime:0.0020s ]
SQL: SELECT * FROM `hwh_article` WHERE `is_recommend` = 1 AND `is_ok` = 1 ORDER BY create_date desc LIMIT 1   [ RunTime:0.0010s ]
INFO: [ view_parse ] --START--
INFO: [ template_filter ] --START--
INFO: Run Behavior\ContentReplaceBehavior [ RunTime:0.001000s ]
INFO: [ template_filter ] --END-- [ RunTime:0.001000s ]
NOTIC: [8] Undefined index: qq_nickname D:\phpStudy\WWW\haozi\Application\Runtime\Cache\Home\2a94b8bda04ff446dcedd42276fc99ee.php 第 85 行.
NOTIC: [8] Undefined variable: userList D:\phpStudy\WWW\haozi\Application\Runtime\Cache\Home\2a94b8bda04ff446dcedd42276fc99ee.php 第 309 行.
NOTIC: [2] Invalid argument supplied for foreach() D:\phpStudy\WWW\haozi\Application\Runtime\Cache\Home\2a94b8bda04ff446dcedd42276fc99ee.php 第 309 行.
INFO: Run Behavior\ParseTemplateBehavior [ RunTime:0.014000s ]
INFO: [ view_parse ] --END-- [ RunTime:0.014000s ]
INFO: [ view_filter ] --START--
INFO: Run Behavior\WriteHtmlCacheBehavior [ RunTime:0.001001s ]
INFO: [ view_filter ] --END-- [ RunTime:0.001001s ]
INFO: [ app_end ] --START--
INFO: Run Behavior\ShowPageTraceBehavior [ RunTime:0.001000s ]
INFO: [ app_end ] --END-- [ RunTime:0.001000s ]

[ 2017-09-29T09:59:03+08:00 ] 127.0.0.1 /index.php/home/user/userinfo.html
INFO: [ app_init ] --START--
INFO: Run Behavior\BuildLiteBehavior [ RunTime:0.000000s ]
INFO: [ app_init ] --END-- [ RunTime:0.000000s ]
INFO: [ app_begin ] --START--
INFO: Run Behavior\ReadHtmlCacheBehavior [ RunTime:0.000000s ]
INFO: [ app_begin ] --END-- [ RunTime:0.000000s ]
SQL: SHOW COLUMNS FROM `hwh_user` [ RunTime:0.0050s ]
SQL: SELECT `id`,`username`,`password`,`nickname`,`u_birthday`,`u_img`,`u_photo`,`u_sign`,`province`,`city`,`district`,`address`,`qq_openid`,`weix_openid`,`remember_me`,`email`,`states`,`activate_code`,`activate_code_times`,`regist_time`,`token`,`password_leven`,`reset_password_code`,`reset_password_state`,`login_way`,`is_black`,`login_time` FROM `hwh_user` WHERE ( id=1 ) LIMIT 1   [ RunTime:0.0000s ]
SQL: SELECT `u_sign` FROM `hwh_user` WHERE ( id=1 ) LIMIT 1   [ RunTime:0.0000s ]
SQL: SHOW COLUMNS FROM `hwh_user_photo` [ RunTime:0.0070s ]
SQL: SELECT COUNT(*) AS tp_count FROM `hwh_user_photo` WHERE ( uid=1 ) LIMIT 1   [ RunTime:0.0000s ]
INFO: [ view_parse ] --START--
INFO: [ template_filter ] --START--
INFO: Run Behavior\ContentReplaceBehavior [ RunTime:0.000000s ]
INFO: [ template_filter ] --END-- [ RunTime:0.000000s ]
NOTIC: [8] Undefined index: qq_nickname D:\phpStudy\WWW\haozi\Application\Runtime\Cache\Home\542df0b0c61848fdce37b5299f5b97f0.php 第 54 行.
NOTIC: [8] Undefined variable: numMessage D:\phpStudy\WWW\haozi\Application\Runtime\Cache\Home\542df0b0c61848fdce37b5299f5b97f0.php 第 107 行.
NOTIC: [8] Use of undefined constant u_sign - assumed 'u_sign' D:\phpStudy\WWW\haozi\Application\Runtime\Cache\Home\542df0b0c61848fdce37b5299f5b97f0.php 第 117 行.
INFO: Run Behavior\ParseTemplateBehavior [ RunTime:0.012001s ]
INFO: [ view_parse ] --END-- [ RunTime:0.012001s ]
INFO: [ view_filter ] --START--
INFO: Run Behavior\WriteHtmlCacheBehavior [ RunTime:0.001000s ]
INFO: [ view_filter ] --END-- [ RunTime:0.001000s ]
INFO: [ app_end ] --START--
INFO: Run Behavior\ShowPageTraceBehavior [ RunTime:0.000000s ]
INFO: [ app_end ] --END-- [ RunTime:0.000000s ]

[ 2017-09-29T09:59:03+08:00 ] 127.0.0.1 /index.php/home/user/userinfoson.html
INFO: [ app_init ] --START--
INFO: Run Behavior\BuildLiteBehavior [ RunTime:0.000000s ]
INFO: [ app_init ] --END-- [ RunTime:0.000000s ]
INFO: [ app_begin ] --START--
INFO: Run Behavior\ReadHtmlCacheBehavior [ RunTime:0.000000s ]
INFO: [ app_begin ] --END-- [ RunTime:0.000000s ]
SQL: SHOW COLUMNS FROM `hwh_user` [ RunTime:0.0040s ]
SQL: SELECT * FROM `hwh_user` WHERE ( id=1 ) LIMIT 1   [ RunTime:0.0000s ]
INFO: [ app_end ] --START--
INFO: Run Behavior\ShowPageTraceBehavior [ RunTime:0.001000s ]
INFO: [ app_end ] --END-- [ RunTime:0.001000s ]

[ 2017-09-29T11:24:02+08:00 ] 127.0.0.1 /
INFO: [ app_init ] --START--
INFO: Run Behavior\BuildLiteBehavior [ RunTime:0.000000s ]
INFO: [ app_init ] --END-- [ RunTime:0.000000s ]
INFO: [ app_begin ] --START--
INFO: Run Behavior\ReadHtmlCacheBehavior [ RunTime:0.007000s ]
INFO: [ app_begin ] --END-- [ RunTime:0.007000s ]
SQL: select * from hwh_yulu where is_ok = 1 order by id desc limit 5 [ RunTime:0.0860s ]
SQL: SHOW COLUMNS FROM `hwh_joke` [ RunTime:0.0870s ]
SQL: SELECT * FROM `hwh_joke` WHERE ( is_ok=1 ) ORDER BY maketime desc LIMIT 5   [ RunTime:0.0010s ]
SQL: SHOW COLUMNS FROM `hwh_article` [ RunTime:0.0750s ]
SQL: SELECT * FROM `hwh_article` WHERE ( is_ok=1 ) ORDER BY create_date desc LIMIT 8   [ RunTime:0.0050s ]
SQL: SELECT * FROM `hwh_article` WHERE `is_recommend` = 1 AND `is_ok` = 1 ORDER BY create_date desc LIMIT 1   [ RunTime:0.0010s ]
INFO: [ view_parse ] --START--
INFO: [ template_filter ] --START--
INFO: Run Behavior\ContentReplaceBehavior [ RunTime:0.001000s ]
INFO: [ template_filter ] --END-- [ RunTime:0.001000s ]
NOTIC: [8] Undefined variable: code_url D:\phpStudy\WWW\haozi\Application\Runtime\Cache\Home\2a94b8bda04ff446dcedd42276fc99ee.php 第 78 行.
NOTIC: [8] Undefined variable: userList D:\phpStudy\WWW\haozi\Application\Runtime\Cache\Home\2a94b8bda04ff446dcedd42276fc99ee.php 第 309 行.
NOTIC: [2] Invalid argument supplied for foreach() D:\phpStudy\WWW\haozi\Application\Runtime\Cache\Home\2a94b8bda04ff446dcedd42276fc99ee.php 第 309 行.
INFO: Run Behavior\ParseTemplateBehavior [ RunTime:0.400022s ]
INFO: [ view_parse ] --END-- [ RunTime:0.400022s ]
INFO: [ view_filter ] --START--
INFO: Run Behavior\WriteHtmlCacheBehavior [ RunTime:0.051003s ]
INFO: [ view_filter ] --END-- [ RunTime:0.051003s ]
INFO: [ app_end ] --START--
INFO: Run Behavior\ShowPageTraceBehavior [ RunTime:0.081005s ]
INFO: [ app_end ] --END-- [ RunTime:0.081005s ]

