[ 2017-08-15T13:33:04+08:00 ] 127.0.0.1 /
INFO: [ app_init ] --START--
INFO: Run Behavior\BuildLiteBehavior [ RunTime:0.000000s ]
INFO: [ app_init ] --END-- [ RunTime:0.012000s ]
INFO: [ app_begin ] --START--
INFO: Run Behavior\ReadHtmlCacheBehavior [ RunTime:0.001000s ]
INFO: [ app_begin ] --END-- [ RunTime:0.001000s ]
SQL: select * from hwh_yulu where is_ok = 1 order by id desc limit 5 [ RunTime:0.0260s ]
SQL: SHOW COLUMNS FROM `hwh_joke` [ RunTime:0.0360s ]
SQL: SELECT * FROM `hwh_joke` WHERE ( is_ok=1 ) ORDER BY maketime desc LIMIT 5   [ RunTime:0.0010s ]
SQL: SHOW COLUMNS FROM `hwh_article` [ RunTime:0.0650s ]
SQL: SELECT * FROM `hwh_article` WHERE ( is_ok=1 ) ORDER BY create_date desc LIMIT 8   [ RunTime:0.0100s ]
SQL: SELECT * FROM `hwh_article` WHERE `is_recommend` = 1 AND `is_ok` = 1 ORDER BY create_date desc LIMIT 1   [ RunTime:0.0010s ]
INFO: [ view_parse ] --START--
INFO: [ template_filter ] --START--
INFO: Run Behavior\ContentReplaceBehavior [ RunTime:0.001000s ]
INFO: [ template_filter ] --END-- [ RunTime:0.001000s ]
NOTIC: [8] Undefined variable: code_url D:\phpStudy\WWW\haozi\Application\Runtime\Cache\Home\2a94b8bda04ff446dcedd42276fc99ee.php 第 78 行.
NOTIC: [8] Undefined variable: userList D:\phpStudy\WWW\haozi\Application\Runtime\Cache\Home\2a94b8bda04ff446dcedd42276fc99ee.php 第 309 行.
NOTIC: [2] Invalid argument supplied for foreach() D:\phpStudy\WWW\haozi\Application\Runtime\Cache\Home\2a94b8bda04ff446dcedd42276fc99ee.php 第 309 行.
INFO: Run Behavior\ParseTemplateBehavior [ RunTime:0.130007s ]
INFO: [ view_parse ] --END-- [ RunTime:0.130007s ]
INFO: [ view_filter ] --START--
INFO: Run Behavior\WriteHtmlCacheBehavior [ RunTime:0.010001s ]
INFO: [ view_filter ] --END-- [ RunTime:0.010001s ]
INFO: [ app_end ] --START--
INFO: Run Behavior\ShowPageTraceBehavior [ RunTime:0.011000s ]
INFO: [ app_end ] --END-- [ RunTime:0.011000s ]

[ 2017-08-15T13:46:56+08:00 ] 127.0.0.1 /
INFO: [ app_init ] --START--
INFO: Run Behavior\BuildLiteBehavior [ RunTime:0.000000s ]
INFO: [ app_init ] --END-- [ RunTime:0.013001s ]
INFO: [ app_begin ] --START--
INFO: Run Behavior\ReadHtmlCacheBehavior [ RunTime:0.001000s ]
INFO: [ app_begin ] --END-- [ RunTime:0.001000s ]
SQL: select * from hwh_yulu where is_ok = 1 order by id desc limit 5 [ RunTime:0.0620s ]
SQL: SHOW COLUMNS FROM `hwh_joke` [ RunTime:0.0890s ]
SQL: SELECT * FROM `hwh_joke` WHERE ( is_ok=1 ) ORDER BY maketime desc LIMIT 5   [ RunTime:0.0000s ]
SQL: SHOW COLUMNS FROM `hwh_article` [ RunTime:0.0650s ]
SQL: SELECT * FROM `hwh_article` WHERE ( is_ok=1 ) ORDER BY create_date desc LIMIT 8   [ RunTime:0.0850s ]
SQL: SELECT * FROM `hwh_article` WHERE `is_recommend` = 1 AND `is_ok` = 1 ORDER BY create_date desc LIMIT 1   [ RunTime:0.0010s ]
INFO: [ view_parse ] --START--
INFO: [ template_filter ] --START--
INFO: Run Behavior\ContentReplaceBehavior [ RunTime:0.000000s ]
INFO: [ template_filter ] --END-- [ RunTime:0.000000s ]
NOTIC: [8] Undefined variable: code_url D:\phpStudy\WWW\haozi\Application\Runtime\Cache\Home\2a94b8bda04ff446dcedd42276fc99ee.php 第 78 行.
NOTIC: [8] Undefined variable: userList D:\phpStudy\WWW\haozi\Application\Runtime\Cache\Home\2a94b8bda04ff446dcedd42276fc99ee.php 第 309 行.
NOTIC: [2] Invalid argument supplied for foreach() D:\phpStudy\WWW\haozi\Application\Runtime\Cache\Home\2a94b8bda04ff446dcedd42276fc99ee.php 第 309 行.
INFO: Run Behavior\ParseTemplateBehavior [ RunTime:0.390022s ]
INFO: [ view_parse ] --END-- [ RunTime:0.390022s ]
INFO: [ view_filter ] --START--
INFO: Run Behavior\WriteHtmlCacheBehavior [ RunTime:0.017001s ]
INFO: [ view_filter ] --END-- [ RunTime:0.017001s ]
INFO: [ app_end ] --START--
INFO: Run Behavior\ShowPageTraceBehavior [ RunTime:0.030002s ]
INFO: [ app_end ] --END-- [ RunTime:0.030002s ]

[ 2017-08-15T16:09:57+08:00 ] 127.0.0.1 /home/index/abc
INFO: [ app_init ] --START--
INFO: Run Behavior\BuildLiteBehavior [ RunTime:0.000000s ]
INFO: [ app_init ] --END-- [ RunTime:0.001000s ]
INFO: [ app_begin ] --START--
INFO: Run Behavior\ReadHtmlCacheBehavior [ RunTime:0.001000s ]
INFO: [ app_begin ] --END-- [ RunTime:0.001000s ]
INFO: [ view_parse ] --START--
INFO: [ template_filter ] --START--
INFO: Run Behavior\ContentReplaceBehavior [ RunTime:0.000000s ]
INFO: [ template_filter ] --END-- [ RunTime:0.000000s ]
INFO: Run Behavior\ParseTemplateBehavior [ RunTime:0.004000s ]
INFO: [ view_parse ] --END-- [ RunTime:0.004000s ]
INFO: [ view_filter ] --START--
INFO: Run Behavior\WriteHtmlCacheBehavior [ RunTime:0.001000s ]
INFO: [ view_filter ] --END-- [ RunTime:0.001000s ]
INFO: [ app_end ] --START--
INFO: Run Behavior\ShowPageTraceBehavior [ RunTime:0.000000s ]
INFO: [ app_end ] --END-- [ RunTime:0.000000s ]

[ 2017-08-15T16:09:57+08:00 ] 127.0.0.1 /home/index/upArrow.png
INFO: [ app_init ] --START--
INFO: Run Behavior\BuildLiteBehavior [ RunTime:0.000000s ]
INFO: [ app_init ] --END-- [ RunTime:0.001000s ]

[ 2017-08-15T16:09:57+08:00 ] 127.0.0.1 /home/index/upArrow.png
INFO: [ app_init ] --START--
INFO: Run Behavior\BuildLiteBehavior [ RunTime:0.000000s ]
INFO: [ app_init ] --END-- [ RunTime:0.001000s ]

[ 2017-08-15T16:14:12+08:00 ] 127.0.0.1 /home/index/abc
INFO: [ app_init ] --START--
INFO: Run Behavior\BuildLiteBehavior [ RunTime:0.000000s ]
INFO: [ app_init ] --END-- [ RunTime:0.000000s ]
INFO: [ app_begin ] --START--
INFO: Run Behavior\ReadHtmlCacheBehavior [ RunTime:0.001000s ]
INFO: [ app_begin ] --END-- [ RunTime:0.001000s ]
INFO: [ view_parse ] --START--
INFO: [ template_filter ] --START--
INFO: Run Behavior\ContentReplaceBehavior [ RunTime:0.000000s ]
INFO: [ template_filter ] --END-- [ RunTime:0.000000s ]
INFO: Run Behavior\ParseTemplateBehavior [ RunTime:0.008001s ]
INFO: [ view_parse ] --END-- [ RunTime:0.008001s ]
INFO: [ view_filter ] --START--
INFO: Run Behavior\WriteHtmlCacheBehavior [ RunTime:0.001000s ]
INFO: [ view_filter ] --END-- [ RunTime:0.001000s ]
INFO: [ app_end ] --START--
INFO: Run Behavior\ShowPageTraceBehavior [ RunTime:0.000000s ]
INFO: [ app_end ] --END-- [ RunTime:0.000000s ]

[ 2017-08-15T16:14:12+08:00 ] 127.0.0.1 /home/index/upArrow.png
INFO: [ app_init ] --START--
INFO: Run Behavior\BuildLiteBehavior [ RunTime:0.000000s ]
INFO: [ app_init ] --END-- [ RunTime:0.000000s ]

[ 2017-08-15T16:14:13+08:00 ] 127.0.0.1 /home/index/upArrow.png
INFO: [ app_init ] --START--
INFO: Run Behavior\BuildLiteBehavior [ RunTime:0.000000s ]
INFO: [ app_init ] --END-- [ RunTime:0.001000s ]

[ 2017-08-15T16:23:26+08:00 ] 127.0.0.1 /home/index/abc
INFO: [ app_init ] --START--
INFO: Run Behavior\BuildLiteBehavior [ RunTime:0.000000s ]
INFO: [ app_init ] --END-- [ RunTime:0.001000s ]
INFO: [ app_begin ] --START--
INFO: Run Behavior\ReadHtmlCacheBehavior [ RunTime:0.000000s ]
INFO: [ app_begin ] --END-- [ RunTime:0.000000s ]
INFO: [ view_parse ] --START--
INFO: [ template_filter ] --START--
INFO: Run Behavior\ContentReplaceBehavior [ RunTime:0.000000s ]
INFO: [ template_filter ] --END-- [ RunTime:0.000000s ]
INFO: Run Behavior\ParseTemplateBehavior [ RunTime:0.006000s ]
INFO: [ view_parse ] --END-- [ RunTime:0.006000s ]
INFO: [ view_filter ] --START--
INFO: Run Behavior\WriteHtmlCacheBehavior [ RunTime:0.001000s ]
INFO: [ view_filter ] --END-- [ RunTime:0.001000s ]
INFO: [ app_end ] --START--
INFO: Run Behavior\ShowPageTraceBehavior [ RunTime:0.000000s ]
INFO: [ app_end ] --END-- [ RunTime:0.000000s ]

[ 2017-08-15T16:23:26+08:00 ] 127.0.0.1 /home/index/upArrow.png
INFO: [ app_init ] --START--
INFO: Run Behavior\BuildLiteBehavior [ RunTime:0.000000s ]
INFO: [ app_init ] --END-- [ RunTime:0.000000s ]

[ 2017-08-15T16:23:26+08:00 ] 127.0.0.1 /home/index/upArrow.png
INFO: [ app_init ] --START--
INFO: Run Behavior\BuildLiteBehavior [ RunTime:0.000000s ]
INFO: [ app_init ] --END-- [ RunTime:0.000000s ]

[ 2017-08-15T16:24:12+08:00 ] 127.0.0.1 /home/index/abc
INFO: [ app_init ] --START--
INFO: Run Behavior\BuildLiteBehavior [ RunTime:0.000000s ]
INFO: [ app_init ] --END-- [ RunTime:0.001001s ]
INFO: [ app_begin ] --START--
INFO: Run Behavior\ReadHtmlCacheBehavior [ RunTime:0.000000s ]
INFO: [ app_begin ] --END-- [ RunTime:0.000000s ]
INFO: [ view_parse ] --START--
INFO: [ template_filter ] --START--
INFO: Run Behavior\ContentReplaceBehavior [ RunTime:0.000000s ]
INFO: [ template_filter ] --END-- [ RunTime:0.000000s ]
INFO: Run Behavior\ParseTemplateBehavior [ RunTime:0.006000s ]
INFO: [ view_parse ] --END-- [ RunTime:0.006000s ]
INFO: [ view_filter ] --START--
INFO: Run Behavior\WriteHtmlCacheBehavior [ RunTime:0.001000s ]
INFO: [ view_filter ] --END-- [ RunTime:0.001000s ]
INFO: [ app_end ] --START--
INFO: Run Behavior\ShowPageTraceBehavior [ RunTime:0.000000s ]
INFO: [ app_end ] --END-- [ RunTime:0.000000s ]

[ 2017-08-15T16:24:13+08:00 ] 127.0.0.1 /home/index/upArrow.png
INFO: [ app_init ] --START--
INFO: Run Behavior\BuildLiteBehavior [ RunTime:0.000000s ]
INFO: [ app_init ] --END-- [ RunTime:0.000000s ]

[ 2017-08-15T16:24:13+08:00 ] 127.0.0.1 /home/index/upArrow.png
INFO: [ app_init ] --START--
INFO: Run Behavior\BuildLiteBehavior [ RunTime:0.000000s ]
INFO: [ app_init ] --END-- [ RunTime:0.000000s ]

[ 2017-08-15T16:26:47+08:00 ] 127.0.0.1 /home/index/abc
INFO: [ app_init ] --START--
INFO: Run Behavior\BuildLiteBehavior [ RunTime:0.000000s ]
INFO: [ app_init ] --END-- [ RunTime:0.000000s ]
INFO: [ app_begin ] --START--
INFO: Run Behavior\ReadHtmlCacheBehavior [ RunTime:0.001000s ]
INFO: [ app_begin ] --END-- [ RunTime:0.001000s ]
INFO: [ view_parse ] --START--
INFO: [ template_filter ] --START--
INFO: Run Behavior\ContentReplaceBehavior [ RunTime:0.000000s ]
INFO: [ template_filter ] --END-- [ RunTime:0.000000s ]
INFO: Run Behavior\ParseTemplateBehavior [ RunTime:0.005000s ]
INFO: [ view_parse ] --END-- [ RunTime:0.005000s ]
INFO: [ view_filter ] --START--
INFO: Run Behavior\WriteHtmlCacheBehavior [ RunTime:0.000000s ]
INFO: [ view_filter ] --END-- [ RunTime:0.000000s ]
INFO: [ app_end ] --START--
INFO: Run Behavior\ShowPageTraceBehavior [ RunTime:0.000000s ]
INFO: [ app_end ] --END-- [ RunTime:0.000000s ]

[ 2017-08-15T16:26:47+08:00 ] 127.0.0.1 /home/index/upArrow.png
INFO: [ app_init ] --START--
INFO: Run Behavior\BuildLiteBehavior [ RunTime:0.000000s ]
INFO: [ app_init ] --END-- [ RunTime:0.000000s ]

[ 2017-08-15T16:26:48+08:00 ] 127.0.0.1 /home/index/upArrow.png
INFO: [ app_init ] --START--
INFO: Run Behavior\BuildLiteBehavior [ RunTime:0.001000s ]
INFO: [ app_init ] --END-- [ RunTime:0.001000s ]

[ 2017-08-15T17:08:25+08:00 ] 127.0.0.1 /
INFO: [ app_init ] --START--
INFO: Run Behavior\BuildLiteBehavior [ RunTime:0.000000s ]
INFO: [ app_init ] --END-- [ RunTime:0.001000s ]
INFO: [ app_begin ] --START--
INFO: Run Behavior\ReadHtmlCacheBehavior [ RunTime:0.001000s ]
INFO: [ app_begin ] --END-- [ RunTime:0.001000s ]
SQL: select * from hwh_yulu where is_ok = 1 order by id desc limit 5 [ RunTime:0.0010s ]
SQL: SHOW COLUMNS FROM `hwh_joke` [ RunTime:0.0040s ]
SQL: SELECT * FROM `hwh_joke` WHERE ( is_ok=1 ) ORDER BY maketime desc LIMIT 5   [ RunTime:0.0010s ]
SQL: SHOW COLUMNS FROM `hwh_article` [ RunTime:0.0040s ]
SQL: SELECT * FROM `hwh_article` WHERE ( is_ok=1 ) ORDER BY create_date desc LIMIT 8   [ RunTime:0.0000s ]
SQL: SELECT * FROM `hwh_article` WHERE `is_recommend` = 1 AND `is_ok` = 1 ORDER BY create_date desc LIMIT 1   [ RunTime:0.0000s ]
INFO: [ view_parse ] --START--
INFO: [ template_filter ] --START--
INFO: Run Behavior\ContentReplaceBehavior [ RunTime:0.000000s ]
INFO: [ template_filter ] --END-- [ RunTime:0.000000s ]
NOTIC: [8] Undefined variable: code_url D:\phpStudy\WWW\haozi\Application\Runtime\Cache\Home\2a94b8bda04ff446dcedd42276fc99ee.php 第 78 行.
NOTIC: [8] Undefined variable: userList D:\phpStudy\WWW\haozi\Application\Runtime\Cache\Home\2a94b8bda04ff446dcedd42276fc99ee.php 第 309 行.
NOTIC: [2] Invalid argument supplied for foreach() D:\phpStudy\WWW\haozi\Application\Runtime\Cache\Home\2a94b8bda04ff446dcedd42276fc99ee.php 第 309 行.
INFO: Run Behavior\ParseTemplateBehavior [ RunTime:0.007000s ]
INFO: [ view_parse ] --END-- [ RunTime:0.007000s ]
INFO: [ view_filter ] --START--
INFO: Run Behavior\WriteHtmlCacheBehavior [ RunTime:0.001000s ]
INFO: [ view_filter ] --END-- [ RunTime:0.001000s ]
INFO: [ app_end ] --START--
INFO: Run Behavior\ShowPageTraceBehavior [ RunTime:0.000000s ]
INFO: [ app_end ] --END-- [ RunTime:0.000000s ]

[ 2017-08-15T17:08:48+08:00 ] 127.0.0.1 /
INFO: [ app_init ] --START--
INFO: Run Behavior\BuildLiteBehavior [ RunTime:0.000000s ]
INFO: [ app_init ] --END-- [ RunTime:0.000000s ]
INFO: [ app_begin ] --START--
INFO: Run Behavior\ReadHtmlCacheBehavior [ RunTime:0.001000s ]
INFO: [ app_begin ] --END-- [ RunTime:0.001000s ]
SQL: select * from hwh_yulu where is_ok = 1 order by id desc limit 5 [ RunTime:0.0000s ]
SQL: SHOW COLUMNS FROM `hwh_joke` [ RunTime:0.0040s ]
SQL: SELECT * FROM `hwh_joke` WHERE ( is_ok=1 ) ORDER BY maketime desc LIMIT 5   [ RunTime:0.0000s ]
SQL: SHOW COLUMNS FROM `hwh_article` [ RunTime:0.0040s ]
SQL: SELECT * FROM `hwh_article` WHERE ( is_ok=1 ) ORDER BY create_date desc LIMIT 8   [ RunTime:0.0010s ]
SQL: SELECT * FROM `hwh_article` WHERE `is_recommend` = 1 AND `is_ok` = 1 ORDER BY create_date desc LIMIT 1   [ RunTime:0.0000s ]
INFO: [ view_parse ] --START--
INFO: [ template_filter ] --START--
INFO: Run Behavior\ContentReplaceBehavior [ RunTime:0.000000s ]
INFO: [ template_filter ] --END-- [ RunTime:0.000000s ]
NOTIC: [8] Undefined variable: code_url D:\phpStudy\WWW\haozi\Application\Runtime\Cache\Home\2a94b8bda04ff446dcedd42276fc99ee.php 第 78 行.
NOTIC: [8] Undefined variable: userList D:\phpStudy\WWW\haozi\Application\Runtime\Cache\Home\2a94b8bda04ff446dcedd42276fc99ee.php 第 309 行.
NOTIC: [2] Invalid argument supplied for foreach() D:\phpStudy\WWW\haozi\Application\Runtime\Cache\Home\2a94b8bda04ff446dcedd42276fc99ee.php 第 309 行.
INFO: Run Behavior\ParseTemplateBehavior [ RunTime:0.009001s ]
INFO: [ view_parse ] --END-- [ RunTime:0.009001s ]
INFO: [ view_filter ] --START--
INFO: Run Behavior\WriteHtmlCacheBehavior [ RunTime:0.001000s ]
INFO: [ view_filter ] --END-- [ RunTime:0.001000s ]
INFO: [ app_end ] --START--
INFO: Run Behavior\ShowPageTraceBehavior [ RunTime:0.001000s ]
INFO: [ app_end ] --END-- [ RunTime:0.001000s ]

