[ 2017-08-10T09:04:51+08:00 ] 127.0.0.1 /
INFO: [ app_init ] --START--
INFO: Run Behavior\BuildLiteBehavior [ RunTime:0.000000s ]
INFO: [ app_init ] --END-- [ RunTime:0.000000s ]
INFO: [ app_begin ] --START--
INFO: Run Behavior\ReadHtmlCacheBehavior [ RunTime:0.023001s ]
INFO: [ app_begin ] --END-- [ RunTime:0.023001s ]
SQL: select * from hwh_yulu where is_ok = 1 order by id desc limit 5 [ RunTime:0.0140s ]
SQL: SHOW COLUMNS FROM `hwh_joke` [ RunTime:0.0380s ]
SQL: SELECT * FROM `hwh_joke` WHERE ( is_ok=1 ) ORDER BY maketime desc LIMIT 5   [ RunTime:0.0010s ]
SQL: SHOW COLUMNS FROM `hwh_article` [ RunTime:0.0180s ]
SQL: SELECT * FROM `hwh_article` WHERE ( is_ok=1 ) ORDER BY create_date desc LIMIT 8   [ RunTime:0.0120s ]
SQL: SELECT * FROM `hwh_article` WHERE `is_recommend` = 1 AND `is_ok` = 1 ORDER BY create_date desc LIMIT 1   [ RunTime:0.0010s ]
INFO: [ view_parse ] --START--
INFO: [ template_filter ] --START--
INFO: Run Behavior\ContentReplaceBehavior [ RunTime:0.000000s ]
INFO: [ template_filter ] --END-- [ RunTime:0.000000s ]
NOTIC: [8] Undefined variable: code_url D:\phpStudy\WWW\haozi\Application\Runtime\Cache\Home\2a94b8bda04ff446dcedd42276fc99ee.php 第 78 行.
NOTIC: [8] Undefined variable: userList D:\phpStudy\WWW\haozi\Application\Runtime\Cache\Home\2a94b8bda04ff446dcedd42276fc99ee.php 第 309 行.
NOTIC: [2] Invalid argument supplied for foreach() D:\phpStudy\WWW\haozi\Application\Runtime\Cache\Home\2a94b8bda04ff446dcedd42276fc99ee.php 第 309 行.
INFO: Run Behavior\ParseTemplateBehavior [ RunTime:0.128007s ]
INFO: [ view_parse ] --END-- [ RunTime:0.128007s ]
INFO: [ view_filter ] --START--
INFO: Run Behavior\WriteHtmlCacheBehavior [ RunTime:0.011001s ]
INFO: [ view_filter ] --END-- [ RunTime:0.011001s ]
INFO: [ app_end ] --START--
INFO: Run Behavior\ShowPageTraceBehavior [ RunTime:0.011001s ]
INFO: [ app_end ] --END-- [ RunTime:0.011001s ]

[ 2017-08-10T09:27:16+08:00 ] 127.0.0.1 /
INFO: [ app_init ] --START--
INFO: Run Behavior\BuildLiteBehavior [ RunTime:0.000000s ]
INFO: [ app_init ] --END-- [ RunTime:0.000000s ]
INFO: [ app_begin ] --START--
INFO: Run Behavior\ReadHtmlCacheBehavior [ RunTime:0.001000s ]
INFO: [ app_begin ] --END-- [ RunTime:0.001000s ]
SQL: select * from hwh_yulu where is_ok = 1 order by id desc limit 5 [ RunTime:0.0010s ]
SQL: SHOW COLUMNS FROM `hwh_joke` [ RunTime:0.0020s ]
SQL: SELECT * FROM `hwh_joke` WHERE ( is_ok=1 ) ORDER BY maketime desc LIMIT 5   [ RunTime:0.0010s ]
SQL: SHOW COLUMNS FROM `hwh_article` [ RunTime:0.0020s ]
SQL: SELECT * FROM `hwh_article` WHERE ( is_ok=1 ) ORDER BY create_date desc LIMIT 8   [ RunTime:0.0000s ]
SQL: SELECT * FROM `hwh_article` WHERE `is_recommend` = 1 AND `is_ok` = 1 ORDER BY create_date desc LIMIT 1   [ RunTime:0.0010s ]
INFO: [ view_parse ] --START--
INFO: [ template_filter ] --START--
INFO: Run Behavior\ContentReplaceBehavior [ RunTime:0.000000s ]
INFO: [ template_filter ] --END-- [ RunTime:0.000000s ]
NOTIC: [8] Undefined variable: code_url D:\phpStudy\WWW\haozi\Application\Runtime\Cache\Home\2a94b8bda04ff446dcedd42276fc99ee.php 第 78 行.
NOTIC: [8] Undefined variable: userList D:\phpStudy\WWW\haozi\Application\Runtime\Cache\Home\2a94b8bda04ff446dcedd42276fc99ee.php 第 309 行.
NOTIC: [2] Invalid argument supplied for foreach() D:\phpStudy\WWW\haozi\Application\Runtime\Cache\Home\2a94b8bda04ff446dcedd42276fc99ee.php 第 309 行.
INFO: Run Behavior\ParseTemplateBehavior [ RunTime:0.006000s ]
INFO: [ view_parse ] --END-- [ RunTime:0.006000s ]
INFO: [ view_filter ] --START--
INFO: Run Behavior\WriteHtmlCacheBehavior [ RunTime:0.001000s ]
INFO: [ view_filter ] --END-- [ RunTime:0.001000s ]
INFO: [ app_end ] --START--
INFO: Run Behavior\ShowPageTraceBehavior [ RunTime:0.000000s ]
INFO: [ app_end ] --END-- [ RunTime:0.000000s ]

[ 2017-08-10T09:27:18+08:00 ] 127.0.0.1 /index.php/home/login/ajaxlogin.html
INFO: [ app_init ] --START--
INFO: Run Behavior\BuildLiteBehavior [ RunTime:0.000000s ]
INFO: [ app_init ] --END-- [ RunTime:0.001000s ]
INFO: [ app_begin ] --START--
INFO: Run Behavior\ReadHtmlCacheBehavior [ RunTime:0.000000s ]
INFO: [ app_begin ] --END-- [ RunTime:0.000000s ]
INFO: [ view_parse ] --START--
INFO: [ template_filter ] --START--
INFO: Run Behavior\ContentReplaceBehavior [ RunTime:0.000000s ]
INFO: [ template_filter ] --END-- [ RunTime:0.000000s ]
INFO: Run Behavior\ParseTemplateBehavior [ RunTime:0.034002s ]
INFO: [ view_parse ] --END-- [ RunTime:0.034002s ]
INFO: [ view_filter ] --START--
INFO: Run Behavior\WriteHtmlCacheBehavior [ RunTime:0.001000s ]
INFO: [ view_filter ] --END-- [ RunTime:0.001000s ]
INFO: [ app_end ] --START--
INFO: Run Behavior\ShowPageTraceBehavior [ RunTime:0.000000s ]
INFO: [ app_end ] --END-- [ RunTime:0.000000s ]

[ 2017-08-10T09:27:18+08:00 ] 127.0.0.1 /index.php/Home/Login/verify
INFO: [ app_init ] --START--
INFO: Run Behavior\BuildLiteBehavior [ RunTime:0.000000s ]
INFO: [ app_init ] --END-- [ RunTime:0.001000s ]
INFO: [ app_begin ] --START--
INFO: Run Behavior\ReadHtmlCacheBehavior [ RunTime:0.001000s ]
INFO: [ app_begin ] --END-- [ RunTime:0.001000s ]
INFO: [ app_end ] --START--
INFO: Run Behavior\ShowPageTraceBehavior [ RunTime:0.001000s ]
INFO: [ app_end ] --END-- [ RunTime:0.001000s ]

[ 2017-08-10T09:27:27+08:00 ] 127.0.0.1 /index.php/home/login/ajaxlogin.html
INFO: [ app_init ] --START--
INFO: Run Behavior\BuildLiteBehavior [ RunTime:0.000000s ]
INFO: [ app_init ] --END-- [ RunTime:0.000000s ]
INFO: [ app_begin ] --START--
INFO: Run Behavior\ReadHtmlCacheBehavior [ RunTime:0.001000s ]
INFO: [ app_begin ] --END-- [ RunTime:0.001000s ]

[ 2017-08-10T09:27:28+08:00 ] 127.0.0.1 /index.php/Home/Login/verify?
INFO: [ app_init ] --START--
INFO: Run Behavior\BuildLiteBehavior [ RunTime:0.000000s ]
INFO: [ app_init ] --END-- [ RunTime:0.001000s ]
INFO: [ app_begin ] --START--
INFO: Run Behavior\ReadHtmlCacheBehavior [ RunTime:0.001000s ]
INFO: [ app_begin ] --END-- [ RunTime:0.001000s ]
INFO: [ app_end ] --START--
INFO: Run Behavior\ShowPageTraceBehavior [ RunTime:0.000000s ]
INFO: [ app_end ] --END-- [ RunTime:0.000000s ]

[ 2017-08-10T09:27:32+08:00 ] 127.0.0.1 /index.php/home/login/ajaxlogin.html
INFO: [ app_init ] --START--
INFO: Run Behavior\BuildLiteBehavior [ RunTime:0.000000s ]
INFO: [ app_init ] --END-- [ RunTime:0.000000s ]
INFO: [ app_begin ] --START--
INFO: Run Behavior\ReadHtmlCacheBehavior [ RunTime:0.001000s ]
INFO: [ app_begin ] --END-- [ RunTime:0.001000s ]

[ 2017-08-10T09:27:33+08:00 ] 127.0.0.1 /index.php/Home/Login/verify??
INFO: [ app_init ] --START--
INFO: Run Behavior\BuildLiteBehavior [ RunTime:0.000000s ]
INFO: [ app_init ] --END-- [ RunTime:0.001000s ]
INFO: [ app_begin ] --START--
INFO: Run Behavior\ReadHtmlCacheBehavior [ RunTime:0.000000s ]
INFO: [ app_begin ] --END-- [ RunTime:0.000000s ]
INFO: [ app_end ] --START--
INFO: Run Behavior\ShowPageTraceBehavior [ RunTime:0.000000s ]
INFO: [ app_end ] --END-- [ RunTime:0.000000s ]

[ 2017-08-10T09:27:36+08:00 ] 127.0.0.1 /index.php/home/login/ajaxlogin.html
INFO: [ app_init ] --START--
INFO: Run Behavior\BuildLiteBehavior [ RunTime:0.001000s ]
INFO: [ app_init ] --END-- [ RunTime:0.001000s ]
INFO: [ app_begin ] --START--
INFO: Run Behavior\ReadHtmlCacheBehavior [ RunTime:0.001000s ]
INFO: [ app_begin ] --END-- [ RunTime:0.001000s ]
SQL: SHOW COLUMNS FROM `hwh_user` [ RunTime:0.0260s ]
SQL: SELECT * FROM `hwh_user` WHERE `username` = 'dawenhao' AND `password` = '5d14438a7c70719dc20a764ac92072b3' LIMIT 1   [ RunTime:0.0010s ]
SQL: UPDATE `hwh_user` SET `login_way`='0' WHERE ( id=1 ) [ RunTime:0.0460s ]
SQL: SELECT `username`,`nickname` FROM `hwh_user` WHERE ( id=1 ) LIMIT 1   [ RunTime:0.0010s ]
SQL: SHOW COLUMNS FROM `hwh_user_log` [ RunTime:0.0270s ]
SQL: INSERT INTO `hwh_user_log` (`uid`,`user_time`,`user_ip`) VALUES ('1','2017-08-10 09:27:36','127.0.0.1') [ RunTime:0.0100s ]

[ 2017-08-10T09:27:36+08:00 ] 127.0.0.1 /index.php/home/user/userinfo.html
INFO: [ app_init ] --START--
INFO: Run Behavior\BuildLiteBehavior [ RunTime:0.000000s ]
INFO: [ app_init ] --END-- [ RunTime:0.000000s ]
INFO: [ app_begin ] --START--
INFO: Run Behavior\ReadHtmlCacheBehavior [ RunTime:0.001000s ]
INFO: [ app_begin ] --END-- [ RunTime:0.001000s ]
SQL: SHOW COLUMNS FROM `hwh_user` [ RunTime:0.0060s ]
SQL: SELECT `id`,`username`,`password`,`nickname`,`u_birthday`,`u_img`,`u_photo`,`u_sign`,`province`,`city`,`district`,`address`,`qq_openid`,`weix_openid`,`remember_me`,`email`,`states`,`activate_code`,`activate_code_times`,`regist_time`,`token`,`password_leven`,`reset_password_code`,`reset_password_state`,`login_way`,`is_black` FROM `hwh_user` WHERE ( id=1 ) LIMIT 1   [ RunTime:0.0010s ]
SQL: SELECT `u_sign` FROM `hwh_user` WHERE ( id=1 ) LIMIT 1   [ RunTime:0.0000s ]
SQL: SHOW COLUMNS FROM `hwh_user_photo` [ RunTime:0.0110s ]
SQL: SELECT COUNT(*) AS tp_count FROM `hwh_user_photo` WHERE ( uid=1 ) LIMIT 1   [ RunTime:0.0000s ]
INFO: [ view_parse ] --START--
INFO: [ template_filter ] --START--
INFO: Run Behavior\ContentReplaceBehavior [ RunTime:0.000000s ]
INFO: [ template_filter ] --END-- [ RunTime:0.000000s ]
NOTIC: [8] Undefined index: qq_nickname D:\phpStudy\WWW\haozi\Application\Runtime\Cache\Home\542df0b0c61848fdce37b5299f5b97f0.php 第 54 行.
NOTIC: [8] Undefined variable: numMessage D:\phpStudy\WWW\haozi\Application\Runtime\Cache\Home\542df0b0c61848fdce37b5299f5b97f0.php 第 106 行.
NOTIC: [8] Use of undefined constant u_sign - assumed 'u_sign' D:\phpStudy\WWW\haozi\Application\Runtime\Cache\Home\542df0b0c61848fdce37b5299f5b97f0.php 第 116 行.
INFO: Run Behavior\ParseTemplateBehavior [ RunTime:0.012001s ]
INFO: [ view_parse ] --END-- [ RunTime:0.013001s ]
INFO: [ view_filter ] --START--
INFO: Run Behavior\WriteHtmlCacheBehavior [ RunTime:0.000000s ]
INFO: [ view_filter ] --END-- [ RunTime:0.000000s ]
INFO: [ app_end ] --START--
INFO: Run Behavior\ShowPageTraceBehavior [ RunTime:0.001000s ]
INFO: [ app_end ] --END-- [ RunTime:0.001000s ]

[ 2017-08-10T09:27:37+08:00 ] 127.0.0.1 /index.php/home/user/userinfoson.html
INFO: [ app_init ] --START--
INFO: Run Behavior\BuildLiteBehavior [ RunTime:0.000000s ]
INFO: [ app_init ] --END-- [ RunTime:0.000000s ]
INFO: [ app_begin ] --START--
INFO: Run Behavior\ReadHtmlCacheBehavior [ RunTime:0.000000s ]
INFO: [ app_begin ] --END-- [ RunTime:0.000000s ]
SQL: SHOW COLUMNS FROM `hwh_user` [ RunTime:0.0030s ]
SQL: SELECT * FROM `hwh_user` WHERE ( id=1 ) LIMIT 1   [ RunTime:0.0000s ]
INFO: [ app_end ] --START--
INFO: Run Behavior\ShowPageTraceBehavior [ RunTime:0.001000s ]
INFO: [ app_end ] --END-- [ RunTime:0.001000s ]

[ 2017-08-10T09:27:44+08:00 ] 127.0.0.1 /index.php/home/user/messagealllist.html
INFO: [ app_init ] --START--
INFO: Run Behavior\BuildLiteBehavior [ RunTime:0.000000s ]
INFO: [ app_init ] --END-- [ RunTime:0.001000s ]
INFO: [ app_begin ] --START--
INFO: Run Behavior\ReadHtmlCacheBehavior [ RunTime:0.000000s ]
INFO: [ app_begin ] --END-- [ RunTime:0.000000s ]
SQL: SHOW COLUMNS FROM `hwh_user` [ RunTime:0.0030s ]
SQL: SELECT `u_sign` FROM `hwh_user` WHERE ( id=1 ) LIMIT 1   [ RunTime:0.0010s ]
SQL: SHOW COLUMNS FROM `hwh_user_photo` [ RunTime:0.0020s ]
SQL: SELECT COUNT(*) AS tp_count FROM `hwh_user_photo` WHERE ( uid=1 ) LIMIT 1   [ RunTime:0.0000s ]
INFO: [ view_parse ] --START--
INFO: [ template_filter ] --START--
INFO: Run Behavior\ContentReplaceBehavior [ RunTime:0.001000s ]
INFO: [ template_filter ] --END-- [ RunTime:0.001000s ]
NOTIC: [8] Undefined index: qq_nickname D:\phpStudy\WWW\haozi\Application\Runtime\Cache\Home\dd8f99d1538abc059136e9b855cc01e8.php 第 54 行.
NOTIC: [8] Undefined variable: numMessage D:\phpStudy\WWW\haozi\Application\Runtime\Cache\Home\dd8f99d1538abc059136e9b855cc01e8.php 第 106 行.
NOTIC: [8] Use of undefined constant u_sign - assumed 'u_sign' D:\phpStudy\WWW\haozi\Application\Runtime\Cache\Home\dd8f99d1538abc059136e9b855cc01e8.php 第 116 行.
INFO: Run Behavior\ParseTemplateBehavior [ RunTime:0.006001s ]
INFO: [ view_parse ] --END-- [ RunTime:0.006001s ]
INFO: [ view_filter ] --START--
INFO: Run Behavior\WriteHtmlCacheBehavior [ RunTime:0.000000s ]
INFO: [ view_filter ] --END-- [ RunTime:0.000000s ]
INFO: [ app_end ] --START--
INFO: Run Behavior\ShowPageTraceBehavior [ RunTime:0.001000s ]
INFO: [ app_end ] --END-- [ RunTime:0.001000s ]

[ 2017-08-10T09:27:45+08:00 ] 127.0.0.1 /index.php/home/message/messagealllistajax.html
INFO: [ app_init ] --START--
INFO: Run Behavior\BuildLiteBehavior [ RunTime:0.000000s ]
INFO: [ app_init ] --END-- [ RunTime:0.000000s ]
INFO: [ app_begin ] --START--
INFO: Run Behavior\ReadHtmlCacheBehavior [ RunTime:0.000000s ]
INFO: [ app_begin ] --END-- [ RunTime:0.000000s ]
SQL: SHOW COLUMNS FROM `hwh_user_message` [ RunTime:0.0170s ]
SQL: SELECT COUNT(*) AS tp_count FROM `hwh_user_message` WHERE `user_id` = 1 LIMIT 1   [ RunTime:0.0000s ]
NOTIC: [8] Undefined index: tiaoPage D:\phpStudy\WWW\haozi\Application\Home\Controller\MessageController.class.php 第 191 行.
NOTIC: [8] Undefined index: tiaoPage D:\phpStudy\WWW\haozi\Application\Home\Controller\MessageController.class.php 第 191 行.
SQL: select m.*,u.username,u.nickname,u.u_img,u.login_way,q.qq_img,q.qq_nickname
            from hwh_user u
            left join hwh_user_message m on m.uid = u.id
            left join hwh_user_qq q on q.qq_openid = u.qq_openid
            where m.user_id = 1 and protect_id = 0 order by m.state,m.createDate desc limit 0,10 [ RunTime:0.0140s ]
SQL: select m.*,u.username,u.nickname,u.u_img,u.login_way,q.qq_img,q.qq_nickname 
                from hwh_user u
                left join hwh_user_message m on m.uid = u.id
                left join hwh_user_qq q on q.qq_openid = u.qq_openid
                where top_protect_id = 2 and protect_id != 0 order by m.createDate [ RunTime:0.0030s ]
SQL: select m.*,u.username,u.nickname,u.u_img,u.login_way,q.qq_img,q.qq_nickname 
                from hwh_user u
                left join hwh_user_message m on m.uid = u.id
                left join hwh_user_qq q on q.qq_openid = u.qq_openid
                where top_protect_id = 1 and protect_id != 0 order by m.createDate [ RunTime:0.0030s ]
INFO: [ app_end ] --START--
INFO: Run Behavior\ShowPageTraceBehavior [ RunTime:0.000000s ]
INFO: [ app_end ] --END-- [ RunTime:0.000000s ]

[ 2017-08-10T09:27:46+08:00 ] 127.0.0.1 /index.php/home/message/mymessagelist.html
INFO: [ app_init ] --START--
INFO: Run Behavior\BuildLiteBehavior [ RunTime:0.000000s ]
INFO: [ app_init ] --END-- [ RunTime:0.001000s ]
INFO: [ app_begin ] --START--
INFO: Run Behavior\ReadHtmlCacheBehavior [ RunTime:0.000000s ]
INFO: [ app_begin ] --END-- [ RunTime:0.000000s ]
ERR: 非法操作:mymessagelist

[ 2017-08-10T09:27:47+08:00 ] 127.0.0.1 /index.php/home/message/messagealllistajax.html
INFO: [ app_init ] --START--
INFO: Run Behavior\BuildLiteBehavior [ RunTime:0.000000s ]
INFO: [ app_init ] --END-- [ RunTime:0.000000s ]
INFO: [ app_begin ] --START--
INFO: Run Behavior\ReadHtmlCacheBehavior [ RunTime:0.000000s ]
INFO: [ app_begin ] --END-- [ RunTime:0.000000s ]
SQL: SHOW COLUMNS FROM `hwh_user_message` [ RunTime:0.0030s ]
SQL: SELECT COUNT(*) AS tp_count FROM `hwh_user_message` WHERE `user_id` = 1 LIMIT 1   [ RunTime:0.0000s ]
NOTIC: [8] Undefined index: tiaoPage D:\phpStudy\WWW\haozi\Application\Home\Controller\MessageController.class.php 第 191 行.
NOTIC: [8] Undefined index: tiaoPage D:\phpStudy\WWW\haozi\Application\Home\Controller\MessageController.class.php 第 191 行.
SQL: select m.*,u.username,u.nickname,u.u_img,u.login_way,q.qq_img,q.qq_nickname
            from hwh_user u
            left join hwh_user_message m on m.uid = u.id
            left join hwh_user_qq q on q.qq_openid = u.qq_openid
            where m.user_id = 1 and protect_id = 0 order by m.state,m.createDate desc limit 0,10 [ RunTime:0.0030s ]
SQL: select m.*,u.username,u.nickname,u.u_img,u.login_way,q.qq_img,q.qq_nickname 
                from hwh_user u
                left join hwh_user_message m on m.uid = u.id
                left join hwh_user_qq q on q.qq_openid = u.qq_openid
                where top_protect_id = 2 and protect_id != 0 order by m.createDate [ RunTime:0.0020s ]
SQL: select m.*,u.username,u.nickname,u.u_img,u.login_way,q.qq_img,q.qq_nickname 
                from hwh_user u
                left join hwh_user_message m on m.uid = u.id
                left join hwh_user_qq q on q.qq_openid = u.qq_openid
                where top_protect_id = 1 and protect_id != 0 order by m.createDate [ RunTime:0.0030s ]
INFO: [ app_end ] --START--
INFO: Run Behavior\ShowPageTraceBehavior [ RunTime:0.000000s ]
INFO: [ app_end ] --END-- [ RunTime:0.000000s ]

[ 2017-08-10T09:29:59+08:00 ] 127.0.0.1 /index.php/home/user/messagealllist.html
INFO: [ app_init ] --START--
INFO: Run Behavior\BuildLiteBehavior [ RunTime:0.000000s ]
INFO: [ app_init ] --END-- [ RunTime:0.000000s ]
INFO: [ app_begin ] --START--
INFO: Run Behavior\ReadHtmlCacheBehavior [ RunTime:0.001001s ]
INFO: [ app_begin ] --END-- [ RunTime:0.001001s ]
SQL: SHOW COLUMNS FROM `hwh_user` [ RunTime:0.0060s ]
SQL: SELECT `u_sign` FROM `hwh_user` WHERE ( id=1 ) LIMIT 1   [ RunTime:0.0000s ]
SQL: SHOW COLUMNS FROM `hwh_user_photo` [ RunTime:0.0050s ]
SQL: SELECT COUNT(*) AS tp_count FROM `hwh_user_photo` WHERE ( uid=1 ) LIMIT 1   [ RunTime:0.0000s ]
INFO: [ view_parse ] --START--
INFO: [ template_filter ] --START--
INFO: Run Behavior\ContentReplaceBehavior [ RunTime:0.000000s ]
INFO: [ template_filter ] --END-- [ RunTime:0.000000s ]
NOTIC: [8] Undefined index: qq_nickname D:\phpStudy\WWW\haozi\Application\Runtime\Cache\Home\dd8f99d1538abc059136e9b855cc01e8.php 第 54 行.
NOTIC: [8] Undefined variable: numMessage D:\phpStudy\WWW\haozi\Application\Runtime\Cache\Home\dd8f99d1538abc059136e9b855cc01e8.php 第 106 行.
NOTIC: [8] Use of undefined constant u_sign - assumed 'u_sign' D:\phpStudy\WWW\haozi\Application\Runtime\Cache\Home\dd8f99d1538abc059136e9b855cc01e8.php 第 116 行.
INFO: Run Behavior\ParseTemplateBehavior [ RunTime:0.010000s ]
INFO: [ view_parse ] --END-- [ RunTime:0.010000s ]
INFO: [ view_filter ] --START--
INFO: Run Behavior\WriteHtmlCacheBehavior [ RunTime:0.001001s ]
INFO: [ view_filter ] --END-- [ RunTime:0.001001s ]
INFO: [ app_end ] --START--
INFO: Run Behavior\ShowPageTraceBehavior [ RunTime:0.001000s ]
INFO: [ app_end ] --END-- [ RunTime:0.001000s ]

[ 2017-08-10T09:29:59+08:00 ] 127.0.0.1 /index.php/home/message/messagealllistajax.html
INFO: [ app_init ] --START--
INFO: Run Behavior\BuildLiteBehavior [ RunTime:0.000000s ]
INFO: [ app_init ] --END-- [ RunTime:0.000000s ]
INFO: [ app_begin ] --START--
INFO: Run Behavior\ReadHtmlCacheBehavior [ RunTime:0.000000s ]
INFO: [ app_begin ] --END-- [ RunTime:0.000000s ]
SQL: SHOW COLUMNS FROM `hwh_user_message` [ RunTime:0.0030s ]
SQL: SELECT COUNT(*) AS tp_count FROM `hwh_user_message` WHERE `user_id` = 1 LIMIT 1   [ RunTime:0.0000s ]
NOTIC: [8] Undefined index: tiaoPage D:\phpStudy\WWW\haozi\Application\Home\Controller\MessageController.class.php 第 191 行.
NOTIC: [8] Undefined index: tiaoPage D:\phpStudy\WWW\haozi\Application\Home\Controller\MessageController.class.php 第 191 行.
SQL: select m.*,u.username,u.nickname,u.u_img,u.login_way,q.qq_img,q.qq_nickname
            from hwh_user u
            left join hwh_user_message m on m.uid = u.id
            left join hwh_user_qq q on q.qq_openid = u.qq_openid
            where m.user_id = 1 and protect_id = 0 order by m.state,m.createDate desc limit 0,10 [ RunTime:0.0030s ]
SQL: select m.*,u.username,u.nickname,u.u_img,u.login_way,q.qq_img,q.qq_nickname 
                from hwh_user u
                left join hwh_user_message m on m.uid = u.id
                left join hwh_user_qq q on q.qq_openid = u.qq_openid
                where top_protect_id = 2 and protect_id != 0 order by m.createDate [ RunTime:0.0020s ]
SQL: select m.*,u.username,u.nickname,u.u_img,u.login_way,q.qq_img,q.qq_nickname 
                from hwh_user u
                left join hwh_user_message m on m.uid = u.id
                left join hwh_user_qq q on q.qq_openid = u.qq_openid
                where top_protect_id = 1 and protect_id != 0 order by m.createDate [ RunTime:0.0030s ]
INFO: [ app_end ] --START--
INFO: Run Behavior\ShowPageTraceBehavior [ RunTime:0.000000s ]
INFO: [ app_end ] --END-- [ RunTime:0.000000s ]

[ 2017-08-10T09:30:00+08:00 ] 127.0.0.1 /index.php/home/user/mymessagelist.html
INFO: [ app_init ] --START--
INFO: Run Behavior\BuildLiteBehavior [ RunTime:0.000000s ]
INFO: [ app_init ] --END-- [ RunTime:0.001000s ]
INFO: [ app_begin ] --START--
INFO: Run Behavior\ReadHtmlCacheBehavior [ RunTime:0.000000s ]
INFO: [ app_begin ] --END-- [ RunTime:0.000000s ]
SQL: SHOW COLUMNS FROM `hwh_yulu` [ RunTime:0.0050s ]
SQL: SELECT COUNT(*) AS tp_count FROM `hwh_yulu` WHERE `uid` = 1 AND `uid_type` = 2 LIMIT 1   [ RunTime:0.0000s ]
SQL: SHOW COLUMNS FROM `hwh_joke` [ RunTime:0.0050s ]
SQL: SELECT COUNT(*) AS tp_count FROM `hwh_joke` WHERE `uid` = 1 AND `uid_type` = 2 LIMIT 1   [ RunTime:0.0000s ]
SQL: SHOW COLUMNS FROM `hwh_article` [ RunTime:0.0040s ]
SQL: SELECT COUNT(*) AS tp_count FROM `hwh_article` WHERE `uid` = 1 AND `uid_type` = 2 LIMIT 1   [ RunTime:0.0000s ]
SQL: SHOW COLUMNS FROM `hwh_user` [ RunTime:0.0040s ]
SQL: SELECT `u_sign` FROM `hwh_user` WHERE ( id=1 ) LIMIT 1   [ RunTime:0.0000s ]
SQL: SHOW COLUMNS FROM `hwh_user_photo` [ RunTime:0.0040s ]
SQL: SELECT COUNT(*) AS tp_count FROM `hwh_user_photo` WHERE ( uid=1 ) LIMIT 1   [ RunTime:0.0010s ]
INFO: [ view_parse ] --START--
INFO: [ template_filter ] --START--
INFO: Run Behavior\ContentReplaceBehavior [ RunTime:0.000000s ]
INFO: [ template_filter ] --END-- [ RunTime:0.000000s ]
NOTIC: [8] Undefined index: qq_nickname D:\phpStudy\WWW\haozi\Application\Runtime\Cache\Home\94ea1a64571a3b33c9cade36566672cf.php 第 54 行.
NOTIC: [8] Undefined variable: numMessage D:\phpStudy\WWW\haozi\Application\Runtime\Cache\Home\94ea1a64571a3b33c9cade36566672cf.php 第 106 行.
NOTIC: [8] Use of undefined constant u_sign - assumed 'u_sign' D:\phpStudy\WWW\haozi\Application\Runtime\Cache\Home\94ea1a64571a3b33c9cade36566672cf.php 第 116 行.
INFO: Run Behavior\ParseTemplateBehavior [ RunTime:0.009000s ]
INFO: [ view_parse ] --END-- [ RunTime:0.009000s ]
INFO: [ view_filter ] --START--
INFO: Run Behavior\WriteHtmlCacheBehavior [ RunTime:0.000000s ]
INFO: [ view_filter ] --END-- [ RunTime:0.000000s ]
INFO: [ app_end ] --START--
INFO: Run Behavior\ShowPageTraceBehavior [ RunTime:0.001000s ]
INFO: [ app_end ] --END-- [ RunTime:0.001000s ]

[ 2017-08-10T09:30:00+08:00 ] 127.0.0.1 /index.php/home/message/mymessagelistajax.html
INFO: [ app_init ] --START--
INFO: Run Behavior\BuildLiteBehavior [ RunTime:0.000000s ]
INFO: [ app_init ] --END-- [ RunTime:0.001000s ]
INFO: [ app_begin ] --START--
INFO: Run Behavior\ReadHtmlCacheBehavior [ RunTime:0.000000s ]
INFO: [ app_begin ] --END-- [ RunTime:0.001000s ]
SQL: SHOW COLUMNS FROM `hwh_user_message` [ RunTime:0.0030s ]
SQL: SELECT COUNT(*) AS tp_count FROM `hwh_user_message` WHERE `uid` = 1 AND `protect_id` = 0 LIMIT 1   [ RunTime:0.0000s ]
NOTIC: [8] Undefined index: tiaoPage D:\phpStudy\WWW\haozi\Application\Home\Controller\MessageController.class.php 第 272 行.
NOTIC: [8] Undefined index: tiaoPage D:\phpStudy\WWW\haozi\Application\Home\Controller\MessageController.class.php 第 272 行.
SQL: select m.*,u.username,u.nickname,u.u_img,u.login_way,q.qq_img,q.qq_nickname 
            from hwh_user u 
            left join hwh_user_message m on m.uid = u.id
            left join hwh_user_qq q on q.qq_openid = u.qq_openid 
            where uid = 1 and protect_id = 0 limit 0,5 [ RunTime:0.0010s ]
INFO: [ app_end ] --START--
INFO: Run Behavior\ShowPageTraceBehavior [ RunTime:0.000000s ]
INFO: [ app_end ] --END-- [ RunTime:0.000000s ]

[ 2017-08-10T09:31:01+08:00 ] 127.0.0.1 /index.php/home/index/index.html
INFO: [ app_init ] --START--
INFO: Run Behavior\BuildLiteBehavior [ RunTime:0.000000s ]
INFO: [ app_init ] --END-- [ RunTime:0.000000s ]
INFO: [ app_begin ] --START--
INFO: Run Behavior\ReadHtmlCacheBehavior [ RunTime:0.001000s ]
INFO: [ app_begin ] --END-- [ RunTime:0.001000s ]
SQL: select * from hwh_yulu where is_ok = 1 order by id desc limit 5 [ RunTime:0.0000s ]
SQL: SHOW COLUMNS FROM `hwh_joke` [ RunTime:0.0040s ]
SQL: SELECT * FROM `hwh_joke` WHERE ( is_ok=1 ) ORDER BY maketime desc LIMIT 5   [ RunTime:0.0000s ]
SQL: SHOW COLUMNS FROM `hwh_article` [ RunTime:0.0050s ]
SQL: SELECT * FROM `hwh_article` WHERE ( is_ok=1 ) ORDER BY create_date desc LIMIT 8   [ RunTime:0.0000s ]
SQL: SELECT * FROM `hwh_article` WHERE `is_recommend` = 1 AND `is_ok` = 1 ORDER BY create_date desc LIMIT 1   [ RunTime:0.0000s ]
INFO: [ view_parse ] --START--
INFO: [ template_filter ] --START--
INFO: Run Behavior\ContentReplaceBehavior [ RunTime:0.000000s ]
INFO: [ template_filter ] --END-- [ RunTime:0.000000s ]
NOTIC: [8] Undefined index: qq_nickname D:\phpStudy\WWW\haozi\Application\Runtime\Cache\Home\2a94b8bda04ff446dcedd42276fc99ee.php 第 85 行.
NOTIC: [8] Undefined variable: userList D:\phpStudy\WWW\haozi\Application\Runtime\Cache\Home\2a94b8bda04ff446dcedd42276fc99ee.php 第 309 行.
NOTIC: [2] Invalid argument supplied for foreach() D:\phpStudy\WWW\haozi\Application\Runtime\Cache\Home\2a94b8bda04ff446dcedd42276fc99ee.php 第 309 行.
INFO: Run Behavior\ParseTemplateBehavior [ RunTime:0.010001s ]
INFO: [ view_parse ] --END-- [ RunTime:0.010001s ]
INFO: [ view_filter ] --START--
INFO: Run Behavior\WriteHtmlCacheBehavior [ RunTime:0.000000s ]
INFO: [ view_filter ] --END-- [ RunTime:0.000000s ]
INFO: [ app_end ] --START--
INFO: Run Behavior\ShowPageTraceBehavior [ RunTime:0.001000s ]
INFO: [ app_end ] --END-- [ RunTime:0.001000s ]

[ 2017-08-10T09:31:03+08:00 ] 127.0.0.1 /index.php/home/photo/index.html
INFO: [ app_init ] --START--
INFO: Run Behavior\BuildLiteBehavior [ RunTime:0.000000s ]
INFO: [ app_init ] --END-- [ RunTime:0.001000s ]
INFO: [ app_begin ] --START--
INFO: Run Behavior\ReadHtmlCacheBehavior [ RunTime:0.000000s ]
INFO: [ app_begin ] --END-- [ RunTime:0.000000s ]
SQL: SHOW COLUMNS FROM `hwh_user_photo` [ RunTime:0.0030s ]
SQL: SELECT hwh_user_photo.uid,hwh_user_photo.img,hwh_user.nickname,hwh_user.login_way,hwh_user_qq.qq_nickname FROM `hwh_user_photo` LEFT JOIN hwh_user ON hwh_user.id = hwh_user_photo.uid LEFT JOIN hwh_user_qq ON hwh_user.qq_openid = hwh_user_qq.qq_openid  WHERE hwh_user_photo.is_ok = 1 AND hwh_user_photo.is_photo_show = 1 ORDER BY hwh_user_photo.create_date desc  [ RunTime:0.0000s ]
INFO: [ view_parse ] --START--
INFO: [ template_filter ] --START--
INFO: Run Behavior\ContentReplaceBehavior [ RunTime:0.000000s ]
INFO: [ template_filter ] --END-- [ RunTime:0.000000s ]
NOTIC: [8] Undefined index: qq_nickname D:\phpStudy\WWW\haozi\Application\Runtime\Cache\Home\d36b9bd123e10ce840ba6dd7c096d195.php 第 85 行.
INFO: Run Behavior\ParseTemplateBehavior [ RunTime:0.005000s ]
INFO: [ view_parse ] --END-- [ RunTime:0.005000s ]
INFO: [ view_filter ] --START--
INFO: Run Behavior\WriteHtmlCacheBehavior [ RunTime:0.000000s ]
INFO: [ view_filter ] --END-- [ RunTime:0.000000s ]
INFO: [ app_end ] --START--
INFO: Run Behavior\ShowPageTraceBehavior [ RunTime:0.001000s ]
INFO: [ app_end ] --END-- [ RunTime:0.001000s ]

[ 2017-08-10T09:31:05+08:00 ] 127.0.0.1 /index.php/Home/Photo/userPhoto?id=1
INFO: [ app_init ] --START--
INFO: Run Behavior\BuildLiteBehavior [ RunTime:0.000000s ]
INFO: [ app_init ] --END-- [ RunTime:0.001000s ]
INFO: [ app_begin ] --START--
INFO: Run Behavior\ReadHtmlCacheBehavior [ RunTime:0.001000s ]
INFO: [ app_begin ] --END-- [ RunTime:0.001000s ]
SQL: SHOW COLUMNS FROM `hwh_user_photo` [ RunTime:0.0040s ]
SQL: SELECT * FROM `hwh_user_photo` WHERE `uid` = 1 AND `is_ok` = 1 AND `is_photo_show` = 0 ORDER BY create_date desc  [ RunTime:0.0000s ]
SQL: select u.username,u.nickname,u.u_sign,u.u_birthday,u.login_way,q.qq_nickname from hwh_user u left join hwh_user_qq q on q.qq_openid = u.qq_openid where u.id = 1 [ RunTime:0.0000s ]
INFO: [ view_parse ] --START--
INFO: [ template_filter ] --START--
INFO: Run Behavior\ContentReplaceBehavior [ RunTime:0.000000s ]
INFO: [ template_filter ] --END-- [ RunTime:0.001000s ]
INFO: Run Behavior\ParseTemplateBehavior [ RunTime:0.028002s ]
INFO: [ view_parse ] --END-- [ RunTime:0.028002s ]
INFO: [ view_filter ] --START--
INFO: Run Behavior\WriteHtmlCacheBehavior [ RunTime:0.000000s ]
INFO: [ view_filter ] --END-- [ RunTime:0.000000s ]
INFO: [ app_end ] --START--
INFO: Run Behavior\ShowPageTraceBehavior [ RunTime:0.001000s ]
INFO: [ app_end ] --END-- [ RunTime:0.001000s ]

[ 2017-08-10T09:31:05+08:00 ] 127.0.0.1 /index.php/Home/Photo/images/ajax-loader.gif
INFO: [ app_init ] --START--
INFO: Run Behavior\BuildLiteBehavior [ RunTime:0.000000s ]
INFO: [ app_init ] --END-- [ RunTime:0.000000s ]

[ 2017-08-10T09:31:05+08:00 ] 127.0.0.1 /index.php/Home/Photo/images/black.png
INFO: [ app_init ] --START--
INFO: Run Behavior\BuildLiteBehavior [ RunTime:0.000000s ]
INFO: [ app_init ] --END-- [ RunTime:0.000000s ]

[ 2017-08-10T09:32:28+08:00 ] 127.0.0.1 /index.php/home/article/listarti.html
INFO: [ app_init ] --START--
INFO: Run Behavior\BuildLiteBehavior [ RunTime:0.000000s ]
INFO: [ app_init ] --END-- [ RunTime:0.000000s ]
INFO: [ app_begin ] --START--
INFO: Run Behavior\ReadHtmlCacheBehavior [ RunTime:0.001000s ]
INFO: [ app_begin ] --END-- [ RunTime:0.001000s ]
INFO: [ view_parse ] --START--
INFO: [ template_filter ] --START--
INFO: Run Behavior\ContentReplaceBehavior [ RunTime:0.000000s ]
INFO: [ template_filter ] --END-- [ RunTime:0.000000s ]
NOTIC: [8] Undefined index: qq_nickname D:\phpStudy\WWW\haozi\Application\Runtime\Cache\Home\c6e245d5eac9d9e843d239bcd7a3924a.php 第 85 行.
INFO: Run Behavior\ParseTemplateBehavior [ RunTime:0.016001s ]
INFO: [ view_parse ] --END-- [ RunTime:0.016001s ]
INFO: [ view_filter ] --START--
INFO: Run Behavior\WriteHtmlCacheBehavior [ RunTime:0.000000s ]
INFO: [ view_filter ] --END-- [ RunTime:0.000000s ]
INFO: [ app_end ] --START--
INFO: Run Behavior\ShowPageTraceBehavior [ RunTime:0.000000s ]
INFO: [ app_end ] --END-- [ RunTime:0.000000s ]

[ 2017-08-10T09:32:29+08:00 ] 127.0.0.1 /index.php/home/article/ajaxlistarti.html
INFO: [ app_init ] --START--
INFO: Run Behavior\BuildLiteBehavior [ RunTime:0.000000s ]
INFO: [ app_init ] --END-- [ RunTime:0.001000s ]
INFO: [ app_begin ] --START--
INFO: Run Behavior\ReadHtmlCacheBehavior [ RunTime:0.000000s ]
INFO: [ app_begin ] --END-- [ RunTime:0.000000s ]
SQL: SHOW COLUMNS FROM `hwh_article` [ RunTime:0.0020s ]
SQL: SELECT COUNT(*) AS tp_count FROM `hwh_article` WHERE `is_ok` = 1 AND `is_black` = 0 LIMIT 1   [ RunTime:0.0000s ]
NOTIC: [8] Undefined index: tiaoPage D:\phpStudy\WWW\haozi\Application\Home\Controller\ArticleController.class.php 第 110 行.
NOTIC: [8] Undefined index: tiaoPage D:\phpStudy\WWW\haozi\Application\Home\Controller\ArticleController.class.php 第 110 行.
SQL: SELECT * FROM `hwh_article` WHERE `is_ok` = 1 AND `is_black` = 0 ORDER BY create_date desc LIMIT 0,5   [ RunTime:0.0000s ]
NOTIC: [8] Undefined variable: tiaoPage D:\phpStudy\WWW\haozi\Application\Home\Controller\ArticleController.class.php 第 133 行.
INFO: [ app_end ] --START--
INFO: Run Behavior\ShowPageTraceBehavior [ RunTime:0.001000s ]
INFO: [ app_end ] --END-- [ RunTime:0.001000s ]

[ 2017-08-10T09:32:31+08:00 ] 127.0.0.1 /index.php/Home/Article/detailArti?id=6
INFO: [ app_init ] --START--
INFO: Run Behavior\BuildLiteBehavior [ RunTime:0.000000s ]
INFO: [ app_init ] --END-- [ RunTime:0.001000s ]
INFO: [ app_begin ] --START--
INFO: Run Behavior\ReadHtmlCacheBehavior [ RunTime:0.001000s ]
INFO: [ app_begin ] --END-- [ RunTime:0.001000s ]
SQL: SHOW COLUMNS FROM `hwh_article` [ RunTime:0.0050s ]
SQL: SELECT * FROM `hwh_article` WHERE ( id=6 ) LIMIT 1   [ RunTime:0.0000s ]
SQL: update hwh_article set view_count=(CASE WHEN view_count IS NULL THEN 1 ELSE view_count+1 END) where id = 6 [ RunTime:0.0000s ]
SQL: SHOW COLUMNS FROM `hwh_article` [ RunTime:0.0050s ]
SQL: SELECT `id`,`title` FROM `hwh_article` WHERE `id` < '6' AND `is_ok` = 1 ORDER BY id desc LIMIT 1   [ RunTime:0.0000s ]
SQL: SELECT `id`,`title` FROM `hwh_article` WHERE `id` > '6' AND `is_ok` = 1 ORDER BY id asc LIMIT 1   [ RunTime:0.0000s ]
INFO: [ view_parse ] --START--
INFO: [ template_filter ] --START--
INFO: Run Behavior\ContentReplaceBehavior [ RunTime:0.000000s ]
INFO: [ template_filter ] --END-- [ RunTime:0.001000s ]
NOTIC: [8] Undefined index: qq_nickname D:\phpStudy\WWW\haozi\Application\Runtime\Cache\Home\c4ce03ad7043a02bf936bc8a836c8629.php 第 85 行.
INFO: Run Behavior\ParseTemplateBehavior [ RunTime:0.023001s ]
INFO: [ view_parse ] --END-- [ RunTime:0.023001s ]
INFO: [ view_filter ] --START--
INFO: Run Behavior\WriteHtmlCacheBehavior [ RunTime:0.000000s ]
INFO: [ view_filter ] --END-- [ RunTime:0.000000s ]
INFO: [ app_end ] --START--
INFO: Run Behavior\ShowPageTraceBehavior [ RunTime:0.000000s ]
INFO: [ app_end ] --END-- [ RunTime:0.000000s ]

[ 2017-08-10T09:32:31+08:00 ] 127.0.0.1 /index.php/home/article/ajaxcommentarti.html
INFO: [ app_init ] --START--
INFO: Run Behavior\BuildLiteBehavior [ RunTime:0.000000s ]
INFO: [ app_init ] --END-- [ RunTime:0.000000s ]
INFO: [ app_begin ] --START--
INFO: Run Behavior\ReadHtmlCacheBehavior [ RunTime:0.000000s ]
INFO: [ app_begin ] --END-- [ RunTime:0.000000s ]
SQL: SHOW COLUMNS FROM `hwh_article_comment` [ RunTime:0.0180s ]
SQL: SELECT COUNT(*) AS tp_count FROM `hwh_article_comment` WHERE `article_id` = 6 AND `parent_id` = 0 AND `state` = 1 LIMIT 1   [ RunTime:0.0000s ]
NOTIC: [8] Undefined index: tiaoPage D:\phpStudy\WWW\haozi\Application\Home\Controller\ArticleController.class.php 第 232 行.
NOTIC: [8] Undefined index: tiaoPage D:\phpStudy\WWW\haozi\Application\Home\Controller\ArticleController.class.php 第 232 行.
SQL: SELECT hwh_article_comment.id,hwh_article_comment.content,hwh_article_comment.create_date,hwh_user.nickname,hwh_user.u_img FROM `hwh_article_comment` LEFT JOIN hwh_user ON hwh_user.id = hwh_article_comment.uid  WHERE hwh_article_comment.article_id = '6' AND hwh_article_comment.state = 1 AND hwh_article_comment.parent_id = 0 ORDER BY hwh_article_comment.create_date desc LIMIT 0,5   [ RunTime:0.0010s ]
INFO: [ app_end ] --START--
INFO: Run Behavior\ShowPageTraceBehavior [ RunTime:0.000000s ]
INFO: [ app_end ] --END-- [ RunTime:0.000000s ]

[ 2017-08-10T09:39:31+08:00 ] 127.0.0.1 /index.php/Home/Article/detailArti?id=6
INFO: [ app_init ] --START--
INFO: Run Behavior\BuildLiteBehavior [ RunTime:0.000000s ]
INFO: [ app_init ] --END-- [ RunTime:0.000000s ]
INFO: [ app_begin ] --START--
INFO: Run Behavior\ReadHtmlCacheBehavior [ RunTime:0.001000s ]
INFO: [ app_begin ] --END-- [ RunTime:0.001000s ]
SQL: SHOW COLUMNS FROM `hwh_article` [ RunTime:0.0040s ]
SQL: SELECT * FROM `hwh_article` WHERE ( id=6 ) LIMIT 1   [ RunTime:0.0000s ]
SQL: update hwh_article set view_count=(CASE WHEN view_count IS NULL THEN 1 ELSE view_count+1 END) where id = 6 [ RunTime:0.0010s ]
SQL: SHOW COLUMNS FROM `hwh_article` [ RunTime:0.0040s ]
SQL: SELECT `id`,`title` FROM `hwh_article` WHERE `id` < '6' AND `is_ok` = 1 ORDER BY id desc LIMIT 1   [ RunTime:0.0000s ]
SQL: SELECT `id`,`title` FROM `hwh_article` WHERE `id` > '6' AND `is_ok` = 1 ORDER BY id asc LIMIT 1   [ RunTime:0.0000s ]
INFO: [ view_parse ] --START--
INFO: [ template_filter ] --START--
INFO: Run Behavior\ContentReplaceBehavior [ RunTime:0.000000s ]
INFO: [ template_filter ] --END-- [ RunTime:0.000000s ]
NOTIC: [8] Undefined index: qq_nickname D:\phpStudy\WWW\haozi\Application\Runtime\Cache\Home\c4ce03ad7043a02bf936bc8a836c8629.php 第 85 行.
INFO: Run Behavior\ParseTemplateBehavior [ RunTime:0.010000s ]
INFO: [ view_parse ] --END-- [ RunTime:0.010000s ]
INFO: [ view_filter ] --START--
INFO: Run Behavior\WriteHtmlCacheBehavior [ RunTime:0.001000s ]
INFO: [ view_filter ] --END-- [ RunTime:0.001000s ]
INFO: [ app_end ] --START--
INFO: Run Behavior\ShowPageTraceBehavior [ RunTime:0.000000s ]
INFO: [ app_end ] --END-- [ RunTime:0.000000s ]

[ 2017-08-10T09:39:31+08:00 ] 127.0.0.1 /index.php/home/article/ajaxcommentarti.html
INFO: [ app_init ] --START--
INFO: Run Behavior\BuildLiteBehavior [ RunTime:0.000000s ]
INFO: [ app_init ] --END-- [ RunTime:0.000000s ]
INFO: [ app_begin ] --START--
INFO: Run Behavior\ReadHtmlCacheBehavior [ RunTime:0.001000s ]
INFO: [ app_begin ] --END-- [ RunTime:0.001000s ]
SQL: SHOW COLUMNS FROM `hwh_article_comment` [ RunTime:0.0030s ]
SQL: SELECT COUNT(*) AS tp_count FROM `hwh_article_comment` WHERE `article_id` = 6 AND `parent_id` = 0 AND `state` = 1 LIMIT 1   [ RunTime:0.0000s ]
NOTIC: [8] Undefined index: tiaoPage D:\phpStudy\WWW\haozi\Application\Home\Controller\ArticleController.class.php 第 232 行.
NOTIC: [8] Undefined index: tiaoPage D:\phpStudy\WWW\haozi\Application\Home\Controller\ArticleController.class.php 第 232 行.
SQL: SELECT hwh_article_comment.id,hwh_article_comment.content,hwh_article_comment.create_date,hwh_user.nickname,hwh_user.u_img FROM `hwh_article_comment` LEFT JOIN hwh_user ON hwh_user.id = hwh_article_comment.uid  WHERE hwh_article_comment.article_id = '6' AND hwh_article_comment.state = 1 AND hwh_article_comment.parent_id = 0 ORDER BY hwh_article_comment.create_date desc LIMIT 0,5   [ RunTime:0.0000s ]
INFO: [ app_end ] --START--
INFO: Run Behavior\ShowPageTraceBehavior [ RunTime:0.000000s ]
INFO: [ app_end ] --END-- [ RunTime:0.000000s ]

[ 2017-08-10T09:41:59+08:00 ] 127.0.0.1 /index.php/Home/Article/detailArti?id=6
INFO: [ app_init ] --START--
INFO: Run Behavior\BuildLiteBehavior [ RunTime:0.000000s ]
INFO: [ app_init ] --END-- [ RunTime:0.001000s ]
INFO: [ app_begin ] --START--
INFO: Run Behavior\ReadHtmlCacheBehavior [ RunTime:0.001000s ]
INFO: [ app_begin ] --END-- [ RunTime:0.001000s ]
SQL: SHOW COLUMNS FROM `hwh_article` [ RunTime:0.0030s ]
SQL: SELECT * FROM `hwh_article` WHERE ( id=6 ) LIMIT 1   [ RunTime:0.0010s ]
SQL: update hwh_article set view_count=(CASE WHEN view_count IS NULL THEN 1 ELSE view_count+1 END) where id = 6 [ RunTime:0.0000s ]
SQL: SHOW COLUMNS FROM `hwh_article` [ RunTime:0.0030s ]
SQL: SELECT `id`,`title` FROM `hwh_article` WHERE `id` < '6' AND `is_ok` = 1 ORDER BY id desc LIMIT 1   [ RunTime:0.0000s ]
SQL: SELECT `id`,`title` FROM `hwh_article` WHERE `id` > '6' AND `is_ok` = 1 ORDER BY id asc LIMIT 1   [ RunTime:0.0010s ]
INFO: [ view_parse ] --START--
INFO: [ template_filter ] --START--
INFO: Run Behavior\ContentReplaceBehavior [ RunTime:0.000000s ]
INFO: [ template_filter ] --END-- [ RunTime:0.000000s ]
NOTIC: [8] Undefined index: qq_nickname D:\phpStudy\WWW\haozi\Application\Runtime\Cache\Home\c4ce03ad7043a02bf936bc8a836c8629.php 第 85 行.
INFO: Run Behavior\ParseTemplateBehavior [ RunTime:0.008000s ]
INFO: [ view_parse ] --END-- [ RunTime:0.008000s ]
INFO: [ view_filter ] --START--
INFO: Run Behavior\WriteHtmlCacheBehavior [ RunTime:0.000000s ]
INFO: [ view_filter ] --END-- [ RunTime:0.000000s ]
INFO: [ app_end ] --START--
INFO: Run Behavior\ShowPageTraceBehavior [ RunTime:0.001000s ]
INFO: [ app_end ] --END-- [ RunTime:0.001000s ]

[ 2017-08-10T09:41:59+08:00 ] 127.0.0.1 /index.php/home/article/ajaxcommentarti.html
INFO: [ app_init ] --START--
INFO: Run Behavior\BuildLiteBehavior [ RunTime:0.000000s ]
INFO: [ app_init ] --END-- [ RunTime:0.000000s ]
INFO: [ app_begin ] --START--
INFO: Run Behavior\ReadHtmlCacheBehavior [ RunTime:0.000000s ]
INFO: [ app_begin ] --END-- [ RunTime:0.000000s ]
SQL: SHOW COLUMNS FROM `hwh_article_comment` [ RunTime:0.0030s ]
SQL: SELECT COUNT(*) AS tp_count FROM `hwh_article_comment` WHERE `article_id` = 6 AND `parent_id` = 0 AND `state` = 1 LIMIT 1   [ RunTime:0.0000s ]
NOTIC: [8] Undefined index: tiaoPage D:\phpStudy\WWW\haozi\Application\Home\Controller\ArticleController.class.php 第 232 行.
NOTIC: [8] Undefined index: tiaoPage D:\phpStudy\WWW\haozi\Application\Home\Controller\ArticleController.class.php 第 232 行.
SQL: SELECT hwh_article_comment.id,hwh_article_comment.content,hwh_article_comment.create_date,hwh_user.nickname,hwh_user.u_img FROM `hwh_article_comment` LEFT JOIN hwh_user ON hwh_user.id = hwh_article_comment.uid  WHERE hwh_article_comment.article_id = '6' AND hwh_article_comment.state = 1 AND hwh_article_comment.parent_id = 0 ORDER BY hwh_article_comment.create_date desc LIMIT 0,5   [ RunTime:0.0000s ]
INFO: [ app_end ] --START--
INFO: Run Behavior\ShowPageTraceBehavior [ RunTime:0.001000s ]
INFO: [ app_end ] --END-- [ RunTime:0.001000s ]

[ 2017-08-10T09:42:56+08:00 ] 127.0.0.1 /index.php/Home/Article/detailArti?id=6
INFO: [ app_init ] --START--
INFO: Run Behavior\BuildLiteBehavior [ RunTime:0.000000s ]
INFO: [ app_init ] --END-- [ RunTime:0.001000s ]
INFO: [ app_begin ] --START--
INFO: Run Behavior\ReadHtmlCacheBehavior [ RunTime:0.001000s ]
INFO: [ app_begin ] --END-- [ RunTime:0.001000s ]
SQL: SHOW COLUMNS FROM `hwh_article` [ RunTime:0.0040s ]
SQL: SELECT * FROM `hwh_article` WHERE ( id=6 ) LIMIT 1   [ RunTime:0.0000s ]
SQL: update hwh_article set view_count=(CASE WHEN view_count IS NULL THEN 1 ELSE view_count+1 END) where id = 6 [ RunTime:0.0000s ]
SQL: SHOW COLUMNS FROM `hwh_article` [ RunTime:0.0030s ]
SQL: SELECT `id`,`title` FROM `hwh_article` WHERE `id` < '6' AND `is_ok` = 1 ORDER BY id desc LIMIT 1   [ RunTime:0.0000s ]
SQL: SELECT `id`,`title` FROM `hwh_article` WHERE `id` > '6' AND `is_ok` = 1 ORDER BY id asc LIMIT 1   [ RunTime:0.0000s ]
INFO: [ view_parse ] --START--
INFO: [ template_filter ] --START--
INFO: Run Behavior\ContentReplaceBehavior [ RunTime:0.000000s ]
INFO: [ template_filter ] --END-- [ RunTime:0.000000s ]
NOTIC: [8] Undefined index: qq_nickname D:\phpStudy\WWW\haozi\Application\Runtime\Cache\Home\c4ce03ad7043a02bf936bc8a836c8629.php 第 85 行.
INFO: Run Behavior\ParseTemplateBehavior [ RunTime:0.007000s ]
INFO: [ view_parse ] --END-- [ RunTime:0.007000s ]
INFO: [ view_filter ] --START--
INFO: Run Behavior\WriteHtmlCacheBehavior [ RunTime:0.001000s ]
INFO: [ view_filter ] --END-- [ RunTime:0.001000s ]
INFO: [ app_end ] --START--
INFO: Run Behavior\ShowPageTraceBehavior [ RunTime:0.000000s ]
INFO: [ app_end ] --END-- [ RunTime:0.000000s ]

[ 2017-08-10T09:42:56+08:00 ] 127.0.0.1 /index.php/home/article/ajaxcommentarti.html
INFO: [ app_init ] --START--
INFO: Run Behavior\BuildLiteBehavior [ RunTime:0.000000s ]
INFO: [ app_init ] --END-- [ RunTime:0.000000s ]
INFO: [ app_begin ] --START--
INFO: Run Behavior\ReadHtmlCacheBehavior [ RunTime:0.001000s ]
INFO: [ app_begin ] --END-- [ RunTime:0.001000s ]
SQL: SHOW COLUMNS FROM `hwh_article_comment` [ RunTime:0.0030s ]
SQL: SELECT COUNT(*) AS tp_count FROM `hwh_article_comment` WHERE `article_id` = 6 AND `parent_id` = 0 AND `state` = 1 LIMIT 1   [ RunTime:0.0000s ]
NOTIC: [8] Undefined index: tiaoPage D:\phpStudy\WWW\haozi\Application\Home\Controller\ArticleController.class.php 第 232 行.
NOTIC: [8] Undefined index: tiaoPage D:\phpStudy\WWW\haozi\Application\Home\Controller\ArticleController.class.php 第 232 行.
SQL: SELECT hwh_article_comment.id,hwh_article_comment.content,hwh_article_comment.create_date,hwh_user.nickname,hwh_user.u_img FROM `hwh_article_comment` LEFT JOIN hwh_user ON hwh_user.id = hwh_article_comment.uid  WHERE hwh_article_comment.article_id = '6' AND hwh_article_comment.state = 1 AND hwh_article_comment.parent_id = 0 ORDER BY hwh_article_comment.create_date desc LIMIT 0,5   [ RunTime:0.0000s ]
INFO: [ app_end ] --START--
INFO: Run Behavior\ShowPageTraceBehavior [ RunTime:0.000000s ]
INFO: [ app_end ] --END-- [ RunTime:0.000000s ]

