[ 2017-08-04T09:11:08+08:00 ] 127.0.0.1 /
INFO: [ app_init ] --START--
INFO: Run Behavior\BuildLiteBehavior [ RunTime:0.000000s ]
INFO: [ app_init ] --END-- [ RunTime:0.001000s ]
INFO: [ app_begin ] --START--
INFO: Run Behavior\ReadHtmlCacheBehavior [ RunTime:0.018001s ]
INFO: [ app_begin ] --END-- [ RunTime:0.018001s ]
SQL: select * from hwh_yulu where is_ok = 1 order by id desc limit 5 [ RunTime:0.0240s ]
SQL: SHOW COLUMNS FROM `hwh_joke` [ RunTime:0.0290s ]
SQL: SELECT * FROM `hwh_joke` WHERE ( is_ok=1 ) ORDER BY maketime desc LIMIT 5   [ RunTime:0.0000s ]
NOTIC: [8] A non well formed numeric value encountered D:\phpStudy\WWW\haozi\Application\Home\Controller\IndexController.class.php 第 26 行.
SQL: SHOW COLUMNS FROM `hwh_article` [ RunTime:0.0480s ]
SQL: SELECT * FROM `hwh_article` WHERE ( is_ok=1 ) ORDER BY create_date desc LIMIT 8   [ RunTime:0.0130s ]
NOTIC: [8] A non well formed numeric value encountered D:\phpStudy\WWW\haozi\Application\Home\Controller\IndexController.class.php 第 32 行.
NOTIC: [8] A non well formed numeric value encountered D:\phpStudy\WWW\haozi\Application\Home\Controller\IndexController.class.php 第 32 行.
NOTIC: [8] A non well formed numeric value encountered D:\phpStudy\WWW\haozi\Application\Home\Controller\IndexController.class.php 第 32 行.
NOTIC: [8] A non well formed numeric value encountered D:\phpStudy\WWW\haozi\Application\Home\Controller\IndexController.class.php 第 32 行.
NOTIC: [8] A non well formed numeric value encountered D:\phpStudy\WWW\haozi\Application\Home\Controller\IndexController.class.php 第 32 行.
SQL: SHOW COLUMNS FROM `hwh_user_photo` [ RunTime:0.0250s ]
SQL: SELECT `uid` FROM `hwh_user_photo` WHERE ( is_ok=1 )  [ RunTime:0.0010s ]
SQL: SHOW COLUMNS FROM `hwh_user` [ RunTime:0.0210s ]
SQL: SELECT * FROM `hwh_user` WHERE `id` IN ('1') ORDER BY regist_time desc LIMIT 5   [ RunTime:0.0000s ]
SQL: SELECT * FROM `hwh_article` WHERE `is_recommend` = 1 AND `is_ok` = 1 ORDER BY create_date desc LIMIT 1   [ RunTime:0.0000s ]
INFO: [ view_parse ] --START--
INFO: [ template_filter ] --START--
INFO: Run Behavior\ContentReplaceBehavior [ RunTime:0.000000s ]
INFO: [ template_filter ] --END-- [ RunTime:0.000000s ]
NOTIC: [8] Undefined variable: code_url D:\phpStudy\WWW\haozi\Application\Runtime\Cache\Home\2a94b8bda04ff446dcedd42276fc99ee.php 第 77 行.
INFO: Run Behavior\ParseTemplateBehavior [ RunTime:0.249014s ]
INFO: [ view_parse ] --END-- [ RunTime:0.249014s ]
INFO: [ view_filter ] --START--
INFO: Run Behavior\WriteHtmlCacheBehavior [ RunTime:0.011001s ]
INFO: [ view_filter ] --END-- [ RunTime:0.011001s ]
INFO: [ app_end ] --START--
INFO: Run Behavior\ShowPageTraceBehavior [ RunTime:0.011001s ]
INFO: [ app_end ] --END-- [ RunTime:0.011001s ]

