[ 2017-07-13T09:06:06+08:00 ] 127.0.0.1 /
INFO: [ app_init ] --START--
INFO: Run Behavior\BuildLiteBehavior [ RunTime:0.000000s ]
INFO: [ app_init ] --END-- [ RunTime:0.001001s ]
INFO: [ app_begin ] --START--
INFO: Run Behavior\ReadHtmlCacheBehavior [ RunTime:0.011000s ]
INFO: [ app_begin ] --END-- [ RunTime:0.011000s ]
SQL: select * from hwh_yulu where is_ok = 1 order by id desc limit 5 [ RunTime:0.0320s ]
SQL: SHOW COLUMNS FROM `hwh_joke` [ RunTime:0.0460s ]
SQL: SELECT * FROM `hwh_joke` WHERE ( is_ok=1 ) ORDER BY maketime desc LIMIT 5   [ RunTime:0.0000s ]
SQL: SHOW COLUMNS FROM `hwh_article` [ RunTime:0.0360s ]
SQL: SELECT * FROM `hwh_article` WHERE ( is_ok=1 ) ORDER BY create_date desc LIMIT 8   [ RunTime:0.0060s ]
SQL: SHOW COLUMNS FROM `hwh_user_photo` [ RunTime:0.0250s ]
SQL: SELECT `uid` FROM `hwh_user_photo` WHERE ( is_ok=1 )  [ RunTime:0.0060s ]
SQL: SHOW COLUMNS FROM `hwh_user` [ RunTime:0.0120s ]
SQL: SELECT * FROM `hwh_user` WHERE `id` IN ('1') ORDER BY regist_time desc LIMIT 5   [ RunTime:0.0000s ]
SQL: SELECT * FROM `hwh_article` WHERE `is_recommend` = 1 AND `is_ok` = 1 ORDER BY create_date desc LIMIT 1   [ RunTime:0.0000s ]
INFO: [ view_parse ] --START--
INFO: [ template_filter ] --START--
INFO: Run Behavior\ContentReplaceBehavior [ RunTime:0.000000s ]
INFO: [ template_filter ] --END-- [ RunTime:0.000000s ]
INFO: Run Behavior\ParseTemplateBehavior [ RunTime:0.108006s ]
INFO: [ view_parse ] --END-- [ RunTime:0.108006s ]
INFO: [ view_filter ] --START--
INFO: Run Behavior\WriteHtmlCacheBehavior [ RunTime:0.011001s ]
INFO: [ view_filter ] --END-- [ RunTime:0.011001s ]
INFO: [ app_end ] --START--
INFO: Run Behavior\ShowPageTraceBehavior [ RunTime:0.021001s ]
INFO: [ app_end ] --END-- [ RunTime:0.021001s ]

[ 2017-07-13T16:45:08+08:00 ] 127.0.0.1 /index.php/Home/sjJoke/ajaxListJoke
INFO: [ app_init ] --START--
INFO: Run Behavior\BuildLiteBehavior [ RunTime:0.000000s ]
INFO: [ app_init ] --END-- [ RunTime:0.001000s ]
INFO: [ app_begin ] --START--
INFO: Run Behavior\ReadHtmlCacheBehavior [ RunTime:0.001000s ]
INFO: [ app_begin ] --END-- [ RunTime:0.001000s ]
NOTIC: [8] Undefined index: author D:\phpStudy\WWW\haozi\Application\Home\Controller\SjJokeController.class.php 第 50 行.
NOTIC: [8] Undefined index: datetime1 D:\phpStudy\WWW\haozi\Application\Home\Controller\SjJokeController.class.php 第 51 行.
NOTIC: [8] Undefined index: datetime2 D:\phpStudy\WWW\haozi\Application\Home\Controller\SjJokeController.class.php 第 52 行.
SQL: SHOW COLUMNS FROM `hwh_joke` [ RunTime:0.0030s ]
SQL: SELECT COUNT(*) AS tp_count FROM `hwh_joke` WHERE `is_ok` = 1 LIMIT 1   [ RunTime:0.0010s ]
NOTIC: [8] Undefined index: tiaoPage D:\phpStudy\WWW\haozi\Application\Home\Controller\SjJokeController.class.php 第 90 行.
NOTIC: [8] Undefined index: tiaoPage D:\phpStudy\WWW\haozi\Application\Home\Controller\SjJokeController.class.php 第 90 行.
SQL: SELECT `id`,`author`,`img`,`content`,`like_count`,`maketime` FROM `hwh_joke` WHERE `is_ok` = 1 ORDER BY maketime desc LIMIT 0,5   [ RunTime:0.0000s ]

[ 2017-07-13T16:52:45+08:00 ] 127.0.0.1 /index.php/Home/sjJoke/likes
INFO: [ app_init ] --START--
INFO: Run Behavior\BuildLiteBehavior [ RunTime:0.000000s ]
INFO: [ app_init ] --END-- [ RunTime:0.001000s ]
INFO: [ app_begin ] --START--
INFO: Run Behavior\ReadHtmlCacheBehavior [ RunTime:0.001000s ]
INFO: [ app_begin ] --END-- [ RunTime:0.001000s ]
SQL: select id from hwh_joke_like where FROM_UNIXTIME(create_date, '%Y-%m-%d') = curdate() and uid = '127.0.0.1' and joke_id = 1 [ RunTime:0.0010s ]
SQL: SHOW COLUMNS FROM `hwh_joke_like` [ RunTime:0.0040s ]
SQL: INSERT INTO `hwh_joke_like` (`uid`,`joke_id`,`create_date`) VALUES ('127.0.0.1','1','1499935965') [ RunTime:0.0000s ]
SQL: update hwh_joke set like_count = (CASE WHEN like_count IS NULL THEN 1 ELSE like_count + 1 END) where id = 1 [ RunTime:0.0010s ]

[ 2017-07-13T16:57:36+08:00 ] 127.0.0.1 /index.php/Home/sjArticle/detailArti
INFO: [ app_init ] --START--
INFO: Run Behavior\BuildLiteBehavior [ RunTime:0.000000s ]
INFO: [ app_init ] --END-- [ RunTime:0.000000s ]
INFO: [ app_begin ] --START--
INFO: Run Behavior\ReadHtmlCacheBehavior [ RunTime:0.001000s ]
INFO: [ app_begin ] --END-- [ RunTime:0.001000s ]
NOTIC: [8] Undefined index: id D:\phpStudy\WWW\haozi\Application\Home\Controller\SjArticleController.class.php 第 14 行.
SQL: SHOW COLUMNS FROM `hwh_article` [ RunTime:0.0030s ]
ERR: SQLSTATE[42000]: Syntax error or access violation: 1064 You have an error in your SQL syntax; check the manual that corresponds to your MySQL server version for the right syntax to use near ') LIMIT 1' at line 1

[ 2017-07-13T16:58:04+08:00 ] 127.0.0.1 /index.php/Home/sjArticle/detailArti
INFO: [ app_init ] --START--
INFO: Run Behavior\BuildLiteBehavior [ RunTime:0.000000s ]
INFO: [ app_init ] --END-- [ RunTime:0.001000s ]
INFO: [ app_begin ] --START--
INFO: Run Behavior\ReadHtmlCacheBehavior [ RunTime:0.000000s ]
INFO: [ app_begin ] --END-- [ RunTime:0.000000s ]
NOTIC: [8] Undefined index: id D:\phpStudy\WWW\haozi\Application\Home\Controller\SjArticleController.class.php 第 14 行.
SQL: SHOW COLUMNS FROM `hwh_article` [ RunTime:0.0030s ]
ERR: SQLSTATE[42000]: Syntax error or access violation: 1064 You have an error in your SQL syntax; check the manual that corresponds to your MySQL server version for the right syntax to use near ') LIMIT 1' at line 1

[ 2017-07-13T16:58:50+08:00 ] 127.0.0.1 /index.php/Home/sjArticle/detailArti
INFO: [ app_init ] --START--
INFO: Run Behavior\BuildLiteBehavior [ RunTime:0.000000s ]
INFO: [ app_init ] --END-- [ RunTime:0.000000s ]
INFO: [ app_begin ] --START--
INFO: Run Behavior\ReadHtmlCacheBehavior [ RunTime:0.000000s ]
INFO: [ app_begin ] --END-- [ RunTime:0.000000s ]
NOTIC: [8] Undefined index: id D:\phpStudy\WWW\haozi\Application\Home\Controller\SjArticleController.class.php 第 14 行.
SQL: SHOW COLUMNS FROM `hwh_article` [ RunTime:0.0030s ]
ERR: SQLSTATE[42000]: Syntax error or access violation: 1064 You have an error in your SQL syntax; check the manual that corresponds to your MySQL server version for the right syntax to use near ') LIMIT 1' at line 1

[ 2017-07-13T16:58:51+08:00 ] 127.0.0.1 /index.php/Home/sjArticle/detailArti
INFO: [ app_init ] --START--
INFO: Run Behavior\BuildLiteBehavior [ RunTime:0.000000s ]
INFO: [ app_init ] --END-- [ RunTime:0.001000s ]
INFO: [ app_begin ] --START--
INFO: Run Behavior\ReadHtmlCacheBehavior [ RunTime:0.000000s ]
INFO: [ app_begin ] --END-- [ RunTime:0.000000s ]
NOTIC: [8] Undefined index: id D:\phpStudy\WWW\haozi\Application\Home\Controller\SjArticleController.class.php 第 14 行.
SQL: SHOW COLUMNS FROM `hwh_article` [ RunTime:0.0030s ]
ERR: SQLSTATE[42000]: Syntax error or access violation: 1064 You have an error in your SQL syntax; check the manual that corresponds to your MySQL server version for the right syntax to use near ') LIMIT 1' at line 1

[ 2017-07-13T16:58:55+08:00 ] 127.0.0.1 /index.php/Home/sjArticle/detailArti
INFO: [ app_init ] --START--
INFO: Run Behavior\BuildLiteBehavior [ RunTime:0.000000s ]
INFO: [ app_init ] --END-- [ RunTime:0.001000s ]
INFO: [ app_begin ] --START--
INFO: Run Behavior\ReadHtmlCacheBehavior [ RunTime:0.000000s ]
INFO: [ app_begin ] --END-- [ RunTime:0.000000s ]
NOTIC: [8] Undefined index: id D:\phpStudy\WWW\haozi\Application\Home\Controller\SjArticleController.class.php 第 14 行.
SQL: SHOW COLUMNS FROM `hwh_article` [ RunTime:0.0030s ]
ERR: SQLSTATE[42000]: Syntax error or access violation: 1064 You have an error in your SQL syntax; check the manual that corresponds to your MySQL server version for the right syntax to use near ') LIMIT 1' at line 1

[ 2017-07-13T16:59:05+08:00 ] 127.0.0.1 /index.php/Home/sjArticle/detailArti
INFO: [ app_init ] --START--
INFO: Run Behavior\BuildLiteBehavior [ RunTime:0.000000s ]
INFO: [ app_init ] --END-- [ RunTime:0.001000s ]
INFO: [ app_begin ] --START--
INFO: Run Behavior\ReadHtmlCacheBehavior [ RunTime:0.001000s ]
INFO: [ app_begin ] --END-- [ RunTime:0.001000s ]

[ 2017-07-13T16:59:21+08:00 ] 127.0.0.1 /index.php/Home/sjArticle/detailArti?id=1
INFO: [ app_init ] --START--
INFO: Run Behavior\BuildLiteBehavior [ RunTime:0.000000s ]
INFO: [ app_init ] --END-- [ RunTime:0.000000s ]
INFO: [ app_begin ] --START--
INFO: Run Behavior\ReadHtmlCacheBehavior [ RunTime:0.001000s ]
INFO: [ app_begin ] --END-- [ RunTime:0.001000s ]
SQL: SHOW COLUMNS FROM `hwh_article` [ RunTime:0.0030s ]
SQL: SELECT * FROM `hwh_article` WHERE ( id=1 ) LIMIT 1   [ RunTime:0.0000s ]
SQL: update hwh_article set view_count=(CASE WHEN view_count IS NULL THEN 1 ELSE view_count+1 END) where id = 1 [ RunTime:0.0010s ]
SQL: SHOW COLUMNS FROM `hwh_article` [ RunTime:0.0030s ]
SQL: SELECT `id`,`title` FROM `hwh_article` WHERE `id` < '1' AND `is_ok` = 1 ORDER BY id desc LIMIT 1   [ RunTime:0.0000s ]
SQL: SELECT `id`,`title` FROM `hwh_article` WHERE `id` > '1' AND `is_ok` = 1 ORDER BY id asc LIMIT 1   [ RunTime:0.0000s ]

[ 2017-07-13T17:01:04+08:00 ] 127.0.0.1 /index.php/Home/sjArticle/ajaxListArti
INFO: [ app_init ] --START--
INFO: Run Behavior\BuildLiteBehavior [ RunTime:0.000000s ]
INFO: [ app_init ] --END-- [ RunTime:0.000000s ]
INFO: [ app_begin ] --START--
INFO: Run Behavior\ReadHtmlCacheBehavior [ RunTime:0.000000s ]
INFO: [ app_begin ] --END-- [ RunTime:0.000000s ]
NOTIC: [8] Undefined index: author D:\phpStudy\WWW\haozi\Application\Home\Controller\SjArticleController.class.php 第 49 行.
NOTIC: [8] Undefined index: title D:\phpStudy\WWW\haozi\Application\Home\Controller\SjArticleController.class.php 第 50 行.
NOTIC: [8] Undefined index: datetime1 D:\phpStudy\WWW\haozi\Application\Home\Controller\SjArticleController.class.php 第 51 行.
NOTIC: [8] Undefined index: datetime2 D:\phpStudy\WWW\haozi\Application\Home\Controller\SjArticleController.class.php 第 52 行.
SQL: SHOW COLUMNS FROM `hwh_article` [ RunTime:0.0030s ]
SQL: SELECT COUNT(*) AS tp_count FROM `hwh_article` WHERE `is_ok` = 1 LIMIT 1   [ RunTime:0.0000s ]
NOTIC: [8] Undefined index: tiaoPage D:\phpStudy\WWW\haozi\Application\Home\Controller\SjArticleController.class.php 第 95 行.
NOTIC: [8] Undefined index: tiaoPage D:\phpStudy\WWW\haozi\Application\Home\Controller\SjArticleController.class.php 第 95 行.
SQL: SELECT * FROM `hwh_article` WHERE `is_ok` = 1 ORDER BY create_date desc LIMIT 0,5   [ RunTime:0.0000s ]
NOTIC: [8] Undefined variable: tiaoPage D:\phpStudy\WWW\haozi\Application\Home\Controller\SjArticleController.class.php 第 118 行.

[ 2017-07-13T17:02:00+08:00 ] 127.0.0.1 /index.php/Home/sjArticle/ajaxListArti
INFO: [ app_init ] --START--
INFO: Run Behavior\BuildLiteBehavior [ RunTime:0.000000s ]
INFO: [ app_init ] --END-- [ RunTime:0.000000s ]
INFO: [ app_begin ] --START--
INFO: Run Behavior\ReadHtmlCacheBehavior [ RunTime:0.001000s ]
INFO: [ app_begin ] --END-- [ RunTime:0.001000s ]
NOTIC: [8] Undefined index: author D:\phpStudy\WWW\haozi\Application\Home\Controller\SjArticleController.class.php 第 49 行.
NOTIC: [8] Undefined index: title D:\phpStudy\WWW\haozi\Application\Home\Controller\SjArticleController.class.php 第 50 行.
NOTIC: [8] Undefined index: datetime1 D:\phpStudy\WWW\haozi\Application\Home\Controller\SjArticleController.class.php 第 51 行.
NOTIC: [8] Undefined index: datetime2 D:\phpStudy\WWW\haozi\Application\Home\Controller\SjArticleController.class.php 第 52 行.
SQL: SHOW COLUMNS FROM `hwh_article` [ RunTime:0.0030s ]
SQL: SELECT COUNT(*) AS tp_count FROM `hwh_article` WHERE `is_ok` = 1 LIMIT 1   [ RunTime:0.0000s ]
NOTIC: [8] Undefined index: tiaoPage D:\phpStudy\WWW\haozi\Application\Home\Controller\SjArticleController.class.php 第 95 行.
NOTIC: [8] Undefined index: tiaoPage D:\phpStudy\WWW\haozi\Application\Home\Controller\SjArticleController.class.php 第 95 行.
SQL: SELECT * FROM `hwh_article` WHERE `is_ok` = 1 ORDER BY create_date desc LIMIT 0,5   [ RunTime:0.0000s ]
NOTIC: [8] Undefined variable: tiaoPage D:\phpStudy\WWW\haozi\Application\Home\Controller\SjArticleController.class.php 第 118 行.

[ 2017-07-13T17:06:33+08:00 ] 127.0.0.1 /index.php/Home/sjArticle/addComment
INFO: [ app_init ] --START--
INFO: Run Behavior\BuildLiteBehavior [ RunTime:0.000000s ]
INFO: [ app_init ] --END-- [ RunTime:0.001000s ]
INFO: [ app_begin ] --START--
INFO: Run Behavior\ReadHtmlCacheBehavior [ RunTime:0.000000s ]
INFO: [ app_begin ] --END-- [ RunTime:0.000000s ]
NOTIC: [8] Undefined index: commentId D:\phpStudy\WWW\haozi\Application\Home\Controller\SjArticleController.class.php 第 132 行.
ERR: Think\Controller:errmsg方法不存在！

[ 2017-07-13T17:31:38+08:00 ] 127.0.0.1 /index.php/Home/sjArticle/addComment
INFO: [ app_init ] --START--
INFO: Run Behavior\BuildLiteBehavior [ RunTime:0.000000s ]
INFO: [ app_init ] --END-- [ RunTime:0.000000s ]
INFO: [ app_begin ] --START--
INFO: Run Behavior\ReadHtmlCacheBehavior [ RunTime:0.001000s ]
INFO: [ app_begin ] --END-- [ RunTime:0.001000s ]
NOTIC: [8] Undefined index: article_id D:\phpStudy\WWW\haozi\Application\Home\Controller\SjArticleController.class.php 第 130 行.
NOTIC: [8] Undefined index: content D:\phpStudy\WWW\haozi\Application\Home\Controller\SjArticleController.class.php 第 131 行.
NOTIC: [8] Undefined index: commentId D:\phpStudy\WWW\haozi\Application\Home\Controller\SjArticleController.class.php 第 132 行.

[ 2017-07-13T17:33:16+08:00 ] 127.0.0.1 /index.php/Home/sjArticle/addComment
INFO: [ app_init ] --START--
INFO: Run Behavior\BuildLiteBehavior [ RunTime:0.000000s ]
INFO: [ app_init ] --END-- [ RunTime:0.000000s ]
INFO: [ app_begin ] --START--
INFO: Run Behavior\ReadHtmlCacheBehavior [ RunTime:0.000000s ]
INFO: [ app_begin ] --END-- [ RunTime:0.000000s ]
NOTIC: [8] Undefined index: article_id D:\phpStudy\WWW\haozi\Application\Home\Controller\SjArticleController.class.php 第 130 行.
NOTIC: [8] Undefined index: content D:\phpStudy\WWW\haozi\Application\Home\Controller\SjArticleController.class.php 第 131 行.
NOTIC: [8] Undefined index: commentId D:\phpStudy\WWW\haozi\Application\Home\Controller\SjArticleController.class.php 第 132 行.

[ 2017-07-13T17:33:49+08:00 ] 127.0.0.1 /index.php/Home/sjArticle/ajaxCommentArti
INFO: [ app_init ] --START--
INFO: Run Behavior\BuildLiteBehavior [ RunTime:0.000000s ]
INFO: [ app_init ] --END-- [ RunTime:0.000000s ]
INFO: [ app_begin ] --START--
INFO: Run Behavior\ReadHtmlCacheBehavior [ RunTime:0.001000s ]
INFO: [ app_begin ] --END-- [ RunTime:0.001000s ]
SQL: SHOW COLUMNS FROM `hwh_article_comment` [ RunTime:0.0050s ]
SQL: SELECT COUNT(*) AS tp_count FROM `hwh_article_comment` WHERE `article_id` = 1 AND `parent_id` = 0 AND `state` = 1 LIMIT 1   [ RunTime:0.0000s ]
NOTIC: [8] Undefined index: tiaoPage D:\phpStudy\WWW\haozi\Application\Home\Controller\SjArticleController.class.php 第 214 行.
NOTIC: [8] Undefined index: tiaoPage D:\phpStudy\WWW\haozi\Application\Home\Controller\SjArticleController.class.php 第 214 行.
SQL: SELECT hwh_article_comment.id,hwh_article_comment.content,hwh_article_comment.create_date,hwh_user.nickname,hwh_user.u_img FROM `hwh_article_comment` LEFT JOIN hwh_user ON hwh_user.id = hwh_article_comment.uid  WHERE hwh_article_comment.article_id = '1' AND hwh_article_comment.state = 1 AND hwh_article_comment.parent_id = 0 ORDER BY hwh_article_comment.create_date desc LIMIT 0,5   [ RunTime:0.0010s ]
SQL: SELECT hwh_article_comment.content,hwh_article_comment.create_date,hwh_user.nickname,hwh_user.u_img FROM `hwh_article_comment` LEFT JOIN hwh_user ON hwh_user.id = hwh_article_comment.uid  WHERE hwh_article_comment.state = 1 AND hwh_article_comment.parent_id = '33'  [ RunTime:0.0000s ]
NOTIC: [8] Undefined index: towList D:\phpStudy\WWW\haozi\Application\Home\Controller\SjArticleController.class.php 第 252 行.
NOTIC: [2] Invalid argument supplied for foreach() D:\phpStudy\WWW\haozi\Application\Home\Controller\SjArticleController.class.php 第 252 行.
SQL: SELECT hwh_article_comment.content,hwh_article_comment.create_date,hwh_user.nickname,hwh_user.u_img FROM `hwh_article_comment` LEFT JOIN hwh_user ON hwh_user.id = hwh_article_comment.uid  WHERE hwh_article_comment.state = 1 AND hwh_article_comment.parent_id = '32'  [ RunTime:0.0010s ]
NOTIC: [8] Undefined index: towList D:\phpStudy\WWW\haozi\Application\Home\Controller\SjArticleController.class.php 第 252 行.
NOTIC: [2] Invalid argument supplied for foreach() D:\phpStudy\WWW\haozi\Application\Home\Controller\SjArticleController.class.php 第 252 行.
SQL: SELECT hwh_article_comment.content,hwh_article_comment.create_date,hwh_user.nickname,hwh_user.u_img FROM `hwh_article_comment` LEFT JOIN hwh_user ON hwh_user.id = hwh_article_comment.uid  WHERE hwh_article_comment.state = 1 AND hwh_article_comment.parent_id = '31'  [ RunTime:0.0000s ]
NOTIC: [8] Undefined index: towList D:\phpStudy\WWW\haozi\Application\Home\Controller\SjArticleController.class.php 第 252 行.
NOTIC: [2] Invalid argument supplied for foreach() D:\phpStudy\WWW\haozi\Application\Home\Controller\SjArticleController.class.php 第 252 行.
SQL: SELECT hwh_article_comment.content,hwh_article_comment.create_date,hwh_user.nickname,hwh_user.u_img FROM `hwh_article_comment` LEFT JOIN hwh_user ON hwh_user.id = hwh_article_comment.uid  WHERE hwh_article_comment.state = 1 AND hwh_article_comment.parent_id = '28'  [ RunTime:0.0000s ]
NOTIC: [8] Undefined index: towList D:\phpStudy\WWW\haozi\Application\Home\Controller\SjArticleController.class.php 第 252 行.
NOTIC: [2] Invalid argument supplied for foreach() D:\phpStudy\WWW\haozi\Application\Home\Controller\SjArticleController.class.php 第 252 行.

