[ 2017-07-19T10:37:52+08:00 ] 127.0.0.1 /indexWx.php
INFO: [ app_init ] --START--
INFO: Run Behavior\BuildLiteBehavior [ RunTime:0.000000s ]
INFO: [ app_init ] --END-- [ RunTime:0.011000s ]
INFO: [ app_begin ] --START--
INFO: Run Behavior\ReadHtmlCacheBehavior [ RunTime:0.002001s ]
INFO: [ app_begin ] --END-- [ RunTime:0.002001s ]
SQL: select * from hwh_yulu where is_ok = 1 order by id desc limit 5 [ RunTime:0.0170s ]
SQL: SHOW COLUMNS FROM `hwh_joke` [ RunTime:0.0460s ]
SQL: SELECT * FROM `hwh_joke` WHERE ( is_ok=1 ) ORDER BY maketime desc LIMIT 5   [ RunTime:0.0010s ]
SQL: SHOW COLUMNS FROM `hwh_article` [ RunTime:0.0340s ]
SQL: SELECT * FROM `hwh_article` WHERE ( is_ok=1 ) ORDER BY create_date desc LIMIT 8   [ RunTime:0.0130s ]
SQL: SHOW COLUMNS FROM `hwh_user_photo` [ RunTime:0.0360s ]
SQL: SELECT `uid` FROM `hwh_user_photo` WHERE ( is_ok=1 )  [ RunTime:0.0040s ]
SQL: SHOW COLUMNS FROM `hwh_user` [ RunTime:0.0350s ]
SQL: SELECT * FROM `hwh_user` WHERE `id` IN ('1') ORDER BY regist_time desc LIMIT 5   [ RunTime:0.0010s ]
SQL: SELECT * FROM `hwh_article` WHERE `is_recommend` = 1 AND `is_ok` = 1 ORDER BY create_date desc LIMIT 1   [ RunTime:0.0010s ]
INFO: [ view_parse ] --START--
INFO: [ template_filter ] --START--
INFO: Run Behavior\ContentReplaceBehavior [ RunTime:0.000000s ]
INFO: [ template_filter ] --END-- [ RunTime:0.000000s ]
INFO: Run Behavior\ParseTemplateBehavior [ RunTime:0.112006s ]
INFO: [ view_parse ] --END-- [ RunTime:0.112006s ]
INFO: [ view_filter ] --START--
INFO: Run Behavior\WriteHtmlCacheBehavior [ RunTime:0.009001s ]
INFO: [ view_filter ] --END-- [ RunTime:0.010001s ]
INFO: [ app_end ] --START--
INFO: Run Behavior\ShowPageTraceBehavior [ RunTime:0.010001s ]
INFO: [ app_end ] --END-- [ RunTime:0.011001s ]

[ 2017-07-19T10:42:31+08:00 ] 127.0.0.1 /indexWx.php/home/api/api
INFO: [ app_init ] --START--
INFO: Run Behavior\BuildLiteBehavior [ RunTime:0.000000s ]
INFO: [ app_init ] --END-- [ RunTime:0.000000s ]
INFO: [ app_begin ] --START--
INFO: Run Behavior\ReadHtmlCacheBehavior [ RunTime:0.000000s ]
INFO: [ app_begin ] --END-- [ RunTime:0.000000s ]
ERR: 无法加载控制器:Api

[ 2017-07-19T10:43:02+08:00 ] 127.0.0.1 /indexWx.php/home/api/api
INFO: [ app_init ] --START--
INFO: Run Behavior\BuildLiteBehavior [ RunTime:0.000000s ]
INFO: [ app_init ] --END-- [ RunTime:0.001000s ]
INFO: [ app_begin ] --START--
INFO: Run Behavior\ReadHtmlCacheBehavior [ RunTime:0.001000s ]
INFO: [ app_begin ] --END-- [ RunTime:0.001000s ]
ERR: 无法加载控制器:Api

[ 2017-07-19T10:43:05+08:00 ] 127.0.0.1 /indexWx.php/home/api/api
INFO: [ app_init ] --START--
INFO: Run Behavior\BuildLiteBehavior [ RunTime:0.000000s ]
INFO: [ app_init ] --END-- [ RunTime:0.001000s ]
INFO: [ app_begin ] --START--
INFO: Run Behavior\ReadHtmlCacheBehavior [ RunTime:0.001000s ]
INFO: [ app_begin ] --END-- [ RunTime:0.001000s ]
ERR: 无法加载控制器:Api

[ 2017-07-19T10:43:33+08:00 ] 127.0.0.1 /indexWx.php/home/index/index
INFO: [ app_init ] --START--
INFO: Run Behavior\BuildLiteBehavior [ RunTime:0.000000s ]
INFO: [ app_init ] --END-- [ RunTime:0.000000s ]
INFO: [ app_begin ] --START--
INFO: Run Behavior\ReadHtmlCacheBehavior [ RunTime:0.001000s ]
INFO: [ app_begin ] --END-- [ RunTime:0.001000s ]
SQL: select * from hwh_yulu where is_ok = 1 order by id desc limit 5 [ RunTime:0.0000s ]
SQL: SHOW COLUMNS FROM `hwh_joke` [ RunTime:0.0030s ]
SQL: SELECT * FROM `hwh_joke` WHERE ( is_ok=1 ) ORDER BY maketime desc LIMIT 5   [ RunTime:0.0000s ]
SQL: SHOW COLUMNS FROM `hwh_article` [ RunTime:0.0020s ]
SQL: SELECT * FROM `hwh_article` WHERE ( is_ok=1 ) ORDER BY create_date desc LIMIT 8   [ RunTime:0.0010s ]
SQL: SHOW COLUMNS FROM `hwh_user_photo` [ RunTime:0.0020s ]
SQL: SELECT `uid` FROM `hwh_user_photo` WHERE ( is_ok=1 )  [ RunTime:0.0000s ]
SQL: SHOW COLUMNS FROM `hwh_user` [ RunTime:0.0030s ]
SQL: SELECT * FROM `hwh_user` WHERE `id` IN ('1') ORDER BY regist_time desc LIMIT 5   [ RunTime:0.0000s ]
SQL: SELECT * FROM `hwh_article` WHERE `is_recommend` = 1 AND `is_ok` = 1 ORDER BY create_date desc LIMIT 1   [ RunTime:0.0000s ]
INFO: [ view_parse ] --START--
INFO: [ template_filter ] --START--
INFO: Run Behavior\ContentReplaceBehavior [ RunTime:0.000000s ]
INFO: [ template_filter ] --END-- [ RunTime:0.000000s ]
INFO: Run Behavior\ParseTemplateBehavior [ RunTime:0.006001s ]
INFO: [ view_parse ] --END-- [ RunTime:0.006001s ]
INFO: [ view_filter ] --START--
INFO: Run Behavior\WriteHtmlCacheBehavior [ RunTime:0.001000s ]
INFO: [ view_filter ] --END-- [ RunTime:0.001000s ]
INFO: [ app_end ] --START--
INFO: Run Behavior\ShowPageTraceBehavior [ RunTime:0.000000s ]
INFO: [ app_end ] --END-- [ RunTime:0.000000s ]

[ 2017-07-19T10:43:40+08:00 ] 127.0.0.1 /indexWx.php/
INFO: [ app_init ] --START--
INFO: Run Behavior\BuildLiteBehavior [ RunTime:0.000000s ]
INFO: [ app_init ] --END-- [ RunTime:0.000000s ]
INFO: [ app_begin ] --START--
INFO: Run Behavior\ReadHtmlCacheBehavior [ RunTime:0.000000s ]
INFO: [ app_begin ] --END-- [ RunTime:0.000000s ]
SQL: select * from hwh_yulu where is_ok = 1 order by id desc limit 5 [ RunTime:0.0000s ]
SQL: SHOW COLUMNS FROM `hwh_joke` [ RunTime:0.0040s ]
SQL: SELECT * FROM `hwh_joke` WHERE ( is_ok=1 ) ORDER BY maketime desc LIMIT 5   [ RunTime:0.0000s ]
SQL: SHOW COLUMNS FROM `hwh_article` [ RunTime:0.0030s ]
SQL: SELECT * FROM `hwh_article` WHERE ( is_ok=1 ) ORDER BY create_date desc LIMIT 8   [ RunTime:0.0010s ]
SQL: SHOW COLUMNS FROM `hwh_user_photo` [ RunTime:0.0030s ]
SQL: SELECT `uid` FROM `hwh_user_photo` WHERE ( is_ok=1 )  [ RunTime:0.0000s ]
SQL: SHOW COLUMNS FROM `hwh_user` [ RunTime:0.0030s ]
SQL: SELECT * FROM `hwh_user` WHERE `id` IN ('1') ORDER BY regist_time desc LIMIT 5   [ RunTime:0.0000s ]
SQL: SELECT * FROM `hwh_article` WHERE `is_recommend` = 1 AND `is_ok` = 1 ORDER BY create_date desc LIMIT 1   [ RunTime:0.0000s ]
INFO: [ view_parse ] --START--
INFO: [ template_filter ] --START--
INFO: Run Behavior\ContentReplaceBehavior [ RunTime:0.000000s ]
INFO: [ template_filter ] --END-- [ RunTime:0.000000s ]
INFO: Run Behavior\ParseTemplateBehavior [ RunTime:0.007001s ]
INFO: [ view_parse ] --END-- [ RunTime:0.007001s ]
INFO: [ view_filter ] --START--
INFO: Run Behavior\WriteHtmlCacheBehavior [ RunTime:0.000000s ]
INFO: [ view_filter ] --END-- [ RunTime:0.000000s ]
INFO: [ app_end ] --START--
INFO: Run Behavior\ShowPageTraceBehavior [ RunTime:0.001000s ]
INFO: [ app_end ] --END-- [ RunTime:0.001000s ]

[ 2017-07-19T14:14:59+08:00 ] 127.0.0.1 /
INFO: [ app_init ] --START--
INFO: Run Behavior\BuildLiteBehavior [ RunTime:0.000000s ]
INFO: [ app_init ] --END-- [ RunTime:0.000000s ]
INFO: [ app_begin ] --START--
INFO: Run Behavior\ReadHtmlCacheBehavior [ RunTime:0.001000s ]
INFO: [ app_begin ] --END-- [ RunTime:0.001000s ]
SQL: select * from hwh_yulu where is_ok = 1 order by id desc limit 5 [ RunTime:0.0010s ]
SQL: SHOW COLUMNS FROM `hwh_joke` [ RunTime:0.0030s ]
SQL: SELECT * FROM `hwh_joke` WHERE ( is_ok=1 ) ORDER BY maketime desc LIMIT 5   [ RunTime:0.0000s ]
SQL: SHOW COLUMNS FROM `hwh_article` [ RunTime:0.0030s ]
SQL: SELECT * FROM `hwh_article` WHERE ( is_ok=1 ) ORDER BY create_date desc LIMIT 8   [ RunTime:0.0000s ]
SQL: SHOW COLUMNS FROM `hwh_user_photo` [ RunTime:0.0030s ]
SQL: SELECT `uid` FROM `hwh_user_photo` WHERE ( is_ok=1 )  [ RunTime:0.0000s ]
SQL: SHOW COLUMNS FROM `hwh_user` [ RunTime:0.0030s ]
SQL: SELECT * FROM `hwh_user` WHERE `id` IN ('1') ORDER BY regist_time desc LIMIT 5   [ RunTime:0.0000s ]
SQL: SELECT * FROM `hwh_article` WHERE `is_recommend` = 1 AND `is_ok` = 1 ORDER BY create_date desc LIMIT 1   [ RunTime:0.0000s ]
INFO: [ view_parse ] --START--
INFO: [ template_filter ] --START--
INFO: Run Behavior\ContentReplaceBehavior [ RunTime:0.000000s ]
INFO: [ template_filter ] --END-- [ RunTime:0.000000s ]
INFO: Run Behavior\ParseTemplateBehavior [ RunTime:0.007000s ]
INFO: [ view_parse ] --END-- [ RunTime:0.007000s ]
INFO: [ view_filter ] --START--
INFO: Run Behavior\WriteHtmlCacheBehavior [ RunTime:0.001000s ]
INFO: [ view_filter ] --END-- [ RunTime:0.001000s ]
INFO: [ app_end ] --START--
INFO: Run Behavior\ShowPageTraceBehavior [ RunTime:0.000000s ]
INFO: [ app_end ] --END-- [ RunTime:0.000000s ]

[ 2017-07-19T14:15:03+08:00 ] 127.0.0.1 /index.php/
INFO: [ app_init ] --START--
INFO: Run Behavior\BuildLiteBehavior [ RunTime:0.000000s ]
INFO: [ app_init ] --END-- [ RunTime:0.001000s ]
INFO: [ app_begin ] --START--
INFO: Run Behavior\ReadHtmlCacheBehavior [ RunTime:0.000000s ]
INFO: [ app_begin ] --END-- [ RunTime:0.000000s ]
SQL: select * from hwh_yulu where is_ok = 1 order by id desc limit 5 [ RunTime:0.0000s ]
SQL: SHOW COLUMNS FROM `hwh_joke` [ RunTime:0.0030s ]
SQL: SELECT * FROM `hwh_joke` WHERE ( is_ok=1 ) ORDER BY maketime desc LIMIT 5   [ RunTime:0.0010s ]
SQL: SHOW COLUMNS FROM `hwh_article` [ RunTime:0.0030s ]
SQL: SELECT * FROM `hwh_article` WHERE ( is_ok=1 ) ORDER BY create_date desc LIMIT 8   [ RunTime:0.0000s ]
SQL: SHOW COLUMNS FROM `hwh_user_photo` [ RunTime:0.0030s ]
SQL: SELECT `uid` FROM `hwh_user_photo` WHERE ( is_ok=1 )  [ RunTime:0.0000s ]
SQL: SHOW COLUMNS FROM `hwh_user` [ RunTime:0.0030s ]
SQL: SELECT * FROM `hwh_user` WHERE `id` IN ('1') ORDER BY regist_time desc LIMIT 5   [ RunTime:0.0000s ]
SQL: SELECT * FROM `hwh_article` WHERE `is_recommend` = 1 AND `is_ok` = 1 ORDER BY create_date desc LIMIT 1   [ RunTime:0.0000s ]
INFO: [ view_parse ] --START--
INFO: [ template_filter ] --START--
INFO: Run Behavior\ContentReplaceBehavior [ RunTime:0.000000s ]
INFO: [ template_filter ] --END-- [ RunTime:0.000000s ]
INFO: Run Behavior\ParseTemplateBehavior [ RunTime:0.007001s ]
INFO: [ view_parse ] --END-- [ RunTime:0.007001s ]
INFO: [ view_filter ] --START--
INFO: Run Behavior\WriteHtmlCacheBehavior [ RunTime:0.000000s ]
INFO: [ view_filter ] --END-- [ RunTime:0.000000s ]
INFO: [ app_end ] --START--
INFO: Run Behavior\ShowPageTraceBehavior [ RunTime:0.000000s ]
INFO: [ app_end ] --END-- [ RunTime:0.000000s ]

[ 2017-07-19T14:16:58+08:00 ] 127.0.0.1 /index.php/
INFO: [ app_init ] --START--
INFO: Run Behavior\BuildLiteBehavior [ RunTime:0.000000s ]
INFO: [ app_init ] --END-- [ RunTime:0.001000s ]
INFO: [ app_begin ] --START--
INFO: Run Behavior\ReadHtmlCacheBehavior [ RunTime:0.001000s ]
INFO: [ app_begin ] --END-- [ RunTime:0.001000s ]
SQL: select * from hwh_yulu where is_ok = 1 order by id desc limit 5 [ RunTime:0.0000s ]
SQL: SHOW COLUMNS FROM `hwh_joke` [ RunTime:0.0050s ]
SQL: SELECT * FROM `hwh_joke` WHERE ( is_ok=1 ) ORDER BY maketime desc LIMIT 5   [ RunTime:0.0000s ]
SQL: SHOW COLUMNS FROM `hwh_article` [ RunTime:0.0030s ]
SQL: SELECT * FROM `hwh_article` WHERE ( is_ok=1 ) ORDER BY create_date desc LIMIT 8   [ RunTime:0.0000s ]
SQL: SHOW COLUMNS FROM `hwh_user_photo` [ RunTime:0.0030s ]
SQL: SELECT `uid` FROM `hwh_user_photo` WHERE ( is_ok=1 )  [ RunTime:0.0000s ]
SQL: SHOW COLUMNS FROM `hwh_user` [ RunTime:0.0030s ]
SQL: SELECT * FROM `hwh_user` WHERE `id` IN ('1') ORDER BY regist_time desc LIMIT 5   [ RunTime:0.0000s ]
SQL: SELECT * FROM `hwh_article` WHERE `is_recommend` = 1 AND `is_ok` = 1 ORDER BY create_date desc LIMIT 1   [ RunTime:0.0000s ]
INFO: [ view_parse ] --START--
INFO: [ template_filter ] --START--
INFO: Run Behavior\ContentReplaceBehavior [ RunTime:0.000000s ]
INFO: [ template_filter ] --END-- [ RunTime:0.000000s ]
INFO: Run Behavior\ParseTemplateBehavior [ RunTime:0.008000s ]
INFO: [ view_parse ] --END-- [ RunTime:0.008000s ]
INFO: [ view_filter ] --START--
INFO: Run Behavior\WriteHtmlCacheBehavior [ RunTime:0.001001s ]
INFO: [ view_filter ] --END-- [ RunTime:0.001001s ]
INFO: [ app_end ] --START--
INFO: Run Behavior\ShowPageTraceBehavior [ RunTime:0.001000s ]
INFO: [ app_end ] --END-- [ RunTime:0.001000s ]

[ 2017-07-19T14:20:15+08:00 ] 127.0.0.1 /index.php/
INFO: [ app_init ] --START--
INFO: Run Behavior\BuildLiteBehavior [ RunTime:0.000000s ]
INFO: [ app_init ] --END-- [ RunTime:0.001000s ]
INFO: [ app_begin ] --START--
INFO: Run Behavior\ReadHtmlCacheBehavior [ RunTime:0.001000s ]
INFO: [ app_begin ] --END-- [ RunTime:0.001000s ]
SQL: select * from hwh_yulu where is_ok = 1 order by id desc limit 5 [ RunTime:0.0000s ]
SQL: SHOW COLUMNS FROM `hwh_joke` [ RunTime:0.0030s ]
SQL: SELECT * FROM `hwh_joke` WHERE ( is_ok=1 ) ORDER BY maketime desc LIMIT 5   [ RunTime:0.0000s ]
SQL: SHOW COLUMNS FROM `hwh_article` [ RunTime:0.0030s ]
SQL: SELECT * FROM `hwh_article` WHERE ( is_ok=1 ) ORDER BY create_date desc LIMIT 8   [ RunTime:0.0000s ]
SQL: SHOW COLUMNS FROM `hwh_user_photo` [ RunTime:0.0030s ]
SQL: SELECT `uid` FROM `hwh_user_photo` WHERE ( is_ok=1 )  [ RunTime:0.0000s ]
SQL: SHOW COLUMNS FROM `hwh_user` [ RunTime:0.0020s ]
SQL: SELECT * FROM `hwh_user` WHERE `id` IN ('1') ORDER BY regist_time desc LIMIT 5   [ RunTime:0.0000s ]
SQL: SELECT * FROM `hwh_article` WHERE `is_recommend` = 1 AND `is_ok` = 1 ORDER BY create_date desc LIMIT 1   [ RunTime:0.0000s ]
INFO: [ view_parse ] --START--
INFO: [ template_filter ] --START--
INFO: Run Behavior\ContentReplaceBehavior [ RunTime:0.000000s ]
INFO: [ template_filter ] --END-- [ RunTime:0.000000s ]
INFO: Run Behavior\ParseTemplateBehavior [ RunTime:0.007001s ]
INFO: [ view_parse ] --END-- [ RunTime:0.007001s ]
INFO: [ view_filter ] --START--
INFO: Run Behavior\WriteHtmlCacheBehavior [ RunTime:0.000000s ]
INFO: [ view_filter ] --END-- [ RunTime:0.000000s ]
INFO: [ app_end ] --START--
INFO: Run Behavior\ShowPageTraceBehavior [ RunTime:0.001000s ]
INFO: [ app_end ] --END-- [ RunTime:0.001000s ]

[ 2017-07-19T14:20:16+08:00 ] 127.0.0.1 /index.php/Home/Index/Public/qq_logo_7.png
INFO: [ app_init ] --START--
INFO: Run Behavior\BuildLiteBehavior [ RunTime:0.000000s ]
INFO: [ app_init ] --END-- [ RunTime:0.000000s ]

[ 2017-07-19T14:20:16+08:00 ] 127.0.0.1 /index.php/Home/Index/Public/qq_logo_7.png
INFO: [ app_init ] --START--
INFO: Run Behavior\BuildLiteBehavior [ RunTime:0.000000s ]
INFO: [ app_init ] --END-- [ RunTime:0.000000s ]

[ 2017-07-19T14:21:26+08:00 ] 127.0.0.1 /index.php/
INFO: [ app_init ] --START--
INFO: Run Behavior\BuildLiteBehavior [ RunTime:0.000000s ]
INFO: [ app_init ] --END-- [ RunTime:0.000000s ]
INFO: [ app_begin ] --START--
INFO: Run Behavior\ReadHtmlCacheBehavior [ RunTime:0.000000s ]
INFO: [ app_begin ] --END-- [ RunTime:0.000000s ]
SQL: select * from hwh_yulu where is_ok = 1 order by id desc limit 5 [ RunTime:0.0000s ]
SQL: SHOW COLUMNS FROM `hwh_joke` [ RunTime:0.0040s ]
SQL: SELECT * FROM `hwh_joke` WHERE ( is_ok=1 ) ORDER BY maketime desc LIMIT 5   [ RunTime:0.0000s ]
SQL: SHOW COLUMNS FROM `hwh_article` [ RunTime:0.0030s ]
SQL: SELECT * FROM `hwh_article` WHERE ( is_ok=1 ) ORDER BY create_date desc LIMIT 8   [ RunTime:0.0000s ]
SQL: SHOW COLUMNS FROM `hwh_user_photo` [ RunTime:0.0040s ]
SQL: SELECT `uid` FROM `hwh_user_photo` WHERE ( is_ok=1 )  [ RunTime:0.0000s ]
SQL: SHOW COLUMNS FROM `hwh_user` [ RunTime:0.0040s ]
SQL: SELECT * FROM `hwh_user` WHERE `id` IN ('1') ORDER BY regist_time desc LIMIT 5   [ RunTime:0.0010s ]
SQL: SELECT * FROM `hwh_article` WHERE `is_recommend` = 1 AND `is_ok` = 1 ORDER BY create_date desc LIMIT 1   [ RunTime:0.0000s ]
INFO: [ view_parse ] --START--
INFO: [ template_filter ] --START--
INFO: Run Behavior\ContentReplaceBehavior [ RunTime:0.000000s ]
INFO: [ template_filter ] --END-- [ RunTime:0.000000s ]
INFO: Run Behavior\ParseTemplateBehavior [ RunTime:0.009001s ]
INFO: [ view_parse ] --END-- [ RunTime:0.009001s ]
INFO: [ view_filter ] --START--
INFO: Run Behavior\WriteHtmlCacheBehavior [ RunTime:0.001000s ]
INFO: [ view_filter ] --END-- [ RunTime:0.001000s ]
INFO: [ app_end ] --START--
INFO: Run Behavior\ShowPageTraceBehavior [ RunTime:0.001000s ]
INFO: [ app_end ] --END-- [ RunTime:0.001000s ]

[ 2017-07-19T14:21:40+08:00 ] 127.0.0.1 /index.php/
INFO: [ app_init ] --START--
INFO: Run Behavior\BuildLiteBehavior [ RunTime:0.000000s ]
INFO: [ app_init ] --END-- [ RunTime:0.001000s ]
INFO: [ app_begin ] --START--
INFO: Run Behavior\ReadHtmlCacheBehavior [ RunTime:0.001000s ]
INFO: [ app_begin ] --END-- [ RunTime:0.001000s ]
SQL: select * from hwh_yulu where is_ok = 1 order by id desc limit 5 [ RunTime:0.0000s ]
SQL: SHOW COLUMNS FROM `hwh_joke` [ RunTime:0.0040s ]
SQL: SELECT * FROM `hwh_joke` WHERE ( is_ok=1 ) ORDER BY maketime desc LIMIT 5   [ RunTime:0.0000s ]
SQL: SHOW COLUMNS FROM `hwh_article` [ RunTime:0.0030s ]
SQL: SELECT * FROM `hwh_article` WHERE ( is_ok=1 ) ORDER BY create_date desc LIMIT 8   [ RunTime:0.0000s ]
SQL: SHOW COLUMNS FROM `hwh_user_photo` [ RunTime:0.0040s ]
SQL: SELECT `uid` FROM `hwh_user_photo` WHERE ( is_ok=1 )  [ RunTime:0.0000s ]
SQL: SHOW COLUMNS FROM `hwh_user` [ RunTime:0.0040s ]
SQL: SELECT * FROM `hwh_user` WHERE `id` IN ('1') ORDER BY regist_time desc LIMIT 5   [ RunTime:0.0000s ]
SQL: SELECT * FROM `hwh_article` WHERE `is_recommend` = 1 AND `is_ok` = 1 ORDER BY create_date desc LIMIT 1   [ RunTime:0.0010s ]
INFO: [ view_parse ] --START--
INFO: [ template_filter ] --START--
INFO: Run Behavior\ContentReplaceBehavior [ RunTime:0.000000s ]
INFO: [ template_filter ] --END-- [ RunTime:0.000000s ]
INFO: Run Behavior\ParseTemplateBehavior [ RunTime:0.009001s ]
INFO: [ view_parse ] --END-- [ RunTime:0.009001s ]
INFO: [ view_filter ] --START--
INFO: Run Behavior\WriteHtmlCacheBehavior [ RunTime:0.001000s ]
INFO: [ view_filter ] --END-- [ RunTime:0.001000s ]
INFO: [ app_end ] --START--
INFO: Run Behavior\ShowPageTraceBehavior [ RunTime:0.000000s ]
INFO: [ app_end ] --END-- [ RunTime:0.000000s ]

[ 2017-07-19T14:21:57+08:00 ] 127.0.0.1 /index.php/
INFO: [ app_init ] --START--
INFO: Run Behavior\BuildLiteBehavior [ RunTime:0.000000s ]
INFO: [ app_init ] --END-- [ RunTime:0.001000s ]
INFO: [ app_begin ] --START--
INFO: Run Behavior\ReadHtmlCacheBehavior [ RunTime:0.000000s ]
INFO: [ app_begin ] --END-- [ RunTime:0.000000s ]
SQL: select * from hwh_yulu where is_ok = 1 order by id desc limit 5 [ RunTime:0.0000s ]
SQL: SHOW COLUMNS FROM `hwh_joke` [ RunTime:0.0030s ]
SQL: SELECT * FROM `hwh_joke` WHERE ( is_ok=1 ) ORDER BY maketime desc LIMIT 5   [ RunTime:0.0010s ]
SQL: SHOW COLUMNS FROM `hwh_article` [ RunTime:0.0020s ]
SQL: SELECT * FROM `hwh_article` WHERE ( is_ok=1 ) ORDER BY create_date desc LIMIT 8   [ RunTime:0.0010s ]
SQL: SHOW COLUMNS FROM `hwh_user_photo` [ RunTime:0.0020s ]
SQL: SELECT `uid` FROM `hwh_user_photo` WHERE ( is_ok=1 )  [ RunTime:0.0010s ]
SQL: SHOW COLUMNS FROM `hwh_user` [ RunTime:0.0020s ]
SQL: SELECT * FROM `hwh_user` WHERE `id` IN ('1') ORDER BY regist_time desc LIMIT 5   [ RunTime:0.0010s ]
SQL: SELECT * FROM `hwh_article` WHERE `is_recommend` = 1 AND `is_ok` = 1 ORDER BY create_date desc LIMIT 1   [ RunTime:0.0000s ]
INFO: [ view_parse ] --START--
INFO: [ template_filter ] --START--
INFO: Run Behavior\ContentReplaceBehavior [ RunTime:0.000000s ]
INFO: [ template_filter ] --END-- [ RunTime:0.000000s ]
INFO: Run Behavior\ParseTemplateBehavior [ RunTime:0.007000s ]
INFO: [ view_parse ] --END-- [ RunTime:0.007000s ]
INFO: [ view_filter ] --START--
INFO: Run Behavior\WriteHtmlCacheBehavior [ RunTime:0.000000s ]
INFO: [ view_filter ] --END-- [ RunTime:0.000000s ]
INFO: [ app_end ] --START--
INFO: Run Behavior\ShowPageTraceBehavior [ RunTime:0.001000s ]
INFO: [ app_end ] --END-- [ RunTime:0.001000s ]

[ 2017-07-19T14:23:22+08:00 ] 127.0.0.1 /index.php/
INFO: [ app_init ] --START--
INFO: Run Behavior\BuildLiteBehavior [ RunTime:0.000000s ]
INFO: [ app_init ] --END-- [ RunTime:0.001000s ]
INFO: [ app_begin ] --START--
INFO: Run Behavior\ReadHtmlCacheBehavior [ RunTime:0.001001s ]
INFO: [ app_begin ] --END-- [ RunTime:0.001001s ]
SQL: select * from hwh_yulu where is_ok = 1 order by id desc limit 5 [ RunTime:0.0000s ]
SQL: SHOW COLUMNS FROM `hwh_joke` [ RunTime:0.0040s ]
SQL: SELECT * FROM `hwh_joke` WHERE ( is_ok=1 ) ORDER BY maketime desc LIMIT 5   [ RunTime:0.0000s ]
SQL: SHOW COLUMNS FROM `hwh_article` [ RunTime:0.0030s ]
SQL: SELECT * FROM `hwh_article` WHERE ( is_ok=1 ) ORDER BY create_date desc LIMIT 8   [ RunTime:0.0000s ]
SQL: SHOW COLUMNS FROM `hwh_user_photo` [ RunTime:0.0030s ]
SQL: SELECT `uid` FROM `hwh_user_photo` WHERE ( is_ok=1 )  [ RunTime:0.0000s ]
SQL: SHOW COLUMNS FROM `hwh_user` [ RunTime:0.0040s ]
SQL: SELECT * FROM `hwh_user` WHERE `id` IN ('1') ORDER BY regist_time desc LIMIT 5   [ RunTime:0.0000s ]
SQL: SELECT * FROM `hwh_article` WHERE `is_recommend` = 1 AND `is_ok` = 1 ORDER BY create_date desc LIMIT 1   [ RunTime:0.0000s ]
INFO: [ view_parse ] --START--
INFO: [ template_filter ] --START--
INFO: Run Behavior\ContentReplaceBehavior [ RunTime:0.000000s ]
INFO: [ template_filter ] --END-- [ RunTime:0.000000s ]
INFO: Run Behavior\ParseTemplateBehavior [ RunTime:0.009001s ]
INFO: [ view_parse ] --END-- [ RunTime:0.009001s ]
INFO: [ view_filter ] --START--
INFO: Run Behavior\WriteHtmlCacheBehavior [ RunTime:0.001000s ]
INFO: [ view_filter ] --END-- [ RunTime:0.001000s ]
INFO: [ app_end ] --START--
INFO: Run Behavior\ShowPageTraceBehavior [ RunTime:0.000000s ]
INFO: [ app_end ] --END-- [ RunTime:0.000000s ]

[ 2017-07-19T14:29:37+08:00 ] 127.0.0.1 /index.php/
INFO: [ app_init ] --START--
INFO: Run Behavior\BuildLiteBehavior [ RunTime:0.000000s ]
INFO: [ app_init ] --END-- [ RunTime:0.000000s ]
INFO: [ app_begin ] --START--
INFO: Run Behavior\ReadHtmlCacheBehavior [ RunTime:0.000000s ]
INFO: [ app_begin ] --END-- [ RunTime:0.000000s ]
SQL: select * from hwh_yulu where is_ok = 1 order by id desc limit 5 [ RunTime:0.0010s ]
SQL: SHOW COLUMNS FROM `hwh_joke` [ RunTime:0.0040s ]
SQL: SELECT * FROM `hwh_joke` WHERE ( is_ok=1 ) ORDER BY maketime desc LIMIT 5   [ RunTime:0.0010s ]
SQL: SHOW COLUMNS FROM `hwh_article` [ RunTime:0.0040s ]
SQL: SELECT * FROM `hwh_article` WHERE ( is_ok=1 ) ORDER BY create_date desc LIMIT 8   [ RunTime:0.0010s ]
SQL: SHOW COLUMNS FROM `hwh_user_photo` [ RunTime:0.0030s ]
SQL: SELECT `uid` FROM `hwh_user_photo` WHERE ( is_ok=1 )  [ RunTime:0.0000s ]
SQL: SHOW COLUMNS FROM `hwh_user` [ RunTime:0.0030s ]
SQL: SELECT * FROM `hwh_user` WHERE `id` IN ('1') ORDER BY regist_time desc LIMIT 5   [ RunTime:0.0000s ]
SQL: SELECT * FROM `hwh_article` WHERE `is_recommend` = 1 AND `is_ok` = 1 ORDER BY create_date desc LIMIT 1   [ RunTime:0.0000s ]
INFO: [ view_parse ] --START--
INFO: [ template_filter ] --START--
INFO: Run Behavior\ContentReplaceBehavior [ RunTime:0.000000s ]
INFO: [ template_filter ] --END-- [ RunTime:0.000000s ]
INFO: Run Behavior\ParseTemplateBehavior [ RunTime:0.007000s ]
INFO: [ view_parse ] --END-- [ RunTime:0.007000s ]
INFO: [ view_filter ] --START--
INFO: Run Behavior\WriteHtmlCacheBehavior [ RunTime:0.000000s ]
INFO: [ view_filter ] --END-- [ RunTime:0.000000s ]
INFO: [ app_end ] --START--
INFO: Run Behavior\ShowPageTraceBehavior [ RunTime:0.001001s ]
INFO: [ app_end ] --END-- [ RunTime:0.001001s ]

[ 2017-07-19T14:33:52+08:00 ] 127.0.0.1 /index.php/
INFO: [ app_init ] --START--
INFO: Run Behavior\BuildLiteBehavior [ RunTime:0.000000s ]
INFO: [ app_init ] --END-- [ RunTime:0.000000s ]
INFO: [ app_begin ] --START--
INFO: Run Behavior\ReadHtmlCacheBehavior [ RunTime:0.000000s ]
INFO: [ app_begin ] --END-- [ RunTime:0.000000s ]
SQL: select * from hwh_yulu where is_ok = 1 order by id desc limit 5 [ RunTime:0.0000s ]
SQL: SHOW COLUMNS FROM `hwh_joke` [ RunTime:0.0030s ]
SQL: SELECT * FROM `hwh_joke` WHERE ( is_ok=1 ) ORDER BY maketime desc LIMIT 5   [ RunTime:0.0000s ]
SQL: SHOW COLUMNS FROM `hwh_article` [ RunTime:0.0020s ]
SQL: SELECT * FROM `hwh_article` WHERE ( is_ok=1 ) ORDER BY create_date desc LIMIT 8   [ RunTime:0.0010s ]
SQL: SHOW COLUMNS FROM `hwh_user_photo` [ RunTime:0.0020s ]
SQL: SELECT `uid` FROM `hwh_user_photo` WHERE ( is_ok=1 )  [ RunTime:0.0000s ]
SQL: SHOW COLUMNS FROM `hwh_user` [ RunTime:0.0020s ]
SQL: SELECT * FROM `hwh_user` WHERE `id` IN ('1') ORDER BY regist_time desc LIMIT 5   [ RunTime:0.0000s ]
SQL: SELECT * FROM `hwh_article` WHERE `is_recommend` = 1 AND `is_ok` = 1 ORDER BY create_date desc LIMIT 1   [ RunTime:0.0000s ]
INFO: [ view_parse ] --START--
INFO: [ template_filter ] --START--
INFO: Run Behavior\ContentReplaceBehavior [ RunTime:0.000000s ]
INFO: [ template_filter ] --END-- [ RunTime:0.000000s ]
INFO: Run Behavior\ParseTemplateBehavior [ RunTime:0.007001s ]
INFO: [ view_parse ] --END-- [ RunTime:0.007001s ]
INFO: [ view_filter ] --START--
INFO: Run Behavior\WriteHtmlCacheBehavior [ RunTime:0.000000s ]
INFO: [ view_filter ] --END-- [ RunTime:0.000000s ]
INFO: [ app_end ] --START--
INFO: Run Behavior\ShowPageTraceBehavior [ RunTime:0.001000s ]
INFO: [ app_end ] --END-- [ RunTime:0.001000s ]

[ 2017-07-19T14:33:53+08:00 ] 127.0.0.1 /index.php/
INFO: [ app_init ] --START--
INFO: Run Behavior\BuildLiteBehavior [ RunTime:0.000000s ]
INFO: [ app_init ] --END-- [ RunTime:0.000000s ]
INFO: [ app_begin ] --START--
INFO: Run Behavior\ReadHtmlCacheBehavior [ RunTime:0.000000s ]
INFO: [ app_begin ] --END-- [ RunTime:0.000000s ]
SQL: select * from hwh_yulu where is_ok = 1 order by id desc limit 5 [ RunTime:0.0000s ]
SQL: SHOW COLUMNS FROM `hwh_joke` [ RunTime:0.0030s ]
SQL: SELECT * FROM `hwh_joke` WHERE ( is_ok=1 ) ORDER BY maketime desc LIMIT 5   [ RunTime:0.0000s ]
SQL: SHOW COLUMNS FROM `hwh_article` [ RunTime:0.0030s ]
SQL: SELECT * FROM `hwh_article` WHERE ( is_ok=1 ) ORDER BY create_date desc LIMIT 8   [ RunTime:0.0000s ]
SQL: SHOW COLUMNS FROM `hwh_user_photo` [ RunTime:0.0020s ]
SQL: SELECT `uid` FROM `hwh_user_photo` WHERE ( is_ok=1 )  [ RunTime:0.0000s ]
SQL: SHOW COLUMNS FROM `hwh_user` [ RunTime:0.0030s ]
SQL: SELECT * FROM `hwh_user` WHERE `id` IN ('1') ORDER BY regist_time desc LIMIT 5   [ RunTime:0.0000s ]
SQL: SELECT * FROM `hwh_article` WHERE `is_recommend` = 1 AND `is_ok` = 1 ORDER BY create_date desc LIMIT 1   [ RunTime:0.0000s ]
INFO: [ view_parse ] --START--
INFO: [ template_filter ] --START--
INFO: Run Behavior\ContentReplaceBehavior [ RunTime:0.000000s ]
INFO: [ template_filter ] --END-- [ RunTime:0.000000s ]
INFO: Run Behavior\ParseTemplateBehavior [ RunTime:0.007000s ]
INFO: [ view_parse ] --END-- [ RunTime:0.007000s ]
INFO: [ view_filter ] --START--
INFO: Run Behavior\WriteHtmlCacheBehavior [ RunTime:0.000000s ]
INFO: [ view_filter ] --END-- [ RunTime:0.000000s ]
INFO: [ app_end ] --START--
INFO: Run Behavior\ShowPageTraceBehavior [ RunTime:0.000000s ]
INFO: [ app_end ] --END-- [ RunTime:0.000000s ]

[ 2017-07-19T14:34:08+08:00 ] 127.0.0.1 /index.php/home/login/qqLogin
INFO: [ app_init ] --START--
INFO: Run Behavior\BuildLiteBehavior [ RunTime:0.000000s ]
INFO: [ app_init ] --END-- [ RunTime:0.000000s ]
INFO: [ app_begin ] --START--
INFO: Run Behavior\ReadHtmlCacheBehavior [ RunTime:0.000000s ]
INFO: [ app_begin ] --END-- [ RunTime:0.000000s ]
NOTIC: [2] require_once(/qq/API/qqConnectAPI.php): failed to open stream: No such file or directory D:\phpStudy\WWW\haozi\Application\Home\Controller\LoginController.class.php 第 455 行.

[ 2017-07-19T14:35:09+08:00 ] 127.0.0.1 /index.php/home/login/qqLogin
INFO: [ app_init ] --START--
INFO: Run Behavior\BuildLiteBehavior [ RunTime:0.000000s ]
INFO: [ app_init ] --END-- [ RunTime:0.001000s ]
INFO: [ app_begin ] --START--
INFO: Run Behavior\ReadHtmlCacheBehavior [ RunTime:0.001001s ]
INFO: [ app_begin ] --END-- [ RunTime:0.001001s ]
NOTIC: [2] require_once(../qq/API/qqConnectAPI.php): failed to open stream: No such file or directory D:\phpStudy\WWW\haozi\Application\Home\Controller\LoginController.class.php 第 455 行.

[ 2017-07-19T14:35:10+08:00 ] 127.0.0.1 /index.php/home/login/qqLogin
INFO: [ app_init ] --START--
INFO: Run Behavior\BuildLiteBehavior [ RunTime:0.000000s ]
INFO: [ app_init ] --END-- [ RunTime:0.000000s ]
INFO: [ app_begin ] --START--
INFO: Run Behavior\ReadHtmlCacheBehavior [ RunTime:0.000000s ]
INFO: [ app_begin ] --END-- [ RunTime:0.000000s ]
NOTIC: [2] require_once(../qq/API/qqConnectAPI.php): failed to open stream: No such file or directory D:\phpStudy\WWW\haozi\Application\Home\Controller\LoginController.class.php 第 455 行.

[ 2017-07-19T14:43:13+08:00 ] 127.0.0.1 /index.php/home/login/qqLogin
INFO: [ app_init ] --START--
INFO: Run Behavior\BuildLiteBehavior [ RunTime:0.000000s ]
INFO: [ app_init ] --END-- [ RunTime:0.001000s ]
INFO: [ app_begin ] --START--
INFO: Run Behavior\ReadHtmlCacheBehavior [ RunTime:0.000000s ]
INFO: [ app_begin ] --END-- [ RunTime:0.000000s ]
NOTIC: [2] require_once(/qq/API/qqConnectAPI.php): failed to open stream: No such file or directory D:\phpStudy\WWW\haozi\Application\Home\Controller\LoginController.class.php 第 455 行.

[ 2017-07-19T14:47:29+08:00 ] 127.0.0.1 /index.php/home/login/qqLogin
INFO: [ app_init ] --START--
INFO: Run Behavior\BuildLiteBehavior [ RunTime:0.000000s ]
INFO: [ app_init ] --END-- [ RunTime:0.001000s ]
INFO: [ app_begin ] --START--
INFO: Run Behavior\ReadHtmlCacheBehavior [ RunTime:0.000000s ]
INFO: [ app_begin ] --END-- [ RunTime:0.000000s ]
NOTIC: [2] require_once(/qq/API/qqConnectAPI.php): failed to open stream: No such file or directory D:\phpStudy\WWW\haozi\Application\Home\Controller\LoginController.class.php 第 455 行.

[ 2017-07-19T14:52:04+08:00 ] 127.0.0.1 /index.php/home/login/qqLogin
INFO: [ app_init ] --START--
INFO: Run Behavior\BuildLiteBehavior [ RunTime:0.000000s ]
INFO: [ app_init ] --END-- [ RunTime:0.001000s ]
INFO: [ app_begin ] --START--
INFO: Run Behavior\ReadHtmlCacheBehavior [ RunTime:0.000000s ]
INFO: [ app_begin ] --END-- [ RunTime:0.000000s ]
NOTIC: [2] require_once(/qq/API/qqConnectAPI.php): failed to open stream: No such file or directory D:\phpStudy\WWW\haozi\Application\Home\Controller\LoginController.class.php 第 455 行.

[ 2017-07-19T14:52:06+08:00 ] 127.0.0.1 /index.php/home/login/qqLogin
INFO: [ app_init ] --START--
INFO: Run Behavior\BuildLiteBehavior [ RunTime:0.000000s ]
INFO: [ app_init ] --END-- [ RunTime:0.000000s ]
INFO: [ app_begin ] --START--
INFO: Run Behavior\ReadHtmlCacheBehavior [ RunTime:0.001000s ]
INFO: [ app_begin ] --END-- [ RunTime:0.001000s ]
NOTIC: [2] require_once(/qq/API/qqConnectAPI.php): failed to open stream: No such file or directory D:\phpStudy\WWW\haozi\Application\Home\Controller\LoginController.class.php 第 455 行.

[ 2017-07-19T14:52:07+08:00 ] 127.0.0.1 /index.php/home/login/qqLogin
INFO: [ app_init ] --START--
INFO: Run Behavior\BuildLiteBehavior [ RunTime:0.000000s ]
INFO: [ app_init ] --END-- [ RunTime:0.001000s ]
INFO: [ app_begin ] --START--
INFO: Run Behavior\ReadHtmlCacheBehavior [ RunTime:0.001000s ]
INFO: [ app_begin ] --END-- [ RunTime:0.001000s ]
NOTIC: [2] require_once(/qq/API/qqConnectAPI.php): failed to open stream: No such file or directory D:\phpStudy\WWW\haozi\Application\Home\Controller\LoginController.class.php 第 455 行.

[ 2017-07-19T14:52:07+08:00 ] 127.0.0.1 /index.php/home/login/qqLogin
INFO: [ app_init ] --START--
INFO: Run Behavior\BuildLiteBehavior [ RunTime:0.000000s ]
INFO: [ app_init ] --END-- [ RunTime:0.000000s ]
INFO: [ app_begin ] --START--
INFO: Run Behavior\ReadHtmlCacheBehavior [ RunTime:0.001001s ]
INFO: [ app_begin ] --END-- [ RunTime:0.001001s ]
NOTIC: [2] require_once(/qq/API/qqConnectAPI.php): failed to open stream: No such file or directory D:\phpStudy\WWW\haozi\Application\Home\Controller\LoginController.class.php 第 455 行.

[ 2017-07-19T14:53:26+08:00 ] 127.0.0.1 /index.php/home/login/qqLogin
INFO: [ app_init ] --START--
INFO: Run Behavior\BuildLiteBehavior [ RunTime:0.000000s ]
INFO: [ app_init ] --END-- [ RunTime:0.001000s ]
INFO: [ app_begin ] --START--
INFO: Run Behavior\ReadHtmlCacheBehavior [ RunTime:0.001001s ]
INFO: [ app_begin ] --END-- [ RunTime:0.001001s ]
NOTIC: [2] require_once(/qq/API/qqConnectAPI.php): failed to open stream: No such file or directory D:\phpStudy\WWW\haozi\Application\Home\Controller\LoginController.class.php 第 455 行.

[ 2017-07-19T14:55:19+08:00 ] 127.0.0.1 /index.php/home/login/qqLogin
INFO: [ app_init ] --START--
INFO: Run Behavior\BuildLiteBehavior [ RunTime:0.000000s ]
INFO: [ app_init ] --END-- [ RunTime:0.000000s ]
INFO: [ app_begin ] --START--
INFO: Run Behavior\ReadHtmlCacheBehavior [ RunTime:0.000000s ]
INFO: [ app_begin ] --END-- [ RunTime:0.000000s ]
NOTIC: [2] require_once(haozi.com.cn/qq/API/qqConnectAPI.php): failed to open stream: No such file or directory D:\phpStudy\WWW\haozi\Application\Home\Controller\LoginController.class.php 第 455 行.

[ 2017-07-19T14:55:31+08:00 ] 127.0.0.1 /index.php/home/login/qqLogin
INFO: [ app_init ] --START--
INFO: Run Behavior\BuildLiteBehavior [ RunTime:0.000000s ]
INFO: [ app_init ] --END-- [ RunTime:0.000000s ]
INFO: [ app_begin ] --START--
INFO: Run Behavior\ReadHtmlCacheBehavior [ RunTime:0.000000s ]
INFO: [ app_begin ] --END-- [ RunTime:0.000000s ]
NOTIC: [2] require_once(haozi.com.cn/qq/API/qqConnectAPI.php): failed to open stream: No such file or directory D:\phpStudy\WWW\haozi\Application\Home\Controller\LoginController.class.php 第 455 行.

[ 2017-07-19T15:00:02+08:00 ] 127.0.0.1 /index.php/
INFO: [ app_init ] --START--
INFO: Run Behavior\BuildLiteBehavior [ RunTime:0.000000s ]
INFO: [ app_init ] --END-- [ RunTime:0.000000s ]
INFO: [ app_begin ] --START--
INFO: Run Behavior\ReadHtmlCacheBehavior [ RunTime:0.001001s ]
INFO: [ app_begin ] --END-- [ RunTime:0.001001s ]
SQL: select * from hwh_yulu where is_ok = 1 order by id desc limit 5 [ RunTime:0.0000s ]
SQL: SHOW COLUMNS FROM `hwh_joke` [ RunTime:0.0030s ]
SQL: SELECT * FROM `hwh_joke` WHERE ( is_ok=1 ) ORDER BY maketime desc LIMIT 5   [ RunTime:0.0010s ]
SQL: SHOW COLUMNS FROM `hwh_article` [ RunTime:0.0020s ]
SQL: SELECT * FROM `hwh_article` WHERE ( is_ok=1 ) ORDER BY create_date desc LIMIT 8   [ RunTime:0.0000s ]
SQL: SHOW COLUMNS FROM `hwh_user_photo` [ RunTime:0.0020s ]
SQL: SELECT `uid` FROM `hwh_user_photo` WHERE ( is_ok=1 )  [ RunTime:0.0000s ]
SQL: SHOW COLUMNS FROM `hwh_user` [ RunTime:0.0030s ]
SQL: SELECT * FROM `hwh_user` WHERE `id` IN ('1') ORDER BY regist_time desc LIMIT 5   [ RunTime:0.0000s ]
SQL: SELECT * FROM `hwh_article` WHERE `is_recommend` = 1 AND `is_ok` = 1 ORDER BY create_date desc LIMIT 1   [ RunTime:0.0000s ]
INFO: [ view_parse ] --START--
INFO: [ template_filter ] --START--
INFO: Run Behavior\ContentReplaceBehavior [ RunTime:0.001000s ]
INFO: [ template_filter ] --END-- [ RunTime:0.001000s ]
INFO: Run Behavior\ParseTemplateBehavior [ RunTime:0.007000s ]
INFO: [ view_parse ] --END-- [ RunTime:0.007000s ]
INFO: [ view_filter ] --START--
INFO: Run Behavior\WriteHtmlCacheBehavior [ RunTime:0.001000s ]
INFO: [ view_filter ] --END-- [ RunTime:0.001000s ]
INFO: [ app_end ] --START--
INFO: Run Behavior\ShowPageTraceBehavior [ RunTime:0.000000s ]
INFO: [ app_end ] --END-- [ RunTime:0.000000s ]

