[ 2017-08-03T10:34:07+08:00 ] 127.0.0.1 /wxindex.php/home/index/token
INFO: [ app_init ] --START--
INFO: Run Behavior\BuildLiteBehavior [ RunTime:0.000000s ]
INFO: [ app_init ] --END-- [ RunTime:0.000000s ]
INFO: [ app_begin ] --START--
INFO: Run Behavior\ReadHtmlCacheBehavior [ RunTime:0.001000s ]
INFO: [ app_begin ] --END-- [ RunTime:0.001000s ]
NOTIC: [8] Undefined property: stdClass::$access_token D:\phpStudy\WWW\haozi\Wx\Home\Controller\IndexController.class.php 第 17 行.
INFO: [ app_end ] --START--
INFO: Run Behavior\ShowPageTraceBehavior [ RunTime:0.000000s ]
INFO: [ app_end ] --END-- [ RunTime:0.000000s ]

[ 2017-08-03T10:34:37+08:00 ] 127.0.0.1 /wxindex.php/home/index/token
INFO: [ app_init ] --START--
INFO: Run Behavior\BuildLiteBehavior [ RunTime:0.000000s ]
INFO: [ app_init ] --END-- [ RunTime:0.000000s ]
INFO: [ app_begin ] --START--
INFO: Run Behavior\ReadHtmlCacheBehavior [ RunTime:0.000000s ]
INFO: [ app_begin ] --END-- [ RunTime:0.000000s ]

[ 2017-08-03T10:36:55+08:00 ] 127.0.0.1 /wxindex.php/home/index/token
INFO: [ app_init ] --START--
INFO: Run Behavior\BuildLiteBehavior [ RunTime:0.000000s ]
INFO: [ app_init ] --END-- [ RunTime:0.000000s ]
INFO: [ app_begin ] --START--
INFO: Run Behavior\ReadHtmlCacheBehavior [ RunTime:0.000000s ]
INFO: [ app_begin ] --END-- [ RunTime:0.000000s ]

[ 2017-08-03T10:39:18+08:00 ] 127.0.0.1 /wxindex.php/home/index/token
INFO: [ app_init ] --START--
INFO: Run Behavior\BuildLiteBehavior [ RunTime:0.000000s ]
INFO: [ app_init ] --END-- [ RunTime:0.001000s ]
INFO: [ app_begin ] --START--
INFO: Run Behavior\ReadHtmlCacheBehavior [ RunTime:0.001000s ]
INFO: [ app_begin ] --END-- [ RunTime:0.001000s ]
NOTIC: [8] Use of undefined constant WXAPPID - assumed 'WXAPPID' D:\phpStudy\WWW\haozi\Wx\Home\Controller\IndexController.class.php 第 10 行.
NOTIC: [8] Use of undefined constant WXAPPKEY - assumed 'WXAPPKEY' D:\phpStudy\WWW\haozi\Wx\Home\Controller\IndexController.class.php 第 11 行.

[ 2017-08-03T10:43:10+08:00 ] 127.0.0.1 /wxindex.php/home/index/token
INFO: [ app_init ] --START--
INFO: Run Behavior\BuildLiteBehavior [ RunTime:0.000000s ]
INFO: [ app_init ] --END-- [ RunTime:0.000000s ]
INFO: [ app_begin ] --START--
INFO: Run Behavior\ReadHtmlCacheBehavior [ RunTime:0.001000s ]
INFO: [ app_begin ] --END-- [ RunTime:0.001000s ]
ERR: syntax error, unexpected '}', expecting variable (T_VARIABLE) or '{' or '$'

[ 2017-08-03T10:43:44+08:00 ] 127.0.0.1 /wxindex.php/home/index/token
INFO: [ app_init ] --START--
INFO: Run Behavior\BuildLiteBehavior [ RunTime:0.000000s ]
INFO: [ app_init ] --END-- [ RunTime:0.000000s ]
INFO: [ app_begin ] --START--
INFO: Run Behavior\ReadHtmlCacheBehavior [ RunTime:0.000000s ]
INFO: [ app_begin ] --END-- [ RunTime:0.000000s ]
NOTIC: [8] Use of undefined constant WXAPPID - assumed 'WXAPPID' D:\phpStudy\WWW\haozi\Wx\Home\Controller\IndexController.class.php 第 10 行.
NOTIC: [8] Use of undefined constant WXAPPKEY - assumed 'WXAPPKEY' D:\phpStudy\WWW\haozi\Wx\Home\Controller\IndexController.class.php 第 11 行.

[ 2017-08-03T10:45:06+08:00 ] 127.0.0.1 /wxindex.php/home/index/wxip
INFO: [ app_init ] --START--
INFO: Run Behavior\BuildLiteBehavior [ RunTime:0.000000s ]
INFO: [ app_init ] --END-- [ RunTime:0.001000s ]
INFO: [ app_begin ] --START--
INFO: Run Behavior\ReadHtmlCacheBehavior [ RunTime:0.001000s ]
INFO: [ app_begin ] --END-- [ RunTime:0.001000s ]
NOTIC: [8] Use of undefined constant WXAPPID - assumed 'WXAPPID' D:\phpStudy\WWW\haozi\Wx\Home\Controller\IndexController.class.php 第 10 行.
NOTIC: [8] Use of undefined constant WXAPPKEY - assumed 'WXAPPKEY' D:\phpStudy\WWW\haozi\Wx\Home\Controller\IndexController.class.php 第 11 行.
NOTIC: [8] Trying to get property of non-object D:\phpStudy\WWW\haozi\Wx\Home\Controller\IndexController.class.php 第 18 行.

[ 2017-08-03T10:45:57+08:00 ] 127.0.0.1 /wxindex.php/home/index/wxip
INFO: [ app_init ] --START--
INFO: Run Behavior\BuildLiteBehavior [ RunTime:0.000000s ]
INFO: [ app_init ] --END-- [ RunTime:0.000000s ]
INFO: [ app_begin ] --START--
INFO: Run Behavior\ReadHtmlCacheBehavior [ RunTime:0.000000s ]
INFO: [ app_begin ] --END-- [ RunTime:0.000000s ]
NOTIC: [8] Use of undefined constant WXAPPID - assumed 'WXAPPID' D:\phpStudy\WWW\haozi\Wx\Home\Controller\IndexController.class.php 第 10 行.
NOTIC: [8] Use of undefined constant WXAPPKEY - assumed 'WXAPPKEY' D:\phpStudy\WWW\haozi\Wx\Home\Controller\IndexController.class.php 第 11 行.
NOTIC: [8] Trying to get property of non-object D:\phpStudy\WWW\haozi\Wx\Home\Controller\IndexController.class.php 第 18 行.

[ 2017-08-03T10:46:24+08:00 ] 127.0.0.1 /wxindex.php/home/index/token
INFO: [ app_init ] --START--
INFO: Run Behavior\BuildLiteBehavior [ RunTime:0.000000s ]
INFO: [ app_init ] --END-- [ RunTime:0.001001s ]
INFO: [ app_begin ] --START--
INFO: Run Behavior\ReadHtmlCacheBehavior [ RunTime:0.000000s ]
INFO: [ app_begin ] --END-- [ RunTime:0.000000s ]
NOTIC: [8] Use of undefined constant WXAPPID - assumed 'WXAPPID' D:\phpStudy\WWW\haozi\Wx\Home\Controller\IndexController.class.php 第 10 行.
NOTIC: [8] Use of undefined constant WXAPPKEY - assumed 'WXAPPKEY' D:\phpStudy\WWW\haozi\Wx\Home\Controller\IndexController.class.php 第 11 行.
NOTIC: [8] Trying to get property of non-object D:\phpStudy\WWW\haozi\Wx\Home\Controller\IndexController.class.php 第 18 行.

[ 2017-08-03T10:46:35+08:00 ] 127.0.0.1 /wxindex.php/home/index/token
INFO: [ app_init ] --START--
INFO: Run Behavior\BuildLiteBehavior [ RunTime:0.000000s ]
INFO: [ app_init ] --END-- [ RunTime:0.001000s ]
INFO: [ app_begin ] --START--
INFO: Run Behavior\ReadHtmlCacheBehavior [ RunTime:0.001000s ]
INFO: [ app_begin ] --END-- [ RunTime:0.001000s ]
NOTIC: [8] Use of undefined constant WXAPPID - assumed 'WXAPPID' D:\phpStudy\WWW\haozi\Wx\Home\Controller\IndexController.class.php 第 10 行.
NOTIC: [8] Use of undefined constant WXAPPKEY - assumed 'WXAPPKEY' D:\phpStudy\WWW\haozi\Wx\Home\Controller\IndexController.class.php 第 11 行.
NOTIC: [8] Trying to get property of non-object D:\phpStudy\WWW\haozi\Wx\Home\Controller\IndexController.class.php 第 18 行.

[ 2017-08-03T10:48:20+08:00 ] 127.0.0.1 /wxindex.php/home/index/token
INFO: [ app_init ] --START--
INFO: Run Behavior\BuildLiteBehavior [ RunTime:0.000000s ]
INFO: [ app_init ] --END-- [ RunTime:0.001000s ]
INFO: [ app_begin ] --START--
INFO: Run Behavior\ReadHtmlCacheBehavior [ RunTime:0.000000s ]
INFO: [ app_begin ] --END-- [ RunTime:0.000000s ]
NOTIC: [8] Use of undefined constant WXAPPID - assumed 'WXAPPID' D:\phpStudy\WWW\haozi\Wx\Home\Controller\IndexController.class.php 第 10 行.
NOTIC: [8] Use of undefined constant WXAPPKEY - assumed 'WXAPPKEY' D:\phpStudy\WWW\haozi\Wx\Home\Controller\IndexController.class.php 第 11 行.

[ 2017-08-03T10:50:21+08:00 ] 127.0.0.1 /wxindex.php/home/index/token
INFO: [ app_init ] --START--
INFO: Run Behavior\BuildLiteBehavior [ RunTime:0.000000s ]
INFO: [ app_init ] --END-- [ RunTime:0.000000s ]
INFO: [ app_begin ] --START--
INFO: Run Behavior\ReadHtmlCacheBehavior [ RunTime:0.001000s ]
INFO: [ app_begin ] --END-- [ RunTime:0.001000s ]
NOTIC: [8] Use of undefined constant WXAPPID - assumed 'WXAPPID' D:\phpStudy\WWW\haozi\Wx\Home\Controller\IndexController.class.php 第 10 行.
NOTIC: [8] Use of undefined constant WXAPPKEY - assumed 'WXAPPKEY' D:\phpStudy\WWW\haozi\Wx\Home\Controller\IndexController.class.php 第 11 行.
NOTIC: [2] Illegal string offset 'access_token' D:\phpStudy\WWW\haozi\Wx\Home\Controller\IndexController.class.php 第 18 行.

[ 2017-08-03T10:51:17+08:00 ] 127.0.0.1 /wxindex.php/home/index/token
INFO: [ app_init ] --START--
INFO: Run Behavior\BuildLiteBehavior [ RunTime:0.000000s ]
INFO: [ app_init ] --END-- [ RunTime:0.000000s ]
INFO: [ app_begin ] --START--
INFO: Run Behavior\ReadHtmlCacheBehavior [ RunTime:0.001001s ]
INFO: [ app_begin ] --END-- [ RunTime:0.001001s ]
NOTIC: [8] Use of undefined constant WXAPPID - assumed 'WXAPPID' D:\phpStudy\WWW\haozi\Wx\Home\Controller\IndexController.class.php 第 10 行.
NOTIC: [8] Use of undefined constant WXAPPKEY - assumed 'WXAPPKEY' D:\phpStudy\WWW\haozi\Wx\Home\Controller\IndexController.class.php 第 11 行.

[ 2017-08-03T10:51:45+08:00 ] 127.0.0.1 /wxindex.php/home/index/wxip
INFO: [ app_init ] --START--
INFO: Run Behavior\BuildLiteBehavior [ RunTime:0.000000s ]
INFO: [ app_init ] --END-- [ RunTime:0.000000s ]
INFO: [ app_begin ] --START--
INFO: Run Behavior\ReadHtmlCacheBehavior [ RunTime:0.001000s ]
INFO: [ app_begin ] --END-- [ RunTime:0.001000s ]
NOTIC: [8] Use of undefined constant WXAPPID - assumed 'WXAPPID' D:\phpStudy\WWW\haozi\Wx\Home\Controller\IndexController.class.php 第 10 行.
NOTIC: [8] Use of undefined constant WXAPPKEY - assumed 'WXAPPKEY' D:\phpStudy\WWW\haozi\Wx\Home\Controller\IndexController.class.php 第 11 行.

