[ 2017-09-20T09:01:45+08:00 ] 127.0.0.1 /favicon.ico
INFO: [ app_init ] --START--
INFO: Run Behavior\BuildLiteBehavior [ RunTime:0.000000s ]
INFO: [ app_init ] --END-- [ RunTime:0.007000s ]
ERR: 无法加载模块:Favicon

[ 2017-09-20T09:01:49+08:00 ] 127.0.0.1 /favicon.ico
INFO: [ app_init ] --START--
INFO: Run Behavior\BuildLiteBehavior [ RunTime:0.000000s ]
INFO: [ app_init ] --END-- [ RunTime:0.001000s ]
ERR: 无法加载模块:Favicon

[ 2017-09-20T09:01:49+08:00 ] 127.0.0.1 /favicon.ico
INFO: [ app_init ] --START--
INFO: Run Behavior\BuildLiteBehavior [ RunTime:0.000000s ]
INFO: [ app_init ] --END-- [ RunTime:0.000000s ]
ERR: 无法加载模块:Favicon

[ 2017-09-20T09:01:49+08:00 ] 127.0.0.1 /favicon.ico
INFO: [ app_init ] --START--
INFO: Run Behavior\BuildLiteBehavior [ RunTime:0.000000s ]
INFO: [ app_init ] --END-- [ RunTime:0.001000s ]
ERR: 无法加载模块:Favicon

[ 2017-09-20T09:01:49+08:00 ] 127.0.0.1 /favicon.ico
INFO: [ app_init ] --START--
INFO: Run Behavior\BuildLiteBehavior [ RunTime:0.000000s ]
INFO: [ app_init ] --END-- [ RunTime:0.000000s ]
ERR: 无法加载模块:Favicon

[ 2017-09-20T09:01:49+08:00 ] 127.0.0.1 /favicon.ico
INFO: [ app_init ] --START--
INFO: Run Behavior\BuildLiteBehavior [ RunTime:0.000000s ]
INFO: [ app_init ] --END-- [ RunTime:0.000000s ]
ERR: 无法加载模块:Favicon

[ 2017-09-20T09:01:49+08:00 ] 127.0.0.1 /favicon.ico
INFO: [ app_init ] --START--
INFO: Run Behavior\BuildLiteBehavior [ RunTime:0.000000s ]
INFO: [ app_init ] --END-- [ RunTime:0.001000s ]
ERR: 无法加载模块:Favicon

[ 2017-09-20T09:01:49+08:00 ] 127.0.0.1 /favicon.ico
INFO: [ app_init ] --START--
INFO: Run Behavior\BuildLiteBehavior [ RunTime:0.000000s ]
INFO: [ app_init ] --END-- [ RunTime:0.000000s ]
ERR: 无法加载模块:Favicon

[ 2017-09-20T09:01:49+08:00 ] 127.0.0.1 /favicon.ico
INFO: [ app_init ] --START--
INFO: Run Behavior\BuildLiteBehavior [ RunTime:0.000000s ]
INFO: [ app_init ] --END-- [ RunTime:0.000000s ]
ERR: 无法加载模块:Favicon

[ 2017-09-20T09:01:49+08:00 ] 127.0.0.1 /favicon.ico
INFO: [ app_init ] --START--
INFO: Run Behavior\BuildLiteBehavior [ RunTime:0.001000s ]
INFO: [ app_init ] --END-- [ RunTime:0.001000s ]
ERR: 无法加载模块:Favicon

[ 2017-09-20T09:01:49+08:00 ] 127.0.0.1 /favicon.ico
INFO: [ app_init ] --START--
INFO: Run Behavior\BuildLiteBehavior [ RunTime:0.000000s ]
INFO: [ app_init ] --END-- [ RunTime:0.001000s ]
ERR: 无法加载模块:Favicon

[ 2017-09-20T09:01:50+08:00 ] 127.0.0.1 /favicon.ico
INFO: [ app_init ] --START--
INFO: Run Behavior\BuildLiteBehavior [ RunTime:0.000000s ]
INFO: [ app_init ] --END-- [ RunTime:0.001000s ]
ERR: 无法加载模块:Favicon

[ 2017-09-20T09:01:50+08:00 ] 127.0.0.1 /favicon.ico
INFO: [ app_init ] --START--
INFO: Run Behavior\BuildLiteBehavior [ RunTime:0.000000s ]
INFO: [ app_init ] --END-- [ RunTime:0.000000s ]
ERR: 无法加载模块:Favicon

[ 2017-09-20T09:01:50+08:00 ] 127.0.0.1 /favicon.ico
INFO: [ app_init ] --START--
INFO: Run Behavior\BuildLiteBehavior [ RunTime:0.000000s ]
INFO: [ app_init ] --END-- [ RunTime:0.000000s ]
ERR: 无法加载模块:Favicon

[ 2017-09-20T09:01:52+08:00 ] 127.0.0.1 /favicon.ico
INFO: [ app_init ] --START--
INFO: Run Behavior\BuildLiteBehavior [ RunTime:0.000000s ]
INFO: [ app_init ] --END-- [ RunTime:0.000000s ]
ERR: 无法加载模块:Favicon

[ 2017-09-20T11:16:42+08:00 ] 127.0.0.1 /favicon.ico
INFO: [ app_init ] --START--
INFO: Run Behavior\BuildLiteBehavior [ RunTime:0.000000s ]
INFO: [ app_init ] --END-- [ RunTime:0.000000s ]
ERR: 无法加载模块:Favicon

[ 2017-09-20T11:16:42+08:00 ] 127.0.0.1 /favicon.ico
INFO: [ app_init ] --START--
INFO: Run Behavior\BuildLiteBehavior [ RunTime:0.000000s ]
INFO: [ app_init ] --END-- [ RunTime:0.000000s ]
ERR: 无法加载模块:Favicon

[ 2017-09-20T11:30:40+08:00 ] 127.0.0.1 /favicon.ico
INFO: [ app_init ] --START--
INFO: Run Behavior\BuildLiteBehavior [ RunTime:0.000000s ]
INFO: [ app_init ] --END-- [ RunTime:0.000000s ]
ERR: 无法加载模块:Favicon

[ 2017-09-20T14:25:02+08:00 ] 127.0.0.1 /favicon.ico
INFO: [ app_init ] --START--
INFO: Run Behavior\BuildLiteBehavior [ RunTime:0.000000s ]
INFO: [ app_init ] --END-- [ RunTime:0.001000s ]
ERR: 无法加载模块:Favicon

[ 2017-09-20T14:27:02+08:00 ] 127.0.0.1 /fansMatch/interalRank
INFO: [ app_init ] --START--
INFO: Run Behavior\BuildLiteBehavior [ RunTime:0.000000s ]
INFO: [ app_init ] --END-- [ RunTime:0.001000s ]
ERR: 无法加载模块:FansMatch

[ 2017-09-20T14:27:04+08:00 ] 127.0.0.1 /fansMatch/interalRank
INFO: [ app_init ] --START--
INFO: Run Behavior\BuildLiteBehavior [ RunTime:0.000000s ]
INFO: [ app_init ] --END-- [ RunTime:0.000000s ]
ERR: 无法加载模块:FansMatch

[ 2017-09-20T14:27:05+08:00 ] 127.0.0.1 /fansMatch/interalRank
INFO: [ app_init ] --START--
INFO: Run Behavior\BuildLiteBehavior [ RunTime:0.000000s ]
INFO: [ app_init ] --END-- [ RunTime:0.001000s ]
ERR: 无法加载模块:FansMatch

[ 2017-09-20T14:27:05+08:00 ] 127.0.0.1 /fansMatch/interalRank
INFO: [ app_init ] --START--
INFO: Run Behavior\BuildLiteBehavior [ RunTime:0.000000s ]
INFO: [ app_init ] --END-- [ RunTime:0.001000s ]
ERR: 无法加载模块:FansMatch

[ 2017-09-20T14:27:06+08:00 ] 127.0.0.1 /fansMatch/interalRank
INFO: [ app_init ] --START--
INFO: Run Behavior\BuildLiteBehavior [ RunTime:0.000000s ]
INFO: [ app_init ] --END-- [ RunTime:0.001000s ]
ERR: 无法加载模块:FansMatch

[ 2017-09-20T14:27:06+08:00 ] 127.0.0.1 /fansMatch/interalRank
INFO: [ app_init ] --START--
INFO: Run Behavior\BuildLiteBehavior [ RunTime:0.000000s ]
INFO: [ app_init ] --END-- [ RunTime:0.001000s ]
ERR: 无法加载模块:FansMatch

[ 2017-09-20T14:27:07+08:00 ] 127.0.0.1 /fansMatch/interalRank
INFO: [ app_init ] --START--
INFO: Run Behavior\BuildLiteBehavior [ RunTime:0.000000s ]
INFO: [ app_init ] --END-- [ RunTime:0.000000s ]
ERR: 无法加载模块:FansMatch

[ 2017-09-20T14:27:07+08:00 ] 127.0.0.1 /fansMatch/interalRank
INFO: [ app_init ] --START--
INFO: Run Behavior\BuildLiteBehavior [ RunTime:0.000000s ]
INFO: [ app_init ] --END-- [ RunTime:0.000000s ]
ERR: 无法加载模块:FansMatch

[ 2017-09-20T14:52:52+08:00 ] 127.0.0.1 /Shopping/Public/Home/images/Service1.png
INFO: [ app_init ] --START--
INFO: Run Behavior\BuildLiteBehavior [ RunTime:0.000000s ]
INFO: [ app_init ] --END-- [ RunTime:0.001000s ]
ERR: 无法加载模块:Shopping

[ 2017-09-20T14:52:52+08:00 ] 127.0.0.1 /Shopping/Public/Home/images/erweim.jpg
INFO: [ app_init ] --START--
INFO: Run Behavior\BuildLiteBehavior [ RunTime:0.000000s ]
INFO: [ app_init ] --END-- [ RunTime:0.000000s ]
ERR: 无法加载模块:Shopping

[ 2017-09-20T14:52:52+08:00 ] 127.0.0.1 /Shopping/Public/Home/AD/ad-3.jpg
INFO: [ app_init ] --START--
INFO: Run Behavior\BuildLiteBehavior [ RunTime:0.000000s ]
INFO: [ app_init ] --END-- [ RunTime:0.001000s ]
ERR: 无法加载模块:Shopping

[ 2017-09-20T14:52:52+08:00 ] 127.0.0.1 /Shopping/Public/Home/AD/ad-7.jpg
INFO: [ app_init ] --START--
INFO: Run Behavior\BuildLiteBehavior [ RunTime:0.000000s ]
INFO: [ app_init ] --END-- [ RunTime:0.000000s ]
ERR: 无法加载模块:Shopping

[ 2017-09-20T14:52:52+08:00 ] 127.0.0.1 /Shopping/Public/Home/AD/ad-6.jpg
INFO: [ app_init ] --START--
INFO: Run Behavior\BuildLiteBehavior [ RunTime:0.000000s ]
INFO: [ app_init ] --END-- [ RunTime:0.000000s ]
ERR: 无法加载模块:Shopping

[ 2017-09-20T14:54:10+08:00 ] 127.0.0.1 /Shopping/Public/Home/images/liselected.gif
INFO: [ app_init ] --START--
INFO: Run Behavior\BuildLiteBehavior [ RunTime:0.000000s ]
INFO: [ app_init ] --END-- [ RunTime:0.000000s ]
ERR: 无法加载模块:Shopping

[ 2017-09-20T15:19:23+08:00 ] 127.0.0.1 /Shopping/Public/Home/images/Service1.png
INFO: [ app_init ] --START--
INFO: Run Behavior\BuildLiteBehavior [ RunTime:0.000000s ]
INFO: [ app_init ] --END-- [ RunTime:0.001000s ]
ERR: 无法加载模块:Shopping

[ 2017-09-20T15:19:23+08:00 ] 127.0.0.1 /Shopping/Public/Home/images/erweim.jpg
INFO: [ app_init ] --START--
INFO: Run Behavior\BuildLiteBehavior [ RunTime:0.000000s ]
INFO: [ app_init ] --END-- [ RunTime:0.000000s ]
ERR: 无法加载模块:Shopping

[ 2017-09-20T15:19:24+08:00 ] 127.0.0.1 /Shopping/Public/Home/AD/ad-3.jpg
INFO: [ app_init ] --START--
INFO: Run Behavior\BuildLiteBehavior [ RunTime:0.000000s ]
INFO: [ app_init ] --END-- [ RunTime:0.000000s ]
ERR: 无法加载模块:Shopping

[ 2017-09-20T15:19:24+08:00 ] 127.0.0.1 /Shopping/Public/Home/AD/ad-7.jpg
INFO: [ app_init ] --START--
INFO: Run Behavior\BuildLiteBehavior [ RunTime:0.000000s ]
INFO: [ app_init ] --END-- [ RunTime:0.000000s ]
ERR: 无法加载模块:Shopping

[ 2017-09-20T15:19:24+08:00 ] 127.0.0.1 /Shopping/Public/Home/AD/ad-6.jpg
INFO: [ app_init ] --START--
INFO: Run Behavior\BuildLiteBehavior [ RunTime:0.000000s ]
INFO: [ app_init ] --END-- [ RunTime:0.000000s ]
ERR: 无法加载模块:Shopping

[ 2017-09-20T15:19:26+08:00 ] 127.0.0.1 /Shopping/Public/Home/images/lmrz.png
INFO: [ app_init ] --START--
INFO: Run Behavior\BuildLiteBehavior [ RunTime:0.000000s ]
INFO: [ app_init ] --END-- [ RunTime:0.000000s ]
ERR: 无法加载模块:Shopping

[ 2017-09-20T15:19:26+08:00 ] 127.0.0.1 /Shopping/Public/Home/images/pro_V2_r6_c9.png
INFO: [ app_init ] --START--
INFO: Run Behavior\BuildLiteBehavior [ RunTime:0.000000s ]
INFO: [ app_init ] --END-- [ RunTime:0.000000s ]
ERR: 无法加载模块:Shopping

[ 2017-09-20T15:19:26+08:00 ] 127.0.0.1 /Shopping/Public/Home/images/pro_V2_r8_c10.png
INFO: [ app_init ] --START--
INFO: Run Behavior\BuildLiteBehavior [ RunTime:0.000000s ]
INFO: [ app_init ] --END-- [ RunTime:0.000000s ]
ERR: 无法加载模块:Shopping

[ 2017-09-20T15:19:26+08:00 ] 127.0.0.1 /Shopping/Public/Home/images/pro_V2_r8_c9.png
INFO: [ app_init ] --START--
INFO: Run Behavior\BuildLiteBehavior [ RunTime:0.000000s ]
INFO: [ app_init ] --END-- [ RunTime:0.000000s ]
ERR: 无法加载模块:Shopping

[ 2017-09-20T15:20:12+08:00 ] 127.0.0.1 /Shopping/Public/Home/images/mask.png
INFO: [ app_init ] --START--
INFO: Run Behavior\BuildLiteBehavior [ RunTime:0.000000s ]
INFO: [ app_init ] --END-- [ RunTime:0.000000s ]
ERR: 无法加载模块:Shopping

[ 2017-09-20T15:20:13+08:00 ] 127.0.0.1 /Shopping/Public/Home/images/pro_V2_r8_c10.png
INFO: [ app_init ] --START--
INFO: Run Behavior\BuildLiteBehavior [ RunTime:0.000000s ]
INFO: [ app_init ] --END-- [ RunTime:0.001000s ]
ERR: 无法加载模块:Shopping

[ 2017-09-20T15:20:13+08:00 ] 127.0.0.1 /Shopping/Public/Home/images/lmrz.png
INFO: [ app_init ] --START--
INFO: Run Behavior\BuildLiteBehavior [ RunTime:0.000000s ]
INFO: [ app_init ] --END-- [ RunTime:0.000000s ]
ERR: 无法加载模块:Shopping

[ 2017-09-20T15:20:14+08:00 ] 127.0.0.1 /Shopping/Public/Home/images/pro_V2_r8_c9.png
INFO: [ app_init ] --START--
INFO: Run Behavior\BuildLiteBehavior [ RunTime:0.000000s ]
INFO: [ app_init ] --END-- [ RunTime:0.000000s ]
ERR: 无法加载模块:Shopping

[ 2017-09-20T15:20:14+08:00 ] 127.0.0.1 /Shopping/Public/Home/images/pro_V2_r6_c9.png
INFO: [ app_init ] --START--
INFO: Run Behavior\BuildLiteBehavior [ RunTime:0.000000s ]
INFO: [ app_init ] --END-- [ RunTime:0.000000s ]
ERR: 无法加载模块:Shopping

[ 2017-09-20T15:20:14+08:00 ] 127.0.0.1 /Shopping/Public/Home/images/mask.png
INFO: [ app_init ] --START--
INFO: Run Behavior\BuildLiteBehavior [ RunTime:0.000000s ]
INFO: [ app_init ] --END-- [ RunTime:0.000000s ]
ERR: 无法加载模块:Shopping

[ 2017-09-20T15:22:44+08:00 ] 127.0.0.1 /Shopping/Public/Home/images/lmrz.png
INFO: [ app_init ] --START--
INFO: Run Behavior\BuildLiteBehavior [ RunTime:0.000000s ]
INFO: [ app_init ] --END-- [ RunTime:0.001000s ]
ERR: 无法加载模块:Shopping

[ 2017-09-20T15:22:44+08:00 ] 127.0.0.1 /Shopping/Public/Home/images/pro_V2_r8_c10.png
INFO: [ app_init ] --START--
INFO: Run Behavior\BuildLiteBehavior [ RunTime:0.000000s ]
INFO: [ app_init ] --END-- [ RunTime:0.000000s ]
ERR: 无法加载模块:Shopping

[ 2017-09-20T15:22:44+08:00 ] 127.0.0.1 /Shopping/Public/Home/images/pro_V2_r6_c9.png
INFO: [ app_init ] --START--
INFO: Run Behavior\BuildLiteBehavior [ RunTime:0.000000s ]
INFO: [ app_init ] --END-- [ RunTime:0.000000s ]
ERR: 无法加载模块:Shopping

[ 2017-09-20T15:22:44+08:00 ] 127.0.0.1 /Shopping/Public/Home/images/pro_V2_r8_c9.png
INFO: [ app_init ] --START--
INFO: Run Behavior\BuildLiteBehavior [ RunTime:0.000000s ]
INFO: [ app_init ] --END-- [ RunTime:0.000000s ]
ERR: 无法加载模块:Shopping

[ 2017-09-20T15:22:44+08:00 ] 127.0.0.1 /Shopping/Public/Home/images/lmrz.png
INFO: [ app_init ] --START--
INFO: Run Behavior\BuildLiteBehavior [ RunTime:0.000000s ]
INFO: [ app_init ] --END-- [ RunTime:0.001000s ]
ERR: 无法加载模块:Shopping

[ 2017-09-20T15:24:25+08:00 ] 127.0.0.1 /Shopping/Public/Home/images/pro_V2_r8_c10.png
INFO: [ app_init ] --START--
INFO: Run Behavior\BuildLiteBehavior [ RunTime:0.000000s ]
INFO: [ app_init ] --END-- [ RunTime:0.000000s ]
ERR: 无法加载模块:Shopping

[ 2017-09-20T15:24:25+08:00 ] 127.0.0.1 /Shopping/Public/Home/images/pro_V2_r8_c9.png
INFO: [ app_init ] --START--
INFO: Run Behavior\BuildLiteBehavior [ RunTime:0.000000s ]
INFO: [ app_init ] --END-- [ RunTime:0.000000s ]
ERR: 无法加载模块:Shopping

[ 2017-09-20T15:24:25+08:00 ] 127.0.0.1 /Shopping/Public/Home/images/lmrz.png
INFO: [ app_init ] --START--
INFO: Run Behavior\BuildLiteBehavior [ RunTime:0.000000s ]
INFO: [ app_init ] --END-- [ RunTime:0.000000s ]
ERR: 无法加载模块:Shopping

[ 2017-09-20T15:24:25+08:00 ] 127.0.0.1 /Shopping/Public/Home/images/pro_V2_r6_c9.png
INFO: [ app_init ] --START--
INFO: Run Behavior\BuildLiteBehavior [ RunTime:0.000000s ]
INFO: [ app_init ] --END-- [ RunTime:0.000000s ]
ERR: 无法加载模块:Shopping

[ 2017-09-20T15:24:25+08:00 ] 127.0.0.1 /Shopping/Public/Home/images/pro_V2_r6_c9.png
INFO: [ app_init ] --START--
INFO: Run Behavior\BuildLiteBehavior [ RunTime:0.000000s ]
INFO: [ app_init ] --END-- [ RunTime:0.000000s ]
ERR: 无法加载模块:Shopping

[ 2017-09-20T15:24:25+08:00 ] 127.0.0.1 /Shopping/Public/Home/images/pro_V2_r8_c10.png
INFO: [ app_init ] --START--
INFO: Run Behavior\BuildLiteBehavior [ RunTime:0.000000s ]
INFO: [ app_init ] --END-- [ RunTime:0.000000s ]
ERR: 无法加载模块:Shopping

[ 2017-09-20T15:24:25+08:00 ] 127.0.0.1 /Shopping/Public/Home/images/pro_V2_r8_c9.png
INFO: [ app_init ] --START--
INFO: Run Behavior\BuildLiteBehavior [ RunTime:0.000000s ]
INFO: [ app_init ] --END-- [ RunTime:0.000000s ]
ERR: 无法加载模块:Shopping

[ 2017-09-20T15:24:25+08:00 ] 127.0.0.1 /Shopping/Public/Home/images/lmrz.png
INFO: [ app_init ] --START--
INFO: Run Behavior\BuildLiteBehavior [ RunTime:0.000000s ]
INFO: [ app_init ] --END-- [ RunTime:0.000000s ]
ERR: 无法加载模块:Shopping

[ 2017-09-20T15:26:18+08:00 ] 127.0.0.1 /Shopping/Public/Home/images/mask.png
INFO: [ app_init ] --START--
INFO: Run Behavior\BuildLiteBehavior [ RunTime:0.000000s ]
INFO: [ app_init ] --END-- [ RunTime:0.001000s ]
ERR: 无法加载模块:Shopping

[ 2017-09-20T15:26:20+08:00 ] 127.0.0.1 /Shopping/Public/Home/images/lmrz.png
INFO: [ app_init ] --START--
INFO: Run Behavior\BuildLiteBehavior [ RunTime:0.000000s ]
INFO: [ app_init ] --END-- [ RunTime:0.001000s ]
ERR: 无法加载模块:Shopping

[ 2017-09-20T15:26:20+08:00 ] 127.0.0.1 /Shopping/Public/Home/images/pro_V2_r8_c10.png
INFO: [ app_init ] --START--
INFO: Run Behavior\BuildLiteBehavior [ RunTime:0.000000s ]
INFO: [ app_init ] --END-- [ RunTime:0.001000s ]
ERR: 无法加载模块:Shopping

[ 2017-09-20T15:26:20+08:00 ] 127.0.0.1 /Shopping/Public/Home/images/pro_V2_r6_c9.png
INFO: [ app_init ] --START--
INFO: Run Behavior\BuildLiteBehavior [ RunTime:0.000000s ]
INFO: [ app_init ] --END-- [ RunTime:0.001000s ]
ERR: 无法加载模块:Shopping

[ 2017-09-20T15:26:20+08:00 ] 127.0.0.1 /Shopping/Public/Home/images/pro_V2_r8_c9.png
INFO: [ app_init ] --START--
INFO: Run Behavior\BuildLiteBehavior [ RunTime:0.000000s ]
INFO: [ app_init ] --END-- [ RunTime:0.000000s ]
ERR: 无法加载模块:Shopping

[ 2017-09-20T15:26:20+08:00 ] 127.0.0.1 /Shopping/Public/Home/images/pro_V2_r8_c9.png
INFO: [ app_init ] --START--
INFO: Run Behavior\BuildLiteBehavior [ RunTime:0.000000s ]
INFO: [ app_init ] --END-- [ RunTime:0.001000s ]
ERR: 无法加载模块:Shopping

[ 2017-09-20T15:26:20+08:00 ] 127.0.0.1 /Shopping/Public/Home/images/lmrz.png
INFO: [ app_init ] --START--
INFO: Run Behavior\BuildLiteBehavior [ RunTime:0.000000s ]
INFO: [ app_init ] --END-- [ RunTime:0.001000s ]
ERR: 无法加载模块:Shopping

[ 2017-09-20T15:26:20+08:00 ] 127.0.0.1 /Shopping/Public/Home/images/pro_V2_r6_c9.png
INFO: [ app_init ] --START--
INFO: Run Behavior\BuildLiteBehavior [ RunTime:0.000000s ]
INFO: [ app_init ] --END-- [ RunTime:0.000000s ]
ERR: 无法加载模块:Shopping

[ 2017-09-20T15:26:20+08:00 ] 127.0.0.1 /Shopping/Public/Home/images/pro_V2_r8_c10.png
INFO: [ app_init ] --START--
INFO: Run Behavior\BuildLiteBehavior [ RunTime:0.000000s ]
INFO: [ app_init ] --END-- [ RunTime:0.001000s ]
ERR: 无法加载模块:Shopping

[ 2017-09-20T15:26:28+08:00 ] 127.0.0.1 /Shopping/Public/Home/images/liselected.gif
INFO: [ app_init ] --START--
INFO: Run Behavior\BuildLiteBehavior [ RunTime:0.000000s ]
INFO: [ app_init ] --END-- [ RunTime:0.001001s ]
ERR: 无法加载模块:Shopping

[ 2017-09-20T15:27:29+08:00 ] 127.0.0.1 /Shopping/Public/Home/images/liselected.gif
INFO: [ app_init ] --START--
INFO: Run Behavior\BuildLiteBehavior [ RunTime:0.000000s ]
INFO: [ app_init ] --END-- [ RunTime:0.000000s ]
ERR: 无法加载模块:Shopping

[ 2017-09-20T15:27:36+08:00 ] 127.0.0.1 /Shopping/Public/Home/images/Service1.png
INFO: [ app_init ] --START--
INFO: Run Behavior\BuildLiteBehavior [ RunTime:0.000000s ]
INFO: [ app_init ] --END-- [ RunTime:0.001000s ]
ERR: 无法加载模块:Shopping

[ 2017-09-20T15:27:36+08:00 ] 127.0.0.1 /Shopping/Public/Home/images/erweim.jpg
INFO: [ app_init ] --START--
INFO: Run Behavior\BuildLiteBehavior [ RunTime:0.000000s ]
INFO: [ app_init ] --END-- [ RunTime:0.001000s ]
ERR: 无法加载模块:Shopping

[ 2017-09-20T15:27:36+08:00 ] 127.0.0.1 /Shopping/Public/Home/AD/ad-3.jpg
INFO: [ app_init ] --START--
INFO: Run Behavior\BuildLiteBehavior [ RunTime:0.000000s ]
INFO: [ app_init ] --END-- [ RunTime:0.001000s ]
ERR: 无法加载模块:Shopping

[ 2017-09-20T15:27:36+08:00 ] 127.0.0.1 /Shopping/Public/Home/AD/ad-7.jpg
INFO: [ app_init ] --START--
INFO: Run Behavior\BuildLiteBehavior [ RunTime:0.000000s ]
INFO: [ app_init ] --END-- [ RunTime:0.000000s ]
ERR: 无法加载模块:Shopping

[ 2017-09-20T15:27:36+08:00 ] 127.0.0.1 /Shopping/Public/Home/AD/ad-6.jpg
INFO: [ app_init ] --START--
INFO: Run Behavior\BuildLiteBehavior [ RunTime:0.000000s ]
INFO: [ app_init ] --END-- [ RunTime:0.000000s ]
ERR: 无法加载模块:Shopping

[ 2017-09-20T15:27:36+08:00 ] 127.0.0.1 /Shopping/Public/Home/images/Service1.png
INFO: [ app_init ] --START--
INFO: Run Behavior\BuildLiteBehavior [ RunTime:0.000000s ]
INFO: [ app_init ] --END-- [ RunTime:0.000000s ]
ERR: 无法加载模块:Shopping

[ 2017-09-20T15:27:36+08:00 ] 127.0.0.1 /Shopping/Public/Home/images/erweim.jpg
INFO: [ app_init ] --START--
INFO: Run Behavior\BuildLiteBehavior [ RunTime:0.000000s ]
INFO: [ app_init ] --END-- [ RunTime:0.000000s ]
ERR: 无法加载模块:Shopping

[ 2017-09-20T15:27:38+08:00 ] 127.0.0.1 /Shopping/Public/Home/images/lmrz.png
INFO: [ app_init ] --START--
INFO: Run Behavior\BuildLiteBehavior [ RunTime:0.000000s ]
INFO: [ app_init ] --END-- [ RunTime:0.001000s ]
ERR: 无法加载模块:Shopping

[ 2017-09-20T15:27:38+08:00 ] 127.0.0.1 /Shopping/Public/Home/images/pro_V2_r6_c9.png
INFO: [ app_init ] --START--
INFO: Run Behavior\BuildLiteBehavior [ RunTime:0.000000s ]
INFO: [ app_init ] --END-- [ RunTime:0.000000s ]
ERR: 无法加载模块:Shopping

[ 2017-09-20T15:27:38+08:00 ] 127.0.0.1 /Shopping/Public/Home/images/pro_V2_r8_c10.png
INFO: [ app_init ] --START--
INFO: Run Behavior\BuildLiteBehavior [ RunTime:0.000000s ]
INFO: [ app_init ] --END-- [ RunTime:0.000000s ]
ERR: 无法加载模块:Shopping

[ 2017-09-20T15:27:38+08:00 ] 127.0.0.1 /Shopping/Public/Home/images/pro_V2_r8_c9.png
INFO: [ app_init ] --START--
INFO: Run Behavior\BuildLiteBehavior [ RunTime:0.000000s ]
INFO: [ app_init ] --END-- [ RunTime:0.000000s ]
ERR: 无法加载模块:Shopping

[ 2017-09-20T15:27:38+08:00 ] 127.0.0.1 /Shopping/Public/Home/images/lmrz.png
INFO: [ app_init ] --START--
INFO: Run Behavior\BuildLiteBehavior [ RunTime:0.000000s ]
INFO: [ app_init ] --END-- [ RunTime:0.000000s ]
ERR: 无法加载模块:Shopping

[ 2017-09-20T15:27:38+08:00 ] 127.0.0.1 /Shopping/Public/Home/images/pro_V2_r6_c9.png
INFO: [ app_init ] --START--
INFO: Run Behavior\BuildLiteBehavior [ RunTime:0.000000s ]
INFO: [ app_init ] --END-- [ RunTime:0.000000s ]
ERR: 无法加载模块:Shopping

[ 2017-09-20T15:27:38+08:00 ] 127.0.0.1 /Shopping/Public/Home/images/pro_V2_r8_c10.png
INFO: [ app_init ] --START--
INFO: Run Behavior\BuildLiteBehavior [ RunTime:0.000000s ]
INFO: [ app_init ] --END-- [ RunTime:0.000000s ]
ERR: 无法加载模块:Shopping

[ 2017-09-20T15:27:38+08:00 ] 127.0.0.1 /Shopping/Public/Home/images/pro_V2_r8_c9.png
INFO: [ app_init ] --START--
INFO: Run Behavior\BuildLiteBehavior [ RunTime:0.000000s ]
INFO: [ app_init ] --END-- [ RunTime:0.000000s ]
ERR: 无法加载模块:Shopping

[ 2017-09-20T15:28:00+08:00 ] 127.0.0.1 /Shopping/Public/Home/images/Service1.png
INFO: [ app_init ] --START--
INFO: Run Behavior\BuildLiteBehavior [ RunTime:0.000000s ]
INFO: [ app_init ] --END-- [ RunTime:0.000000s ]
ERR: 无法加载模块:Shopping

[ 2017-09-20T15:28:00+08:00 ] 127.0.0.1 /Shopping/Public/Home/images/erweim.jpg
INFO: [ app_init ] --START--
INFO: Run Behavior\BuildLiteBehavior [ RunTime:0.000000s ]
INFO: [ app_init ] --END-- [ RunTime:0.000000s ]
ERR: 无法加载模块:Shopping

[ 2017-09-20T15:28:00+08:00 ] 127.0.0.1 /Shopping/Public/Home/AD/ad-3.jpg
INFO: [ app_init ] --START--
INFO: Run Behavior\BuildLiteBehavior [ RunTime:0.000000s ]
INFO: [ app_init ] --END-- [ RunTime:0.000000s ]
ERR: 无法加载模块:Shopping

[ 2017-09-20T15:28:00+08:00 ] 127.0.0.1 /Shopping/Public/Home/AD/ad-7.jpg
INFO: [ app_init ] --START--
INFO: Run Behavior\BuildLiteBehavior [ RunTime:0.000000s ]
INFO: [ app_init ] --END-- [ RunTime:0.001000s ]
ERR: 无法加载模块:Shopping

[ 2017-09-20T15:28:00+08:00 ] 127.0.0.1 /Shopping/Public/Home/AD/ad-6.jpg
INFO: [ app_init ] --START--
INFO: Run Behavior\BuildLiteBehavior [ RunTime:0.000000s ]
INFO: [ app_init ] --END-- [ RunTime:0.000000s ]
ERR: 无法加载模块:Shopping

[ 2017-09-20T15:28:00+08:00 ] 127.0.0.1 /Shopping/Public/Home/images/Service1.png
INFO: [ app_init ] --START--
INFO: Run Behavior\BuildLiteBehavior [ RunTime:0.000000s ]
INFO: [ app_init ] --END-- [ RunTime:0.000000s ]
ERR: 无法加载模块:Shopping

[ 2017-09-20T15:28:00+08:00 ] 127.0.0.1 /Shopping/Public/Home/images/erweim.jpg
INFO: [ app_init ] --START--
INFO: Run Behavior\BuildLiteBehavior [ RunTime:0.000000s ]
INFO: [ app_init ] --END-- [ RunTime:0.001000s ]
ERR: 无法加载模块:Shopping

[ 2017-09-20T15:28:26+08:00 ] 127.0.0.1 /Shopping/Public/Home/images/Service1.png
INFO: [ app_init ] --START--
INFO: Run Behavior\BuildLiteBehavior [ RunTime:0.000000s ]
INFO: [ app_init ] --END-- [ RunTime:0.000000s ]
ERR: 无法加载模块:Shopping

[ 2017-09-20T15:28:26+08:00 ] 127.0.0.1 /Shopping/Public/Home/images/erweim.jpg
INFO: [ app_init ] --START--
INFO: Run Behavior\BuildLiteBehavior [ RunTime:0.000000s ]
INFO: [ app_init ] --END-- [ RunTime:0.000000s ]
ERR: 无法加载模块:Shopping

[ 2017-09-20T15:28:26+08:00 ] 127.0.0.1 /Shopping/Public/Home/AD/ad-3.jpg
INFO: [ app_init ] --START--
INFO: Run Behavior\BuildLiteBehavior [ RunTime:0.000000s ]
INFO: [ app_init ] --END-- [ RunTime:0.000000s ]
ERR: 无法加载模块:Shopping

[ 2017-09-20T15:28:26+08:00 ] 127.0.0.1 /Shopping/Public/Home/AD/ad-7.jpg
INFO: [ app_init ] --START--
INFO: Run Behavior\BuildLiteBehavior [ RunTime:0.000000s ]
INFO: [ app_init ] --END-- [ RunTime:0.000000s ]
ERR: 无法加载模块:Shopping

[ 2017-09-20T15:28:26+08:00 ] 127.0.0.1 /Shopping/Public/Home/AD/ad-6.jpg
INFO: [ app_init ] --START--
INFO: Run Behavior\BuildLiteBehavior [ RunTime:0.000000s ]
INFO: [ app_init ] --END-- [ RunTime:0.000000s ]
ERR: 无法加载模块:Shopping

[ 2017-09-20T15:28:26+08:00 ] 127.0.0.1 /Shopping/Public/Home/images/Service1.png
INFO: [ app_init ] --START--
INFO: Run Behavior\BuildLiteBehavior [ RunTime:0.000000s ]
INFO: [ app_init ] --END-- [ RunTime:0.000000s ]
ERR: 无法加载模块:Shopping

[ 2017-09-20T15:28:26+08:00 ] 127.0.0.1 /Shopping/Public/Home/images/erweim.jpg
INFO: [ app_init ] --START--
INFO: Run Behavior\BuildLiteBehavior [ RunTime:0.000000s ]
INFO: [ app_init ] --END-- [ RunTime:0.000000s ]
ERR: 无法加载模块:Shopping

[ 2017-09-20T15:29:50+08:00 ] 127.0.0.1 /Shopping/Public/Home/images/Service1.png
INFO: [ app_init ] --START--
INFO: Run Behavior\BuildLiteBehavior [ RunTime:0.000000s ]
INFO: [ app_init ] --END-- [ RunTime:0.000000s ]
ERR: 无法加载模块:Shopping

[ 2017-09-20T15:29:50+08:00 ] 127.0.0.1 /Shopping/Public/Home/images/erweim.jpg
INFO: [ app_init ] --START--
INFO: Run Behavior\BuildLiteBehavior [ RunTime:0.000000s ]
INFO: [ app_init ] --END-- [ RunTime:0.001000s ]
ERR: 无法加载模块:Shopping

[ 2017-09-20T15:29:50+08:00 ] 127.0.0.1 /Shopping/Public/Home/AD/ad-3.jpg
INFO: [ app_init ] --START--
INFO: Run Behavior\BuildLiteBehavior [ RunTime:0.000000s ]
INFO: [ app_init ] --END-- [ RunTime:0.000000s ]
ERR: 无法加载模块:Shopping

[ 2017-09-20T15:29:50+08:00 ] 127.0.0.1 /Shopping/Public/Home/AD/ad-6.jpg
INFO: [ app_init ] --START--
INFO: Run Behavior\BuildLiteBehavior [ RunTime:0.000000s ]
INFO: [ app_init ] --END-- [ RunTime:0.001000s ]
ERR: 无法加载模块:Shopping

[ 2017-09-20T15:29:50+08:00 ] 127.0.0.1 /Shopping/Public/Home/AD/ad-7.jpg
INFO: [ app_init ] --START--
INFO: Run Behavior\BuildLiteBehavior [ RunTime:0.000000s ]
INFO: [ app_init ] --END-- [ RunTime:0.000000s ]
ERR: 无法加载模块:Shopping

[ 2017-09-20T15:29:50+08:00 ] 127.0.0.1 /Shopping/Public/Home/images/Service1.png
INFO: [ app_init ] --START--
INFO: Run Behavior\BuildLiteBehavior [ RunTime:0.000000s ]
INFO: [ app_init ] --END-- [ RunTime:0.000000s ]
ERR: 无法加载模块:Shopping

[ 2017-09-20T15:29:50+08:00 ] 127.0.0.1 /Shopping/Public/Home/images/erweim.jpg
INFO: [ app_init ] --START--
INFO: Run Behavior\BuildLiteBehavior [ RunTime:0.000000s ]
INFO: [ app_init ] --END-- [ RunTime:0.000000s ]
ERR: 无法加载模块:Shopping

[ 2017-09-20T15:30:15+08:00 ] 127.0.0.1 /Shopping/Public/Home/images/Service1.png
INFO: [ app_init ] --START--
INFO: Run Behavior\BuildLiteBehavior [ RunTime:0.000000s ]
INFO: [ app_init ] --END-- [ RunTime:0.000000s ]
ERR: 无法加载模块:Shopping

[ 2017-09-20T15:30:15+08:00 ] 127.0.0.1 /Shopping/Public/Home/images/erweim.jpg
INFO: [ app_init ] --START--
INFO: Run Behavior\BuildLiteBehavior [ RunTime:0.000000s ]
INFO: [ app_init ] --END-- [ RunTime:0.001000s ]
ERR: 无法加载模块:Shopping

[ 2017-09-20T15:30:15+08:00 ] 127.0.0.1 /Shopping/Public/Home/AD/ad-3.jpg
INFO: [ app_init ] --START--
INFO: Run Behavior\BuildLiteBehavior [ RunTime:0.000000s ]
INFO: [ app_init ] --END-- [ RunTime:0.001001s ]
ERR: 无法加载模块:Shopping

[ 2017-09-20T15:30:15+08:00 ] 127.0.0.1 /Shopping/Public/Home/AD/ad-6.jpg
INFO: [ app_init ] --START--
INFO: Run Behavior\BuildLiteBehavior [ RunTime:0.000000s ]
INFO: [ app_init ] --END-- [ RunTime:0.001000s ]
ERR: 无法加载模块:Shopping

[ 2017-09-20T15:30:15+08:00 ] 127.0.0.1 /Shopping/Public/Home/AD/ad-7.jpg
INFO: [ app_init ] --START--
INFO: Run Behavior\BuildLiteBehavior [ RunTime:0.000000s ]
INFO: [ app_init ] --END-- [ RunTime:0.001000s ]
ERR: 无法加载模块:Shopping

[ 2017-09-20T15:30:15+08:00 ] 127.0.0.1 /Shopping/Public/Home/images/Service1.png
INFO: [ app_init ] --START--
INFO: Run Behavior\BuildLiteBehavior [ RunTime:0.000000s ]
INFO: [ app_init ] --END-- [ RunTime:0.000000s ]
ERR: 无法加载模块:Shopping

[ 2017-09-20T15:30:15+08:00 ] 127.0.0.1 /Shopping/Public/Home/images/erweim.jpg
INFO: [ app_init ] --START--
INFO: Run Behavior\BuildLiteBehavior [ RunTime:0.000000s ]
INFO: [ app_init ] --END-- [ RunTime:0.000000s ]
ERR: 无法加载模块:Shopping

[ 2017-09-20T15:30:23+08:00 ] 127.0.0.1 /Shopping/Public/Home/images/lmrz.png
INFO: [ app_init ] --START--
INFO: Run Behavior\BuildLiteBehavior [ RunTime:0.000000s ]
INFO: [ app_init ] --END-- [ RunTime:0.001000s ]
ERR: 无法加载模块:Shopping

[ 2017-09-20T15:30:23+08:00 ] 127.0.0.1 /Shopping/Public/Home/images/pro_V2_r6_c9.png
INFO: [ app_init ] --START--
INFO: Run Behavior\BuildLiteBehavior [ RunTime:0.000000s ]
INFO: [ app_init ] --END-- [ RunTime:0.000000s ]
ERR: 无法加载模块:Shopping

[ 2017-09-20T15:30:23+08:00 ] 127.0.0.1 /Shopping/Public/Home/images/pro_V2_r8_c10.png
INFO: [ app_init ] --START--
INFO: Run Behavior\BuildLiteBehavior [ RunTime:0.000000s ]
INFO: [ app_init ] --END-- [ RunTime:0.000000s ]
ERR: 无法加载模块:Shopping

[ 2017-09-20T15:30:23+08:00 ] 127.0.0.1 /Shopping/Public/Home/images/pro_V2_r8_c9.png
INFO: [ app_init ] --START--
INFO: Run Behavior\BuildLiteBehavior [ RunTime:0.000000s ]
INFO: [ app_init ] --END-- [ RunTime:0.000000s ]
ERR: 无法加载模块:Shopping

[ 2017-09-20T15:30:23+08:00 ] 127.0.0.1 /Shopping/Public/Home/images/lmrz.png
INFO: [ app_init ] --START--
INFO: Run Behavior\BuildLiteBehavior [ RunTime:0.000000s ]
INFO: [ app_init ] --END-- [ RunTime:0.000000s ]
ERR: 无法加载模块:Shopping

[ 2017-09-20T15:30:23+08:00 ] 127.0.0.1 /Shopping/Public/Home/images/pro_V2_r6_c9.png
INFO: [ app_init ] --START--
INFO: Run Behavior\BuildLiteBehavior [ RunTime:0.000000s ]
INFO: [ app_init ] --END-- [ RunTime:0.000000s ]
ERR: 无法加载模块:Shopping

[ 2017-09-20T15:30:23+08:00 ] 127.0.0.1 /Shopping/Public/Home/images/pro_V2_r8_c10.png
INFO: [ app_init ] --START--
INFO: Run Behavior\BuildLiteBehavior [ RunTime:0.000000s ]
INFO: [ app_init ] --END-- [ RunTime:0.000000s ]
ERR: 无法加载模块:Shopping

[ 2017-09-20T15:30:23+08:00 ] 127.0.0.1 /Shopping/Public/Home/images/pro_V2_r8_c9.png
INFO: [ app_init ] --START--
INFO: Run Behavior\BuildLiteBehavior [ RunTime:0.000000s ]
INFO: [ app_init ] --END-- [ RunTime:0.001000s ]
ERR: 无法加载模块:Shopping

[ 2017-09-20T15:30:34+08:00 ] 127.0.0.1 /Shopping/Public/Home/images/Service1.png
INFO: [ app_init ] --START--
INFO: Run Behavior\BuildLiteBehavior [ RunTime:0.000000s ]
INFO: [ app_init ] --END-- [ RunTime:0.000000s ]
ERR: 无法加载模块:Shopping

[ 2017-09-20T15:30:34+08:00 ] 127.0.0.1 /Shopping/Public/Home/images/erweim.jpg
INFO: [ app_init ] --START--
INFO: Run Behavior\BuildLiteBehavior [ RunTime:0.000000s ]
INFO: [ app_init ] --END-- [ RunTime:0.001001s ]
ERR: 无法加载模块:Shopping

[ 2017-09-20T15:30:34+08:00 ] 127.0.0.1 /Shopping/Public/Home/AD/ad-3.jpg
INFO: [ app_init ] --START--
INFO: Run Behavior\BuildLiteBehavior [ RunTime:0.000000s ]
INFO: [ app_init ] --END-- [ RunTime:0.000000s ]
ERR: 无法加载模块:Shopping

[ 2017-09-20T15:30:34+08:00 ] 127.0.0.1 /Shopping/Public/Home/AD/ad-7.jpg
INFO: [ app_init ] --START--
INFO: Run Behavior\BuildLiteBehavior [ RunTime:0.000000s ]
INFO: [ app_init ] --END-- [ RunTime:0.000000s ]
ERR: 无法加载模块:Shopping

[ 2017-09-20T15:30:34+08:00 ] 127.0.0.1 /Shopping/Public/Home/AD/ad-6.jpg
INFO: [ app_init ] --START--
INFO: Run Behavior\BuildLiteBehavior [ RunTime:0.000000s ]
INFO: [ app_init ] --END-- [ RunTime:0.000000s ]
ERR: 无法加载模块:Shopping

[ 2017-09-20T15:30:34+08:00 ] 127.0.0.1 /Shopping/Public/Home/images/Service1.png
INFO: [ app_init ] --START--
INFO: Run Behavior\BuildLiteBehavior [ RunTime:0.000000s ]
INFO: [ app_init ] --END-- [ RunTime:0.001000s ]
ERR: 无法加载模块:Shopping

[ 2017-09-20T15:30:34+08:00 ] 127.0.0.1 /Shopping/Public/Home/images/erweim.jpg
INFO: [ app_init ] --START--
INFO: Run Behavior\BuildLiteBehavior [ RunTime:0.000000s ]
INFO: [ app_init ] --END-- [ RunTime:0.001000s ]
ERR: 无法加载模块:Shopping

[ 2017-09-20T15:30:37+08:00 ] 127.0.0.1 /Shopping/Public/Home/images/lmrz.png
INFO: [ app_init ] --START--
INFO: Run Behavior\BuildLiteBehavior [ RunTime:0.000000s ]
INFO: [ app_init ] --END-- [ RunTime:0.000000s ]
ERR: 无法加载模块:Shopping

[ 2017-09-20T15:30:37+08:00 ] 127.0.0.1 /Shopping/Public/Home/images/pro_V2_r6_c9.png
INFO: [ app_init ] --START--
INFO: Run Behavior\BuildLiteBehavior [ RunTime:0.000000s ]
INFO: [ app_init ] --END-- [ RunTime:0.000000s ]
ERR: 无法加载模块:Shopping

[ 2017-09-20T15:30:37+08:00 ] 127.0.0.1 /Shopping/Public/Home/images/pro_V2_r8_c9.png
INFO: [ app_init ] --START--
INFO: Run Behavior\BuildLiteBehavior [ RunTime:0.000000s ]
INFO: [ app_init ] --END-- [ RunTime:0.000000s ]
ERR: 无法加载模块:Shopping

[ 2017-09-20T15:30:37+08:00 ] 127.0.0.1 /Shopping/Public/Home/images/pro_V2_r8_c10.png
INFO: [ app_init ] --START--
INFO: Run Behavior\BuildLiteBehavior [ RunTime:0.000000s ]
INFO: [ app_init ] --END-- [ RunTime:0.000000s ]
ERR: 无法加载模块:Shopping

[ 2017-09-20T15:30:37+08:00 ] 127.0.0.1 /Shopping/Public/Home/images/lmrz.png
INFO: [ app_init ] --START--
INFO: Run Behavior\BuildLiteBehavior [ RunTime:0.000000s ]
INFO: [ app_init ] --END-- [ RunTime:0.000000s ]
ERR: 无法加载模块:Shopping

[ 2017-09-20T15:30:37+08:00 ] 127.0.0.1 /Shopping/Public/Home/images/pro_V2_r6_c9.png
INFO: [ app_init ] --START--
INFO: Run Behavior\BuildLiteBehavior [ RunTime:0.000000s ]
INFO: [ app_init ] --END-- [ RunTime:0.000000s ]
ERR: 无法加载模块:Shopping

[ 2017-09-20T15:30:37+08:00 ] 127.0.0.1 /Shopping/Public/Home/images/pro_V2_r8_c9.png
INFO: [ app_init ] --START--
INFO: Run Behavior\BuildLiteBehavior [ RunTime:0.000000s ]
INFO: [ app_init ] --END-- [ RunTime:0.001000s ]
ERR: 无法加载模块:Shopping

[ 2017-09-20T15:30:37+08:00 ] 127.0.0.1 /Shopping/Public/Home/images/pro_V2_r8_c10.png
INFO: [ app_init ] --START--
INFO: Run Behavior\BuildLiteBehavior [ RunTime:0.000000s ]
INFO: [ app_init ] --END-- [ RunTime:0.000000s ]
ERR: 无法加载模块:Shopping

[ 2017-09-20T15:30:50+08:00 ] 127.0.0.1 /Shopping/Public/Home/images/Service1.png
INFO: [ app_init ] --START--
INFO: Run Behavior\BuildLiteBehavior [ RunTime:0.000000s ]
INFO: [ app_init ] --END-- [ RunTime:0.000000s ]
ERR: 无法加载模块:Shopping

[ 2017-09-20T15:30:50+08:00 ] 127.0.0.1 /Shopping/Public/Home/images/erweim.jpg
INFO: [ app_init ] --START--
INFO: Run Behavior\BuildLiteBehavior [ RunTime:0.000000s ]
INFO: [ app_init ] --END-- [ RunTime:0.001001s ]
ERR: 无法加载模块:Shopping

[ 2017-09-20T15:30:50+08:00 ] 127.0.0.1 /Shopping/Public/Home/AD/ad-3.jpg
INFO: [ app_init ] --START--
INFO: Run Behavior\BuildLiteBehavior [ RunTime:0.000000s ]
INFO: [ app_init ] --END-- [ RunTime:0.000000s ]
ERR: 无法加载模块:Shopping

[ 2017-09-20T15:30:50+08:00 ] 127.0.0.1 /Shopping/Public/Home/AD/ad-7.jpg
INFO: [ app_init ] --START--
INFO: Run Behavior\BuildLiteBehavior [ RunTime:0.000000s ]
INFO: [ app_init ] --END-- [ RunTime:0.000000s ]
ERR: 无法加载模块:Shopping

[ 2017-09-20T15:30:50+08:00 ] 127.0.0.1 /Shopping/Public/Home/images/Service1.png
INFO: [ app_init ] --START--
INFO: Run Behavior\BuildLiteBehavior [ RunTime:0.000000s ]
INFO: [ app_init ] --END-- [ RunTime:0.000000s ]
ERR: 无法加载模块:Shopping

[ 2017-09-20T15:30:50+08:00 ] 127.0.0.1 /Shopping/Public/Home/AD/ad-6.jpg
INFO: [ app_init ] --START--
INFO: Run Behavior\BuildLiteBehavior [ RunTime:0.000000s ]
INFO: [ app_init ] --END-- [ RunTime:0.000000s ]
ERR: 无法加载模块:Shopping

[ 2017-09-20T15:30:50+08:00 ] 127.0.0.1 /Shopping/Public/Home/images/erweim.jpg
INFO: [ app_init ] --START--
INFO: Run Behavior\BuildLiteBehavior [ RunTime:0.000000s ]
INFO: [ app_init ] --END-- [ RunTime:0.001000s ]
ERR: 无法加载模块:Shopping

[ 2017-09-20T15:32:15+08:00 ] 127.0.0.1 /Shopping/Public/Home/images/Service1.png
INFO: [ app_init ] --START--
INFO: Run Behavior\BuildLiteBehavior [ RunTime:0.000000s ]
INFO: [ app_init ] --END-- [ RunTime:0.000000s ]
ERR: 无法加载模块:Shopping

[ 2017-09-20T15:32:15+08:00 ] 127.0.0.1 /Shopping/Public/Home/images/erweim.jpg
INFO: [ app_init ] --START--
INFO: Run Behavior\BuildLiteBehavior [ RunTime:0.000000s ]
INFO: [ app_init ] --END-- [ RunTime:0.001000s ]
ERR: 无法加载模块:Shopping

[ 2017-09-20T15:32:15+08:00 ] 127.0.0.1 /Shopping/Public/Home/AD/ad-3.jpg
INFO: [ app_init ] --START--
INFO: Run Behavior\BuildLiteBehavior [ RunTime:0.000000s ]
INFO: [ app_init ] --END-- [ RunTime:0.001000s ]
ERR: 无法加载模块:Shopping

[ 2017-09-20T15:32:15+08:00 ] 127.0.0.1 /Shopping/Public/Home/AD/ad-7.jpg
INFO: [ app_init ] --START--
INFO: Run Behavior\BuildLiteBehavior [ RunTime:0.000000s ]
INFO: [ app_init ] --END-- [ RunTime:0.000000s ]
ERR: 无法加载模块:Shopping

[ 2017-09-20T15:32:15+08:00 ] 127.0.0.1 /Shopping/Public/Home/AD/ad-6.jpg
INFO: [ app_init ] --START--
INFO: Run Behavior\BuildLiteBehavior [ RunTime:0.000000s ]
INFO: [ app_init ] --END-- [ RunTime:0.000000s ]
ERR: 无法加载模块:Shopping

[ 2017-09-20T15:32:15+08:00 ] 127.0.0.1 /Shopping/Public/Home/images/Service1.png
INFO: [ app_init ] --START--
INFO: Run Behavior\BuildLiteBehavior [ RunTime:0.000000s ]
INFO: [ app_init ] --END-- [ RunTime:0.001000s ]
ERR: 无法加载模块:Shopping

[ 2017-09-20T15:32:15+08:00 ] 127.0.0.1 /Shopping/Public/Home/images/erweim.jpg
INFO: [ app_init ] --START--
INFO: Run Behavior\BuildLiteBehavior [ RunTime:0.000000s ]
INFO: [ app_init ] --END-- [ RunTime:0.000000s ]
ERR: 无法加载模块:Shopping

[ 2017-09-20T15:33:48+08:00 ] 127.0.0.1 /Shopping/Public/Home/images/Service1.png
INFO: [ app_init ] --START--
INFO: Run Behavior\BuildLiteBehavior [ RunTime:0.000000s ]
INFO: [ app_init ] --END-- [ RunTime:0.000000s ]
ERR: 无法加载模块:Shopping

[ 2017-09-20T15:33:48+08:00 ] 127.0.0.1 /Shopping/Public/Home/images/erweim.jpg
INFO: [ app_init ] --START--
INFO: Run Behavior\BuildLiteBehavior [ RunTime:0.000000s ]
INFO: [ app_init ] --END-- [ RunTime:0.000000s ]
ERR: 无法加载模块:Shopping

[ 2017-09-20T15:33:48+08:00 ] 127.0.0.1 /Shopping/Public/Home/AD/ad-3.jpg
INFO: [ app_init ] --START--
INFO: Run Behavior\BuildLiteBehavior [ RunTime:0.000000s ]
INFO: [ app_init ] --END-- [ RunTime:0.000000s ]
ERR: 无法加载模块:Shopping

[ 2017-09-20T15:33:48+08:00 ] 127.0.0.1 /Shopping/Public/Home/AD/ad-7.jpg
INFO: [ app_init ] --START--
INFO: Run Behavior\BuildLiteBehavior [ RunTime:0.000000s ]
INFO: [ app_init ] --END-- [ RunTime:0.000000s ]
ERR: 无法加载模块:Shopping

[ 2017-09-20T15:33:48+08:00 ] 127.0.0.1 /Shopping/Public/Home/AD/ad-6.jpg
INFO: [ app_init ] --START--
INFO: Run Behavior\BuildLiteBehavior [ RunTime:0.000000s ]
INFO: [ app_init ] --END-- [ RunTime:0.000000s ]
ERR: 无法加载模块:Shopping

[ 2017-09-20T15:33:48+08:00 ] 127.0.0.1 /Shopping/Public/Home/images/Service1.png
INFO: [ app_init ] --START--
INFO: Run Behavior\BuildLiteBehavior [ RunTime:0.000000s ]
INFO: [ app_init ] --END-- [ RunTime:0.001000s ]
ERR: 无法加载模块:Shopping

[ 2017-09-20T15:33:48+08:00 ] 127.0.0.1 /Shopping/Public/Home/images/erweim.jpg
INFO: [ app_init ] --START--
INFO: Run Behavior\BuildLiteBehavior [ RunTime:0.000000s ]
INFO: [ app_init ] --END-- [ RunTime:0.000000s ]
ERR: 无法加载模块:Shopping

[ 2017-09-20T15:33:50+08:00 ] 127.0.0.1 /Shopping/Public/Home/images/Service1.png
INFO: [ app_init ] --START--
INFO: Run Behavior\BuildLiteBehavior [ RunTime:0.000000s ]
INFO: [ app_init ] --END-- [ RunTime:0.000000s ]
ERR: 无法加载模块:Shopping

[ 2017-09-20T15:33:50+08:00 ] 127.0.0.1 /Shopping/Public/Home/images/erweim.jpg
INFO: [ app_init ] --START--
INFO: Run Behavior\BuildLiteBehavior [ RunTime:0.000000s ]
INFO: [ app_init ] --END-- [ RunTime:0.000000s ]
ERR: 无法加载模块:Shopping

[ 2017-09-20T15:33:50+08:00 ] 127.0.0.1 /Shopping/Public/Home/AD/ad-3.jpg
INFO: [ app_init ] --START--
INFO: Run Behavior\BuildLiteBehavior [ RunTime:0.000000s ]
INFO: [ app_init ] --END-- [ RunTime:0.000000s ]
ERR: 无法加载模块:Shopping

[ 2017-09-20T15:33:50+08:00 ] 127.0.0.1 /Shopping/Public/Home/AD/ad-7.jpg
INFO: [ app_init ] --START--
INFO: Run Behavior\BuildLiteBehavior [ RunTime:0.000000s ]
INFO: [ app_init ] --END-- [ RunTime:0.000000s ]
ERR: 无法加载模块:Shopping

[ 2017-09-20T15:33:50+08:00 ] 127.0.0.1 /Shopping/Public/Home/AD/ad-6.jpg
INFO: [ app_init ] --START--
INFO: Run Behavior\BuildLiteBehavior [ RunTime:0.000000s ]
INFO: [ app_init ] --END-- [ RunTime:0.000000s ]
ERR: 无法加载模块:Shopping

[ 2017-09-20T15:33:50+08:00 ] 127.0.0.1 /Shopping/Public/Home/images/Service1.png
INFO: [ app_init ] --START--
INFO: Run Behavior\BuildLiteBehavior [ RunTime:0.000000s ]
INFO: [ app_init ] --END-- [ RunTime:0.001000s ]
ERR: 无法加载模块:Shopping

[ 2017-09-20T15:33:50+08:00 ] 127.0.0.1 /Shopping/Public/Home/images/erweim.jpg
INFO: [ app_init ] --START--
INFO: Run Behavior\BuildLiteBehavior [ RunTime:0.000000s ]
INFO: [ app_init ] --END-- [ RunTime:0.000000s ]
ERR: 无法加载模块:Shopping

[ 2017-09-20T15:33:54+08:00 ] 127.0.0.1 /Shopping/Public/Home/images/lmrz.png
INFO: [ app_init ] --START--
INFO: Run Behavior\BuildLiteBehavior [ RunTime:0.000000s ]
INFO: [ app_init ] --END-- [ RunTime:0.001000s ]
ERR: 无法加载模块:Shopping

[ 2017-09-20T15:33:54+08:00 ] 127.0.0.1 /Shopping/Public/Home/images/pro_V2_r6_c9.png
INFO: [ app_init ] --START--
INFO: Run Behavior\BuildLiteBehavior [ RunTime:0.000000s ]
INFO: [ app_init ] --END-- [ RunTime:0.000000s ]
ERR: 无法加载模块:Shopping

[ 2017-09-20T15:33:54+08:00 ] 127.0.0.1 /Shopping/Public/Home/images/pro_V2_r8_c9.png
INFO: [ app_init ] --START--
INFO: Run Behavior\BuildLiteBehavior [ RunTime:0.000000s ]
INFO: [ app_init ] --END-- [ RunTime:0.000000s ]
ERR: 无法加载模块:Shopping

[ 2017-09-20T15:33:54+08:00 ] 127.0.0.1 /Shopping/Public/Home/images/pro_V2_r8_c10.png
INFO: [ app_init ] --START--
INFO: Run Behavior\BuildLiteBehavior [ RunTime:0.000000s ]
INFO: [ app_init ] --END-- [ RunTime:0.000000s ]
ERR: 无法加载模块:Shopping

[ 2017-09-20T15:33:54+08:00 ] 127.0.0.1 /Shopping/Public/Home/images/lmrz.png
INFO: [ app_init ] --START--
INFO: Run Behavior\BuildLiteBehavior [ RunTime:0.000000s ]
INFO: [ app_init ] --END-- [ RunTime:0.000000s ]
ERR: 无法加载模块:Shopping

[ 2017-09-20T15:33:54+08:00 ] 127.0.0.1 /Shopping/Public/Home/images/pro_V2_r6_c9.png
INFO: [ app_init ] --START--
INFO: Run Behavior\BuildLiteBehavior [ RunTime:0.000000s ]
INFO: [ app_init ] --END-- [ RunTime:0.001001s ]
ERR: 无法加载模块:Shopping

[ 2017-09-20T15:33:54+08:00 ] 127.0.0.1 /Shopping/Public/Home/images/pro_V2_r8_c10.png
INFO: [ app_init ] --START--
INFO: Run Behavior\BuildLiteBehavior [ RunTime:0.000000s ]
INFO: [ app_init ] --END-- [ RunTime:0.000000s ]
ERR: 无法加载模块:Shopping

[ 2017-09-20T15:33:54+08:00 ] 127.0.0.1 /Shopping/Public/Home/images/pro_V2_r8_c9.png
INFO: [ app_init ] --START--
INFO: Run Behavior\BuildLiteBehavior [ RunTime:0.000000s ]
INFO: [ app_init ] --END-- [ RunTime:0.000000s ]
ERR: 无法加载模块:Shopping

[ 2017-09-20T15:34:01+08:00 ] 127.0.0.1 /Shopping/Public/Home/AD/ad-3.jpg
INFO: [ app_init ] --START--
INFO: Run Behavior\BuildLiteBehavior [ RunTime:0.000000s ]
INFO: [ app_init ] --END-- [ RunTime:0.000000s ]
ERR: 无法加载模块:Shopping

[ 2017-09-20T15:34:01+08:00 ] 127.0.0.1 /Shopping/Public/Home/AD/ad-7.jpg
INFO: [ app_init ] --START--
INFO: Run Behavior\BuildLiteBehavior [ RunTime:0.000000s ]
INFO: [ app_init ] --END-- [ RunTime:0.000000s ]
ERR: 无法加载模块:Shopping

[ 2017-09-20T15:34:01+08:00 ] 127.0.0.1 /Shopping/Public/Home/AD/ad-6.jpg
INFO: [ app_init ] --START--
INFO: Run Behavior\BuildLiteBehavior [ RunTime:0.000000s ]
INFO: [ app_init ] --END-- [ RunTime:0.000000s ]
ERR: 无法加载模块:Shopping

[ 2017-09-20T15:34:05+08:00 ] 127.0.0.1 /Shopping/Public/Home/images/lmrz.png
INFO: [ app_init ] --START--
INFO: Run Behavior\BuildLiteBehavior [ RunTime:0.000000s ]
INFO: [ app_init ] --END-- [ RunTime:0.000000s ]
ERR: 无法加载模块:Shopping

[ 2017-09-20T15:34:05+08:00 ] 127.0.0.1 /Shopping/Public/Home/images/pro_V2_r6_c9.png
INFO: [ app_init ] --START--
INFO: Run Behavior\BuildLiteBehavior [ RunTime:0.000000s ]
INFO: [ app_init ] --END-- [ RunTime:0.000000s ]
ERR: 无法加载模块:Shopping

[ 2017-09-20T15:34:05+08:00 ] 127.0.0.1 /Shopping/Public/Home/images/pro_V2_r8_c9.png
INFO: [ app_init ] --START--
INFO: Run Behavior\BuildLiteBehavior [ RunTime:0.000000s ]
INFO: [ app_init ] --END-- [ RunTime:0.000000s ]
ERR: 无法加载模块:Shopping

[ 2017-09-20T15:34:05+08:00 ] 127.0.0.1 /Shopping/Public/Home/images/pro_V2_r8_c10.png
INFO: [ app_init ] --START--
INFO: Run Behavior\BuildLiteBehavior [ RunTime:0.000000s ]
INFO: [ app_init ] --END-- [ RunTime:0.000000s ]
ERR: 无法加载模块:Shopping

[ 2017-09-20T15:34:09+08:00 ] 127.0.0.1 /Shopping/Public/Home/images/Service1.png
INFO: [ app_init ] --START--
INFO: Run Behavior\BuildLiteBehavior [ RunTime:0.000000s ]
INFO: [ app_init ] --END-- [ RunTime:0.001000s ]
ERR: 无法加载模块:Shopping

[ 2017-09-20T15:34:09+08:00 ] 127.0.0.1 /Shopping/Public/Home/images/erweim.jpg
INFO: [ app_init ] --START--
INFO: Run Behavior\BuildLiteBehavior [ RunTime:0.000000s ]
INFO: [ app_init ] --END-- [ RunTime:0.000000s ]
ERR: 无法加载模块:Shopping

[ 2017-09-20T15:34:09+08:00 ] 127.0.0.1 /Shopping/Public/Home/AD/ad-3.jpg
INFO: [ app_init ] --START--
INFO: Run Behavior\BuildLiteBehavior [ RunTime:0.000000s ]
INFO: [ app_init ] --END-- [ RunTime:0.000000s ]
ERR: 无法加载模块:Shopping

[ 2017-09-20T15:34:09+08:00 ] 127.0.0.1 /Shopping/Public/Home/AD/ad-7.jpg
INFO: [ app_init ] --START--
INFO: Run Behavior\BuildLiteBehavior [ RunTime:0.000000s ]
INFO: [ app_init ] --END-- [ RunTime:0.000000s ]
ERR: 无法加载模块:Shopping

[ 2017-09-20T15:34:09+08:00 ] 127.0.0.1 /Shopping/Public/Home/AD/ad-6.jpg
INFO: [ app_init ] --START--
INFO: Run Behavior\BuildLiteBehavior [ RunTime:0.000000s ]
INFO: [ app_init ] --END-- [ RunTime:0.000000s ]
ERR: 无法加载模块:Shopping

[ 2017-09-20T15:34:09+08:00 ] 127.0.0.1 /Shopping/Public/Home/images/Service1.png
INFO: [ app_init ] --START--
INFO: Run Behavior\BuildLiteBehavior [ RunTime:0.000000s ]
INFO: [ app_init ] --END-- [ RunTime:0.000000s ]
ERR: 无法加载模块:Shopping

[ 2017-09-20T15:34:09+08:00 ] 127.0.0.1 /Shopping/Public/Home/images/erweim.jpg
INFO: [ app_init ] --START--
INFO: Run Behavior\BuildLiteBehavior [ RunTime:0.000000s ]
INFO: [ app_init ] --END-- [ RunTime:0.000000s ]
ERR: 无法加载模块:Shopping

[ 2017-09-20T15:34:14+08:00 ] 127.0.0.1 /Shopping/Public/Home/AD/ad-6.jpg
INFO: [ app_init ] --START--
INFO: Run Behavior\BuildLiteBehavior [ RunTime:0.000000s ]
INFO: [ app_init ] --END-- [ RunTime:0.000000s ]
ERR: 无法加载模块:Shopping

[ 2017-09-20T15:34:14+08:00 ] 127.0.0.1 /Shopping/Public/Home/AD/ad-7.jpg
INFO: [ app_init ] --START--
INFO: Run Behavior\BuildLiteBehavior [ RunTime:0.000000s ]
INFO: [ app_init ] --END-- [ RunTime:0.000000s ]
ERR: 无法加载模块:Shopping

[ 2017-09-20T15:34:14+08:00 ] 127.0.0.1 /Shopping/Public/Home/AD/ad-3.jpg
INFO: [ app_init ] --START--
INFO: Run Behavior\BuildLiteBehavior [ RunTime:0.000000s ]
INFO: [ app_init ] --END-- [ RunTime:0.000000s ]
ERR: 无法加载模块:Shopping

[ 2017-09-20T15:34:20+08:00 ] 127.0.0.1 /Shopping/Public/Home/images/Service1.png
INFO: [ app_init ] --START--
INFO: Run Behavior\BuildLiteBehavior [ RunTime:0.000000s ]
INFO: [ app_init ] --END-- [ RunTime:0.000000s ]
ERR: 无法加载模块:Shopping

[ 2017-09-20T15:34:20+08:00 ] 127.0.0.1 /Shopping/Public/Home/images/erweim.jpg
INFO: [ app_init ] --START--
INFO: Run Behavior\BuildLiteBehavior [ RunTime:0.000000s ]
INFO: [ app_init ] --END-- [ RunTime:0.000000s ]
ERR: 无法加载模块:Shopping

[ 2017-09-20T15:34:54+08:00 ] 127.0.0.1 /Shopping/Public/Home/images/Service1.png
INFO: [ app_init ] --START--
INFO: Run Behavior\BuildLiteBehavior [ RunTime:0.000000s ]
INFO: [ app_init ] --END-- [ RunTime:0.001000s ]
ERR: 无法加载模块:Shopping

[ 2017-09-20T15:34:54+08:00 ] 127.0.0.1 /Shopping/Public/Home/images/erweim.jpg
INFO: [ app_init ] --START--
INFO: Run Behavior\BuildLiteBehavior [ RunTime:0.000000s ]
INFO: [ app_init ] --END-- [ RunTime:0.000000s ]
ERR: 无法加载模块:Shopping

[ 2017-09-20T15:34:54+08:00 ] 127.0.0.1 /Shopping/Public/Home/AD/ad-3.jpg
INFO: [ app_init ] --START--
INFO: Run Behavior\BuildLiteBehavior [ RunTime:0.000000s ]
INFO: [ app_init ] --END-- [ RunTime:0.000000s ]
ERR: 无法加载模块:Shopping

[ 2017-09-20T15:34:54+08:00 ] 127.0.0.1 /Shopping/Public/Home/AD/ad-7.jpg
INFO: [ app_init ] --START--
INFO: Run Behavior\BuildLiteBehavior [ RunTime:0.000000s ]
INFO: [ app_init ] --END-- [ RunTime:0.000000s ]
ERR: 无法加载模块:Shopping

[ 2017-09-20T15:34:54+08:00 ] 127.0.0.1 /Shopping/Public/Home/AD/ad-6.jpg
INFO: [ app_init ] --START--
INFO: Run Behavior\BuildLiteBehavior [ RunTime:0.000000s ]
INFO: [ app_init ] --END-- [ RunTime:0.000000s ]
ERR: 无法加载模块:Shopping

[ 2017-09-20T15:34:54+08:00 ] 127.0.0.1 /Shopping/Public/Home/images/Service1.png
INFO: [ app_init ] --START--
INFO: Run Behavior\BuildLiteBehavior [ RunTime:0.000000s ]
INFO: [ app_init ] --END-- [ RunTime:0.000000s ]
ERR: 无法加载模块:Shopping

[ 2017-09-20T15:34:54+08:00 ] 127.0.0.1 /Shopping/Public/Home/images/erweim.jpg
INFO: [ app_init ] --START--
INFO: Run Behavior\BuildLiteBehavior [ RunTime:0.000000s ]
INFO: [ app_init ] --END-- [ RunTime:0.001000s ]
ERR: 无法加载模块:Shopping

[ 2017-09-20T15:35:04+08:00 ] 127.0.0.1 /Shopping/Public/Home/images/lmrz.png
INFO: [ app_init ] --START--
INFO: Run Behavior\BuildLiteBehavior [ RunTime:0.000000s ]
INFO: [ app_init ] --END-- [ RunTime:0.000000s ]
ERR: 无法加载模块:Shopping

[ 2017-09-20T15:35:04+08:00 ] 127.0.0.1 /Shopping/Public/Home/images/pro_V2_r6_c9.png
INFO: [ app_init ] --START--
INFO: Run Behavior\BuildLiteBehavior [ RunTime:0.000000s ]
INFO: [ app_init ] --END-- [ RunTime:0.000000s ]
ERR: 无法加载模块:Shopping

[ 2017-09-20T15:35:04+08:00 ] 127.0.0.1 /Shopping/Public/Home/images/pro_V2_r8_c9.png
INFO: [ app_init ] --START--
INFO: Run Behavior\BuildLiteBehavior [ RunTime:0.000000s ]
INFO: [ app_init ] --END-- [ RunTime:0.000000s ]
ERR: 无法加载模块:Shopping

[ 2017-09-20T15:35:04+08:00 ] 127.0.0.1 /Shopping/Public/Home/images/pro_V2_r8_c10.png
INFO: [ app_init ] --START--
INFO: Run Behavior\BuildLiteBehavior [ RunTime:0.000000s ]
INFO: [ app_init ] --END-- [ RunTime:0.000000s ]
ERR: 无法加载模块:Shopping

[ 2017-09-20T15:35:04+08:00 ] 127.0.0.1 /Shopping/Public/Home/images/lmrz.png
INFO: [ app_init ] --START--
INFO: Run Behavior\BuildLiteBehavior [ RunTime:0.000000s ]
INFO: [ app_init ] --END-- [ RunTime:0.000000s ]
ERR: 无法加载模块:Shopping

[ 2017-09-20T15:35:04+08:00 ] 127.0.0.1 /Shopping/Public/Home/images/pro_V2_r6_c9.png
INFO: [ app_init ] --START--
INFO: Run Behavior\BuildLiteBehavior [ RunTime:0.000000s ]
INFO: [ app_init ] --END-- [ RunTime:0.000000s ]
ERR: 无法加载模块:Shopping

[ 2017-09-20T15:35:04+08:00 ] 127.0.0.1 /Shopping/Public/Home/images/pro_V2_r8_c9.png
INFO: [ app_init ] --START--
INFO: Run Behavior\BuildLiteBehavior [ RunTime:0.000000s ]
INFO: [ app_init ] --END-- [ RunTime:0.001000s ]
ERR: 无法加载模块:Shopping

[ 2017-09-20T15:35:04+08:00 ] 127.0.0.1 /Shopping/Public/Home/images/pro_V2_r8_c10.png
INFO: [ app_init ] --START--
INFO: Run Behavior\BuildLiteBehavior [ RunTime:0.000000s ]
INFO: [ app_init ] --END-- [ RunTime:0.000000s ]
ERR: 无法加载模块:Shopping

[ 2017-09-20T15:35:15+08:00 ] 127.0.0.1 /Shopping/Public/Home/images/Service1.png
INFO: [ app_init ] --START--
INFO: Run Behavior\BuildLiteBehavior [ RunTime:0.000000s ]
INFO: [ app_init ] --END-- [ RunTime:0.001000s ]
ERR: 无法加载模块:Shopping

[ 2017-09-20T15:35:15+08:00 ] 127.0.0.1 /Shopping/Public/Home/images/erweim.jpg
INFO: [ app_init ] --START--
INFO: Run Behavior\BuildLiteBehavior [ RunTime:0.000000s ]
INFO: [ app_init ] --END-- [ RunTime:0.000000s ]
ERR: 无法加载模块:Shopping

[ 2017-09-20T15:35:15+08:00 ] 127.0.0.1 /Shopping/Public/Home/AD/ad-3.jpg
INFO: [ app_init ] --START--
INFO: Run Behavior\BuildLiteBehavior [ RunTime:0.000000s ]
INFO: [ app_init ] --END-- [ RunTime:0.001000s ]
ERR: 无法加载模块:Shopping

[ 2017-09-20T15:35:15+08:00 ] 127.0.0.1 /Shopping/Public/Home/AD/ad-7.jpg
INFO: [ app_init ] --START--
INFO: Run Behavior\BuildLiteBehavior [ RunTime:0.000000s ]
INFO: [ app_init ] --END-- [ RunTime:0.000000s ]
ERR: 无法加载模块:Shopping

[ 2017-09-20T15:35:15+08:00 ] 127.0.0.1 /Shopping/Public/Home/AD/ad-6.jpg
INFO: [ app_init ] --START--
INFO: Run Behavior\BuildLiteBehavior [ RunTime:0.000000s ]
INFO: [ app_init ] --END-- [ RunTime:0.001000s ]
ERR: 无法加载模块:Shopping

[ 2017-09-20T15:35:15+08:00 ] 127.0.0.1 /Shopping/Public/Home/images/Service1.png
INFO: [ app_init ] --START--
INFO: Run Behavior\BuildLiteBehavior [ RunTime:0.000000s ]
INFO: [ app_init ] --END-- [ RunTime:0.000000s ]
ERR: 无法加载模块:Shopping

[ 2017-09-20T15:35:15+08:00 ] 127.0.0.1 /Shopping/Public/Home/images/erweim.jpg
INFO: [ app_init ] --START--
INFO: Run Behavior\BuildLiteBehavior [ RunTime:0.000000s ]
INFO: [ app_init ] --END-- [ RunTime:0.000000s ]
ERR: 无法加载模块:Shopping

[ 2017-09-20T15:35:25+08:00 ] 127.0.0.1 /Shopping/Public/Home/AD/ad-6.jpg
INFO: [ app_init ] --START--
INFO: Run Behavior\BuildLiteBehavior [ RunTime:0.000000s ]
INFO: [ app_init ] --END-- [ RunTime:0.000000s ]
ERR: 无法加载模块:Shopping

[ 2017-09-20T15:35:25+08:00 ] 127.0.0.1 /Shopping/Public/Home/AD/ad-7.jpg
INFO: [ app_init ] --START--
INFO: Run Behavior\BuildLiteBehavior [ RunTime:0.000000s ]
INFO: [ app_init ] --END-- [ RunTime:0.000000s ]
ERR: 无法加载模块:Shopping

[ 2017-09-20T15:35:25+08:00 ] 127.0.0.1 /Shopping/Public/Home/AD/ad-3.jpg
INFO: [ app_init ] --START--
INFO: Run Behavior\BuildLiteBehavior [ RunTime:0.000000s ]
INFO: [ app_init ] --END-- [ RunTime:0.001000s ]
ERR: 无法加载模块:Shopping

[ 2017-09-20T15:35:25+08:00 ] 127.0.0.1 /Shopping/Public/Home/AD/ad-6.jpg
INFO: [ app_init ] --START--
INFO: Run Behavior\BuildLiteBehavior [ RunTime:0.000000s ]
INFO: [ app_init ] --END-- [ RunTime:0.000000s ]
ERR: 无法加载模块:Shopping

[ 2017-09-20T15:35:25+08:00 ] 127.0.0.1 /Shopping/Public/Home/AD/ad-7.jpg
INFO: [ app_init ] --START--
INFO: Run Behavior\BuildLiteBehavior [ RunTime:0.000000s ]
INFO: [ app_init ] --END-- [ RunTime:0.001000s ]
ERR: 无法加载模块:Shopping

[ 2017-09-20T15:35:25+08:00 ] 127.0.0.1 /Shopping/Public/Home/AD/ad-3.jpg
INFO: [ app_init ] --START--
INFO: Run Behavior\BuildLiteBehavior [ RunTime:0.000000s ]
INFO: [ app_init ] --END-- [ RunTime:0.001000s ]
ERR: 无法加载模块:Shopping

[ 2017-09-20T15:35:30+08:00 ] 127.0.0.1 /Shopping/Public/Home/images/Service1.png
INFO: [ app_init ] --START--
INFO: Run Behavior\BuildLiteBehavior [ RunTime:0.000000s ]
INFO: [ app_init ] --END-- [ RunTime:0.000000s ]
ERR: 无法加载模块:Shopping

[ 2017-09-20T15:35:30+08:00 ] 127.0.0.1 /Shopping/Public/Home/images/erweim.jpg
INFO: [ app_init ] --START--
INFO: Run Behavior\BuildLiteBehavior [ RunTime:0.000000s ]
INFO: [ app_init ] --END-- [ RunTime:0.000000s ]
ERR: 无法加载模块:Shopping

[ 2017-09-20T15:36:14+08:00 ] 127.0.0.1 /Shopping/Public/Home/images/erweim.jpg
INFO: [ app_init ] --START--
INFO: Run Behavior\BuildLiteBehavior [ RunTime:0.000000s ]
INFO: [ app_init ] --END-- [ RunTime:0.001000s ]
ERR: 无法加载模块:Shopping

[ 2017-09-20T15:36:14+08:00 ] 127.0.0.1 /Shopping/Public/Home/images/Service1.png
INFO: [ app_init ] --START--
INFO: Run Behavior\BuildLiteBehavior [ RunTime:0.000000s ]
INFO: [ app_init ] --END-- [ RunTime:0.000000s ]
ERR: 无法加载模块:Shopping

[ 2017-09-20T15:36:14+08:00 ] 127.0.0.1 /Shopping/Public/Home/AD/ad-3.jpg
INFO: [ app_init ] --START--
INFO: Run Behavior\BuildLiteBehavior [ RunTime:0.000000s ]
INFO: [ app_init ] --END-- [ RunTime:0.000000s ]
ERR: 无法加载模块:Shopping

[ 2017-09-20T15:36:14+08:00 ] 127.0.0.1 /Shopping/Public/Home/AD/ad-7.jpg
INFO: [ app_init ] --START--
INFO: Run Behavior\BuildLiteBehavior [ RunTime:0.000000s ]
INFO: [ app_init ] --END-- [ RunTime:0.000000s ]
ERR: 无法加载模块:Shopping

[ 2017-09-20T15:36:14+08:00 ] 127.0.0.1 /Shopping/Public/Home/AD/ad-6.jpg
INFO: [ app_init ] --START--
INFO: Run Behavior\BuildLiteBehavior [ RunTime:0.000000s ]
INFO: [ app_init ] --END-- [ RunTime:0.000000s ]
ERR: 无法加载模块:Shopping

[ 2017-09-20T15:36:14+08:00 ] 127.0.0.1 /Shopping/Public/Home/images/Service1.png
INFO: [ app_init ] --START--
INFO: Run Behavior\BuildLiteBehavior [ RunTime:0.000000s ]
INFO: [ app_init ] --END-- [ RunTime:0.000000s ]
ERR: 无法加载模块:Shopping

[ 2017-09-20T15:36:14+08:00 ] 127.0.0.1 /Shopping/Public/Home/images/erweim.jpg
INFO: [ app_init ] --START--
INFO: Run Behavior\BuildLiteBehavior [ RunTime:0.000000s ]
INFO: [ app_init ] --END-- [ RunTime:0.001000s ]
ERR: 无法加载模块:Shopping

[ 2017-09-20T15:37:44+08:00 ] 127.0.0.1 /Shopping/Public/Home/images/Service1.png
INFO: [ app_init ] --START--
INFO: Run Behavior\BuildLiteBehavior [ RunTime:0.000000s ]
INFO: [ app_init ] --END-- [ RunTime:0.001000s ]
ERR: 无法加载模块:Shopping

[ 2017-09-20T15:37:44+08:00 ] 127.0.0.1 /Shopping/Public/Home/images/erweim.jpg
INFO: [ app_init ] --START--
INFO: Run Behavior\BuildLiteBehavior [ RunTime:0.000000s ]
INFO: [ app_init ] --END-- [ RunTime:0.001000s ]
ERR: 无法加载模块:Shopping

[ 2017-09-20T15:37:44+08:00 ] 127.0.0.1 /Shopping/Public/Home/AD/ad-3.jpg
INFO: [ app_init ] --START--
INFO: Run Behavior\BuildLiteBehavior [ RunTime:0.000000s ]
INFO: [ app_init ] --END-- [ RunTime:0.002000s ]
ERR: 无法加载模块:Shopping

[ 2017-09-20T15:37:44+08:00 ] 127.0.0.1 /Shopping/Public/Home/AD/ad-7.jpg
INFO: [ app_init ] --START--
INFO: Run Behavior\BuildLiteBehavior [ RunTime:0.000000s ]
INFO: [ app_init ] --END-- [ RunTime:0.000000s ]
ERR: 无法加载模块:Shopping

[ 2017-09-20T15:37:44+08:00 ] 127.0.0.1 /Shopping/Public/Home/AD/ad-6.jpg
INFO: [ app_init ] --START--
INFO: Run Behavior\BuildLiteBehavior [ RunTime:0.000000s ]
INFO: [ app_init ] --END-- [ RunTime:0.001000s ]
ERR: 无法加载模块:Shopping

[ 2017-09-20T15:37:44+08:00 ] 127.0.0.1 /Shopping/Public/Home/images/Service1.png
INFO: [ app_init ] --START--
INFO: Run Behavior\BuildLiteBehavior [ RunTime:0.000000s ]
INFO: [ app_init ] --END-- [ RunTime:0.000000s ]
ERR: 无法加载模块:Shopping

[ 2017-09-20T15:37:44+08:00 ] 127.0.0.1 /Shopping/Public/Home/images/erweim.jpg
INFO: [ app_init ] --START--
INFO: Run Behavior\BuildLiteBehavior [ RunTime:0.000000s ]
INFO: [ app_init ] --END-- [ RunTime:0.000000s ]
ERR: 无法加载模块:Shopping

[ 2017-09-20T15:37:52+08:00 ] 127.0.0.1 /Shopping/Public/Home/AD/ad-3.jpg
INFO: [ app_init ] --START--
INFO: Run Behavior\BuildLiteBehavior [ RunTime:0.000000s ]
INFO: [ app_init ] --END-- [ RunTime:0.000000s ]
ERR: 无法加载模块:Shopping

[ 2017-09-20T15:37:52+08:00 ] 127.0.0.1 /Shopping/Public/Home/AD/ad-7.jpg
INFO: [ app_init ] --START--
INFO: Run Behavior\BuildLiteBehavior [ RunTime:0.000000s ]
INFO: [ app_init ] --END-- [ RunTime:0.001000s ]
ERR: 无法加载模块:Shopping

[ 2017-09-20T15:37:52+08:00 ] 127.0.0.1 /Shopping/Public/Home/AD/ad-6.jpg
INFO: [ app_init ] --START--
INFO: Run Behavior\BuildLiteBehavior [ RunTime:0.000000s ]
INFO: [ app_init ] --END-- [ RunTime:0.000000s ]
ERR: 无法加载模块:Shopping

[ 2017-09-20T15:37:58+08:00 ] 127.0.0.1 /Shopping/Public/Home/images/Service1.png
INFO: [ app_init ] --START--
INFO: Run Behavior\BuildLiteBehavior [ RunTime:0.000000s ]
INFO: [ app_init ] --END-- [ RunTime:0.000000s ]
ERR: 无法加载模块:Shopping

[ 2017-09-20T15:37:58+08:00 ] 127.0.0.1 /Shopping/Public/Home/images/erweim.jpg
INFO: [ app_init ] --START--
INFO: Run Behavior\BuildLiteBehavior [ RunTime:0.000000s ]
INFO: [ app_init ] --END-- [ RunTime:0.001000s ]
ERR: 无法加载模块:Shopping

[ 2017-09-20T15:38:41+08:00 ] 127.0.0.1 /Shopping/Public/Home/images/Service1.png
INFO: [ app_init ] --START--
INFO: Run Behavior\BuildLiteBehavior [ RunTime:0.000000s ]
INFO: [ app_init ] --END-- [ RunTime:0.000000s ]
ERR: 无法加载模块:Shopping

[ 2017-09-20T15:38:41+08:00 ] 127.0.0.1 /Shopping/Public/Home/images/erweim.jpg
INFO: [ app_init ] --START--
INFO: Run Behavior\BuildLiteBehavior [ RunTime:0.000000s ]
INFO: [ app_init ] --END-- [ RunTime:0.000000s ]
ERR: 无法加载模块:Shopping

[ 2017-09-20T15:38:41+08:00 ] 127.0.0.1 /Shopping/Public/Home/AD/ad-3.jpg
INFO: [ app_init ] --START--
INFO: Run Behavior\BuildLiteBehavior [ RunTime:0.000000s ]
INFO: [ app_init ] --END-- [ RunTime:0.000000s ]
ERR: 无法加载模块:Shopping

[ 2017-09-20T15:38:41+08:00 ] 127.0.0.1 /Shopping/Public/Home/AD/ad-6.jpg
INFO: [ app_init ] --START--
INFO: Run Behavior\BuildLiteBehavior [ RunTime:0.000000s ]
INFO: [ app_init ] --END-- [ RunTime:0.000000s ]
ERR: 无法加载模块:Shopping

[ 2017-09-20T15:38:41+08:00 ] 127.0.0.1 /Shopping/Public/Home/AD/ad-7.jpg
INFO: [ app_init ] --START--
INFO: Run Behavior\BuildLiteBehavior [ RunTime:0.000000s ]
INFO: [ app_init ] --END-- [ RunTime:0.000000s ]
ERR: 无法加载模块:Shopping

[ 2017-09-20T15:38:41+08:00 ] 127.0.0.1 /Shopping/Public/Home/images/Service1.png
INFO: [ app_init ] --START--
INFO: Run Behavior\BuildLiteBehavior [ RunTime:0.000000s ]
INFO: [ app_init ] --END-- [ RunTime:0.000000s ]
ERR: 无法加载模块:Shopping

[ 2017-09-20T15:38:41+08:00 ] 127.0.0.1 /Shopping/Public/Home/images/erweim.jpg
INFO: [ app_init ] --START--
INFO: Run Behavior\BuildLiteBehavior [ RunTime:0.000000s ]
INFO: [ app_init ] --END-- [ RunTime:0.000000s ]
ERR: 无法加载模块:Shopping

[ 2017-09-20T15:38:44+08:00 ] 127.0.0.1 /Shopping/Public/Home/images/lmrz.png
INFO: [ app_init ] --START--
INFO: Run Behavior\BuildLiteBehavior [ RunTime:0.000000s ]
INFO: [ app_init ] --END-- [ RunTime:0.001000s ]
ERR: 无法加载模块:Shopping

[ 2017-09-20T15:38:44+08:00 ] 127.0.0.1 /Shopping/Public/Home/images/pro_V2_r6_c9.png
INFO: [ app_init ] --START--
INFO: Run Behavior\BuildLiteBehavior [ RunTime:0.000000s ]
INFO: [ app_init ] --END-- [ RunTime:0.001000s ]
ERR: 无法加载模块:Shopping

[ 2017-09-20T15:38:44+08:00 ] 127.0.0.1 /Shopping/Public/Home/images/pro_V2_r8_c9.png
INFO: [ app_init ] --START--
INFO: Run Behavior\BuildLiteBehavior [ RunTime:0.000000s ]
INFO: [ app_init ] --END-- [ RunTime:0.000000s ]
ERR: 无法加载模块:Shopping

[ 2017-09-20T15:38:44+08:00 ] 127.0.0.1 /Shopping/Public/Home/images/pro_V2_r8_c10.png
INFO: [ app_init ] --START--
INFO: Run Behavior\BuildLiteBehavior [ RunTime:0.000000s ]
INFO: [ app_init ] --END-- [ RunTime:0.000000s ]
ERR: 无法加载模块:Shopping

[ 2017-09-20T15:38:44+08:00 ] 127.0.0.1 /Shopping/Public/Home/images/lmrz.png
INFO: [ app_init ] --START--
INFO: Run Behavior\BuildLiteBehavior [ RunTime:0.000000s ]
INFO: [ app_init ] --END-- [ RunTime:0.001000s ]
ERR: 无法加载模块:Shopping

[ 2017-09-20T15:38:44+08:00 ] 127.0.0.1 /Shopping/Public/Home/images/pro_V2_r8_c9.png
INFO: [ app_init ] --START--
INFO: Run Behavior\BuildLiteBehavior [ RunTime:0.000000s ]
INFO: [ app_init ] --END-- [ RunTime:0.000000s ]
ERR: 无法加载模块:Shopping

[ 2017-09-20T15:38:44+08:00 ] 127.0.0.1 /Shopping/Public/Home/images/pro_V2_r6_c9.png
INFO: [ app_init ] --START--
INFO: Run Behavior\BuildLiteBehavior [ RunTime:0.000000s ]
INFO: [ app_init ] --END-- [ RunTime:0.000000s ]
ERR: 无法加载模块:Shopping

[ 2017-09-20T15:38:44+08:00 ] 127.0.0.1 /Shopping/Public/Home/images/pro_V2_r8_c10.png
INFO: [ app_init ] --START--
INFO: Run Behavior\BuildLiteBehavior [ RunTime:0.000000s ]
INFO: [ app_init ] --END-- [ RunTime:0.000000s ]
ERR: 无法加载模块:Shopping

[ 2017-09-20T15:42:49+08:00 ] 127.0.0.1 /Shopping/Public/Home/images/lmrz.png
INFO: [ app_init ] --START--
INFO: Run Behavior\BuildLiteBehavior [ RunTime:0.000000s ]
INFO: [ app_init ] --END-- [ RunTime:0.000000s ]
ERR: 无法加载模块:Shopping

[ 2017-09-20T15:42:49+08:00 ] 127.0.0.1 /Shopping/Public/Home/images/pro_V2_r8_c10.png
INFO: [ app_init ] --START--
INFO: Run Behavior\BuildLiteBehavior [ RunTime:0.000000s ]
INFO: [ app_init ] --END-- [ RunTime:0.000000s ]
ERR: 无法加载模块:Shopping

[ 2017-09-20T15:42:49+08:00 ] 127.0.0.1 /Shopping/Public/Home/images/pro_V2_r6_c9.png
INFO: [ app_init ] --START--
INFO: Run Behavior\BuildLiteBehavior [ RunTime:0.000000s ]
INFO: [ app_init ] --END-- [ RunTime:0.001000s ]
ERR: 无法加载模块:Shopping

[ 2017-09-20T15:42:49+08:00 ] 127.0.0.1 /Shopping/Public/Home/images/pro_V2_r8_c9.png
INFO: [ app_init ] --START--
INFO: Run Behavior\BuildLiteBehavior [ RunTime:0.000000s ]
INFO: [ app_init ] --END-- [ RunTime:0.000000s ]
ERR: 无法加载模块:Shopping

[ 2017-09-20T15:42:49+08:00 ] 127.0.0.1 /Shopping/Public/Home/images/lmrz.png
INFO: [ app_init ] --START--
INFO: Run Behavior\BuildLiteBehavior [ RunTime:0.000000s ]
INFO: [ app_init ] --END-- [ RunTime:0.000000s ]
ERR: 无法加载模块:Shopping

[ 2017-09-20T15:42:49+08:00 ] 127.0.0.1 /Shopping/Public/Home/images/pro_V2_r6_c9.png
INFO: [ app_init ] --START--
INFO: Run Behavior\BuildLiteBehavior [ RunTime:0.000000s ]
INFO: [ app_init ] --END-- [ RunTime:0.001000s ]
ERR: 无法加载模块:Shopping

[ 2017-09-20T15:42:49+08:00 ] 127.0.0.1 /Shopping/Public/Home/images/pro_V2_r8_c10.png
INFO: [ app_init ] --START--
INFO: Run Behavior\BuildLiteBehavior [ RunTime:0.000000s ]
INFO: [ app_init ] --END-- [ RunTime:0.000000s ]
ERR: 无法加载模块:Shopping

[ 2017-09-20T15:42:49+08:00 ] 127.0.0.1 /Shopping/Public/Home/images/pro_V2_r8_c9.png
INFO: [ app_init ] --START--
INFO: Run Behavior\BuildLiteBehavior [ RunTime:0.000000s ]
INFO: [ app_init ] --END-- [ RunTime:0.001001s ]
ERR: 无法加载模块:Shopping

[ 2017-09-20T15:42:58+08:00 ] 127.0.0.1 /Shopping/Public/Home/images/Service1.png
INFO: [ app_init ] --START--
INFO: Run Behavior\BuildLiteBehavior [ RunTime:0.000000s ]
INFO: [ app_init ] --END-- [ RunTime:0.000000s ]
ERR: 无法加载模块:Shopping

[ 2017-09-20T15:42:58+08:00 ] 127.0.0.1 /Shopping/Public/Home/images/erweim.jpg
INFO: [ app_init ] --START--
INFO: Run Behavior\BuildLiteBehavior [ RunTime:0.000000s ]
INFO: [ app_init ] --END-- [ RunTime:0.000000s ]
ERR: 无法加载模块:Shopping

[ 2017-09-20T15:42:58+08:00 ] 127.0.0.1 /Shopping/Public/Home/AD/ad-3.jpg
INFO: [ app_init ] --START--
INFO: Run Behavior\BuildLiteBehavior [ RunTime:0.000000s ]
INFO: [ app_init ] --END-- [ RunTime:0.000000s ]
ERR: 无法加载模块:Shopping

[ 2017-09-20T15:42:58+08:00 ] 127.0.0.1 /Shopping/Public/Home/AD/ad-7.jpg
INFO: [ app_init ] --START--
INFO: Run Behavior\BuildLiteBehavior [ RunTime:0.000000s ]
INFO: [ app_init ] --END-- [ RunTime:0.001000s ]
ERR: 无法加载模块:Shopping

[ 2017-09-20T15:42:58+08:00 ] 127.0.0.1 /Shopping/Public/Home/AD/ad-6.jpg
INFO: [ app_init ] --START--
INFO: Run Behavior\BuildLiteBehavior [ RunTime:0.000000s ]
INFO: [ app_init ] --END-- [ RunTime:0.000000s ]
ERR: 无法加载模块:Shopping

[ 2017-09-20T15:42:58+08:00 ] 127.0.0.1 /Shopping/Public/Home/images/Service1.png
INFO: [ app_init ] --START--
INFO: Run Behavior\BuildLiteBehavior [ RunTime:0.000000s ]
INFO: [ app_init ] --END-- [ RunTime:0.000000s ]
ERR: 无法加载模块:Shopping

[ 2017-09-20T15:42:58+08:00 ] 127.0.0.1 /Shopping/Public/Home/images/erweim.jpg
INFO: [ app_init ] --START--
INFO: Run Behavior\BuildLiteBehavior [ RunTime:0.000000s ]
INFO: [ app_init ] --END-- [ RunTime:0.000000s ]
ERR: 无法加载模块:Shopping

[ 2017-09-20T15:43:02+08:00 ] 127.0.0.1 /Shopping/Public/Home/AD/ad-6.jpg
INFO: [ app_init ] --START--
INFO: Run Behavior\BuildLiteBehavior [ RunTime:0.000000s ]
INFO: [ app_init ] --END-- [ RunTime:0.000000s ]
ERR: 无法加载模块:Shopping

[ 2017-09-20T15:43:02+08:00 ] 127.0.0.1 /Shopping/Public/Home/AD/ad-7.jpg
INFO: [ app_init ] --START--
INFO: Run Behavior\BuildLiteBehavior [ RunTime:0.000000s ]
INFO: [ app_init ] --END-- [ RunTime:0.001000s ]
ERR: 无法加载模块:Shopping

[ 2017-09-20T15:43:02+08:00 ] 127.0.0.1 /Shopping/Public/Home/AD/ad-3.jpg
INFO: [ app_init ] --START--
INFO: Run Behavior\BuildLiteBehavior [ RunTime:0.000000s ]
INFO: [ app_init ] --END-- [ RunTime:0.000000s ]
ERR: 无法加载模块:Shopping

[ 2017-09-20T15:43:09+08:00 ] 127.0.0.1 /Shopping/Public/Home/images/Service1.png
INFO: [ app_init ] --START--
INFO: Run Behavior\BuildLiteBehavior [ RunTime:0.000000s ]
INFO: [ app_init ] --END-- [ RunTime:0.000000s ]
ERR: 无法加载模块:Shopping

[ 2017-09-20T15:43:09+08:00 ] 127.0.0.1 /Shopping/Public/Home/images/erweim.jpg
INFO: [ app_init ] --START--
INFO: Run Behavior\BuildLiteBehavior [ RunTime:0.000000s ]
INFO: [ app_init ] --END-- [ RunTime:0.001000s ]
ERR: 无法加载模块:Shopping

