[ 2017-09-11T09:08:13+08:00 ] 127.0.0.1 /favicon.ico
INFO: [ app_init ] --START--
INFO: Run Behavior\BuildLiteBehavior [ RunTime:0.000000s ]
INFO: [ app_init ] --END-- [ RunTime:0.007000s ]
ERR: 无法加载模块:Favicon

[ 2017-09-11T09:08:13+08:00 ] 127.0.0.1 /favicon.ico
INFO: [ app_init ] --START--
INFO: Run Behavior\BuildLiteBehavior [ RunTime:0.000000s ]
INFO: [ app_init ] --END-- [ RunTime:0.001000s ]
ERR: 无法加载模块:Favicon

[ 2017-09-11T09:08:13+08:00 ] 127.0.0.1 /favicon.ico
INFO: [ app_init ] --START--
INFO: Run Behavior\BuildLiteBehavior [ RunTime:0.000000s ]
INFO: [ app_init ] --END-- [ RunTime:0.001000s ]
ERR: 无法加载模块:Favicon

[ 2017-09-11T09:08:13+08:00 ] 127.0.0.1 /favicon.ico
INFO: [ app_init ] --START--
INFO: Run Behavior\BuildLiteBehavior [ RunTime:0.000000s ]
INFO: [ app_init ] --END-- [ RunTime:0.000000s ]
ERR: 无法加载模块:Favicon

[ 2017-09-11T09:08:13+08:00 ] 127.0.0.1 /favicon.ico
INFO: [ app_init ] --START--
INFO: Run Behavior\BuildLiteBehavior [ RunTime:0.000000s ]
INFO: [ app_init ] --END-- [ RunTime:0.000000s ]
ERR: 无法加载模块:Favicon

[ 2017-09-11T09:08:13+08:00 ] 127.0.0.1 /favicon.ico
INFO: [ app_init ] --START--
INFO: Run Behavior\BuildLiteBehavior [ RunTime:0.000000s ]
INFO: [ app_init ] --END-- [ RunTime:0.000000s ]
ERR: 无法加载模块:Favicon

[ 2017-09-11T09:08:13+08:00 ] 127.0.0.1 /favicon.ico
INFO: [ app_init ] --START--
INFO: Run Behavior\BuildLiteBehavior [ RunTime:0.000000s ]
INFO: [ app_init ] --END-- [ RunTime:0.000000s ]
ERR: 无法加载模块:Favicon

[ 2017-09-11T09:08:13+08:00 ] 127.0.0.1 /favicon.ico
INFO: [ app_init ] --START--
INFO: Run Behavior\BuildLiteBehavior [ RunTime:0.000000s ]
INFO: [ app_init ] --END-- [ RunTime:0.000000s ]
ERR: 无法加载模块:Favicon

[ 2017-09-11T09:08:15+08:00 ] 127.0.0.1 /favicon.ico
INFO: [ app_init ] --START--
INFO: Run Behavior\BuildLiteBehavior [ RunTime:0.000000s ]
INFO: [ app_init ] --END-- [ RunTime:0.001000s ]
ERR: 无法加载模块:Favicon

[ 2017-09-11T15:07:41+08:00 ] 127.0.0.1 /favicon.ico
INFO: [ app_init ] --START--
INFO: Run Behavior\BuildLiteBehavior [ RunTime:0.000000s ]
INFO: [ app_init ] --END-- [ RunTime:0.000000s ]
ERR: 无法加载模块:Favicon

[ 2017-09-11T15:08:14+08:00 ] 127.0.0.1 /Shopping/Public/Home/images/tianma.png
INFO: [ app_init ] --START--
INFO: Run Behavior\BuildLiteBehavior [ RunTime:0.000000s ]
INFO: [ app_init ] --END-- [ RunTime:0.000000s ]
ERR: 无法加载模块:Shopping

[ 2017-09-11T15:08:14+08:00 ] 127.0.0.1 /Shopping/Public/Home/images/tianma.png
INFO: [ app_init ] --START--
INFO: Run Behavior\BuildLiteBehavior [ RunTime:0.000000s ]
INFO: [ app_init ] --END-- [ RunTime:0.000000s ]
ERR: 无法加载模块:Shopping

[ 2017-09-11T15:08:14+08:00 ] 127.0.0.1 /Shopping/Public/Home/images/liselected.gif
INFO: [ app_init ] --START--
INFO: Run Behavior\BuildLiteBehavior [ RunTime:0.000000s ]
INFO: [ app_init ] --END-- [ RunTime:0.000000s ]
ERR: 无法加载模块:Shopping

[ 2017-09-11T15:08:35+08:00 ] 127.0.0.1 /Shopping/Public/Home/images/tianma.png
INFO: [ app_init ] --START--
INFO: Run Behavior\BuildLiteBehavior [ RunTime:0.000000s ]
INFO: [ app_init ] --END-- [ RunTime:0.001000s ]
ERR: 无法加载模块:Shopping

[ 2017-09-11T15:08:35+08:00 ] 127.0.0.1 /Shopping/Public/Home/images/liselected.gif
INFO: [ app_init ] --START--
INFO: Run Behavior\BuildLiteBehavior [ RunTime:0.000000s ]
INFO: [ app_init ] --END-- [ RunTime:0.000000s ]
ERR: 无法加载模块:Shopping

[ 2017-09-11T15:08:55+08:00 ] 127.0.0.1 /Shopping/Public/Home/images/tianma.png
INFO: [ app_init ] --START--
INFO: Run Behavior\BuildLiteBehavior [ RunTime:0.000000s ]
INFO: [ app_init ] --END-- [ RunTime:0.000000s ]
ERR: 无法加载模块:Shopping

[ 2017-09-11T15:08:55+08:00 ] 127.0.0.1 /Shopping/Public/Home/images/liselected.gif
INFO: [ app_init ] --START--
INFO: Run Behavior\BuildLiteBehavior [ RunTime:0.000000s ]
INFO: [ app_init ] --END-- [ RunTime:0.000000s ]
ERR: 无法加载模块:Shopping

[ 2017-09-11T15:08:56+08:00 ] 127.0.0.1 /Shopping/Public/Home/images/tianma.png
INFO: [ app_init ] --START--
INFO: Run Behavior\BuildLiteBehavior [ RunTime:0.000000s ]
INFO: [ app_init ] --END-- [ RunTime:0.001000s ]
ERR: 无法加载模块:Shopping

[ 2017-09-11T15:08:56+08:00 ] 127.0.0.1 /Shopping/Public/Home/images/liselected.gif
INFO: [ app_init ] --START--
INFO: Run Behavior\BuildLiteBehavior [ RunTime:0.000000s ]
INFO: [ app_init ] --END-- [ RunTime:0.000000s ]
ERR: 无法加载模块:Shopping

[ 2017-09-11T15:10:12+08:00 ] 127.0.0.1 /Shopping/Public/Home/images/tianma.png
INFO: [ app_init ] --START--
INFO: Run Behavior\BuildLiteBehavior [ RunTime:0.000000s ]
INFO: [ app_init ] --END-- [ RunTime:0.001000s ]
ERR: 无法加载模块:Shopping

[ 2017-09-11T15:10:12+08:00 ] 127.0.0.1 /Shopping/Public/Home/images/tianma.png
INFO: [ app_init ] --START--
INFO: Run Behavior\BuildLiteBehavior [ RunTime:0.000000s ]
INFO: [ app_init ] --END-- [ RunTime:0.001000s ]
ERR: 无法加载模块:Shopping

[ 2017-09-11T15:10:12+08:00 ] 127.0.0.1 /Shopping/Public/Home/images/liselected.gif
INFO: [ app_init ] --START--
INFO: Run Behavior\BuildLiteBehavior [ RunTime:0.000000s ]
INFO: [ app_init ] --END-- [ RunTime:0.000000s ]
ERR: 无法加载模块:Shopping

[ 2017-09-11T15:10:14+08:00 ] 127.0.0.1 /Shopping/Public/Home/images/tianma.png
INFO: [ app_init ] --START--
INFO: Run Behavior\BuildLiteBehavior [ RunTime:0.000000s ]
INFO: [ app_init ] --END-- [ RunTime:0.000000s ]
ERR: 无法加载模块:Shopping

[ 2017-09-11T15:10:14+08:00 ] 127.0.0.1 /Shopping/Public/Home/images/liselected.gif
INFO: [ app_init ] --START--
INFO: Run Behavior\BuildLiteBehavior [ RunTime:0.000000s ]
INFO: [ app_init ] --END-- [ RunTime:0.000000s ]
ERR: 无法加载模块:Shopping

[ 2017-09-11T15:10:31+08:00 ] 127.0.0.1 /Shopping/Public/Home/images/tianma.png
INFO: [ app_init ] --START--
INFO: Run Behavior\BuildLiteBehavior [ RunTime:0.000000s ]
INFO: [ app_init ] --END-- [ RunTime:0.000000s ]
ERR: 无法加载模块:Shopping

[ 2017-09-11T15:10:31+08:00 ] 127.0.0.1 /Shopping/Public/Home/images/tianma.png
INFO: [ app_init ] --START--
INFO: Run Behavior\BuildLiteBehavior [ RunTime:0.000000s ]
INFO: [ app_init ] --END-- [ RunTime:0.001000s ]
ERR: 无法加载模块:Shopping

[ 2017-09-11T15:10:31+08:00 ] 127.0.0.1 /Shopping/Public/Home/images/liselected.gif
INFO: [ app_init ] --START--
INFO: Run Behavior\BuildLiteBehavior [ RunTime:0.000000s ]
INFO: [ app_init ] --END-- [ RunTime:0.000000s ]
ERR: 无法加载模块:Shopping

[ 2017-09-11T15:10:32+08:00 ] 127.0.0.1 /Shopping/Public/Home/images/tianma.png
INFO: [ app_init ] --START--
INFO: Run Behavior\BuildLiteBehavior [ RunTime:0.000000s ]
INFO: [ app_init ] --END-- [ RunTime:0.001001s ]
ERR: 无法加载模块:Shopping

[ 2017-09-11T15:10:32+08:00 ] 127.0.0.1 /Shopping/Public/Home/images/liselected.gif
INFO: [ app_init ] --START--
INFO: Run Behavior\BuildLiteBehavior [ RunTime:0.000000s ]
INFO: [ app_init ] --END-- [ RunTime:0.000000s ]
ERR: 无法加载模块:Shopping

[ 2017-09-11T15:11:42+08:00 ] 127.0.0.1 /Shopping/Public/Home/images/tianma.png
INFO: [ app_init ] --START--
INFO: Run Behavior\BuildLiteBehavior [ RunTime:0.000000s ]
INFO: [ app_init ] --END-- [ RunTime:0.000000s ]
ERR: 无法加载模块:Shopping

[ 2017-09-11T15:11:43+08:00 ] 127.0.0.1 /Shopping/Public/Home/images/tianma.png
INFO: [ app_init ] --START--
INFO: Run Behavior\BuildLiteBehavior [ RunTime:0.000000s ]
INFO: [ app_init ] --END-- [ RunTime:0.000000s ]
ERR: 无法加载模块:Shopping

[ 2017-09-11T15:11:43+08:00 ] 127.0.0.1 /Shopping/Public/Home/images/liselected.gif
INFO: [ app_init ] --START--
INFO: Run Behavior\BuildLiteBehavior [ RunTime:0.000000s ]
INFO: [ app_init ] --END-- [ RunTime:0.000000s ]
ERR: 无法加载模块:Shopping

[ 2017-09-11T15:11:44+08:00 ] 127.0.0.1 /Shopping/Public/Home/images/tianma.png
INFO: [ app_init ] --START--
INFO: Run Behavior\BuildLiteBehavior [ RunTime:0.000000s ]
INFO: [ app_init ] --END-- [ RunTime:0.000000s ]
ERR: 无法加载模块:Shopping

[ 2017-09-11T15:11:44+08:00 ] 127.0.0.1 /Shopping/Public/Home/images/liselected.gif
INFO: [ app_init ] --START--
INFO: Run Behavior\BuildLiteBehavior [ RunTime:0.000000s ]
INFO: [ app_init ] --END-- [ RunTime:0.000000s ]
ERR: 无法加载模块:Shopping

[ 2017-09-11T15:24:48+08:00 ] 127.0.0.1 /Shopping/Public/Home/images/tianma.png
INFO: [ app_init ] --START--
INFO: Run Behavior\BuildLiteBehavior [ RunTime:0.000000s ]
INFO: [ app_init ] --END-- [ RunTime:0.000000s ]
ERR: 无法加载模块:Shopping

[ 2017-09-11T15:24:48+08:00 ] 127.0.0.1 /Shopping/Public/Home/images/tianma.png
INFO: [ app_init ] --START--
INFO: Run Behavior\BuildLiteBehavior [ RunTime:0.000000s ]
INFO: [ app_init ] --END-- [ RunTime:0.000000s ]
ERR: 无法加载模块:Shopping

[ 2017-09-11T15:24:48+08:00 ] 127.0.0.1 /Shopping/Public/Home/images/liselected.gif
INFO: [ app_init ] --START--
INFO: Run Behavior\BuildLiteBehavior [ RunTime:0.000000s ]
INFO: [ app_init ] --END-- [ RunTime:0.000000s ]
ERR: 无法加载模块:Shopping

[ 2017-09-11T15:24:50+08:00 ] 127.0.0.1 /Shopping/Public/Home/images/tianma.png
INFO: [ app_init ] --START--
INFO: Run Behavior\BuildLiteBehavior [ RunTime:0.000000s ]
INFO: [ app_init ] --END-- [ RunTime:0.000000s ]
ERR: 无法加载模块:Shopping

[ 2017-09-11T15:24:50+08:00 ] 127.0.0.1 /Shopping/Public/Home/images/liselected.gif
INFO: [ app_init ] --START--
INFO: Run Behavior\BuildLiteBehavior [ RunTime:0.000000s ]
INFO: [ app_init ] --END-- [ RunTime:0.001000s ]
ERR: 无法加载模块:Shopping

[ 2017-09-11T15:26:04+08:00 ] 127.0.0.1 /Shopping/Public/Home/images/tianma.png
INFO: [ app_init ] --START--
INFO: Run Behavior\BuildLiteBehavior [ RunTime:0.000000s ]
INFO: [ app_init ] --END-- [ RunTime:0.000000s ]
ERR: 无法加载模块:Shopping

[ 2017-09-11T15:26:04+08:00 ] 127.0.0.1 /Shopping/Public/Home/images/tianma.png
INFO: [ app_init ] --START--
INFO: Run Behavior\BuildLiteBehavior [ RunTime:0.000000s ]
INFO: [ app_init ] --END-- [ RunTime:0.001000s ]
ERR: 无法加载模块:Shopping

[ 2017-09-11T15:26:04+08:00 ] 127.0.0.1 /Shopping/Public/Home/images/liselected.gif
INFO: [ app_init ] --START--
INFO: Run Behavior\BuildLiteBehavior [ RunTime:0.000000s ]
INFO: [ app_init ] --END-- [ RunTime:0.000000s ]
ERR: 无法加载模块:Shopping

[ 2017-09-11T15:26:05+08:00 ] 127.0.0.1 /Shopping/Public/Home/images/tianma.png
INFO: [ app_init ] --START--
INFO: Run Behavior\BuildLiteBehavior [ RunTime:0.000000s ]
INFO: [ app_init ] --END-- [ RunTime:0.000000s ]
ERR: 无法加载模块:Shopping

[ 2017-09-11T15:26:06+08:00 ] 127.0.0.1 /Shopping/Public/Home/images/liselected.gif
INFO: [ app_init ] --START--
INFO: Run Behavior\BuildLiteBehavior [ RunTime:0.000000s ]
INFO: [ app_init ] --END-- [ RunTime:0.000000s ]
ERR: 无法加载模块:Shopping

[ 2017-09-11T16:49:46+08:00 ] 127.0.0.1 /Shopping/Public/Home/images/tianma.png
INFO: [ app_init ] --START--
INFO: Run Behavior\BuildLiteBehavior [ RunTime:0.000000s ]
INFO: [ app_init ] --END-- [ RunTime:0.000000s ]
ERR: 无法加载模块:Shopping

[ 2017-09-11T16:49:46+08:00 ] 127.0.0.1 /Shopping/Public/Home/images/Service1.png
INFO: [ app_init ] --START--
INFO: Run Behavior\BuildLiteBehavior [ RunTime:0.000000s ]
INFO: [ app_init ] --END-- [ RunTime:0.000000s ]
ERR: 无法加载模块:Shopping

[ 2017-09-11T16:49:46+08:00 ] 127.0.0.1 /Shopping/Public/Home/images/erweim.jpg
INFO: [ app_init ] --START--
INFO: Run Behavior\BuildLiteBehavior [ RunTime:0.000000s ]
INFO: [ app_init ] --END-- [ RunTime:0.001000s ]
ERR: 无法加载模块:Shopping

[ 2017-09-11T16:49:47+08:00 ] 127.0.0.1 /Shopping/Public/Home/images/tianma.png
INFO: [ app_init ] --START--
INFO: Run Behavior\BuildLiteBehavior [ RunTime:0.000000s ]
INFO: [ app_init ] --END-- [ RunTime:0.000000s ]
ERR: 无法加载模块:Shopping

[ 2017-09-11T16:49:47+08:00 ] 127.0.0.1 /Shopping/Public/Home/AD/ad-7.jpg
INFO: [ app_init ] --START--
INFO: Run Behavior\BuildLiteBehavior [ RunTime:0.000000s ]
INFO: [ app_init ] --END-- [ RunTime:0.000000s ]
ERR: 无法加载模块:Shopping

[ 2017-09-11T16:49:47+08:00 ] 127.0.0.1 /Shopping/Public/Home/AD/ad-3.jpg
INFO: [ app_init ] --START--
INFO: Run Behavior\BuildLiteBehavior [ RunTime:0.000000s ]
INFO: [ app_init ] --END-- [ RunTime:0.000000s ]
ERR: 无法加载模块:Shopping

[ 2017-09-11T16:49:47+08:00 ] 127.0.0.1 /Shopping/Public/Home/AD/ad-6.jpg
INFO: [ app_init ] --START--
INFO: Run Behavior\BuildLiteBehavior [ RunTime:0.000000s ]
INFO: [ app_init ] --END-- [ RunTime:0.001000s ]
ERR: 无法加载模块:Shopping

[ 2017-09-11T16:49:49+08:00 ] 127.0.0.1 /Shopping/Public/Home/images/lmrz.png
INFO: [ app_init ] --START--
INFO: Run Behavior\BuildLiteBehavior [ RunTime:0.000000s ]
INFO: [ app_init ] --END-- [ RunTime:0.000000s ]
ERR: 无法加载模块:Shopping

[ 2017-09-11T16:49:49+08:00 ] 127.0.0.1 /Shopping/Public/Home/images/pro_V2_r6_c9.png
INFO: [ app_init ] --START--
INFO: Run Behavior\BuildLiteBehavior [ RunTime:0.000000s ]
INFO: [ app_init ] --END-- [ RunTime:0.000000s ]
ERR: 无法加载模块:Shopping

[ 2017-09-11T16:49:49+08:00 ] 127.0.0.1 /Shopping/Public/Home/images/pro_V2_r8_c10.png
INFO: [ app_init ] --START--
INFO: Run Behavior\BuildLiteBehavior [ RunTime:0.000000s ]
INFO: [ app_init ] --END-- [ RunTime:0.001000s ]
ERR: 无法加载模块:Shopping

[ 2017-09-11T16:49:49+08:00 ] 127.0.0.1 /Shopping/Public/Home/images/pro_V2_r8_c9.png
INFO: [ app_init ] --START--
INFO: Run Behavior\BuildLiteBehavior [ RunTime:0.000000s ]
INFO: [ app_init ] --END-- [ RunTime:0.001000s ]
ERR: 无法加载模块:Shopping

[ 2017-09-11T16:49:52+08:00 ] 127.0.0.1 /Shopping/Public/Home/images/mask.png
INFO: [ app_init ] --START--
INFO: Run Behavior\BuildLiteBehavior [ RunTime:0.000000s ]
INFO: [ app_init ] --END-- [ RunTime:0.000000s ]
ERR: 无法加载模块:Shopping

[ 2017-09-11T16:50:15+08:00 ] 127.0.0.1 /Shopping/Public/Home/images/tianma.png
INFO: [ app_init ] --START--
INFO: Run Behavior\BuildLiteBehavior [ RunTime:0.000000s ]
INFO: [ app_init ] --END-- [ RunTime:0.000000s ]
ERR: 无法加载模块:Shopping

[ 2017-09-11T16:50:15+08:00 ] 127.0.0.1 /Shopping/Public/Home/images/Service1.png
INFO: [ app_init ] --START--
INFO: Run Behavior\BuildLiteBehavior [ RunTime:0.000000s ]
INFO: [ app_init ] --END-- [ RunTime:0.001000s ]
ERR: 无法加载模块:Shopping

[ 2017-09-11T16:50:15+08:00 ] 127.0.0.1 /Shopping/Public/Home/images/erweim.jpg
INFO: [ app_init ] --START--
INFO: Run Behavior\BuildLiteBehavior [ RunTime:0.000000s ]
INFO: [ app_init ] --END-- [ RunTime:0.001000s ]
ERR: 无法加载模块:Shopping

[ 2017-09-11T16:50:15+08:00 ] 127.0.0.1 /Shopping/Public/Home/images/tianma.png
INFO: [ app_init ] --START--
INFO: Run Behavior\BuildLiteBehavior [ RunTime:0.000000s ]
INFO: [ app_init ] --END-- [ RunTime:0.000000s ]
ERR: 无法加载模块:Shopping

[ 2017-09-11T16:50:15+08:00 ] 127.0.0.1 /Shopping/Public/Home/AD/ad-7.jpg
INFO: [ app_init ] --START--
INFO: Run Behavior\BuildLiteBehavior [ RunTime:0.000000s ]
INFO: [ app_init ] --END-- [ RunTime:0.001001s ]
ERR: 无法加载模块:Shopping

[ 2017-09-11T16:50:15+08:00 ] 127.0.0.1 /Shopping/Public/Home/AD/ad-6.jpg
INFO: [ app_init ] --START--
INFO: Run Behavior\BuildLiteBehavior [ RunTime:0.000000s ]
INFO: [ app_init ] --END-- [ RunTime:0.000000s ]
ERR: 无法加载模块:Shopping

[ 2017-09-11T16:50:15+08:00 ] 127.0.0.1 /Shopping/Public/Home/AD/ad-3.jpg
INFO: [ app_init ] --START--
INFO: Run Behavior\BuildLiteBehavior [ RunTime:0.000000s ]
INFO: [ app_init ] --END-- [ RunTime:0.001000s ]
ERR: 无法加载模块:Shopping

[ 2017-09-11T16:50:18+08:00 ] 127.0.0.1 /Shopping/Public/Home/images/lmrz.png
INFO: [ app_init ] --START--
INFO: Run Behavior\BuildLiteBehavior [ RunTime:0.000000s ]
INFO: [ app_init ] --END-- [ RunTime:0.001000s ]
ERR: 无法加载模块:Shopping

[ 2017-09-11T16:50:18+08:00 ] 127.0.0.1 /Shopping/Public/Home/images/pro_V2_r6_c9.png
INFO: [ app_init ] --START--
INFO: Run Behavior\BuildLiteBehavior [ RunTime:0.000000s ]
INFO: [ app_init ] --END-- [ RunTime:0.000000s ]
ERR: 无法加载模块:Shopping

[ 2017-09-11T16:50:18+08:00 ] 127.0.0.1 /Shopping/Public/Home/images/pro_V2_r8_c10.png
INFO: [ app_init ] --START--
INFO: Run Behavior\BuildLiteBehavior [ RunTime:0.000000s ]
INFO: [ app_init ] --END-- [ RunTime:0.001000s ]
ERR: 无法加载模块:Shopping

[ 2017-09-11T16:50:18+08:00 ] 127.0.0.1 /Shopping/Public/Home/images/pro_V2_r8_c9.png
INFO: [ app_init ] --START--
INFO: Run Behavior\BuildLiteBehavior [ RunTime:0.000000s ]
INFO: [ app_init ] --END-- [ RunTime:0.000000s ]
ERR: 无法加载模块:Shopping

[ 2017-09-11T16:50:18+08:00 ] 127.0.0.1 /Shopping/Public/Home/images/mask.png
INFO: [ app_init ] --START--
INFO: Run Behavior\BuildLiteBehavior [ RunTime:0.000000s ]
INFO: [ app_init ] --END-- [ RunTime:0.000000s ]
ERR: 无法加载模块:Shopping

[ 2017-09-11T16:50:31+08:00 ] 127.0.0.1 /Shopping/Public/Home/images/tianma.png
INFO: [ app_init ] --START--
INFO: Run Behavior\BuildLiteBehavior [ RunTime:0.000000s ]
INFO: [ app_init ] --END-- [ RunTime:0.000000s ]
ERR: 无法加载模块:Shopping

[ 2017-09-11T16:50:31+08:00 ] 127.0.0.1 /Shopping/Public/Home/images/tianma.png
INFO: [ app_init ] --START--
INFO: Run Behavior\BuildLiteBehavior [ RunTime:0.000000s ]
INFO: [ app_init ] --END-- [ RunTime:0.000000s ]
ERR: 无法加载模块:Shopping

[ 2017-09-11T16:50:31+08:00 ] 127.0.0.1 /Shopping/Public/Home/images/liselected.gif
INFO: [ app_init ] --START--
INFO: Run Behavior\BuildLiteBehavior [ RunTime:0.000000s ]
INFO: [ app_init ] --END-- [ RunTime:0.000000s ]
ERR: 无法加载模块:Shopping

[ 2017-09-11T16:50:39+08:00 ] 127.0.0.1 /Shopping/Public/Home/images/tianma.png
INFO: [ app_init ] --START--
INFO: Run Behavior\BuildLiteBehavior [ RunTime:0.000000s ]
INFO: [ app_init ] --END-- [ RunTime:0.001000s ]
ERR: 无法加载模块:Shopping

[ 2017-09-11T16:50:39+08:00 ] 127.0.0.1 /Shopping/Public/Home/images/tianma.png
INFO: [ app_init ] --START--
INFO: Run Behavior\BuildLiteBehavior [ RunTime:0.000000s ]
INFO: [ app_init ] --END-- [ RunTime:0.000000s ]
ERR: 无法加载模块:Shopping

[ 2017-09-11T16:50:39+08:00 ] 127.0.0.1 /Shopping/Public/Home/images/liselected.gif
INFO: [ app_init ] --START--
INFO: Run Behavior\BuildLiteBehavior [ RunTime:0.000000s ]
INFO: [ app_init ] --END-- [ RunTime:0.001000s ]
ERR: 无法加载模块:Shopping

[ 2017-09-11T16:51:13+08:00 ] 127.0.0.1 /Shopping/Public/Home/images/tianma.png
INFO: [ app_init ] --START--
INFO: Run Behavior\BuildLiteBehavior [ RunTime:0.000000s ]
INFO: [ app_init ] --END-- [ RunTime:0.001000s ]
ERR: 无法加载模块:Shopping

[ 2017-09-11T16:51:13+08:00 ] 127.0.0.1 /Shopping/Public/Home/images/liselected.gif
INFO: [ app_init ] --START--
INFO: Run Behavior\BuildLiteBehavior [ RunTime:0.000000s ]
INFO: [ app_init ] --END-- [ RunTime:0.000000s ]
ERR: 无法加载模块:Shopping

[ 2017-09-11T17:23:15+08:00 ] 127.0.0.1 /Shopping/Public/Home/images/tianma.png
INFO: [ app_init ] --START--
INFO: Run Behavior\BuildLiteBehavior [ RunTime:0.000000s ]
INFO: [ app_init ] --END-- [ RunTime:0.001000s ]
ERR: 无法加载模块:Shopping

[ 2017-09-11T17:23:15+08:00 ] 127.0.0.1 /Shopping/Public/Home/images/tianma.png
INFO: [ app_init ] --START--
INFO: Run Behavior\BuildLiteBehavior [ RunTime:0.000000s ]
INFO: [ app_init ] --END-- [ RunTime:0.000000s ]
ERR: 无法加载模块:Shopping

[ 2017-09-11T17:23:15+08:00 ] 127.0.0.1 /Shopping/Public/Home/images/liselected.gif
INFO: [ app_init ] --START--
INFO: Run Behavior\BuildLiteBehavior [ RunTime:0.000000s ]
INFO: [ app_init ] --END-- [ RunTime:0.000000s ]
ERR: 无法加载模块:Shopping

[ 2017-09-11T17:23:20+08:00 ] 127.0.0.1 /Shopping/Public/Home/images/tianma.png
INFO: [ app_init ] --START--
INFO: Run Behavior\BuildLiteBehavior [ RunTime:0.000000s ]
INFO: [ app_init ] --END-- [ RunTime:0.000000s ]
ERR: 无法加载模块:Shopping

[ 2017-09-11T17:23:20+08:00 ] 127.0.0.1 /Shopping/Public/Home/images/tianma.png
INFO: [ app_init ] --START--
INFO: Run Behavior\BuildLiteBehavior [ RunTime:0.000000s ]
INFO: [ app_init ] --END-- [ RunTime:0.001000s ]
ERR: 无法加载模块:Shopping

[ 2017-09-11T17:23:20+08:00 ] 127.0.0.1 /Shopping/Public/Home/images/liselected.gif
INFO: [ app_init ] --START--
INFO: Run Behavior\BuildLiteBehavior [ RunTime:0.000000s ]
INFO: [ app_init ] --END-- [ RunTime:0.001000s ]
ERR: 无法加载模块:Shopping

[ 2017-09-11T17:23:25+08:00 ] 127.0.0.1 /Shopping/Public/Home/images/liselected.gif
INFO: [ app_init ] --START--
INFO: Run Behavior\BuildLiteBehavior [ RunTime:0.000000s ]
INFO: [ app_init ] --END-- [ RunTime:0.001000s ]
ERR: 无法加载模块:Shopping

[ 2017-09-11T17:23:34+08:00 ] 127.0.0.1 /Shopping/Public/Home/images/tianma.png
INFO: [ app_init ] --START--
INFO: Run Behavior\BuildLiteBehavior [ RunTime:0.000000s ]
INFO: [ app_init ] --END-- [ RunTime:0.001000s ]
ERR: 无法加载模块:Shopping

[ 2017-09-11T17:23:34+08:00 ] 127.0.0.1 /Shopping/Public/Home/images/tianma.png
INFO: [ app_init ] --START--
INFO: Run Behavior\BuildLiteBehavior [ RunTime:0.000000s ]
INFO: [ app_init ] --END-- [ RunTime:0.001000s ]
ERR: 无法加载模块:Shopping

[ 2017-09-11T17:23:34+08:00 ] 127.0.0.1 /Shopping/Public/Home/images/tianma.png
INFO: [ app_init ] --START--
INFO: Run Behavior\BuildLiteBehavior [ RunTime:0.000000s ]
INFO: [ app_init ] --END-- [ RunTime:0.000000s ]
ERR: 无法加载模块:Shopping

[ 2017-09-11T17:23:34+08:00 ] 127.0.0.1 /Shopping/Public/Home/images/liselected.gif
INFO: [ app_init ] --START--
INFO: Run Behavior\BuildLiteBehavior [ RunTime:0.000000s ]
INFO: [ app_init ] --END-- [ RunTime:0.000000s ]
ERR: 无法加载模块:Shopping

[ 2017-09-11T17:29:10+08:00 ] 127.0.0.1 /Shopping/Public/Home/images/tianma.png
INFO: [ app_init ] --START--
INFO: Run Behavior\BuildLiteBehavior [ RunTime:0.000000s ]
INFO: [ app_init ] --END-- [ RunTime:0.000000s ]
ERR: 无法加载模块:Shopping

[ 2017-09-11T17:29:10+08:00 ] 127.0.0.1 /Shopping/Public/Home/images/tianma.png
INFO: [ app_init ] --START--
INFO: Run Behavior\BuildLiteBehavior [ RunTime:0.000000s ]
INFO: [ app_init ] --END-- [ RunTime:0.000000s ]
ERR: 无法加载模块:Shopping

[ 2017-09-11T17:29:10+08:00 ] 127.0.0.1 /Shopping/Public/Home/images/liselected.gif
INFO: [ app_init ] --START--
INFO: Run Behavior\BuildLiteBehavior [ RunTime:0.000000s ]
INFO: [ app_init ] --END-- [ RunTime:0.000000s ]
ERR: 无法加载模块:Shopping

[ 2017-09-11T17:29:12+08:00 ] 127.0.0.1 /Shopping/Public/Home/images/tianma.png
INFO: [ app_init ] --START--
INFO: Run Behavior\BuildLiteBehavior [ RunTime:0.000000s ]
INFO: [ app_init ] --END-- [ RunTime:0.000000s ]
ERR: 无法加载模块:Shopping

[ 2017-09-11T17:29:12+08:00 ] 127.0.0.1 /Shopping/Public/Home/images/tianma.png
INFO: [ app_init ] --START--
INFO: Run Behavior\BuildLiteBehavior [ RunTime:0.000000s ]
INFO: [ app_init ] --END-- [ RunTime:0.000000s ]
ERR: 无法加载模块:Shopping

[ 2017-09-11T17:29:12+08:00 ] 127.0.0.1 /Shopping/Public/Home/images/liselected.gif
INFO: [ app_init ] --START--
INFO: Run Behavior\BuildLiteBehavior [ RunTime:0.000000s ]
INFO: [ app_init ] --END-- [ RunTime:0.001000s ]
ERR: 无法加载模块:Shopping

[ 2017-09-11T17:30:34+08:00 ] 127.0.0.1 /Shopping/Public/Home/images/tianma.png
INFO: [ app_init ] --START--
INFO: Run Behavior\BuildLiteBehavior [ RunTime:0.000000s ]
INFO: [ app_init ] --END-- [ RunTime:0.000000s ]
ERR: 无法加载模块:Shopping

[ 2017-09-11T17:30:34+08:00 ] 127.0.0.1 /Shopping/Public/Home/images/tianma.png
INFO: [ app_init ] --START--
INFO: Run Behavior\BuildLiteBehavior [ RunTime:0.000000s ]
INFO: [ app_init ] --END-- [ RunTime:0.000000s ]
ERR: 无法加载模块:Shopping

[ 2017-09-11T17:30:34+08:00 ] 127.0.0.1 /Shopping/Public/Home/images/liselected.gif
INFO: [ app_init ] --START--
INFO: Run Behavior\BuildLiteBehavior [ RunTime:0.000000s ]
INFO: [ app_init ] --END-- [ RunTime:0.000000s ]
ERR: 无法加载模块:Shopping

[ 2017-09-11T17:32:10+08:00 ] 127.0.0.1 /Shopping/Public/Home/images/tianma.png
INFO: [ app_init ] --START--
INFO: Run Behavior\BuildLiteBehavior [ RunTime:0.000000s ]
INFO: [ app_init ] --END-- [ RunTime:0.000000s ]
ERR: 无法加载模块:Shopping

[ 2017-09-11T17:32:10+08:00 ] 127.0.0.1 /Shopping/Public/Home/images/tianma.png
INFO: [ app_init ] --START--
INFO: Run Behavior\BuildLiteBehavior [ RunTime:0.000000s ]
INFO: [ app_init ] --END-- [ RunTime:0.000000s ]
ERR: 无法加载模块:Shopping

[ 2017-09-11T17:32:10+08:00 ] 127.0.0.1 /Shopping/Public/Home/images/liselected.gif
INFO: [ app_init ] --START--
INFO: Run Behavior\BuildLiteBehavior [ RunTime:0.000000s ]
INFO: [ app_init ] --END-- [ RunTime:0.000000s ]
ERR: 无法加载模块:Shopping

[ 2017-09-11T17:32:46+08:00 ] 127.0.0.1 /Shopping/Public/Home/images/tianma.png
INFO: [ app_init ] --START--
INFO: Run Behavior\BuildLiteBehavior [ RunTime:0.000000s ]
INFO: [ app_init ] --END-- [ RunTime:0.000000s ]
ERR: 无法加载模块:Shopping

[ 2017-09-11T17:32:47+08:00 ] 127.0.0.1 /Shopping/Public/Home/images/tianma.png
INFO: [ app_init ] --START--
INFO: Run Behavior\BuildLiteBehavior [ RunTime:0.000000s ]
INFO: [ app_init ] --END-- [ RunTime:0.000000s ]
ERR: 无法加载模块:Shopping

[ 2017-09-11T17:32:47+08:00 ] 127.0.0.1 /Shopping/Public/Home/images/liselected.gif
INFO: [ app_init ] --START--
INFO: Run Behavior\BuildLiteBehavior [ RunTime:0.000000s ]
INFO: [ app_init ] --END-- [ RunTime:0.000000s ]
ERR: 无法加载模块:Shopping

[ 2017-09-11T17:33:23+08:00 ] 127.0.0.1 /Shopping/Public/Home/images/tianma.png
INFO: [ app_init ] --START--
INFO: Run Behavior\BuildLiteBehavior [ RunTime:0.000000s ]
INFO: [ app_init ] --END-- [ RunTime:0.000000s ]
ERR: 无法加载模块:Shopping

[ 2017-09-11T17:33:23+08:00 ] 127.0.0.1 /Shopping/Public/Home/images/tianma.png
INFO: [ app_init ] --START--
INFO: Run Behavior\BuildLiteBehavior [ RunTime:0.000000s ]
INFO: [ app_init ] --END-- [ RunTime:0.001000s ]
ERR: 无法加载模块:Shopping

[ 2017-09-11T17:33:23+08:00 ] 127.0.0.1 /Shopping/Public/Home/images/liselected.gif
INFO: [ app_init ] --START--
INFO: Run Behavior\BuildLiteBehavior [ RunTime:0.000000s ]
INFO: [ app_init ] --END-- [ RunTime:0.000000s ]
ERR: 无法加载模块:Shopping

[ 2017-09-11T17:34:43+08:00 ] 127.0.0.1 /Shopping/Public/Home/images/tianma.png
INFO: [ app_init ] --START--
INFO: Run Behavior\BuildLiteBehavior [ RunTime:0.000000s ]
INFO: [ app_init ] --END-- [ RunTime:0.000000s ]
ERR: 无法加载模块:Shopping

[ 2017-09-11T17:34:44+08:00 ] 127.0.0.1 /Shopping/Public/Home/images/tianma.png
INFO: [ app_init ] --START--
INFO: Run Behavior\BuildLiteBehavior [ RunTime:0.000000s ]
INFO: [ app_init ] --END-- [ RunTime:0.001000s ]
ERR: 无法加载模块:Shopping

[ 2017-09-11T17:34:44+08:00 ] 127.0.0.1 /Shopping/Public/Home/images/liselected.gif
INFO: [ app_init ] --START--
INFO: Run Behavior\BuildLiteBehavior [ RunTime:0.000000s ]
INFO: [ app_init ] --END-- [ RunTime:0.001000s ]
ERR: 无法加载模块:Shopping

[ 2017-09-11T17:35:37+08:00 ] 127.0.0.1 /Shopping/Public/Home/images/tianma.png
INFO: [ app_init ] --START--
INFO: Run Behavior\BuildLiteBehavior [ RunTime:0.000000s ]
INFO: [ app_init ] --END-- [ RunTime:0.000000s ]
ERR: 无法加载模块:Shopping

[ 2017-09-11T17:35:38+08:00 ] 127.0.0.1 /Shopping/Public/Home/images/tianma.png
INFO: [ app_init ] --START--
INFO: Run Behavior\BuildLiteBehavior [ RunTime:0.000000s ]
INFO: [ app_init ] --END-- [ RunTime:0.001000s ]
ERR: 无法加载模块:Shopping

[ 2017-09-11T17:35:38+08:00 ] 127.0.0.1 /Shopping/Public/Home/images/liselected.gif
INFO: [ app_init ] --START--
INFO: Run Behavior\BuildLiteBehavior [ RunTime:0.000000s ]
INFO: [ app_init ] --END-- [ RunTime:0.000000s ]
ERR: 无法加载模块:Shopping

[ 2017-09-11T17:36:10+08:00 ] 127.0.0.1 /Shopping/Public/Home/images/tianma.png
INFO: [ app_init ] --START--
INFO: Run Behavior\BuildLiteBehavior [ RunTime:0.000000s ]
INFO: [ app_init ] --END-- [ RunTime:0.000000s ]
ERR: 无法加载模块:Shopping

[ 2017-09-11T17:36:10+08:00 ] 127.0.0.1 /Shopping/Public/Home/images/tianma.png
INFO: [ app_init ] --START--
INFO: Run Behavior\BuildLiteBehavior [ RunTime:0.000000s ]
INFO: [ app_init ] --END-- [ RunTime:0.000000s ]
ERR: 无法加载模块:Shopping

[ 2017-09-11T17:36:10+08:00 ] 127.0.0.1 /Shopping/Public/Home/images/liselected.gif
INFO: [ app_init ] --START--
INFO: Run Behavior\BuildLiteBehavior [ RunTime:0.000000s ]
INFO: [ app_init ] --END-- [ RunTime:0.000000s ]
ERR: 无法加载模块:Shopping

[ 2017-09-11T17:45:50+08:00 ] 127.0.0.1 /Shopping/Public/Home/images/tianma.png
INFO: [ app_init ] --START--
INFO: Run Behavior\BuildLiteBehavior [ RunTime:0.000000s ]
INFO: [ app_init ] --END-- [ RunTime:0.000000s ]
ERR: 无法加载模块:Shopping

[ 2017-09-11T17:45:51+08:00 ] 127.0.0.1 /Shopping/Public/Home/images/tianma.png
INFO: [ app_init ] --START--
INFO: Run Behavior\BuildLiteBehavior [ RunTime:0.000000s ]
INFO: [ app_init ] --END-- [ RunTime:0.000000s ]
ERR: 无法加载模块:Shopping

[ 2017-09-11T17:45:51+08:00 ] 127.0.0.1 /Shopping/Public/Home/images/liselected.gif
INFO: [ app_init ] --START--
INFO: Run Behavior\BuildLiteBehavior [ RunTime:0.000000s ]
INFO: [ app_init ] --END-- [ RunTime:0.000000s ]
ERR: 无法加载模块:Shopping

[ 2017-09-11T17:47:09+08:00 ] 127.0.0.1 /Shopping/Public/Home/images/tianma.png
INFO: [ app_init ] --START--
INFO: Run Behavior\BuildLiteBehavior [ RunTime:0.000000s ]
INFO: [ app_init ] --END-- [ RunTime:0.001000s ]
ERR: 无法加载模块:Shopping

[ 2017-09-11T17:47:09+08:00 ] 127.0.0.1 /Shopping/Public/Home/images/tianma.png
INFO: [ app_init ] --START--
INFO: Run Behavior\BuildLiteBehavior [ RunTime:0.000000s ]
INFO: [ app_init ] --END-- [ RunTime:0.000000s ]
ERR: 无法加载模块:Shopping

[ 2017-09-11T17:47:09+08:00 ] 127.0.0.1 /Shopping/Public/Home/images/liselected.gif
INFO: [ app_init ] --START--
INFO: Run Behavior\BuildLiteBehavior [ RunTime:0.000000s ]
INFO: [ app_init ] --END-- [ RunTime:0.000000s ]
ERR: 无法加载模块:Shopping

[ 2017-09-11T17:51:21+08:00 ] 127.0.0.1 /Shopping/Public/Home/images/tianma.png
INFO: [ app_init ] --START--
INFO: Run Behavior\BuildLiteBehavior [ RunTime:0.000000s ]
INFO: [ app_init ] --END-- [ RunTime:0.000000s ]
ERR: 无法加载模块:Shopping

[ 2017-09-11T17:51:21+08:00 ] 127.0.0.1 /Shopping/Public/Home/images/tianma.png
INFO: [ app_init ] --START--
INFO: Run Behavior\BuildLiteBehavior [ RunTime:0.000000s ]
INFO: [ app_init ] --END-- [ RunTime:0.001000s ]
ERR: 无法加载模块:Shopping

[ 2017-09-11T17:51:21+08:00 ] 127.0.0.1 /Shopping/Public/Home/images/liselected.gif
INFO: [ app_init ] --START--
INFO: Run Behavior\BuildLiteBehavior [ RunTime:0.000000s ]
INFO: [ app_init ] --END-- [ RunTime:0.000000s ]
ERR: 无法加载模块:Shopping

[ 2017-09-11T17:52:02+08:00 ] 127.0.0.1 /Shopping/Public/Home/images/tianma.png
INFO: [ app_init ] --START--
INFO: Run Behavior\BuildLiteBehavior [ RunTime:0.000000s ]
INFO: [ app_init ] --END-- [ RunTime:0.001000s ]
ERR: 无法加载模块:Shopping

[ 2017-09-11T17:52:02+08:00 ] 127.0.0.1 /Shopping/Public/Home/images/tianma.png
INFO: [ app_init ] --START--
INFO: Run Behavior\BuildLiteBehavior [ RunTime:0.000000s ]
INFO: [ app_init ] --END-- [ RunTime:0.001000s ]
ERR: 无法加载模块:Shopping

[ 2017-09-11T17:52:02+08:00 ] 127.0.0.1 /Shopping/Public/Home/images/liselected.gif
INFO: [ app_init ] --START--
INFO: Run Behavior\BuildLiteBehavior [ RunTime:0.000000s ]
INFO: [ app_init ] --END-- [ RunTime:0.000000s ]
ERR: 无法加载模块:Shopping

