[ 2017-09-21T09:00:51+08:00 ] 127.0.0.1 /favicon.ico
INFO: [ app_init ] --START--
INFO: Run Behavior\BuildLiteBehavior [ RunTime:0.000000s ]
INFO: [ app_init ] --END-- [ RunTime:0.007001s ]
ERR: 无法加载模块:Favicon

[ 2017-09-21T09:00:51+08:00 ] 127.0.0.1 /favicon.ico
INFO: [ app_init ] --START--
INFO: Run Behavior\BuildLiteBehavior [ RunTime:0.000000s ]
INFO: [ app_init ] --END-- [ RunTime:0.000000s ]
ERR: 无法加载模块:Favicon

[ 2017-09-21T09:00:51+08:00 ] 127.0.0.1 /favicon.ico
INFO: [ app_init ] --START--
INFO: Run Behavior\BuildLiteBehavior [ RunTime:0.000000s ]
INFO: [ app_init ] --END-- [ RunTime:0.000000s ]
ERR: 无法加载模块:Favicon

[ 2017-09-21T09:00:51+08:00 ] 127.0.0.1 /favicon.ico
INFO: [ app_init ] --START--
INFO: Run Behavior\BuildLiteBehavior [ RunTime:0.000000s ]
INFO: [ app_init ] --END-- [ RunTime:0.001000s ]
ERR: 无法加载模块:Favicon

[ 2017-09-21T09:00:51+08:00 ] 127.0.0.1 /favicon.ico
INFO: [ app_init ] --START--
INFO: Run Behavior\BuildLiteBehavior [ RunTime:0.000000s ]
INFO: [ app_init ] --END-- [ RunTime:0.001000s ]
ERR: 无法加载模块:Favicon

[ 2017-09-21T09:00:51+08:00 ] 127.0.0.1 /favicon.ico
INFO: [ app_init ] --START--
INFO: Run Behavior\BuildLiteBehavior [ RunTime:0.000000s ]
INFO: [ app_init ] --END-- [ RunTime:0.000000s ]
ERR: 无法加载模块:Favicon

[ 2017-09-21T09:00:51+08:00 ] 127.0.0.1 /favicon.ico
INFO: [ app_init ] --START--
INFO: Run Behavior\BuildLiteBehavior [ RunTime:0.000000s ]
INFO: [ app_init ] --END-- [ RunTime:0.000000s ]
ERR: 无法加载模块:Favicon

[ 2017-09-21T09:00:51+08:00 ] 127.0.0.1 /favicon.ico
INFO: [ app_init ] --START--
INFO: Run Behavior\BuildLiteBehavior [ RunTime:0.000000s ]
INFO: [ app_init ] --END-- [ RunTime:0.000000s ]
ERR: 无法加载模块:Favicon

[ 2017-09-21T09:00:51+08:00 ] 127.0.0.1 /favicon.ico
INFO: [ app_init ] --START--
INFO: Run Behavior\BuildLiteBehavior [ RunTime:0.000000s ]
INFO: [ app_init ] --END-- [ RunTime:0.000000s ]
ERR: 无法加载模块:Favicon

[ 2017-09-21T09:00:53+08:00 ] 127.0.0.1 /favicon.ico
INFO: [ app_init ] --START--
INFO: Run Behavior\BuildLiteBehavior [ RunTime:0.000000s ]
INFO: [ app_init ] --END-- [ RunTime:0.001000s ]
ERR: 无法加载模块:Favicon

[ 2017-09-21T11:16:18+08:00 ] 127.0.0.1 /Shopping/Public/Home/images/Service1.png
INFO: [ app_init ] --START--
INFO: Run Behavior\BuildLiteBehavior [ RunTime:0.000000s ]
INFO: [ app_init ] --END-- [ RunTime:0.001000s ]
ERR: 无法加载模块:Shopping

[ 2017-09-21T11:16:18+08:00 ] 127.0.0.1 /Shopping/Public/Home/images/erweim.jpg
INFO: [ app_init ] --START--
INFO: Run Behavior\BuildLiteBehavior [ RunTime:0.000000s ]
INFO: [ app_init ] --END-- [ RunTime:0.000000s ]
ERR: 无法加载模块:Shopping

[ 2017-09-21T11:16:18+08:00 ] 127.0.0.1 /Shopping/Public/Home/AD/ad-3.jpg
INFO: [ app_init ] --START--
INFO: Run Behavior\BuildLiteBehavior [ RunTime:0.000000s ]
INFO: [ app_init ] --END-- [ RunTime:0.001000s ]
ERR: 无法加载模块:Shopping

[ 2017-09-21T11:16:18+08:00 ] 127.0.0.1 /Shopping/Public/Home/AD/ad-7.jpg
INFO: [ app_init ] --START--
INFO: Run Behavior\BuildLiteBehavior [ RunTime:0.000000s ]
INFO: [ app_init ] --END-- [ RunTime:0.000000s ]
ERR: 无法加载模块:Shopping

[ 2017-09-21T11:16:18+08:00 ] 127.0.0.1 /Shopping/Public/Home/AD/ad-6.jpg
INFO: [ app_init ] --START--
INFO: Run Behavior\BuildLiteBehavior [ RunTime:0.000000s ]
INFO: [ app_init ] --END-- [ RunTime:0.001000s ]
ERR: 无法加载模块:Shopping

[ 2017-09-21T11:16:18+08:00 ] 127.0.0.1 /favicon.ico
INFO: [ app_init ] --START--
INFO: Run Behavior\BuildLiteBehavior [ RunTime:0.000000s ]
INFO: [ app_init ] --END-- [ RunTime:0.000000s ]
ERR: 无法加载模块:Favicon

[ 2017-09-21T11:19:20+08:00 ] 127.0.0.1 /Shopping/Public/Home/images/Service1.png
INFO: [ app_init ] --START--
INFO: Run Behavior\BuildLiteBehavior [ RunTime:0.000000s ]
INFO: [ app_init ] --END-- [ RunTime:0.000000s ]
ERR: 无法加载模块:Shopping

[ 2017-09-21T11:19:20+08:00 ] 127.0.0.1 /Shopping/Public/Home/images/erweim.jpg
INFO: [ app_init ] --START--
INFO: Run Behavior\BuildLiteBehavior [ RunTime:0.000000s ]
INFO: [ app_init ] --END-- [ RunTime:0.000000s ]
ERR: 无法加载模块:Shopping

[ 2017-09-21T11:19:20+08:00 ] 127.0.0.1 /Shopping/Public/Home/AD/ad-3.jpg
INFO: [ app_init ] --START--
INFO: Run Behavior\BuildLiteBehavior [ RunTime:0.000000s ]
INFO: [ app_init ] --END-- [ RunTime:0.001000s ]
ERR: 无法加载模块:Shopping

[ 2017-09-21T11:19:20+08:00 ] 127.0.0.1 /Shopping/Public/Home/AD/ad-7.jpg
INFO: [ app_init ] --START--
INFO: Run Behavior\BuildLiteBehavior [ RunTime:0.000000s ]
INFO: [ app_init ] --END-- [ RunTime:0.000000s ]
ERR: 无法加载模块:Shopping

[ 2017-09-21T11:19:20+08:00 ] 127.0.0.1 /Shopping/Public/Home/AD/ad-6.jpg
INFO: [ app_init ] --START--
INFO: Run Behavior\BuildLiteBehavior [ RunTime:0.000000s ]
INFO: [ app_init ] --END-- [ RunTime:0.001000s ]
ERR: 无法加载模块:Shopping

[ 2017-09-21T11:19:25+08:00 ] 127.0.0.1 /Shopping/Public/Home/images/Service1.png
INFO: [ app_init ] --START--
INFO: Run Behavior\BuildLiteBehavior [ RunTime:0.000000s ]
INFO: [ app_init ] --END-- [ RunTime:0.000000s ]
ERR: 无法加载模块:Shopping

[ 2017-09-21T11:19:25+08:00 ] 127.0.0.1 /Shopping/Public/Home/images/erweim.jpg
INFO: [ app_init ] --START--
INFO: Run Behavior\BuildLiteBehavior [ RunTime:0.000000s ]
INFO: [ app_init ] --END-- [ RunTime:0.000000s ]
ERR: 无法加载模块:Shopping

[ 2017-09-21T11:19:25+08:00 ] 127.0.0.1 /Shopping/Public/Home/AD/ad-3.jpg
INFO: [ app_init ] --START--
INFO: Run Behavior\BuildLiteBehavior [ RunTime:0.000000s ]
INFO: [ app_init ] --END-- [ RunTime:0.000000s ]
ERR: 无法加载模块:Shopping

[ 2017-09-21T11:19:25+08:00 ] 127.0.0.1 /Shopping/Public/Home/AD/ad-7.jpg
INFO: [ app_init ] --START--
INFO: Run Behavior\BuildLiteBehavior [ RunTime:0.000000s ]
INFO: [ app_init ] --END-- [ RunTime:0.000000s ]
ERR: 无法加载模块:Shopping

[ 2017-09-21T11:19:25+08:00 ] 127.0.0.1 /Shopping/Public/Home/AD/ad-6.jpg
INFO: [ app_init ] --START--
INFO: Run Behavior\BuildLiteBehavior [ RunTime:0.000000s ]
INFO: [ app_init ] --END-- [ RunTime:0.001000s ]
ERR: 无法加载模块:Shopping

[ 2017-09-21T11:19:25+08:00 ] 127.0.0.1 /Shopping/Public/Home/images/Service1.png
INFO: [ app_init ] --START--
INFO: Run Behavior\BuildLiteBehavior [ RunTime:0.000000s ]
INFO: [ app_init ] --END-- [ RunTime:0.001000s ]
ERR: 无法加载模块:Shopping

[ 2017-09-21T13:51:58+08:00 ] 127.0.0.1 /Shopping/Public/Home/images/liselected.gif
INFO: [ app_init ] --START--
INFO: Run Behavior\BuildLiteBehavior [ RunTime:0.000000s ]
INFO: [ app_init ] --END-- [ RunTime:0.000000s ]
ERR: 无法加载模块:Shopping

[ 2017-09-21T14:04:29+08:00 ] 127.0.0.1 /Shopping/Public/Home/images/liselected.gif
INFO: [ app_init ] --START--
INFO: Run Behavior\BuildLiteBehavior [ RunTime:0.000000s ]
INFO: [ app_init ] --END-- [ RunTime:0.000000s ]
ERR: 无法加载模块:Shopping

[ 2017-09-21T14:12:41+08:00 ] 127.0.0.1 /Shopping/Public/Home/images/Service1.png
INFO: [ app_init ] --START--
INFO: Run Behavior\BuildLiteBehavior [ RunTime:0.000000s ]
INFO: [ app_init ] --END-- [ RunTime:0.000000s ]
ERR: 无法加载模块:Shopping

[ 2017-09-21T14:12:41+08:00 ] 127.0.0.1 /Shopping/Public/Home/images/erweim.jpg
INFO: [ app_init ] --START--
INFO: Run Behavior\BuildLiteBehavior [ RunTime:0.000000s ]
INFO: [ app_init ] --END-- [ RunTime:0.000000s ]
ERR: 无法加载模块:Shopping

[ 2017-09-21T14:12:41+08:00 ] 127.0.0.1 /Shopping/Public/Home/AD/ad-3.jpg
INFO: [ app_init ] --START--
INFO: Run Behavior\BuildLiteBehavior [ RunTime:0.000000s ]
INFO: [ app_init ] --END-- [ RunTime:0.000000s ]
ERR: 无法加载模块:Shopping

[ 2017-09-21T14:12:41+08:00 ] 127.0.0.1 /Shopping/Public/Home/AD/ad-7.jpg
INFO: [ app_init ] --START--
INFO: Run Behavior\BuildLiteBehavior [ RunTime:0.001000s ]
INFO: [ app_init ] --END-- [ RunTime:0.001000s ]
ERR: 无法加载模块:Shopping

[ 2017-09-21T14:12:41+08:00 ] 127.0.0.1 /Shopping/Public/Home/AD/ad-6.jpg
INFO: [ app_init ] --START--
INFO: Run Behavior\BuildLiteBehavior [ RunTime:0.000000s ]
INFO: [ app_init ] --END-- [ RunTime:0.001000s ]
ERR: 无法加载模块:Shopping

[ 2017-09-21T14:12:43+08:00 ] 127.0.0.1 /Shopping/Public/Home/images/lmrz.png
INFO: [ app_init ] --START--
INFO: Run Behavior\BuildLiteBehavior [ RunTime:0.000000s ]
INFO: [ app_init ] --END-- [ RunTime:0.000000s ]
ERR: 无法加载模块:Shopping

[ 2017-09-21T14:12:43+08:00 ] 127.0.0.1 /Shopping/Public/Home/images/pro_V2_r6_c9.png
INFO: [ app_init ] --START--
INFO: Run Behavior\BuildLiteBehavior [ RunTime:0.000000s ]
INFO: [ app_init ] --END-- [ RunTime:0.000000s ]
ERR: 无法加载模块:Shopping

[ 2017-09-21T14:12:43+08:00 ] 127.0.0.1 /Shopping/Public/Home/images/pro_V2_r8_c10.png
INFO: [ app_init ] --START--
INFO: Run Behavior\BuildLiteBehavior [ RunTime:0.000000s ]
INFO: [ app_init ] --END-- [ RunTime:0.000000s ]
ERR: 无法加载模块:Shopping

[ 2017-09-21T14:12:43+08:00 ] 127.0.0.1 /Shopping/Public/Home/images/pro_V2_r8_c9.png
INFO: [ app_init ] --START--
INFO: Run Behavior\BuildLiteBehavior [ RunTime:0.000000s ]
INFO: [ app_init ] --END-- [ RunTime:0.001000s ]
ERR: 无法加载模块:Shopping

[ 2017-09-21T14:13:45+08:00 ] 127.0.0.1 /Shopping/Public/Home/images/Service1.png
INFO: [ app_init ] --START--
INFO: Run Behavior\BuildLiteBehavior [ RunTime:0.000000s ]
INFO: [ app_init ] --END-- [ RunTime:0.000000s ]
ERR: 无法加载模块:Shopping

[ 2017-09-21T14:13:45+08:00 ] 127.0.0.1 /Shopping/Public/Home/images/erweim.jpg
INFO: [ app_init ] --START--
INFO: Run Behavior\BuildLiteBehavior [ RunTime:0.000000s ]
INFO: [ app_init ] --END-- [ RunTime:0.000000s ]
ERR: 无法加载模块:Shopping

[ 2017-09-21T14:13:45+08:00 ] 127.0.0.1 /Shopping/Public/Home/AD/ad-3.jpg
INFO: [ app_init ] --START--
INFO: Run Behavior\BuildLiteBehavior [ RunTime:0.000000s ]
INFO: [ app_init ] --END-- [ RunTime:0.000000s ]
ERR: 无法加载模块:Shopping

[ 2017-09-21T14:13:45+08:00 ] 127.0.0.1 /Shopping/Public/Home/AD/ad-7.jpg
INFO: [ app_init ] --START--
INFO: Run Behavior\BuildLiteBehavior [ RunTime:0.000000s ]
INFO: [ app_init ] --END-- [ RunTime:0.000000s ]
ERR: 无法加载模块:Shopping

[ 2017-09-21T14:13:45+08:00 ] 127.0.0.1 /Shopping/Public/Home/AD/ad-6.jpg
INFO: [ app_init ] --START--
INFO: Run Behavior\BuildLiteBehavior [ RunTime:0.000000s ]
INFO: [ app_init ] --END-- [ RunTime:0.001000s ]
ERR: 无法加载模块:Shopping

[ 2017-09-21T14:13:45+08:00 ] 127.0.0.1 /Shopping/Public/Home/images/Service1.png
INFO: [ app_init ] --START--
INFO: Run Behavior\BuildLiteBehavior [ RunTime:0.000000s ]
INFO: [ app_init ] --END-- [ RunTime:0.000000s ]
ERR: 无法加载模块:Shopping

[ 2017-09-21T14:13:47+08:00 ] 127.0.0.1 /Shopping/Public/Home/images/lmrz.png
INFO: [ app_init ] --START--
INFO: Run Behavior\BuildLiteBehavior [ RunTime:0.000000s ]
INFO: [ app_init ] --END-- [ RunTime:0.000000s ]
ERR: 无法加载模块:Shopping

[ 2017-09-21T14:13:47+08:00 ] 127.0.0.1 /Shopping/Public/Home/images/pro_V2_r6_c9.png
INFO: [ app_init ] --START--
INFO: Run Behavior\BuildLiteBehavior [ RunTime:0.000000s ]
INFO: [ app_init ] --END-- [ RunTime:0.001000s ]
ERR: 无法加载模块:Shopping

[ 2017-09-21T14:13:47+08:00 ] 127.0.0.1 /Shopping/Public/Home/images/pro_V2_r8_c10.png
INFO: [ app_init ] --START--
INFO: Run Behavior\BuildLiteBehavior [ RunTime:0.000000s ]
INFO: [ app_init ] --END-- [ RunTime:0.000000s ]
ERR: 无法加载模块:Shopping

[ 2017-09-21T14:13:47+08:00 ] 127.0.0.1 /Shopping/Public/Home/images/pro_V2_r8_c9.png
INFO: [ app_init ] --START--
INFO: Run Behavior\BuildLiteBehavior [ RunTime:0.000000s ]
INFO: [ app_init ] --END-- [ RunTime:0.000000s ]
ERR: 无法加载模块:Shopping

[ 2017-09-21T14:13:47+08:00 ] 127.0.0.1 /Shopping/Public/Home/images/lmrz.png
INFO: [ app_init ] --START--
INFO: Run Behavior\BuildLiteBehavior [ RunTime:0.000000s ]
INFO: [ app_init ] --END-- [ RunTime:0.001000s ]
ERR: 无法加载模块:Shopping

[ 2017-09-21T14:20:14+08:00 ] 127.0.0.1 /Shopping/Public/Home/images/Service1.png
INFO: [ app_init ] --START--
INFO: Run Behavior\BuildLiteBehavior [ RunTime:0.000000s ]
INFO: [ app_init ] --END-- [ RunTime:0.000000s ]
ERR: 无法加载模块:Shopping

[ 2017-09-21T14:20:14+08:00 ] 127.0.0.1 /Shopping/Public/Home/images/erweim.jpg
INFO: [ app_init ] --START--
INFO: Run Behavior\BuildLiteBehavior [ RunTime:0.000000s ]
INFO: [ app_init ] --END-- [ RunTime:0.000000s ]
ERR: 无法加载模块:Shopping

[ 2017-09-21T14:20:14+08:00 ] 127.0.0.1 /Shopping/Public/Home/AD/ad-3.jpg
INFO: [ app_init ] --START--
INFO: Run Behavior\BuildLiteBehavior [ RunTime:0.000000s ]
INFO: [ app_init ] --END-- [ RunTime:0.000000s ]
ERR: 无法加载模块:Shopping

[ 2017-09-21T14:20:15+08:00 ] 127.0.0.1 /Shopping/Public/Home/AD/ad-7.jpg
INFO: [ app_init ] --START--
INFO: Run Behavior\BuildLiteBehavior [ RunTime:0.000000s ]
INFO: [ app_init ] --END-- [ RunTime:0.000000s ]
ERR: 无法加载模块:Shopping

[ 2017-09-21T14:20:15+08:00 ] 127.0.0.1 /Shopping/Public/Home/AD/ad-6.jpg
INFO: [ app_init ] --START--
INFO: Run Behavior\BuildLiteBehavior [ RunTime:0.000000s ]
INFO: [ app_init ] --END-- [ RunTime:0.001001s ]
ERR: 无法加载模块:Shopping

[ 2017-09-21T14:20:21+08:00 ] 127.0.0.1 /Shopping/Public/Home/images/Service1.png
INFO: [ app_init ] --START--
INFO: Run Behavior\BuildLiteBehavior [ RunTime:0.000000s ]
INFO: [ app_init ] --END-- [ RunTime:0.000000s ]
ERR: 无法加载模块:Shopping

[ 2017-09-21T14:20:21+08:00 ] 127.0.0.1 /Shopping/Public/Home/images/erweim.jpg
INFO: [ app_init ] --START--
INFO: Run Behavior\BuildLiteBehavior [ RunTime:0.000000s ]
INFO: [ app_init ] --END-- [ RunTime:0.000000s ]
ERR: 无法加载模块:Shopping

[ 2017-09-21T14:20:21+08:00 ] 127.0.0.1 /Shopping/Public/Home/AD/ad-3.jpg
INFO: [ app_init ] --START--
INFO: Run Behavior\BuildLiteBehavior [ RunTime:0.000000s ]
INFO: [ app_init ] --END-- [ RunTime:0.001000s ]
ERR: 无法加载模块:Shopping

[ 2017-09-21T14:20:21+08:00 ] 127.0.0.1 /Shopping/Public/Home/AD/ad-7.jpg
INFO: [ app_init ] --START--
INFO: Run Behavior\BuildLiteBehavior [ RunTime:0.000000s ]
INFO: [ app_init ] --END-- [ RunTime:0.001000s ]
ERR: 无法加载模块:Shopping

[ 2017-09-21T14:20:21+08:00 ] 127.0.0.1 /Shopping/Public/Home/AD/ad-6.jpg
INFO: [ app_init ] --START--
INFO: Run Behavior\BuildLiteBehavior [ RunTime:0.000000s ]
INFO: [ app_init ] --END-- [ RunTime:0.000000s ]
ERR: 无法加载模块:Shopping

[ 2017-09-21T14:20:21+08:00 ] 127.0.0.1 /Shopping/Public/Home/images/Service1.png
INFO: [ app_init ] --START--
INFO: Run Behavior\BuildLiteBehavior [ RunTime:0.000000s ]
INFO: [ app_init ] --END-- [ RunTime:0.000000s ]
ERR: 无法加载模块:Shopping

[ 2017-09-21T14:20:21+08:00 ] 127.0.0.1 /Shopping/Public/Home/images/erweim.jpg
INFO: [ app_init ] --START--
INFO: Run Behavior\BuildLiteBehavior [ RunTime:0.000000s ]
INFO: [ app_init ] --END-- [ RunTime:0.000000s ]
ERR: 无法加载模块:Shopping

[ 2017-09-21T14:23:57+08:00 ] 127.0.0.1 /Shopping/Public/Home/images/Service1.png
INFO: [ app_init ] --START--
INFO: Run Behavior\BuildLiteBehavior [ RunTime:0.000000s ]
INFO: [ app_init ] --END-- [ RunTime:0.001000s ]
ERR: 无法加载模块:Shopping

[ 2017-09-21T14:23:57+08:00 ] 127.0.0.1 /Shopping/Public/Home/images/erweim.jpg
INFO: [ app_init ] --START--
INFO: Run Behavior\BuildLiteBehavior [ RunTime:0.000000s ]
INFO: [ app_init ] --END-- [ RunTime:0.000000s ]
ERR: 无法加载模块:Shopping

[ 2017-09-21T14:23:57+08:00 ] 127.0.0.1 /Shopping/Public/Home/AD/ad-7.jpg
INFO: [ app_init ] --START--
INFO: Run Behavior\BuildLiteBehavior [ RunTime:0.000000s ]
INFO: [ app_init ] --END-- [ RunTime:0.000000s ]
ERR: 无法加载模块:Shopping

[ 2017-09-21T14:23:57+08:00 ] 127.0.0.1 /Shopping/Public/Home/AD/ad-3.jpg
INFO: [ app_init ] --START--
INFO: Run Behavior\BuildLiteBehavior [ RunTime:0.000000s ]
INFO: [ app_init ] --END-- [ RunTime:0.000000s ]
ERR: 无法加载模块:Shopping

[ 2017-09-21T14:23:57+08:00 ] 127.0.0.1 /Shopping/Public/Home/AD/ad-6.jpg
INFO: [ app_init ] --START--
INFO: Run Behavior\BuildLiteBehavior [ RunTime:0.000000s ]
INFO: [ app_init ] --END-- [ RunTime:0.001000s ]
ERR: 无法加载模块:Shopping

[ 2017-09-21T14:23:57+08:00 ] 127.0.0.1 /Shopping/Public/Home/images/Service1.png
INFO: [ app_init ] --START--
INFO: Run Behavior\BuildLiteBehavior [ RunTime:0.000000s ]
INFO: [ app_init ] --END-- [ RunTime:0.002000s ]
ERR: 无法加载模块:Shopping

[ 2017-09-21T14:23:57+08:00 ] 127.0.0.1 /Shopping/Public/Home/images/erweim.jpg
INFO: [ app_init ] --START--
INFO: Run Behavior\BuildLiteBehavior [ RunTime:0.000000s ]
INFO: [ app_init ] --END-- [ RunTime:0.000000s ]
ERR: 无法加载模块:Shopping

[ 2017-09-21T14:24:31+08:00 ] 127.0.0.1 /Shopping/Public/Home/images/Service1.png
INFO: [ app_init ] --START--
INFO: Run Behavior\BuildLiteBehavior [ RunTime:0.000000s ]
INFO: [ app_init ] --END-- [ RunTime:0.001000s ]
ERR: 无法加载模块:Shopping

[ 2017-09-21T14:24:31+08:00 ] 127.0.0.1 /Shopping/Public/Home/images/erweim.jpg
INFO: [ app_init ] --START--
INFO: Run Behavior\BuildLiteBehavior [ RunTime:0.000000s ]
INFO: [ app_init ] --END-- [ RunTime:0.001000s ]
ERR: 无法加载模块:Shopping

[ 2017-09-21T14:24:31+08:00 ] 127.0.0.1 /Shopping/Public/Home/AD/ad-3.jpg
INFO: [ app_init ] --START--
INFO: Run Behavior\BuildLiteBehavior [ RunTime:0.000000s ]
INFO: [ app_init ] --END-- [ RunTime:0.000000s ]
ERR: 无法加载模块:Shopping

[ 2017-09-21T14:24:31+08:00 ] 127.0.0.1 /Shopping/Public/Home/AD/ad-7.jpg
INFO: [ app_init ] --START--
INFO: Run Behavior\BuildLiteBehavior [ RunTime:0.000000s ]
INFO: [ app_init ] --END-- [ RunTime:0.000000s ]
ERR: 无法加载模块:Shopping

[ 2017-09-21T14:24:31+08:00 ] 127.0.0.1 /Shopping/Public/Home/AD/ad-6.jpg
INFO: [ app_init ] --START--
INFO: Run Behavior\BuildLiteBehavior [ RunTime:0.000000s ]
INFO: [ app_init ] --END-- [ RunTime:0.000000s ]
ERR: 无法加载模块:Shopping

[ 2017-09-21T14:24:31+08:00 ] 127.0.0.1 /Shopping/Public/Home/images/Service1.png
INFO: [ app_init ] --START--
INFO: Run Behavior\BuildLiteBehavior [ RunTime:0.000000s ]
INFO: [ app_init ] --END-- [ RunTime:0.000000s ]
ERR: 无法加载模块:Shopping

[ 2017-09-21T14:24:31+08:00 ] 127.0.0.1 /Shopping/Public/Home/images/erweim.jpg
INFO: [ app_init ] --START--
INFO: Run Behavior\BuildLiteBehavior [ RunTime:0.000000s ]
INFO: [ app_init ] --END-- [ RunTime:0.000000s ]
ERR: 无法加载模块:Shopping

[ 2017-09-21T14:36:44+08:00 ] 127.0.0.1 /Shopping/Public/Home/images/Service1.png
INFO: [ app_init ] --START--
INFO: Run Behavior\BuildLiteBehavior [ RunTime:0.000000s ]
INFO: [ app_init ] --END-- [ RunTime:0.000000s ]
ERR: 无法加载模块:Shopping

[ 2017-09-21T14:36:44+08:00 ] 127.0.0.1 /Shopping/Public/Home/images/erweim.jpg
INFO: [ app_init ] --START--
INFO: Run Behavior\BuildLiteBehavior [ RunTime:0.000000s ]
INFO: [ app_init ] --END-- [ RunTime:0.001000s ]
ERR: 无法加载模块:Shopping

[ 2017-09-21T14:36:45+08:00 ] 127.0.0.1 /Shopping/Public/Home/images/Service1.png
INFO: [ app_init ] --START--
INFO: Run Behavior\BuildLiteBehavior [ RunTime:0.000000s ]
INFO: [ app_init ] --END-- [ RunTime:0.000000s ]
ERR: 无法加载模块:Shopping

[ 2017-09-21T14:36:45+08:00 ] 127.0.0.1 /Shopping/Public/Home/images/erweim.jpg
INFO: [ app_init ] --START--
INFO: Run Behavior\BuildLiteBehavior [ RunTime:0.000000s ]
INFO: [ app_init ] --END-- [ RunTime:0.000000s ]
ERR: 无法加载模块:Shopping

[ 2017-09-21T14:36:45+08:00 ] 127.0.0.1 /Shopping/Public/Home/AD/ad-3.jpg
INFO: [ app_init ] --START--
INFO: Run Behavior\BuildLiteBehavior [ RunTime:0.000000s ]
INFO: [ app_init ] --END-- [ RunTime:0.001000s ]
ERR: 无法加载模块:Shopping

[ 2017-09-21T14:36:45+08:00 ] 127.0.0.1 /Shopping/Public/Home/AD/ad-7.jpg
INFO: [ app_init ] --START--
INFO: Run Behavior\BuildLiteBehavior [ RunTime:0.000000s ]
INFO: [ app_init ] --END-- [ RunTime:0.001000s ]
ERR: 无法加载模块:Shopping

[ 2017-09-21T14:36:45+08:00 ] 127.0.0.1 /Shopping/Public/Home/AD/ad-6.jpg
INFO: [ app_init ] --START--
INFO: Run Behavior\BuildLiteBehavior [ RunTime:0.000000s ]
INFO: [ app_init ] --END-- [ RunTime:0.000000s ]
ERR: 无法加载模块:Shopping

[ 2017-09-21T14:37:05+08:00 ] 127.0.0.1 /Shopping/Public/Home/images/liselected.gif
INFO: [ app_init ] --START--
INFO: Run Behavior\BuildLiteBehavior [ RunTime:0.000000s ]
INFO: [ app_init ] --END-- [ RunTime:0.001000s ]
ERR: 无法加载模块:Shopping

[ 2017-09-21T14:37:35+08:00 ] 127.0.0.1 /Shopping/Public/Home/images/liselected.gif
INFO: [ app_init ] --START--
INFO: Run Behavior\BuildLiteBehavior [ RunTime:0.000000s ]
INFO: [ app_init ] --END-- [ RunTime:0.001000s ]
ERR: 无法加载模块:Shopping

[ 2017-09-21T14:38:42+08:00 ] 127.0.0.1 /Shopping/Public/Home/images/liselected.gif
INFO: [ app_init ] --START--
INFO: Run Behavior\BuildLiteBehavior [ RunTime:0.000000s ]
INFO: [ app_init ] --END-- [ RunTime:0.000000s ]
ERR: 无法加载模块:Shopping

[ 2017-09-21T14:43:07+08:00 ] 127.0.0.1 /Shopping/Public/Home/images/liselected.gif
INFO: [ app_init ] --START--
INFO: Run Behavior\BuildLiteBehavior [ RunTime:0.000000s ]
INFO: [ app_init ] --END-- [ RunTime:0.001000s ]
ERR: 无法加载模块:Shopping

[ 2017-09-21T14:43:48+08:00 ] 127.0.0.1 /Shopping/Public/Home/images/liselected.gif
INFO: [ app_init ] --START--
INFO: Run Behavior\BuildLiteBehavior [ RunTime:0.000000s ]
INFO: [ app_init ] --END-- [ RunTime:0.000000s ]
ERR: 无法加载模块:Shopping

[ 2017-09-21T14:43:48+08:00 ] 127.0.0.1 /Shopping/Public/Home/images/liselected.gif
INFO: [ app_init ] --START--
INFO: Run Behavior\BuildLiteBehavior [ RunTime:0.000000s ]
INFO: [ app_init ] --END-- [ RunTime:0.000000s ]
ERR: 无法加载模块:Shopping

[ 2017-09-21T15:30:58+08:00 ] 127.0.0.1 /Shopping/Public/Home/images/Service1.png
INFO: [ app_init ] --START--
INFO: Run Behavior\BuildLiteBehavior [ RunTime:0.000000s ]
INFO: [ app_init ] --END-- [ RunTime:0.000000s ]
ERR: 无法加载模块:Shopping

[ 2017-09-21T15:30:58+08:00 ] 127.0.0.1 /Shopping/Public/Home/images/erweim.jpg
INFO: [ app_init ] --START--
INFO: Run Behavior\BuildLiteBehavior [ RunTime:0.000000s ]
INFO: [ app_init ] --END-- [ RunTime:0.001000s ]
ERR: 无法加载模块:Shopping

[ 2017-09-21T15:30:58+08:00 ] 127.0.0.1 /Shopping/Public/Home/AD/ad-3.jpg
INFO: [ app_init ] --START--
INFO: Run Behavior\BuildLiteBehavior [ RunTime:0.000000s ]
INFO: [ app_init ] --END-- [ RunTime:0.000000s ]
ERR: 无法加载模块:Shopping

[ 2017-09-21T15:30:58+08:00 ] 127.0.0.1 /Shopping/Public/Home/AD/ad-7.jpg
INFO: [ app_init ] --START--
INFO: Run Behavior\BuildLiteBehavior [ RunTime:0.000000s ]
INFO: [ app_init ] --END-- [ RunTime:0.001001s ]
ERR: 无法加载模块:Shopping

[ 2017-09-21T15:30:58+08:00 ] 127.0.0.1 /Shopping/Public/Home/AD/ad-6.jpg
INFO: [ app_init ] --START--
INFO: Run Behavior\BuildLiteBehavior [ RunTime:0.000000s ]
INFO: [ app_init ] --END-- [ RunTime:0.000000s ]
ERR: 无法加载模块:Shopping

[ 2017-09-21T15:30:58+08:00 ] 127.0.0.1 /Shopping/Public/Home/images/Service1.png
INFO: [ app_init ] --START--
INFO: Run Behavior\BuildLiteBehavior [ RunTime:0.000000s ]
INFO: [ app_init ] --END-- [ RunTime:0.000000s ]
ERR: 无法加载模块:Shopping

[ 2017-09-21T15:30:59+08:00 ] 127.0.0.1 /Shopping/Public/Home/images/Service1.png
INFO: [ app_init ] --START--
INFO: Run Behavior\BuildLiteBehavior [ RunTime:0.000000s ]
INFO: [ app_init ] --END-- [ RunTime:0.000000s ]
ERR: 无法加载模块:Shopping

[ 2017-09-21T15:30:59+08:00 ] 127.0.0.1 /Shopping/Public/Home/images/erweim.jpg
INFO: [ app_init ] --START--
INFO: Run Behavior\BuildLiteBehavior [ RunTime:0.000000s ]
INFO: [ app_init ] --END-- [ RunTime:0.000000s ]
ERR: 无法加载模块:Shopping

[ 2017-09-21T15:30:59+08:00 ] 127.0.0.1 /Shopping/Public/Home/AD/ad-3.jpg
INFO: [ app_init ] --START--
INFO: Run Behavior\BuildLiteBehavior [ RunTime:0.000000s ]
INFO: [ app_init ] --END-- [ RunTime:0.001000s ]
ERR: 无法加载模块:Shopping

[ 2017-09-21T15:30:59+08:00 ] 127.0.0.1 /Shopping/Public/Home/AD/ad-6.jpg
INFO: [ app_init ] --START--
INFO: Run Behavior\BuildLiteBehavior [ RunTime:0.000000s ]
INFO: [ app_init ] --END-- [ RunTime:0.000000s ]
ERR: 无法加载模块:Shopping

[ 2017-09-21T15:30:59+08:00 ] 127.0.0.1 /Shopping/Public/Home/AD/ad-7.jpg
INFO: [ app_init ] --START--
INFO: Run Behavior\BuildLiteBehavior [ RunTime:0.000000s ]
INFO: [ app_init ] --END-- [ RunTime:0.000000s ]
ERR: 无法加载模块:Shopping

[ 2017-09-21T15:30:59+08:00 ] 127.0.0.1 /Shopping/Public/Home/images/Service1.png
INFO: [ app_init ] --START--
INFO: Run Behavior\BuildLiteBehavior [ RunTime:0.000000s ]
INFO: [ app_init ] --END-- [ RunTime:0.001000s ]
ERR: 无法加载模块:Shopping

[ 2017-09-21T15:30:59+08:00 ] 127.0.0.1 /Shopping/Public/Home/images/erweim.jpg
INFO: [ app_init ] --START--
INFO: Run Behavior\BuildLiteBehavior [ RunTime:0.001001s ]
INFO: [ app_init ] --END-- [ RunTime:0.001001s ]
ERR: 无法加载模块:Shopping

[ 2017-09-21T15:31:09+08:00 ] 127.0.0.1 /Shopping/Public/Home/AD/ad-3.jpg
INFO: [ app_init ] --START--
INFO: Run Behavior\BuildLiteBehavior [ RunTime:0.000000s ]
INFO: [ app_init ] --END-- [ RunTime:0.001001s ]
ERR: 无法加载模块:Shopping

[ 2017-09-21T15:31:09+08:00 ] 127.0.0.1 /Shopping/Public/Home/AD/ad-7.jpg
INFO: [ app_init ] --START--
INFO: Run Behavior\BuildLiteBehavior [ RunTime:0.000000s ]
INFO: [ app_init ] --END-- [ RunTime:0.000000s ]
ERR: 无法加载模块:Shopping

[ 2017-09-21T15:31:09+08:00 ] 127.0.0.1 /Shopping/Public/Home/AD/ad-6.jpg
INFO: [ app_init ] --START--
INFO: Run Behavior\BuildLiteBehavior [ RunTime:0.000000s ]
INFO: [ app_init ] --END-- [ RunTime:0.000000s ]
ERR: 无法加载模块:Shopping

[ 2017-09-21T15:31:17+08:00 ] 127.0.0.1 /Shopping/Public/Home/images/Service1.png
INFO: [ app_init ] --START--
INFO: Run Behavior\BuildLiteBehavior [ RunTime:0.000000s ]
INFO: [ app_init ] --END-- [ RunTime:0.000000s ]
ERR: 无法加载模块:Shopping

[ 2017-09-21T15:31:17+08:00 ] 127.0.0.1 /Shopping/Public/Home/images/erweim.jpg
INFO: [ app_init ] --START--
INFO: Run Behavior\BuildLiteBehavior [ RunTime:0.000000s ]
INFO: [ app_init ] --END-- [ RunTime:0.000000s ]
ERR: 无法加载模块:Shopping

[ 2017-09-21T15:36:05+08:00 ] 127.0.0.1 /Shopping/Public/Home/images/Service1.png
INFO: [ app_init ] --START--
INFO: Run Behavior\BuildLiteBehavior [ RunTime:0.000000s ]
INFO: [ app_init ] --END-- [ RunTime:0.000000s ]
ERR: 无法加载模块:Shopping

[ 2017-09-21T15:36:05+08:00 ] 127.0.0.1 /Shopping/Public/Home/images/erweim.jpg
INFO: [ app_init ] --START--
INFO: Run Behavior\BuildLiteBehavior [ RunTime:0.000000s ]
INFO: [ app_init ] --END-- [ RunTime:0.000000s ]
ERR: 无法加载模块:Shopping

[ 2017-09-21T15:36:05+08:00 ] 127.0.0.1 /Shopping/Public/Home/AD/ad-3.jpg
INFO: [ app_init ] --START--
INFO: Run Behavior\BuildLiteBehavior [ RunTime:0.000000s ]
INFO: [ app_init ] --END-- [ RunTime:0.000000s ]
ERR: 无法加载模块:Shopping

[ 2017-09-21T15:36:05+08:00 ] 127.0.0.1 /Shopping/Public/Home/AD/ad-7.jpg
INFO: [ app_init ] --START--
INFO: Run Behavior\BuildLiteBehavior [ RunTime:0.000000s ]
INFO: [ app_init ] --END-- [ RunTime:0.001000s ]
ERR: 无法加载模块:Shopping

[ 2017-09-21T15:36:05+08:00 ] 127.0.0.1 /Shopping/Public/Home/AD/ad-6.jpg
INFO: [ app_init ] --START--
INFO: Run Behavior\BuildLiteBehavior [ RunTime:0.000000s ]
INFO: [ app_init ] --END-- [ RunTime:0.000000s ]
ERR: 无法加载模块:Shopping

[ 2017-09-21T15:36:05+08:00 ] 127.0.0.1 /Shopping/Public/Home/images/Service1.png
INFO: [ app_init ] --START--
INFO: Run Behavior\BuildLiteBehavior [ RunTime:0.000000s ]
INFO: [ app_init ] --END-- [ RunTime:0.000000s ]
ERR: 无法加载模块:Shopping

[ 2017-09-21T15:36:05+08:00 ] 127.0.0.1 /Shopping/Public/Home/images/erweim.jpg
INFO: [ app_init ] --START--
INFO: Run Behavior\BuildLiteBehavior [ RunTime:0.000000s ]
INFO: [ app_init ] --END-- [ RunTime:0.000000s ]
ERR: 无法加载模块:Shopping

[ 2017-09-21T15:36:05+08:00 ] 127.0.0.1 /Shopping/Public/Home/images/Service1.png
INFO: [ app_init ] --START--
INFO: Run Behavior\BuildLiteBehavior [ RunTime:0.000000s ]
INFO: [ app_init ] --END-- [ RunTime:0.000000s ]
ERR: 无法加载模块:Shopping

[ 2017-09-21T15:36:05+08:00 ] 127.0.0.1 /Shopping/Public/Home/images/erweim.jpg
INFO: [ app_init ] --START--
INFO: Run Behavior\BuildLiteBehavior [ RunTime:0.000000s ]
INFO: [ app_init ] --END-- [ RunTime:0.000000s ]
ERR: 无法加载模块:Shopping

[ 2017-09-21T15:37:14+08:00 ] 127.0.0.1 /Shopping/Public/Home/AD/ad-6.jpg
INFO: [ app_init ] --START--
INFO: Run Behavior\BuildLiteBehavior [ RunTime:0.000000s ]
INFO: [ app_init ] --END-- [ RunTime:0.001000s ]
ERR: 无法加载模块:Shopping

[ 2017-09-21T15:37:14+08:00 ] 127.0.0.1 /Shopping/Public/Home/AD/ad-7.jpg
INFO: [ app_init ] --START--
INFO: Run Behavior\BuildLiteBehavior [ RunTime:0.000000s ]
INFO: [ app_init ] --END-- [ RunTime:0.001000s ]
ERR: 无法加载模块:Shopping

[ 2017-09-21T15:37:14+08:00 ] 127.0.0.1 /Shopping/Public/Home/AD/ad-3.jpg
INFO: [ app_init ] --START--
INFO: Run Behavior\BuildLiteBehavior [ RunTime:0.000000s ]
INFO: [ app_init ] --END-- [ RunTime:0.001000s ]
ERR: 无法加载模块:Shopping

[ 2017-09-21T15:37:14+08:00 ] 127.0.0.1 /Shopping/Public/Home/AD/ad-6.jpg
INFO: [ app_init ] --START--
INFO: Run Behavior\BuildLiteBehavior [ RunTime:0.000000s ]
INFO: [ app_init ] --END-- [ RunTime:0.000000s ]
ERR: 无法加载模块:Shopping

[ 2017-09-21T15:37:14+08:00 ] 127.0.0.1 /Shopping/Public/Home/AD/ad-7.jpg
INFO: [ app_init ] --START--
INFO: Run Behavior\BuildLiteBehavior [ RunTime:0.000000s ]
INFO: [ app_init ] --END-- [ RunTime:0.001000s ]
ERR: 无法加载模块:Shopping

[ 2017-09-21T15:37:14+08:00 ] 127.0.0.1 /Shopping/Public/Home/AD/ad-3.jpg
INFO: [ app_init ] --START--
INFO: Run Behavior\BuildLiteBehavior [ RunTime:0.000000s ]
INFO: [ app_init ] --END-- [ RunTime:0.001000s ]
ERR: 无法加载模块:Shopping

[ 2017-09-21T15:38:19+08:00 ] 127.0.0.1 /Shopping/Public/Home/images/erweim.jpg
INFO: [ app_init ] --START--
INFO: Run Behavior\BuildLiteBehavior [ RunTime:0.000000s ]
INFO: [ app_init ] --END-- [ RunTime:0.001000s ]
ERR: 无法加载模块:Shopping

[ 2017-09-21T15:38:19+08:00 ] 127.0.0.1 /Shopping/Public/Home/images/Service1.png
INFO: [ app_init ] --START--
INFO: Run Behavior\BuildLiteBehavior [ RunTime:0.000000s ]
INFO: [ app_init ] --END-- [ RunTime:0.000000s ]
ERR: 无法加载模块:Shopping

[ 2017-09-21T15:39:32+08:00 ] 127.0.0.1 /Shopping/Public/Home/images/Service1.png
INFO: [ app_init ] --START--
INFO: Run Behavior\BuildLiteBehavior [ RunTime:0.000000s ]
INFO: [ app_init ] --END-- [ RunTime:0.000000s ]
ERR: 无法加载模块:Shopping

[ 2017-09-21T15:39:32+08:00 ] 127.0.0.1 /Shopping/Public/Home/images/erweim.jpg
INFO: [ app_init ] --START--
INFO: Run Behavior\BuildLiteBehavior [ RunTime:0.000000s ]
INFO: [ app_init ] --END-- [ RunTime:0.001000s ]
ERR: 无法加载模块:Shopping

[ 2017-09-21T15:39:32+08:00 ] 127.0.0.1 /Shopping/Public/Home/AD/ad-3.jpg
INFO: [ app_init ] --START--
INFO: Run Behavior\BuildLiteBehavior [ RunTime:0.000000s ]
INFO: [ app_init ] --END-- [ RunTime:0.000000s ]
ERR: 无法加载模块:Shopping

[ 2017-09-21T15:39:32+08:00 ] 127.0.0.1 /Shopping/Public/Home/AD/ad-7.jpg
INFO: [ app_init ] --START--
INFO: Run Behavior\BuildLiteBehavior [ RunTime:0.000000s ]
INFO: [ app_init ] --END-- [ RunTime:0.000000s ]
ERR: 无法加载模块:Shopping

[ 2017-09-21T15:39:32+08:00 ] 127.0.0.1 /Shopping/Public/Home/AD/ad-6.jpg
INFO: [ app_init ] --START--
INFO: Run Behavior\BuildLiteBehavior [ RunTime:0.000000s ]
INFO: [ app_init ] --END-- [ RunTime:0.001000s ]
ERR: 无法加载模块:Shopping

[ 2017-09-21T15:39:32+08:00 ] 127.0.0.1 /Shopping/Public/Home/images/Service1.png
INFO: [ app_init ] --START--
INFO: Run Behavior\BuildLiteBehavior [ RunTime:0.000000s ]
INFO: [ app_init ] --END-- [ RunTime:0.001000s ]
ERR: 无法加载模块:Shopping

[ 2017-09-21T15:39:32+08:00 ] 127.0.0.1 /Shopping/Public/Home/images/erweim.jpg
INFO: [ app_init ] --START--
INFO: Run Behavior\BuildLiteBehavior [ RunTime:0.000000s ]
INFO: [ app_init ] --END-- [ RunTime:0.000000s ]
ERR: 无法加载模块:Shopping

[ 2017-09-21T15:40:20+08:00 ] 127.0.0.1 /Shopping/Public/Home/images/Service1.png
INFO: [ app_init ] --START--
INFO: Run Behavior\BuildLiteBehavior [ RunTime:0.000000s ]
INFO: [ app_init ] --END-- [ RunTime:0.000000s ]
ERR: 无法加载模块:Shopping

[ 2017-09-21T15:40:20+08:00 ] 127.0.0.1 /Shopping/Public/Home/images/erweim.jpg
INFO: [ app_init ] --START--
INFO: Run Behavior\BuildLiteBehavior [ RunTime:0.000000s ]
INFO: [ app_init ] --END-- [ RunTime:0.000000s ]
ERR: 无法加载模块:Shopping

[ 2017-09-21T15:40:20+08:00 ] 127.0.0.1 /Shopping/Public/Home/AD/ad-3.jpg
INFO: [ app_init ] --START--
INFO: Run Behavior\BuildLiteBehavior [ RunTime:0.000000s ]
INFO: [ app_init ] --END-- [ RunTime:0.000000s ]
ERR: 无法加载模块:Shopping

[ 2017-09-21T15:40:20+08:00 ] 127.0.0.1 /Shopping/Public/Home/AD/ad-7.jpg
INFO: [ app_init ] --START--
INFO: Run Behavior\BuildLiteBehavior [ RunTime:0.000000s ]
INFO: [ app_init ] --END-- [ RunTime:0.001000s ]
ERR: 无法加载模块:Shopping

[ 2017-09-21T15:40:20+08:00 ] 127.0.0.1 /Shopping/Public/Home/AD/ad-6.jpg
INFO: [ app_init ] --START--
INFO: Run Behavior\BuildLiteBehavior [ RunTime:0.000000s ]
INFO: [ app_init ] --END-- [ RunTime:0.000000s ]
ERR: 无法加载模块:Shopping

[ 2017-09-21T15:40:20+08:00 ] 127.0.0.1 /Shopping/Public/Home/images/Service1.png
INFO: [ app_init ] --START--
INFO: Run Behavior\BuildLiteBehavior [ RunTime:0.000000s ]
INFO: [ app_init ] --END-- [ RunTime:0.000000s ]
ERR: 无法加载模块:Shopping

[ 2017-09-21T15:40:20+08:00 ] 127.0.0.1 /Shopping/Public/Home/images/erweim.jpg
INFO: [ app_init ] --START--
INFO: Run Behavior\BuildLiteBehavior [ RunTime:0.000000s ]
INFO: [ app_init ] --END-- [ RunTime:0.000000s ]
ERR: 无法加载模块:Shopping

[ 2017-09-21T15:43:03+08:00 ] 127.0.0.1 /Shopping/Public/Home/images/Service1.png
INFO: [ app_init ] --START--
INFO: Run Behavior\BuildLiteBehavior [ RunTime:0.000000s ]
INFO: [ app_init ] --END-- [ RunTime:0.001000s ]
ERR: 无法加载模块:Shopping

[ 2017-09-21T15:43:03+08:00 ] 127.0.0.1 /Shopping/Public/Home/images/erweim.jpg
INFO: [ app_init ] --START--
INFO: Run Behavior\BuildLiteBehavior [ RunTime:0.000000s ]
INFO: [ app_init ] --END-- [ RunTime:0.000000s ]
ERR: 无法加载模块:Shopping

[ 2017-09-21T15:43:03+08:00 ] 127.0.0.1 /Shopping/Public/Home/AD/ad-3.jpg
INFO: [ app_init ] --START--
INFO: Run Behavior\BuildLiteBehavior [ RunTime:0.000000s ]
INFO: [ app_init ] --END-- [ RunTime:0.001000s ]
ERR: 无法加载模块:Shopping

[ 2017-09-21T15:43:03+08:00 ] 127.0.0.1 /Shopping/Public/Home/AD/ad-7.jpg
INFO: [ app_init ] --START--
INFO: Run Behavior\BuildLiteBehavior [ RunTime:0.000000s ]
INFO: [ app_init ] --END-- [ RunTime:0.000000s ]
ERR: 无法加载模块:Shopping

[ 2017-09-21T15:43:03+08:00 ] 127.0.0.1 /Shopping/Public/Home/AD/ad-6.jpg
INFO: [ app_init ] --START--
INFO: Run Behavior\BuildLiteBehavior [ RunTime:0.000000s ]
INFO: [ app_init ] --END-- [ RunTime:0.000000s ]
ERR: 无法加载模块:Shopping

[ 2017-09-21T15:43:03+08:00 ] 127.0.0.1 /Shopping/Public/Home/images/Service1.png
INFO: [ app_init ] --START--
INFO: Run Behavior\BuildLiteBehavior [ RunTime:0.000000s ]
INFO: [ app_init ] --END-- [ RunTime:0.000000s ]
ERR: 无法加载模块:Shopping

[ 2017-09-21T15:43:03+08:00 ] 127.0.0.1 /Shopping/Public/Home/images/erweim.jpg
INFO: [ app_init ] --START--
INFO: Run Behavior\BuildLiteBehavior [ RunTime:0.000000s ]
INFO: [ app_init ] --END-- [ RunTime:0.000000s ]
ERR: 无法加载模块:Shopping

[ 2017-09-21T15:43:38+08:00 ] 127.0.0.1 /Shopping/Public/Home/images/liselected.gif
INFO: [ app_init ] --START--
INFO: Run Behavior\BuildLiteBehavior [ RunTime:0.000000s ]
INFO: [ app_init ] --END-- [ RunTime:0.000000s ]
ERR: 无法加载模块:Shopping

[ 2017-09-21T15:50:11+08:00 ] 127.0.0.1 /Shopping/Public/Home/images/Service1.png
INFO: [ app_init ] --START--
INFO: Run Behavior\BuildLiteBehavior [ RunTime:0.000000s ]
INFO: [ app_init ] --END-- [ RunTime:0.001000s ]
ERR: 无法加载模块:Shopping

[ 2017-09-21T15:50:11+08:00 ] 127.0.0.1 /Shopping/Public/Home/images/erweim.jpg
INFO: [ app_init ] --START--
INFO: Run Behavior\BuildLiteBehavior [ RunTime:0.000000s ]
INFO: [ app_init ] --END-- [ RunTime:0.001000s ]
ERR: 无法加载模块:Shopping

[ 2017-09-21T15:50:11+08:00 ] 127.0.0.1 /Shopping/Public/Home/images/Service1.png
INFO: [ app_init ] --START--
INFO: Run Behavior\BuildLiteBehavior [ RunTime:0.000000s ]
INFO: [ app_init ] --END-- [ RunTime:0.001000s ]
ERR: 无法加载模块:Shopping

[ 2017-09-21T15:50:11+08:00 ] 127.0.0.1 /Shopping/Public/Home/images/erweim.jpg
INFO: [ app_init ] --START--
INFO: Run Behavior\BuildLiteBehavior [ RunTime:0.000000s ]
INFO: [ app_init ] --END-- [ RunTime:0.000000s ]
ERR: 无法加载模块:Shopping

[ 2017-09-21T15:50:11+08:00 ] 127.0.0.1 /Shopping/Public/Home/AD/ad-3.jpg
INFO: [ app_init ] --START--
INFO: Run Behavior\BuildLiteBehavior [ RunTime:0.000000s ]
INFO: [ app_init ] --END-- [ RunTime:0.001000s ]
ERR: 无法加载模块:Shopping

[ 2017-09-21T15:50:11+08:00 ] 127.0.0.1 /Shopping/Public/Home/AD/ad-7.jpg
INFO: [ app_init ] --START--
INFO: Run Behavior\BuildLiteBehavior [ RunTime:0.000000s ]
INFO: [ app_init ] --END-- [ RunTime:0.000000s ]
ERR: 无法加载模块:Shopping

[ 2017-09-21T15:50:11+08:00 ] 127.0.0.1 /Shopping/Public/Home/AD/ad-6.jpg
INFO: [ app_init ] --START--
INFO: Run Behavior\BuildLiteBehavior [ RunTime:0.000000s ]
INFO: [ app_init ] --END-- [ RunTime:0.000000s ]
ERR: 无法加载模块:Shopping

[ 2017-09-21T15:52:33+08:00 ] 127.0.0.1 /Shopping/Public/Home/images/Service1.png
INFO: [ app_init ] --START--
INFO: Run Behavior\BuildLiteBehavior [ RunTime:0.000000s ]
INFO: [ app_init ] --END-- [ RunTime:0.001000s ]
ERR: 无法加载模块:Shopping

[ 2017-09-21T15:52:33+08:00 ] 127.0.0.1 /Shopping/Public/Home/images/erweim.jpg
INFO: [ app_init ] --START--
INFO: Run Behavior\BuildLiteBehavior [ RunTime:0.000000s ]
INFO: [ app_init ] --END-- [ RunTime:0.000000s ]
ERR: 无法加载模块:Shopping

[ 2017-09-21T15:52:33+08:00 ] 127.0.0.1 /Shopping/Public/Home/AD/ad-3.jpg
INFO: [ app_init ] --START--
INFO: Run Behavior\BuildLiteBehavior [ RunTime:0.000000s ]
INFO: [ app_init ] --END-- [ RunTime:0.001000s ]
ERR: 无法加载模块:Shopping

[ 2017-09-21T15:52:33+08:00 ] 127.0.0.1 /Shopping/Public/Home/AD/ad-7.jpg
INFO: [ app_init ] --START--
INFO: Run Behavior\BuildLiteBehavior [ RunTime:0.000000s ]
INFO: [ app_init ] --END-- [ RunTime:0.001000s ]
ERR: 无法加载模块:Shopping

[ 2017-09-21T15:52:33+08:00 ] 127.0.0.1 /Shopping/Public/Home/AD/ad-6.jpg
INFO: [ app_init ] --START--
INFO: Run Behavior\BuildLiteBehavior [ RunTime:0.000000s ]
INFO: [ app_init ] --END-- [ RunTime:0.000000s ]
ERR: 无法加载模块:Shopping

[ 2017-09-21T15:52:33+08:00 ] 127.0.0.1 /Shopping/Public/Home/images/Service1.png
INFO: [ app_init ] --START--
INFO: Run Behavior\BuildLiteBehavior [ RunTime:0.000000s ]
INFO: [ app_init ] --END-- [ RunTime:0.001000s ]
ERR: 无法加载模块:Shopping

[ 2017-09-21T15:52:33+08:00 ] 127.0.0.1 /Shopping/Public/Home/images/erweim.jpg
INFO: [ app_init ] --START--
INFO: Run Behavior\BuildLiteBehavior [ RunTime:0.000000s ]
INFO: [ app_init ] --END-- [ RunTime:0.001000s ]
ERR: 无法加载模块:Shopping

[ 2017-09-21T15:52:34+08:00 ] 127.0.0.1 /Shopping/Public/Home/images/Service1.png
INFO: [ app_init ] --START--
INFO: Run Behavior\BuildLiteBehavior [ RunTime:0.000000s ]
INFO: [ app_init ] --END-- [ RunTime:0.000000s ]
ERR: 无法加载模块:Shopping

[ 2017-09-21T15:52:34+08:00 ] 127.0.0.1 /Shopping/Public/Home/images/erweim.jpg
INFO: [ app_init ] --START--
INFO: Run Behavior\BuildLiteBehavior [ RunTime:0.000000s ]
INFO: [ app_init ] --END-- [ RunTime:0.000000s ]
ERR: 无法加载模块:Shopping

[ 2017-09-21T15:52:35+08:00 ] 127.0.0.1 /Shopping/Public/Home/AD/ad-7.jpg
INFO: [ app_init ] --START--
INFO: Run Behavior\BuildLiteBehavior [ RunTime:0.000000s ]
INFO: [ app_init ] --END-- [ RunTime:0.000000s ]
ERR: 无法加载模块:Shopping

[ 2017-09-21T15:52:35+08:00 ] 127.0.0.1 /Shopping/Public/Home/AD/ad-3.jpg
INFO: [ app_init ] --START--
INFO: Run Behavior\BuildLiteBehavior [ RunTime:0.000000s ]
INFO: [ app_init ] --END-- [ RunTime:0.000000s ]
ERR: 无法加载模块:Shopping

[ 2017-09-21T15:52:35+08:00 ] 127.0.0.1 /Shopping/Public/Home/AD/ad-6.jpg
INFO: [ app_init ] --START--
INFO: Run Behavior\BuildLiteBehavior [ RunTime:0.000000s ]
INFO: [ app_init ] --END-- [ RunTime:0.001000s ]
ERR: 无法加载模块:Shopping

[ 2017-09-21T15:52:35+08:00 ] 127.0.0.1 /Shopping/Public/Home/images/Service1.png
INFO: [ app_init ] --START--
INFO: Run Behavior\BuildLiteBehavior [ RunTime:0.000000s ]
INFO: [ app_init ] --END-- [ RunTime:0.000000s ]
ERR: 无法加载模块:Shopping

[ 2017-09-21T15:52:35+08:00 ] 127.0.0.1 /Shopping/Public/Home/images/erweim.jpg
INFO: [ app_init ] --START--
INFO: Run Behavior\BuildLiteBehavior [ RunTime:0.000000s ]
INFO: [ app_init ] --END-- [ RunTime:0.000000s ]
ERR: 无法加载模块:Shopping

[ 2017-09-21T15:52:42+08:00 ] 127.0.0.1 /Shopping/Public/Home/images/liselected.gif
INFO: [ app_init ] --START--
INFO: Run Behavior\BuildLiteBehavior [ RunTime:0.000000s ]
INFO: [ app_init ] --END-- [ RunTime:0.000000s ]
ERR: 无法加载模块:Shopping

[ 2017-09-21T15:52:50+08:00 ] 127.0.0.1 /Shopping/Public/Home/images/liselected.gif
INFO: [ app_init ] --START--
INFO: Run Behavior\BuildLiteBehavior [ RunTime:0.000000s ]
INFO: [ app_init ] --END-- [ RunTime:0.001000s ]
ERR: 无法加载模块:Shopping

[ 2017-09-21T15:53:07+08:00 ] 127.0.0.1 /Shopping/Public/Home/images/liselected.gif
INFO: [ app_init ] --START--
INFO: Run Behavior\BuildLiteBehavior [ RunTime:0.000000s ]
INFO: [ app_init ] --END-- [ RunTime:0.000000s ]
ERR: 无法加载模块:Shopping

[ 2017-09-21T15:53:10+08:00 ] 127.0.0.1 /Shopping/Public/Home/images/liselected.gif
INFO: [ app_init ] --START--
INFO: Run Behavior\BuildLiteBehavior [ RunTime:0.000000s ]
INFO: [ app_init ] --END-- [ RunTime:0.000000s ]
ERR: 无法加载模块:Shopping

[ 2017-09-21T15:54:43+08:00 ] 127.0.0.1 /Shopping/Public/Home/images/liselected.gif
INFO: [ app_init ] --START--
INFO: Run Behavior\BuildLiteBehavior [ RunTime:0.000000s ]
INFO: [ app_init ] --END-- [ RunTime:0.000000s ]
ERR: 无法加载模块:Shopping

[ 2017-09-21T15:54:54+08:00 ] 127.0.0.1 /Shopping/Public/Home/images/liselected.gif
INFO: [ app_init ] --START--
INFO: Run Behavior\BuildLiteBehavior [ RunTime:0.000000s ]
INFO: [ app_init ] --END-- [ RunTime:0.000000s ]
ERR: 无法加载模块:Shopping

[ 2017-09-21T15:55:34+08:00 ] 127.0.0.1 /Shopping/Public/Home/images/liselected.gif
INFO: [ app_init ] --START--
INFO: Run Behavior\BuildLiteBehavior [ RunTime:0.000000s ]
INFO: [ app_init ] --END-- [ RunTime:0.000000s ]
ERR: 无法加载模块:Shopping

[ 2017-09-21T15:55:37+08:00 ] 127.0.0.1 /Shopping/Public/Home/images/liselected.gif
INFO: [ app_init ] --START--
INFO: Run Behavior\BuildLiteBehavior [ RunTime:0.000000s ]
INFO: [ app_init ] --END-- [ RunTime:0.000000s ]
ERR: 无法加载模块:Shopping

[ 2017-09-21T15:56:03+08:00 ] 127.0.0.1 /Shopping/Public/Home/images/liselected.gif
INFO: [ app_init ] --START--
INFO: Run Behavior\BuildLiteBehavior [ RunTime:0.000000s ]
INFO: [ app_init ] --END-- [ RunTime:0.000000s ]
ERR: 无法加载模块:Shopping

[ 2017-09-21T15:56:16+08:00 ] 127.0.0.1 /Shopping/Public/Home/images/liselected.gif
INFO: [ app_init ] --START--
INFO: Run Behavior\BuildLiteBehavior [ RunTime:0.000000s ]
INFO: [ app_init ] --END-- [ RunTime:0.001000s ]
ERR: 无法加载模块:Shopping

[ 2017-09-21T15:56:29+08:00 ] 127.0.0.1 /Shopping/Public/Home/images/liselected.gif
INFO: [ app_init ] --START--
INFO: Run Behavior\BuildLiteBehavior [ RunTime:0.000000s ]
INFO: [ app_init ] --END-- [ RunTime:0.000000s ]
ERR: 无法加载模块:Shopping

[ 2017-09-21T15:56:29+08:00 ] 127.0.0.1 /Shopping/Public/Home/images/liselected.gif
INFO: [ app_init ] --START--
INFO: Run Behavior\BuildLiteBehavior [ RunTime:0.000000s ]
INFO: [ app_init ] --END-- [ RunTime:0.000000s ]
ERR: 无法加载模块:Shopping

[ 2017-09-21T15:57:15+08:00 ] 127.0.0.1 /Shopping/Public/Home/images/liselected.gif
INFO: [ app_init ] --START--
INFO: Run Behavior\BuildLiteBehavior [ RunTime:0.000000s ]
INFO: [ app_init ] --END-- [ RunTime:0.000000s ]
ERR: 无法加载模块:Shopping

[ 2017-09-21T15:57:25+08:00 ] 127.0.0.1 /Shopping/Public/Home/images/liselected.gif
INFO: [ app_init ] --START--
INFO: Run Behavior\BuildLiteBehavior [ RunTime:0.000000s ]
INFO: [ app_init ] --END-- [ RunTime:0.001000s ]
ERR: 无法加载模块:Shopping

[ 2017-09-21T15:58:23+08:00 ] 127.0.0.1 /Shopping/Public/Home/images/liselected.gif
INFO: [ app_init ] --START--
INFO: Run Behavior\BuildLiteBehavior [ RunTime:0.000000s ]
INFO: [ app_init ] --END-- [ RunTime:0.001000s ]
ERR: 无法加载模块:Shopping

[ 2017-09-21T15:59:25+08:00 ] 127.0.0.1 /Shopping/Public/Home/images/liselected.gif
INFO: [ app_init ] --START--
INFO: Run Behavior\BuildLiteBehavior [ RunTime:0.000000s ]
INFO: [ app_init ] --END-- [ RunTime:0.000000s ]
ERR: 无法加载模块:Shopping

[ 2017-09-21T15:59:54+08:00 ] 127.0.0.1 /Shopping/Public/Home/images/liselected.gif
INFO: [ app_init ] --START--
INFO: Run Behavior\BuildLiteBehavior [ RunTime:0.000000s ]
INFO: [ app_init ] --END-- [ RunTime:0.000000s ]
ERR: 无法加载模块:Shopping

[ 2017-09-21T16:00:10+08:00 ] 127.0.0.1 /Shopping/Public/Home/images/liselected.gif
INFO: [ app_init ] --START--
INFO: Run Behavior\BuildLiteBehavior [ RunTime:0.000000s ]
INFO: [ app_init ] --END-- [ RunTime:0.001000s ]
ERR: 无法加载模块:Shopping

[ 2017-09-21T16:00:10+08:00 ] 127.0.0.1 /Shopping/Public/Home/images/liselected.gif
INFO: [ app_init ] --START--
INFO: Run Behavior\BuildLiteBehavior [ RunTime:0.000000s ]
INFO: [ app_init ] --END-- [ RunTime:0.000000s ]
ERR: 无法加载模块:Shopping

[ 2017-09-21T16:00:18+08:00 ] 127.0.0.1 /Shopping/Public/Home/images/liselected.gif
INFO: [ app_init ] --START--
INFO: Run Behavior\BuildLiteBehavior [ RunTime:0.000000s ]
INFO: [ app_init ] --END-- [ RunTime:0.000000s ]
ERR: 无法加载模块:Shopping

[ 2017-09-21T16:00:26+08:00 ] 127.0.0.1 /Shopping/Public/Home/images/liselected.gif
INFO: [ app_init ] --START--
INFO: Run Behavior\BuildLiteBehavior [ RunTime:0.000000s ]
INFO: [ app_init ] --END-- [ RunTime:0.000000s ]
ERR: 无法加载模块:Shopping

[ 2017-09-21T16:00:42+08:00 ] 127.0.0.1 /Shopping/Public/Home/images/liselected.gif
INFO: [ app_init ] --START--
INFO: Run Behavior\BuildLiteBehavior [ RunTime:0.000000s ]
INFO: [ app_init ] --END-- [ RunTime:0.001000s ]
ERR: 无法加载模块:Shopping

[ 2017-09-21T16:01:40+08:00 ] 127.0.0.1 /Shopping/Public/Home/images/liselected.gif
INFO: [ app_init ] --START--
INFO: Run Behavior\BuildLiteBehavior [ RunTime:0.000000s ]
INFO: [ app_init ] --END-- [ RunTime:0.001000s ]
ERR: 无法加载模块:Shopping

[ 2017-09-21T16:02:14+08:00 ] 127.0.0.1 /Shopping/Public/Home/images/liselected.gif
INFO: [ app_init ] --START--
INFO: Run Behavior\BuildLiteBehavior [ RunTime:0.000000s ]
INFO: [ app_init ] --END-- [ RunTime:0.000000s ]
ERR: 无法加载模块:Shopping

[ 2017-09-21T16:02:36+08:00 ] 127.0.0.1 /Shopping/Public/Home/images/liselected.gif
INFO: [ app_init ] --START--
INFO: Run Behavior\BuildLiteBehavior [ RunTime:0.000000s ]
INFO: [ app_init ] --END-- [ RunTime:0.001000s ]
ERR: 无法加载模块:Shopping

[ 2017-09-21T16:02:52+08:00 ] 127.0.0.1 /Shopping/Public/Home/images/liselected.gif
INFO: [ app_init ] --START--
INFO: Run Behavior\BuildLiteBehavior [ RunTime:0.000000s ]
INFO: [ app_init ] --END-- [ RunTime:0.001000s ]
ERR: 无法加载模块:Shopping

[ 2017-09-21T16:03:51+08:00 ] 127.0.0.1 /Shopping/Public/Home/images/liselected.gif
INFO: [ app_init ] --START--
INFO: Run Behavior\BuildLiteBehavior [ RunTime:0.000000s ]
INFO: [ app_init ] --END-- [ RunTime:0.000000s ]
ERR: 无法加载模块:Shopping

[ 2017-09-21T16:06:03+08:00 ] 127.0.0.1 /Shopping/Public/Home/images/Service1.png
INFO: [ app_init ] --START--
INFO: Run Behavior\BuildLiteBehavior [ RunTime:0.000000s ]
INFO: [ app_init ] --END-- [ RunTime:0.001000s ]
ERR: 无法加载模块:Shopping

[ 2017-09-21T16:06:03+08:00 ] 127.0.0.1 /Shopping/Public/Home/images/erweim.jpg
INFO: [ app_init ] --START--
INFO: Run Behavior\BuildLiteBehavior [ RunTime:0.000000s ]
INFO: [ app_init ] --END-- [ RunTime:0.000000s ]
ERR: 无法加载模块:Shopping

[ 2017-09-21T16:06:03+08:00 ] 127.0.0.1 /Shopping/Public/Home/images/Service1.png
INFO: [ app_init ] --START--
INFO: Run Behavior\BuildLiteBehavior [ RunTime:0.000000s ]
INFO: [ app_init ] --END-- [ RunTime:0.001000s ]
ERR: 无法加载模块:Shopping

[ 2017-09-21T16:06:03+08:00 ] 127.0.0.1 /Shopping/Public/Home/images/erweim.jpg
INFO: [ app_init ] --START--
INFO: Run Behavior\BuildLiteBehavior [ RunTime:0.000000s ]
INFO: [ app_init ] --END-- [ RunTime:0.000000s ]
ERR: 无法加载模块:Shopping

[ 2017-09-21T16:06:03+08:00 ] 127.0.0.1 /Shopping/Public/Home/AD/ad-3.jpg
INFO: [ app_init ] --START--
INFO: Run Behavior\BuildLiteBehavior [ RunTime:0.000000s ]
INFO: [ app_init ] --END-- [ RunTime:0.000000s ]
ERR: 无法加载模块:Shopping

[ 2017-09-21T16:06:03+08:00 ] 127.0.0.1 /Shopping/Public/Home/AD/ad-7.jpg
INFO: [ app_init ] --START--
INFO: Run Behavior\BuildLiteBehavior [ RunTime:0.000000s ]
INFO: [ app_init ] --END-- [ RunTime:0.000000s ]
ERR: 无法加载模块:Shopping

[ 2017-09-21T16:06:03+08:00 ] 127.0.0.1 /Shopping/Public/Home/AD/ad-6.jpg
INFO: [ app_init ] --START--
INFO: Run Behavior\BuildLiteBehavior [ RunTime:0.000000s ]
INFO: [ app_init ] --END-- [ RunTime:0.001000s ]
ERR: 无法加载模块:Shopping

[ 2017-09-21T16:07:58+08:00 ] 127.0.0.1 /Shopping/Public/Home/images/lmrz.png
INFO: [ app_init ] --START--
INFO: Run Behavior\BuildLiteBehavior [ RunTime:0.000000s ]
INFO: [ app_init ] --END-- [ RunTime:0.000000s ]
ERR: 无法加载模块:Shopping

[ 2017-09-21T16:07:58+08:00 ] 127.0.0.1 /Shopping/Public/Home/images/pro_V2_r6_c9.png
INFO: [ app_init ] --START--
INFO: Run Behavior\BuildLiteBehavior [ RunTime:0.000000s ]
INFO: [ app_init ] --END-- [ RunTime:0.000000s ]
ERR: 无法加载模块:Shopping

[ 2017-09-21T16:07:58+08:00 ] 127.0.0.1 /Shopping/Public/Home/images/pro_V2_r8_c10.png
INFO: [ app_init ] --START--
INFO: Run Behavior\BuildLiteBehavior [ RunTime:0.000000s ]
INFO: [ app_init ] --END-- [ RunTime:0.000000s ]
ERR: 无法加载模块:Shopping

[ 2017-09-21T16:07:58+08:00 ] 127.0.0.1 /Shopping/Public/Home/images/pro_V2_r8_c9.png
INFO: [ app_init ] --START--
INFO: Run Behavior\BuildLiteBehavior [ RunTime:0.000000s ]
INFO: [ app_init ] --END-- [ RunTime:0.000000s ]
ERR: 无法加载模块:Shopping

[ 2017-09-21T16:07:58+08:00 ] 127.0.0.1 /Shopping/Public/Home/images/lmrz.png
INFO: [ app_init ] --START--
INFO: Run Behavior\BuildLiteBehavior [ RunTime:0.000000s ]
INFO: [ app_init ] --END-- [ RunTime:0.000000s ]
ERR: 无法加载模块:Shopping

[ 2017-09-21T16:07:58+08:00 ] 127.0.0.1 /Shopping/Public/Home/images/pro_V2_r6_c9.png
INFO: [ app_init ] --START--
INFO: Run Behavior\BuildLiteBehavior [ RunTime:0.000000s ]
INFO: [ app_init ] --END-- [ RunTime:0.001000s ]
ERR: 无法加载模块:Shopping

[ 2017-09-21T16:07:58+08:00 ] 127.0.0.1 /Shopping/Public/Home/images/pro_V2_r8_c9.png
INFO: [ app_init ] --START--
INFO: Run Behavior\BuildLiteBehavior [ RunTime:0.000000s ]
INFO: [ app_init ] --END-- [ RunTime:0.001001s ]
ERR: 无法加载模块:Shopping

[ 2017-09-21T16:07:58+08:00 ] 127.0.0.1 /Shopping/Public/Home/images/pro_V2_r8_c10.png
INFO: [ app_init ] --START--
INFO: Run Behavior\BuildLiteBehavior [ RunTime:0.000000s ]
INFO: [ app_init ] --END-- [ RunTime:0.000000s ]
ERR: 无法加载模块:Shopping

[ 2017-09-21T16:08:03+08:00 ] 127.0.0.1 /Shopping/Public/Home/images/liselected.gif
INFO: [ app_init ] --START--
INFO: Run Behavior\BuildLiteBehavior [ RunTime:0.000000s ]
INFO: [ app_init ] --END-- [ RunTime:0.000000s ]
ERR: 无法加载模块:Shopping

[ 2017-09-21T16:10:29+08:00 ] 127.0.0.1 /Shopping/Public/Home/images/lmrz.png
INFO: [ app_init ] --START--
INFO: Run Behavior\BuildLiteBehavior [ RunTime:0.000000s ]
INFO: [ app_init ] --END-- [ RunTime:0.000000s ]
ERR: 无法加载模块:Shopping

[ 2017-09-21T16:10:29+08:00 ] 127.0.0.1 /Shopping/Public/Home/images/pro_V2_r6_c9.png
INFO: [ app_init ] --START--
INFO: Run Behavior\BuildLiteBehavior [ RunTime:0.000000s ]
INFO: [ app_init ] --END-- [ RunTime:0.000000s ]
ERR: 无法加载模块:Shopping

[ 2017-09-21T16:10:29+08:00 ] 127.0.0.1 /Shopping/Public/Home/images/pro_V2_r8_c10.png
INFO: [ app_init ] --START--
INFO: Run Behavior\BuildLiteBehavior [ RunTime:0.000000s ]
INFO: [ app_init ] --END-- [ RunTime:0.000000s ]
ERR: 无法加载模块:Shopping

[ 2017-09-21T16:10:29+08:00 ] 127.0.0.1 /Shopping/Public/Home/images/pro_V2_r8_c9.png
INFO: [ app_init ] --START--
INFO: Run Behavior\BuildLiteBehavior [ RunTime:0.000000s ]
INFO: [ app_init ] --END-- [ RunTime:0.000000s ]
ERR: 无法加载模块:Shopping

[ 2017-09-21T16:10:29+08:00 ] 127.0.0.1 /Shopping/Public/Home/images/Service1.png
INFO: [ app_init ] --START--
INFO: Run Behavior\BuildLiteBehavior [ RunTime:0.000000s ]
INFO: [ app_init ] --END-- [ RunTime:0.000000s ]
ERR: 无法加载模块:Shopping

[ 2017-09-21T16:10:29+08:00 ] 127.0.0.1 /Shopping/Public/Home/images/erweim.jpg
INFO: [ app_init ] --START--
INFO: Run Behavior\BuildLiteBehavior [ RunTime:0.000000s ]
INFO: [ app_init ] --END-- [ RunTime:0.000000s ]
ERR: 无法加载模块:Shopping

[ 2017-09-21T16:10:29+08:00 ] 127.0.0.1 /Shopping/Public/Home/images/Service1.png
INFO: [ app_init ] --START--
INFO: Run Behavior\BuildLiteBehavior [ RunTime:0.000000s ]
INFO: [ app_init ] --END-- [ RunTime:0.000000s ]
ERR: 无法加载模块:Shopping

[ 2017-09-21T16:10:29+08:00 ] 127.0.0.1 /Shopping/Public/Home/images/erweim.jpg
INFO: [ app_init ] --START--
INFO: Run Behavior\BuildLiteBehavior [ RunTime:0.000000s ]
INFO: [ app_init ] --END-- [ RunTime:0.001000s ]
ERR: 无法加载模块:Shopping

[ 2017-09-21T16:10:29+08:00 ] 127.0.0.1 /Shopping/Public/Home/AD/ad-3.jpg
INFO: [ app_init ] --START--
INFO: Run Behavior\BuildLiteBehavior [ RunTime:0.000000s ]
INFO: [ app_init ] --END-- [ RunTime:0.000000s ]
ERR: 无法加载模块:Shopping

[ 2017-09-21T16:10:29+08:00 ] 127.0.0.1 /Shopping/Public/Home/AD/ad-7.jpg
INFO: [ app_init ] --START--
INFO: Run Behavior\BuildLiteBehavior [ RunTime:0.000000s ]
INFO: [ app_init ] --END-- [ RunTime:0.000000s ]
ERR: 无法加载模块:Shopping

[ 2017-09-21T16:10:29+08:00 ] 127.0.0.1 /Shopping/Public/Home/AD/ad-6.jpg
INFO: [ app_init ] --START--
INFO: Run Behavior\BuildLiteBehavior [ RunTime:0.000000s ]
INFO: [ app_init ] --END-- [ RunTime:0.000000s ]
ERR: 无法加载模块:Shopping

[ 2017-09-21T16:10:30+08:00 ] 127.0.0.1 /Shopping/Public/Home/images/liselected.gif
INFO: [ app_init ] --START--
INFO: Run Behavior\BuildLiteBehavior [ RunTime:0.000000s ]
INFO: [ app_init ] --END-- [ RunTime:0.001000s ]
ERR: 无法加载模块:Shopping

[ 2017-09-21T16:10:36+08:00 ] 127.0.0.1 /Shopping/Public/Home/images/Service1.png
INFO: [ app_init ] --START--
INFO: Run Behavior\BuildLiteBehavior [ RunTime:0.000000s ]
INFO: [ app_init ] --END-- [ RunTime:0.000000s ]
ERR: 无法加载模块:Shopping

[ 2017-09-21T16:10:36+08:00 ] 127.0.0.1 /Shopping/Public/Home/images/erweim.jpg
INFO: [ app_init ] --START--
INFO: Run Behavior\BuildLiteBehavior [ RunTime:0.000000s ]
INFO: [ app_init ] --END-- [ RunTime:0.000000s ]
ERR: 无法加载模块:Shopping

[ 2017-09-21T16:10:36+08:00 ] 127.0.0.1 /Shopping/Public/Home/AD/ad-3.jpg
INFO: [ app_init ] --START--
INFO: Run Behavior\BuildLiteBehavior [ RunTime:0.000000s ]
INFO: [ app_init ] --END-- [ RunTime:0.000000s ]
ERR: 无法加载模块:Shopping

[ 2017-09-21T16:10:36+08:00 ] 127.0.0.1 /Shopping/Public/Home/AD/ad-6.jpg
INFO: [ app_init ] --START--
INFO: Run Behavior\BuildLiteBehavior [ RunTime:0.000000s ]
INFO: [ app_init ] --END-- [ RunTime:0.000000s ]
ERR: 无法加载模块:Shopping

[ 2017-09-21T16:10:36+08:00 ] 127.0.0.1 /Shopping/Public/Home/AD/ad-7.jpg
INFO: [ app_init ] --START--
INFO: Run Behavior\BuildLiteBehavior [ RunTime:0.000000s ]
INFO: [ app_init ] --END-- [ RunTime:0.000000s ]
ERR: 无法加载模块:Shopping

[ 2017-09-21T16:10:36+08:00 ] 127.0.0.1 /Shopping/Public/Home/images/Service1.png
INFO: [ app_init ] --START--
INFO: Run Behavior\BuildLiteBehavior [ RunTime:0.000000s ]
INFO: [ app_init ] --END-- [ RunTime:0.000000s ]
ERR: 无法加载模块:Shopping

[ 2017-09-21T16:10:36+08:00 ] 127.0.0.1 /Shopping/Public/Home/images/erweim.jpg
INFO: [ app_init ] --START--
INFO: Run Behavior\BuildLiteBehavior [ RunTime:0.000000s ]
INFO: [ app_init ] --END-- [ RunTime:0.000000s ]
ERR: 无法加载模块:Shopping

[ 2017-09-21T16:10:53+08:00 ] 127.0.0.1 /Shopping/Public/Home/images/lmrz.png
INFO: [ app_init ] --START--
INFO: Run Behavior\BuildLiteBehavior [ RunTime:0.000000s ]
INFO: [ app_init ] --END-- [ RunTime:0.000000s ]
ERR: 无法加载模块:Shopping

[ 2017-09-21T16:10:53+08:00 ] 127.0.0.1 /Shopping/Public/Home/images/pro_V2_r6_c9.png
INFO: [ app_init ] --START--
INFO: Run Behavior\BuildLiteBehavior [ RunTime:0.000000s ]
INFO: [ app_init ] --END-- [ RunTime:0.000000s ]
ERR: 无法加载模块:Shopping

[ 2017-09-21T16:10:53+08:00 ] 127.0.0.1 /Shopping/Public/Home/images/pro_V2_r8_c10.png
INFO: [ app_init ] --START--
INFO: Run Behavior\BuildLiteBehavior [ RunTime:0.000000s ]
INFO: [ app_init ] --END-- [ RunTime:0.000000s ]
ERR: 无法加载模块:Shopping

[ 2017-09-21T16:10:53+08:00 ] 127.0.0.1 /Shopping/Public/Home/images/pro_V2_r8_c9.png
INFO: [ app_init ] --START--
INFO: Run Behavior\BuildLiteBehavior [ RunTime:0.000000s ]
INFO: [ app_init ] --END-- [ RunTime:0.001000s ]
ERR: 无法加载模块:Shopping

[ 2017-09-21T16:10:53+08:00 ] 127.0.0.1 /Shopping/Public/Home/images/lmrz.png
INFO: [ app_init ] --START--
INFO: Run Behavior\BuildLiteBehavior [ RunTime:0.000000s ]
INFO: [ app_init ] --END-- [ RunTime:0.000000s ]
ERR: 无法加载模块:Shopping

[ 2017-09-21T16:10:53+08:00 ] 127.0.0.1 /Shopping/Public/Home/images/pro_V2_r6_c9.png
INFO: [ app_init ] --START--
INFO: Run Behavior\BuildLiteBehavior [ RunTime:0.000000s ]
INFO: [ app_init ] --END-- [ RunTime:0.000000s ]
ERR: 无法加载模块:Shopping

[ 2017-09-21T16:10:53+08:00 ] 127.0.0.1 /Shopping/Public/Home/images/pro_V2_r8_c10.png
INFO: [ app_init ] --START--
INFO: Run Behavior\BuildLiteBehavior [ RunTime:0.000000s ]
INFO: [ app_init ] --END-- [ RunTime:0.000000s ]
ERR: 无法加载模块:Shopping

[ 2017-09-21T16:10:53+08:00 ] 127.0.0.1 /Shopping/Public/Home/images/pro_V2_r8_c9.png
INFO: [ app_init ] --START--
INFO: Run Behavior\BuildLiteBehavior [ RunTime:0.000000s ]
INFO: [ app_init ] --END-- [ RunTime:0.001000s ]
ERR: 无法加载模块:Shopping

[ 2017-09-21T16:11:01+08:00 ] 127.0.0.1 /Shopping/Public/Home/images/mask.png
INFO: [ app_init ] --START--
INFO: Run Behavior\BuildLiteBehavior [ RunTime:0.000000s ]
INFO: [ app_init ] --END-- [ RunTime:0.001000s ]
ERR: 无法加载模块:Shopping

[ 2017-09-21T16:11:03+08:00 ] 127.0.0.1 /Shopping/Public/Home/images/Service1.png
INFO: [ app_init ] --START--
INFO: Run Behavior\BuildLiteBehavior [ RunTime:0.000000s ]
INFO: [ app_init ] --END-- [ RunTime:0.000000s ]
ERR: 无法加载模块:Shopping

[ 2017-09-21T16:11:03+08:00 ] 127.0.0.1 /Shopping/Public/Home/images/erweim.jpg
INFO: [ app_init ] --START--
INFO: Run Behavior\BuildLiteBehavior [ RunTime:0.000000s ]
INFO: [ app_init ] --END-- [ RunTime:0.000000s ]
ERR: 无法加载模块:Shopping

[ 2017-09-21T16:11:03+08:00 ] 127.0.0.1 /Shopping/Public/Home/AD/ad-3.jpg
INFO: [ app_init ] --START--
INFO: Run Behavior\BuildLiteBehavior [ RunTime:0.000000s ]
INFO: [ app_init ] --END-- [ RunTime:0.000000s ]
ERR: 无法加载模块:Shopping

[ 2017-09-21T16:11:03+08:00 ] 127.0.0.1 /Shopping/Public/Home/AD/ad-7.jpg
INFO: [ app_init ] --START--
INFO: Run Behavior\BuildLiteBehavior [ RunTime:0.000000s ]
INFO: [ app_init ] --END-- [ RunTime:0.000000s ]
ERR: 无法加载模块:Shopping

[ 2017-09-21T16:11:03+08:00 ] 127.0.0.1 /Shopping/Public/Home/AD/ad-6.jpg
INFO: [ app_init ] --START--
INFO: Run Behavior\BuildLiteBehavior [ RunTime:0.000000s ]
INFO: [ app_init ] --END-- [ RunTime:0.000000s ]
ERR: 无法加载模块:Shopping

[ 2017-09-21T16:11:03+08:00 ] 127.0.0.1 /Shopping/Public/Home/images/Service1.png
INFO: [ app_init ] --START--
INFO: Run Behavior\BuildLiteBehavior [ RunTime:0.000000s ]
INFO: [ app_init ] --END-- [ RunTime:0.000000s ]
ERR: 无法加载模块:Shopping

[ 2017-09-21T16:11:03+08:00 ] 127.0.0.1 /Shopping/Public/Home/images/erweim.jpg
INFO: [ app_init ] --START--
INFO: Run Behavior\BuildLiteBehavior [ RunTime:0.000000s ]
INFO: [ app_init ] --END-- [ RunTime:0.000000s ]
ERR: 无法加载模块:Shopping

[ 2017-09-21T16:11:13+08:00 ] 127.0.0.1 /Shopping/Public/Home/images/lmrz.png
INFO: [ app_init ] --START--
INFO: Run Behavior\BuildLiteBehavior [ RunTime:0.000000s ]
INFO: [ app_init ] --END-- [ RunTime:0.000000s ]
ERR: 无法加载模块:Shopping

[ 2017-09-21T16:11:13+08:00 ] 127.0.0.1 /Shopping/Public/Home/images/pro_V2_r6_c9.png
INFO: [ app_init ] --START--
INFO: Run Behavior\BuildLiteBehavior [ RunTime:0.000000s ]
INFO: [ app_init ] --END-- [ RunTime:0.000000s ]
ERR: 无法加载模块:Shopping

[ 2017-09-21T16:11:13+08:00 ] 127.0.0.1 /Shopping/Public/Home/images/pro_V2_r8_c10.png
INFO: [ app_init ] --START--
INFO: Run Behavior\BuildLiteBehavior [ RunTime:0.000000s ]
INFO: [ app_init ] --END-- [ RunTime:0.001000s ]
ERR: 无法加载模块:Shopping

[ 2017-09-21T16:11:13+08:00 ] 127.0.0.1 /Shopping/Public/Home/images/pro_V2_r8_c9.png
INFO: [ app_init ] --START--
INFO: Run Behavior\BuildLiteBehavior [ RunTime:0.000000s ]
INFO: [ app_init ] --END-- [ RunTime:0.000000s ]
ERR: 无法加载模块:Shopping

[ 2017-09-21T16:11:13+08:00 ] 127.0.0.1 /Shopping/Public/Home/images/lmrz.png
INFO: [ app_init ] --START--
INFO: Run Behavior\BuildLiteBehavior [ RunTime:0.000000s ]
INFO: [ app_init ] --END-- [ RunTime:0.001000s ]
ERR: 无法加载模块:Shopping

[ 2017-09-21T16:11:13+08:00 ] 127.0.0.1 /Shopping/Public/Home/images/pro_V2_r6_c9.png
INFO: [ app_init ] --START--
INFO: Run Behavior\BuildLiteBehavior [ RunTime:0.000000s ]
INFO: [ app_init ] --END-- [ RunTime:0.000000s ]
ERR: 无法加载模块:Shopping

[ 2017-09-21T16:11:13+08:00 ] 127.0.0.1 /Shopping/Public/Home/images/pro_V2_r8_c10.png
INFO: [ app_init ] --START--
INFO: Run Behavior\BuildLiteBehavior [ RunTime:0.000000s ]
INFO: [ app_init ] --END-- [ RunTime:0.000000s ]
ERR: 无法加载模块:Shopping

[ 2017-09-21T16:11:13+08:00 ] 127.0.0.1 /Shopping/Public/Home/images/pro_V2_r8_c9.png
INFO: [ app_init ] --START--
INFO: Run Behavior\BuildLiteBehavior [ RunTime:0.000000s ]
INFO: [ app_init ] --END-- [ RunTime:0.000000s ]
ERR: 无法加载模块:Shopping

[ 2017-09-21T16:13:37+08:00 ] 127.0.0.1 /Shopping/Public/Home/images/mask.png
INFO: [ app_init ] --START--
INFO: Run Behavior\BuildLiteBehavior [ RunTime:0.000000s ]
INFO: [ app_init ] --END-- [ RunTime:0.001000s ]
ERR: 无法加载模块:Shopping

[ 2017-09-21T16:13:38+08:00 ] 127.0.0.1 /Shopping/Public/Home/images/pro_V2_r8_c10.png
INFO: [ app_init ] --START--
INFO: Run Behavior\BuildLiteBehavior [ RunTime:0.000000s ]
INFO: [ app_init ] --END-- [ RunTime:0.000000s ]
ERR: 无法加载模块:Shopping

[ 2017-09-21T16:13:38+08:00 ] 127.0.0.1 /Shopping/Public/Home/images/lmrz.png
INFO: [ app_init ] --START--
INFO: Run Behavior\BuildLiteBehavior [ RunTime:0.000000s ]
INFO: [ app_init ] --END-- [ RunTime:0.000000s ]
ERR: 无法加载模块:Shopping

[ 2017-09-21T16:13:38+08:00 ] 127.0.0.1 /Shopping/Public/Home/images/pro_V2_r6_c9.png
INFO: [ app_init ] --START--
INFO: Run Behavior\BuildLiteBehavior [ RunTime:0.000000s ]
INFO: [ app_init ] --END-- [ RunTime:0.000000s ]
ERR: 无法加载模块:Shopping

[ 2017-09-21T16:13:38+08:00 ] 127.0.0.1 /Shopping/Public/Home/images/pro_V2_r8_c9.png
INFO: [ app_init ] --START--
INFO: Run Behavior\BuildLiteBehavior [ RunTime:0.000000s ]
INFO: [ app_init ] --END-- [ RunTime:0.000000s ]
ERR: 无法加载模块:Shopping

[ 2017-09-21T16:13:39+08:00 ] 127.0.0.1 /Shopping/Public/Home/images/pro_V2_r6_c9.png
INFO: [ app_init ] --START--
INFO: Run Behavior\BuildLiteBehavior [ RunTime:0.000000s ]
INFO: [ app_init ] --END-- [ RunTime:0.000000s ]
ERR: 无法加载模块:Shopping

[ 2017-09-21T16:13:39+08:00 ] 127.0.0.1 /Shopping/Public/Home/images/pro_V2_r8_c10.png
INFO: [ app_init ] --START--
INFO: Run Behavior\BuildLiteBehavior [ RunTime:0.000000s ]
INFO: [ app_init ] --END-- [ RunTime:0.000000s ]
ERR: 无法加载模块:Shopping

[ 2017-09-21T16:13:39+08:00 ] 127.0.0.1 /Shopping/Public/Home/images/pro_V2_r8_c9.png
INFO: [ app_init ] --START--
INFO: Run Behavior\BuildLiteBehavior [ RunTime:0.000000s ]
INFO: [ app_init ] --END-- [ RunTime:0.000000s ]
ERR: 无法加载模块:Shopping

[ 2017-09-21T16:13:39+08:00 ] 127.0.0.1 /Shopping/Public/Home/images/lmrz.png
INFO: [ app_init ] --START--
INFO: Run Behavior\BuildLiteBehavior [ RunTime:0.000000s ]
INFO: [ app_init ] --END-- [ RunTime:0.000000s ]
ERR: 无法加载模块:Shopping

[ 2017-09-21T16:14:04+08:00 ] 127.0.0.1 /Shopping/Public/Home/images/pro_V2_r6_c9.png
INFO: [ app_init ] --START--
INFO: Run Behavior\BuildLiteBehavior [ RunTime:0.000000s ]
INFO: [ app_init ] --END-- [ RunTime:0.000000s ]
ERR: 无法加载模块:Shopping

[ 2017-09-21T16:14:04+08:00 ] 127.0.0.1 /Shopping/Public/Home/images/pro_V2_r8_c10.png
INFO: [ app_init ] --START--
INFO: Run Behavior\BuildLiteBehavior [ RunTime:0.000000s ]
INFO: [ app_init ] --END-- [ RunTime:0.000000s ]
ERR: 无法加载模块:Shopping

[ 2017-09-21T16:14:04+08:00 ] 127.0.0.1 /Shopping/Public/Home/images/pro_V2_r8_c9.png
INFO: [ app_init ] --START--
INFO: Run Behavior\BuildLiteBehavior [ RunTime:0.000000s ]
INFO: [ app_init ] --END-- [ RunTime:0.000000s ]
ERR: 无法加载模块:Shopping

[ 2017-09-21T16:14:04+08:00 ] 127.0.0.1 /Shopping/Public/Home/images/lmrz.png
INFO: [ app_init ] --START--
INFO: Run Behavior\BuildLiteBehavior [ RunTime:0.000000s ]
INFO: [ app_init ] --END-- [ RunTime:0.000000s ]
ERR: 无法加载模块:Shopping

[ 2017-09-21T16:14:04+08:00 ] 127.0.0.1 /Shopping/Public/Home/images/lmrz.png
INFO: [ app_init ] --START--
INFO: Run Behavior\BuildLiteBehavior [ RunTime:0.000000s ]
INFO: [ app_init ] --END-- [ RunTime:0.001000s ]
ERR: 无法加载模块:Shopping

[ 2017-09-21T16:14:04+08:00 ] 127.0.0.1 /Shopping/Public/Home/images/pro_V2_r6_c9.png
INFO: [ app_init ] --START--
INFO: Run Behavior\BuildLiteBehavior [ RunTime:0.000000s ]
INFO: [ app_init ] --END-- [ RunTime:0.000000s ]
ERR: 无法加载模块:Shopping

[ 2017-09-21T16:14:04+08:00 ] 127.0.0.1 /Shopping/Public/Home/images/pro_V2_r8_c10.png
INFO: [ app_init ] --START--
INFO: Run Behavior\BuildLiteBehavior [ RunTime:0.000000s ]
INFO: [ app_init ] --END-- [ RunTime:0.000000s ]
ERR: 无法加载模块:Shopping

[ 2017-09-21T16:14:04+08:00 ] 127.0.0.1 /Shopping/Public/Home/images/pro_V2_r8_c9.png
INFO: [ app_init ] --START--
INFO: Run Behavior\BuildLiteBehavior [ RunTime:0.000000s ]
INFO: [ app_init ] --END-- [ RunTime:0.001000s ]
ERR: 无法加载模块:Shopping

[ 2017-09-21T16:14:05+08:00 ] 127.0.0.1 /Shopping/Public/Home/images/mask.png
INFO: [ app_init ] --START--
INFO: Run Behavior\BuildLiteBehavior [ RunTime:0.000000s ]
INFO: [ app_init ] --END-- [ RunTime:0.000000s ]
ERR: 无法加载模块:Shopping

[ 2017-09-21T16:14:28+08:00 ] 127.0.0.1 /Shopping/Public/Home/images/pro_V2_r8_c10.png
INFO: [ app_init ] --START--
INFO: Run Behavior\BuildLiteBehavior [ RunTime:0.000000s ]
INFO: [ app_init ] --END-- [ RunTime:0.001001s ]
ERR: 无法加载模块:Shopping

[ 2017-09-21T16:14:28+08:00 ] 127.0.0.1 /Shopping/Public/Home/images/lmrz.png
INFO: [ app_init ] --START--
INFO: Run Behavior\BuildLiteBehavior [ RunTime:0.000000s ]
INFO: [ app_init ] --END-- [ RunTime:0.000000s ]
ERR: 无法加载模块:Shopping

[ 2017-09-21T16:14:28+08:00 ] 127.0.0.1 /Shopping/Public/Home/images/pro_V2_r8_c9.png
INFO: [ app_init ] --START--
INFO: Run Behavior\BuildLiteBehavior [ RunTime:0.000000s ]
INFO: [ app_init ] --END-- [ RunTime:0.000000s ]
ERR: 无法加载模块:Shopping

[ 2017-09-21T16:14:28+08:00 ] 127.0.0.1 /Shopping/Public/Home/images/pro_V2_r6_c9.png
INFO: [ app_init ] --START--
INFO: Run Behavior\BuildLiteBehavior [ RunTime:0.000000s ]
INFO: [ app_init ] --END-- [ RunTime:0.000000s ]
ERR: 无法加载模块:Shopping

[ 2017-09-21T16:14:28+08:00 ] 127.0.0.1 /Shopping/Public/Home/images/lmrz.png
INFO: [ app_init ] --START--
INFO: Run Behavior\BuildLiteBehavior [ RunTime:0.000000s ]
INFO: [ app_init ] --END-- [ RunTime:0.000000s ]
ERR: 无法加载模块:Shopping

[ 2017-09-21T16:14:28+08:00 ] 127.0.0.1 /Shopping/Public/Home/images/pro_V2_r6_c9.png
INFO: [ app_init ] --START--
INFO: Run Behavior\BuildLiteBehavior [ RunTime:0.000000s ]
INFO: [ app_init ] --END-- [ RunTime:0.000000s ]
ERR: 无法加载模块:Shopping

[ 2017-09-21T16:14:28+08:00 ] 127.0.0.1 /Shopping/Public/Home/images/pro_V2_r8_c10.png
INFO: [ app_init ] --START--
INFO: Run Behavior\BuildLiteBehavior [ RunTime:0.000000s ]
INFO: [ app_init ] --END-- [ RunTime:0.000000s ]
ERR: 无法加载模块:Shopping

[ 2017-09-21T16:14:28+08:00 ] 127.0.0.1 /Shopping/Public/Home/images/pro_V2_r8_c9.png
INFO: [ app_init ] --START--
INFO: Run Behavior\BuildLiteBehavior [ RunTime:0.000000s ]
INFO: [ app_init ] --END-- [ RunTime:0.000000s ]
ERR: 无法加载模块:Shopping

[ 2017-09-21T16:14:29+08:00 ] 127.0.0.1 /Shopping/Public/Home/images/mask.png
INFO: [ app_init ] --START--
INFO: Run Behavior\BuildLiteBehavior [ RunTime:0.000000s ]
INFO: [ app_init ] --END-- [ RunTime:0.000000s ]
ERR: 无法加载模块:Shopping

[ 2017-09-21T16:15:12+08:00 ] 127.0.0.1 /Shopping/Public/Home/images/lmrz.png
INFO: [ app_init ] --START--
INFO: Run Behavior\BuildLiteBehavior [ RunTime:0.000000s ]
INFO: [ app_init ] --END-- [ RunTime:0.001000s ]
ERR: 无法加载模块:Shopping

[ 2017-09-21T16:15:12+08:00 ] 127.0.0.1 /Shopping/Public/Home/images/pro_V2_r6_c9.png
INFO: [ app_init ] --START--
INFO: Run Behavior\BuildLiteBehavior [ RunTime:0.000000s ]
INFO: [ app_init ] --END-- [ RunTime:0.000000s ]
ERR: 无法加载模块:Shopping

[ 2017-09-21T16:15:12+08:00 ] 127.0.0.1 /Shopping/Public/Home/images/pro_V2_r8_c10.png
INFO: [ app_init ] --START--
INFO: Run Behavior\BuildLiteBehavior [ RunTime:0.000000s ]
INFO: [ app_init ] --END-- [ RunTime:0.000000s ]
ERR: 无法加载模块:Shopping

[ 2017-09-21T16:15:12+08:00 ] 127.0.0.1 /Shopping/Public/Home/images/pro_V2_r8_c9.png
INFO: [ app_init ] --START--
INFO: Run Behavior\BuildLiteBehavior [ RunTime:0.000000s ]
INFO: [ app_init ] --END-- [ RunTime:0.000000s ]
ERR: 无法加载模块:Shopping

[ 2017-09-21T16:15:12+08:00 ] 127.0.0.1 /Shopping/Public/Home/images/lmrz.png
INFO: [ app_init ] --START--
INFO: Run Behavior\BuildLiteBehavior [ RunTime:0.000000s ]
INFO: [ app_init ] --END-- [ RunTime:0.000000s ]
ERR: 无法加载模块:Shopping

[ 2017-09-21T16:15:12+08:00 ] 127.0.0.1 /Shopping/Public/Home/images/pro_V2_r6_c9.png
INFO: [ app_init ] --START--
INFO: Run Behavior\BuildLiteBehavior [ RunTime:0.000000s ]
INFO: [ app_init ] --END-- [ RunTime:0.001000s ]
ERR: 无法加载模块:Shopping

[ 2017-09-21T16:15:12+08:00 ] 127.0.0.1 /Shopping/Public/Home/images/pro_V2_r8_c9.png
INFO: [ app_init ] --START--
INFO: Run Behavior\BuildLiteBehavior [ RunTime:0.000000s ]
INFO: [ app_init ] --END-- [ RunTime:0.000000s ]
ERR: 无法加载模块:Shopping

[ 2017-09-21T16:15:12+08:00 ] 127.0.0.1 /Shopping/Public/Home/images/pro_V2_r8_c10.png
INFO: [ app_init ] --START--
INFO: Run Behavior\BuildLiteBehavior [ RunTime:0.000000s ]
INFO: [ app_init ] --END-- [ RunTime:0.001000s ]
ERR: 无法加载模块:Shopping

[ 2017-09-21T16:16:07+08:00 ] 127.0.0.1 /Shopping/Public/Home/images/liselected.gif
INFO: [ app_init ] --START--
INFO: Run Behavior\BuildLiteBehavior [ RunTime:0.000000s ]
INFO: [ app_init ] --END-- [ RunTime:0.001000s ]
ERR: 无法加载模块:Shopping

[ 2017-09-21T16:25:54+08:00 ] 127.0.0.1 /Shopping/Public/Home/images/liselected.gif
INFO: [ app_init ] --START--
INFO: Run Behavior\BuildLiteBehavior [ RunTime:0.000000s ]
INFO: [ app_init ] --END-- [ RunTime:0.001000s ]
ERR: 无法加载模块:Shopping

[ 2017-09-21T16:29:26+08:00 ] 127.0.0.1 /Shopping/Public/Home/images/liselected.gif
INFO: [ app_init ] --START--
INFO: Run Behavior\BuildLiteBehavior [ RunTime:0.000000s ]
INFO: [ app_init ] --END-- [ RunTime:0.000000s ]
ERR: 无法加载模块:Shopping

[ 2017-09-21T16:34:27+08:00 ] 127.0.0.1 /Shopping/Public/Home/images/liselected.gif
INFO: [ app_init ] --START--
INFO: Run Behavior\BuildLiteBehavior [ RunTime:0.000000s ]
INFO: [ app_init ] --END-- [ RunTime:0.001000s ]
ERR: 无法加载模块:Shopping

[ 2017-09-21T16:34:28+08:00 ] 127.0.0.1 /Shopping/Public/Home/images/liselected.gif
INFO: [ app_init ] --START--
INFO: Run Behavior\BuildLiteBehavior [ RunTime:0.000000s ]
INFO: [ app_init ] --END-- [ RunTime:0.000000s ]
ERR: 无法加载模块:Shopping

[ 2017-09-21T16:35:32+08:00 ] 127.0.0.1 /Shopping/Public/Home/images/liselected.gif
INFO: [ app_init ] --START--
INFO: Run Behavior\BuildLiteBehavior [ RunTime:0.000000s ]
INFO: [ app_init ] --END-- [ RunTime:0.000000s ]
ERR: 无法加载模块:Shopping

[ 2017-09-21T16:35:47+08:00 ] 127.0.0.1 /Shopping/Public/Home/images/liselected.gif
INFO: [ app_init ] --START--
INFO: Run Behavior\BuildLiteBehavior [ RunTime:0.000000s ]
INFO: [ app_init ] --END-- [ RunTime:0.000000s ]
ERR: 无法加载模块:Shopping

[ 2017-09-21T16:35:47+08:00 ] 127.0.0.1 /Shopping/Public/Home/images/lmrz.png
INFO: [ app_init ] --START--
INFO: Run Behavior\BuildLiteBehavior [ RunTime:0.000000s ]
INFO: [ app_init ] --END-- [ RunTime:0.001000s ]
ERR: 无法加载模块:Shopping

[ 2017-09-21T16:35:47+08:00 ] 127.0.0.1 /Shopping/Public/Home/images/pro_V2_r6_c9.png
INFO: [ app_init ] --START--
INFO: Run Behavior\BuildLiteBehavior [ RunTime:0.000000s ]
INFO: [ app_init ] --END-- [ RunTime:0.000000s ]
ERR: 无法加载模块:Shopping

[ 2017-09-21T16:35:47+08:00 ] 127.0.0.1 /Shopping/Public/Home/images/pro_V2_r8_c10.png
INFO: [ app_init ] --START--
INFO: Run Behavior\BuildLiteBehavior [ RunTime:0.000000s ]
INFO: [ app_init ] --END-- [ RunTime:0.000000s ]
ERR: 无法加载模块:Shopping

[ 2017-09-21T16:35:47+08:00 ] 127.0.0.1 /Shopping/Public/Home/images/pro_V2_r8_c9.png
INFO: [ app_init ] --START--
INFO: Run Behavior\BuildLiteBehavior [ RunTime:0.000000s ]
INFO: [ app_init ] --END-- [ RunTime:0.000000s ]
ERR: 无法加载模块:Shopping

[ 2017-09-21T16:35:47+08:00 ] 127.0.0.1 /Shopping/Public/Home/images/lmrz.png
INFO: [ app_init ] --START--
INFO: Run Behavior\BuildLiteBehavior [ RunTime:0.000000s ]
INFO: [ app_init ] --END-- [ RunTime:0.000000s ]
ERR: 无法加载模块:Shopping

[ 2017-09-21T16:35:47+08:00 ] 127.0.0.1 /Shopping/Public/Home/images/pro_V2_r6_c9.png
INFO: [ app_init ] --START--
INFO: Run Behavior\BuildLiteBehavior [ RunTime:0.000000s ]
INFO: [ app_init ] --END-- [ RunTime:0.000000s ]
ERR: 无法加载模块:Shopping

[ 2017-09-21T16:35:47+08:00 ] 127.0.0.1 /Shopping/Public/Home/images/pro_V2_r8_c10.png
INFO: [ app_init ] --START--
INFO: Run Behavior\BuildLiteBehavior [ RunTime:0.000000s ]
INFO: [ app_init ] --END-- [ RunTime:0.000000s ]
ERR: 无法加载模块:Shopping

[ 2017-09-21T16:35:47+08:00 ] 127.0.0.1 /Shopping/Public/Home/images/pro_V2_r8_c9.png
INFO: [ app_init ] --START--
INFO: Run Behavior\BuildLiteBehavior [ RunTime:0.000000s ]
INFO: [ app_init ] --END-- [ RunTime:0.000000s ]
ERR: 无法加载模块:Shopping

[ 2017-09-21T16:35:48+08:00 ] 127.0.0.1 /Shopping/Public/Home/images/mask.png
INFO: [ app_init ] --START--
INFO: Run Behavior\BuildLiteBehavior [ RunTime:0.000000s ]
INFO: [ app_init ] --END-- [ RunTime:0.000000s ]
ERR: 无法加载模块:Shopping

[ 2017-09-21T16:35:59+08:00 ] 127.0.0.1 /Shopping/Public/Home/images/liselected.gif
INFO: [ app_init ] --START--
INFO: Run Behavior\BuildLiteBehavior [ RunTime:0.000000s ]
INFO: [ app_init ] --END-- [ RunTime:0.001000s ]
ERR: 无法加载模块:Shopping

[ 2017-09-21T16:36:07+08:00 ] 127.0.0.1 /Shopping/Public/Home/images/liselected.gif
INFO: [ app_init ] --START--
INFO: Run Behavior\BuildLiteBehavior [ RunTime:0.000000s ]
INFO: [ app_init ] --END-- [ RunTime:0.000000s ]
ERR: 无法加载模块:Shopping

[ 2017-09-21T16:43:06+08:00 ] 127.0.0.1 /Shopping/Public/Home/images/liselected.gif
INFO: [ app_init ] --START--
INFO: Run Behavior\BuildLiteBehavior [ RunTime:0.000000s ]
INFO: [ app_init ] --END-- [ RunTime:0.000000s ]
ERR: 无法加载模块:Shopping

[ 2017-09-21T16:43:50+08:00 ] 127.0.0.1 /Shopping/Public/Home/images/lmrz.png
INFO: [ app_init ] --START--
INFO: Run Behavior\BuildLiteBehavior [ RunTime:0.000000s ]
INFO: [ app_init ] --END-- [ RunTime:0.001000s ]
ERR: 无法加载模块:Shopping

[ 2017-09-21T16:43:50+08:00 ] 127.0.0.1 /Shopping/Public/Home/images/pro_V2_r6_c9.png
INFO: [ app_init ] --START--
INFO: Run Behavior\BuildLiteBehavior [ RunTime:0.000000s ]
INFO: [ app_init ] --END-- [ RunTime:0.000000s ]
ERR: 无法加载模块:Shopping

[ 2017-09-21T16:43:50+08:00 ] 127.0.0.1 /Shopping/Public/Home/images/pro_V2_r8_c10.png
INFO: [ app_init ] --START--
INFO: Run Behavior\BuildLiteBehavior [ RunTime:0.000000s ]
INFO: [ app_init ] --END-- [ RunTime:0.001000s ]
ERR: 无法加载模块:Shopping

[ 2017-09-21T16:43:50+08:00 ] 127.0.0.1 /Shopping/Public/Home/images/pro_V2_r8_c9.png
INFO: [ app_init ] --START--
INFO: Run Behavior\BuildLiteBehavior [ RunTime:0.000000s ]
INFO: [ app_init ] --END-- [ RunTime:0.000000s ]
ERR: 无法加载模块:Shopping

[ 2017-09-21T16:43:51+08:00 ] 127.0.0.1 /Shopping/Public/Home/images/lmrz.png
INFO: [ app_init ] --START--
INFO: Run Behavior\BuildLiteBehavior [ RunTime:0.000000s ]
INFO: [ app_init ] --END-- [ RunTime:0.000000s ]
ERR: 无法加载模块:Shopping

[ 2017-09-21T16:43:51+08:00 ] 127.0.0.1 /Shopping/Public/Home/images/pro_V2_r6_c9.png
INFO: [ app_init ] --START--
INFO: Run Behavior\BuildLiteBehavior [ RunTime:0.000000s ]
INFO: [ app_init ] --END-- [ RunTime:0.000000s ]
ERR: 无法加载模块:Shopping

[ 2017-09-21T16:43:51+08:00 ] 127.0.0.1 /Shopping/Public/Home/images/pro_V2_r8_c10.png
INFO: [ app_init ] --START--
INFO: Run Behavior\BuildLiteBehavior [ RunTime:0.000000s ]
INFO: [ app_init ] --END-- [ RunTime:0.000000s ]
ERR: 无法加载模块:Shopping

[ 2017-09-21T16:43:51+08:00 ] 127.0.0.1 /Shopping/Public/Home/images/pro_V2_r8_c9.png
INFO: [ app_init ] --START--
INFO: Run Behavior\BuildLiteBehavior [ RunTime:0.000000s ]
INFO: [ app_init ] --END-- [ RunTime:0.000000s ]
ERR: 无法加载模块:Shopping

[ 2017-09-21T16:44:11+08:00 ] 127.0.0.1 /Shopping/Public/Home/images/liselected.gif
INFO: [ app_init ] --START--
INFO: Run Behavior\BuildLiteBehavior [ RunTime:0.000000s ]
INFO: [ app_init ] --END-- [ RunTime:0.001000s ]
ERR: 无法加载模块:Shopping

[ 2017-09-21T16:44:11+08:00 ] 127.0.0.1 /Shopping/Public/Home/images/liselected.gif
INFO: [ app_init ] --START--
INFO: Run Behavior\BuildLiteBehavior [ RunTime:0.000000s ]
INFO: [ app_init ] --END-- [ RunTime:0.000000s ]
ERR: 无法加载模块:Shopping

[ 2017-09-21T16:45:01+08:00 ] 127.0.0.1 /Shopping/Public/Home/images/liselected.gif
INFO: [ app_init ] --START--
INFO: Run Behavior\BuildLiteBehavior [ RunTime:0.000000s ]
INFO: [ app_init ] --END-- [ RunTime:0.001000s ]
ERR: 无法加载模块:Shopping

[ 2017-09-21T16:45:12+08:00 ] 127.0.0.1 /Shopping/Public/Home/images/liselected.gif
INFO: [ app_init ] --START--
INFO: Run Behavior\BuildLiteBehavior [ RunTime:0.000000s ]
INFO: [ app_init ] --END-- [ RunTime:0.000000s ]
ERR: 无法加载模块:Shopping

[ 2017-09-21T16:46:47+08:00 ] 127.0.0.1 /Shopping/Public/Home/images/liselected.gif
INFO: [ app_init ] --START--
INFO: Run Behavior\BuildLiteBehavior [ RunTime:0.000000s ]
INFO: [ app_init ] --END-- [ RunTime:0.001000s ]
ERR: 无法加载模块:Shopping

[ 2017-09-21T16:47:07+08:00 ] 127.0.0.1 /Shopping/Public/Home/images/liselected.gif
INFO: [ app_init ] --START--
INFO: Run Behavior\BuildLiteBehavior [ RunTime:0.000000s ]
INFO: [ app_init ] --END-- [ RunTime:0.001000s ]
ERR: 无法加载模块:Shopping

[ 2017-09-21T16:48:09+08:00 ] 127.0.0.1 /Shopping/Public/Home/images/liselected.gif
INFO: [ app_init ] --START--
INFO: Run Behavior\BuildLiteBehavior [ RunTime:0.000000s ]
INFO: [ app_init ] --END-- [ RunTime:0.000000s ]
ERR: 无法加载模块:Shopping

[ 2017-09-21T16:48:31+08:00 ] 127.0.0.1 /Shopping/Public/Home/images/liselected.gif
INFO: [ app_init ] --START--
INFO: Run Behavior\BuildLiteBehavior [ RunTime:0.000000s ]
INFO: [ app_init ] --END-- [ RunTime:0.000000s ]
ERR: 无法加载模块:Shopping

[ 2017-09-21T16:48:51+08:00 ] 127.0.0.1 /Shopping/Public/Home/images/liselected.gif
INFO: [ app_init ] --START--
INFO: Run Behavior\BuildLiteBehavior [ RunTime:0.000000s ]
INFO: [ app_init ] --END-- [ RunTime:0.001000s ]
ERR: 无法加载模块:Shopping

[ 2017-09-21T16:49:15+08:00 ] 127.0.0.1 /Shopping/Public/Home/images/liselected.gif
INFO: [ app_init ] --START--
INFO: Run Behavior\BuildLiteBehavior [ RunTime:0.000000s ]
INFO: [ app_init ] --END-- [ RunTime:0.000000s ]
ERR: 无法加载模块:Shopping

[ 2017-09-21T16:49:33+08:00 ] 127.0.0.1 /Shopping/Public/Home/images/liselected.gif
INFO: [ app_init ] --START--
INFO: Run Behavior\BuildLiteBehavior [ RunTime:0.000000s ]
INFO: [ app_init ] --END-- [ RunTime:0.001000s ]
ERR: 无法加载模块:Shopping

[ 2017-09-21T16:50:16+08:00 ] 127.0.0.1 /Shopping/Public/Home/images/liselected.gif
INFO: [ app_init ] --START--
INFO: Run Behavior\BuildLiteBehavior [ RunTime:0.000000s ]
INFO: [ app_init ] --END-- [ RunTime:0.000000s ]
ERR: 无法加载模块:Shopping

[ 2017-09-21T16:51:22+08:00 ] 127.0.0.1 /Shopping/Public/Home/images/liselected.gif
INFO: [ app_init ] --START--
INFO: Run Behavior\BuildLiteBehavior [ RunTime:0.000000s ]
INFO: [ app_init ] --END-- [ RunTime:0.001000s ]
ERR: 无法加载模块:Shopping

[ 2017-09-21T16:52:24+08:00 ] 127.0.0.1 /Shopping/Public/Home/images/liselected.gif
INFO: [ app_init ] --START--
INFO: Run Behavior\BuildLiteBehavior [ RunTime:0.000000s ]
INFO: [ app_init ] --END-- [ RunTime:0.000000s ]
ERR: 无法加载模块:Shopping

[ 2017-09-21T16:52:29+08:00 ] 127.0.0.1 /Shopping/Public/Home/images/liselected.gif
INFO: [ app_init ] --START--
INFO: Run Behavior\BuildLiteBehavior [ RunTime:0.000000s ]
INFO: [ app_init ] --END-- [ RunTime:0.001000s ]
ERR: 无法加载模块:Shopping

[ 2017-09-21T16:52:37+08:00 ] 127.0.0.1 /Shopping/Public/Home/images/liselected.gif
INFO: [ app_init ] --START--
INFO: Run Behavior\BuildLiteBehavior [ RunTime:0.000000s ]
INFO: [ app_init ] --END-- [ RunTime:0.000000s ]
ERR: 无法加载模块:Shopping

[ 2017-09-21T16:52:37+08:00 ] 127.0.0.1 /Shopping/Public/Home/images/liselected.gif
INFO: [ app_init ] --START--
INFO: Run Behavior\BuildLiteBehavior [ RunTime:0.000000s ]
INFO: [ app_init ] --END-- [ RunTime:0.000000s ]
ERR: 无法加载模块:Shopping

[ 2017-09-21T16:52:38+08:00 ] 127.0.0.1 /Shopping/Public/Home/images/liselected.gif
INFO: [ app_init ] --START--
INFO: Run Behavior\BuildLiteBehavior [ RunTime:0.000000s ]
INFO: [ app_init ] --END-- [ RunTime:0.000000s ]
ERR: 无法加载模块:Shopping

[ 2017-09-21T16:52:40+08:00 ] 127.0.0.1 /Shopping/Public/Home/images/liselected.gif
INFO: [ app_init ] --START--
INFO: Run Behavior\BuildLiteBehavior [ RunTime:0.000000s ]
INFO: [ app_init ] --END-- [ RunTime:0.000000s ]
ERR: 无法加载模块:Shopping

[ 2017-09-21T16:54:00+08:00 ] 127.0.0.1 /Shopping/Public/Home/images/liselected.gif
INFO: [ app_init ] --START--
INFO: Run Behavior\BuildLiteBehavior [ RunTime:0.000000s ]
INFO: [ app_init ] --END-- [ RunTime:0.000000s ]
ERR: 无法加载模块:Shopping

[ 2017-09-21T16:54:48+08:00 ] 127.0.0.1 /Shopping/Public/Home/images/liselected.gif
INFO: [ app_init ] --START--
INFO: Run Behavior\BuildLiteBehavior [ RunTime:0.000000s ]
INFO: [ app_init ] --END-- [ RunTime:0.001000s ]
ERR: 无法加载模块:Shopping

[ 2017-09-21T16:55:06+08:00 ] 127.0.0.1 /Shopping/Public/Home/images/liselected.gif
INFO: [ app_init ] --START--
INFO: Run Behavior\BuildLiteBehavior [ RunTime:0.000000s ]
INFO: [ app_init ] --END-- [ RunTime:0.000000s ]
ERR: 无法加载模块:Shopping

[ 2017-09-21T16:55:19+08:00 ] 127.0.0.1 /Shopping/Public/Home/images/liselected.gif
INFO: [ app_init ] --START--
INFO: Run Behavior\BuildLiteBehavior [ RunTime:0.000000s ]
INFO: [ app_init ] --END-- [ RunTime:0.000000s ]
ERR: 无法加载模块:Shopping

[ 2017-09-21T16:56:03+08:00 ] 127.0.0.1 /Shopping/Public/Home/images/liselected.gif
INFO: [ app_init ] --START--
INFO: Run Behavior\BuildLiteBehavior [ RunTime:0.000000s ]
INFO: [ app_init ] --END-- [ RunTime:0.001000s ]
ERR: 无法加载模块:Shopping

[ 2017-09-21T16:56:07+08:00 ] 127.0.0.1 /Shopping/Public/Home/images/liselected.gif
INFO: [ app_init ] --START--
INFO: Run Behavior\BuildLiteBehavior [ RunTime:0.000000s ]
INFO: [ app_init ] --END-- [ RunTime:0.001000s ]
ERR: 无法加载模块:Shopping

[ 2017-09-21T16:56:38+08:00 ] 127.0.0.1 /Shopping/Public/Home/images/liselected.gif
INFO: [ app_init ] --START--
INFO: Run Behavior\BuildLiteBehavior [ RunTime:0.000000s ]
INFO: [ app_init ] --END-- [ RunTime:0.001000s ]
ERR: 无法加载模块:Shopping

[ 2017-09-21T16:56:58+08:00 ] 127.0.0.1 /Shopping/Public/Home/images/liselected.gif
INFO: [ app_init ] --START--
INFO: Run Behavior\BuildLiteBehavior [ RunTime:0.000000s ]
INFO: [ app_init ] --END-- [ RunTime:0.000000s ]
ERR: 无法加载模块:Shopping

[ 2017-09-21T16:57:00+08:00 ] 127.0.0.1 /Shopping/Public/Home/images/liselected.gif
INFO: [ app_init ] --START--
INFO: Run Behavior\BuildLiteBehavior [ RunTime:0.000000s ]
INFO: [ app_init ] --END-- [ RunTime:0.000000s ]
ERR: 无法加载模块:Shopping

[ 2017-09-21T16:57:48+08:00 ] 127.0.0.1 /Shopping/Public/Home/images/liselected.gif
INFO: [ app_init ] --START--
INFO: Run Behavior\BuildLiteBehavior [ RunTime:0.000000s ]
INFO: [ app_init ] --END-- [ RunTime:0.001000s ]
ERR: 无法加载模块:Shopping

[ 2017-09-21T16:58:16+08:00 ] 127.0.0.1 /Shopping/Public/Home/images/liselected.gif
INFO: [ app_init ] --START--
INFO: Run Behavior\BuildLiteBehavior [ RunTime:0.000000s ]
INFO: [ app_init ] --END-- [ RunTime:0.000000s ]
ERR: 无法加载模块:Shopping

[ 2017-09-21T17:05:17+08:00 ] 127.0.0.1 /Shopping/Public/Home/images/liselected.gif
INFO: [ app_init ] --START--
INFO: Run Behavior\BuildLiteBehavior [ RunTime:0.000000s ]
INFO: [ app_init ] --END-- [ RunTime:0.000000s ]
ERR: 无法加载模块:Shopping

[ 2017-09-21T17:13:03+08:00 ] 127.0.0.1 /Shopping/Public/Home/images/liselected.gif
INFO: [ app_init ] --START--
INFO: Run Behavior\BuildLiteBehavior [ RunTime:0.000000s ]
INFO: [ app_init ] --END-- [ RunTime:0.000000s ]
ERR: 无法加载模块:Shopping

[ 2017-09-21T17:15:30+08:00 ] 127.0.0.1 /Shopping/Public/Home/images/liselected.gif
INFO: [ app_init ] --START--
INFO: Run Behavior\BuildLiteBehavior [ RunTime:0.000000s ]
INFO: [ app_init ] --END-- [ RunTime:0.001000s ]
ERR: 无法加载模块:Shopping

[ 2017-09-21T17:16:44+08:00 ] 127.0.0.1 /Shopping/Public/Home/images/liselected.gif
INFO: [ app_init ] --START--
INFO: Run Behavior\BuildLiteBehavior [ RunTime:0.000000s ]
INFO: [ app_init ] --END-- [ RunTime:0.000000s ]
ERR: 无法加载模块:Shopping

[ 2017-09-21T17:17:21+08:00 ] 127.0.0.1 /Shopping/Public/Home/images/liselected.gif
INFO: [ app_init ] --START--
INFO: Run Behavior\BuildLiteBehavior [ RunTime:0.000000s ]
INFO: [ app_init ] --END-- [ RunTime:0.000000s ]
ERR: 无法加载模块:Shopping

[ 2017-09-21T17:18:04+08:00 ] 127.0.0.1 /Shopping/Public/Home/images/liselected.gif
INFO: [ app_init ] --START--
INFO: Run Behavior\BuildLiteBehavior [ RunTime:0.000000s ]
INFO: [ app_init ] --END-- [ RunTime:0.000000s ]
ERR: 无法加载模块:Shopping

[ 2017-09-21T17:18:27+08:00 ] 127.0.0.1 /Shopping/Public/Home/images/liselected.gif
INFO: [ app_init ] --START--
INFO: Run Behavior\BuildLiteBehavior [ RunTime:0.000000s ]
INFO: [ app_init ] --END-- [ RunTime:0.000000s ]
ERR: 无法加载模块:Shopping

[ 2017-09-21T17:18:36+08:00 ] 127.0.0.1 /Shopping/Public/Home/images/liselected.gif
INFO: [ app_init ] --START--
INFO: Run Behavior\BuildLiteBehavior [ RunTime:0.000000s ]
INFO: [ app_init ] --END-- [ RunTime:0.000000s ]
ERR: 无法加载模块:Shopping

[ 2017-09-21T17:25:46+08:00 ] 127.0.0.1 /Shopping/Public/Home/images/liselected.gif
INFO: [ app_init ] --START--
INFO: Run Behavior\BuildLiteBehavior [ RunTime:0.000000s ]
INFO: [ app_init ] --END-- [ RunTime:0.000000s ]
ERR: 无法加载模块:Shopping

[ 2017-09-21T17:25:59+08:00 ] 127.0.0.1 /Shopping/Public/Home/images/liselected.gif
INFO: [ app_init ] --START--
INFO: Run Behavior\BuildLiteBehavior [ RunTime:0.000000s ]
INFO: [ app_init ] --END-- [ RunTime:0.001000s ]
ERR: 无法加载模块:Shopping

[ 2017-09-21T17:27:49+08:00 ] 127.0.0.1 /Shopping/Public/Home/images/liselected.gif
INFO: [ app_init ] --START--
INFO: Run Behavior\BuildLiteBehavior [ RunTime:0.000000s ]
INFO: [ app_init ] --END-- [ RunTime:0.000000s ]
ERR: 无法加载模块:Shopping

[ 2017-09-21T17:28:00+08:00 ] 127.0.0.1 /Shopping/Public/Home/images/liselected.gif
INFO: [ app_init ] --START--
INFO: Run Behavior\BuildLiteBehavior [ RunTime:0.000000s ]
INFO: [ app_init ] --END-- [ RunTime:0.001000s ]
ERR: 无法加载模块:Shopping

[ 2017-09-21T17:28:05+08:00 ] 127.0.0.1 /Shopping/Public/Home/images/liselected.gif
INFO: [ app_init ] --START--
INFO: Run Behavior\BuildLiteBehavior [ RunTime:0.000000s ]
INFO: [ app_init ] --END-- [ RunTime:0.000000s ]
ERR: 无法加载模块:Shopping

[ 2017-09-21T17:29:03+08:00 ] 127.0.0.1 /Shopping/Public/Home/images/liselected.gif
INFO: [ app_init ] --START--
INFO: Run Behavior\BuildLiteBehavior [ RunTime:0.000000s ]
INFO: [ app_init ] --END-- [ RunTime:0.000000s ]
ERR: 无法加载模块:Shopping

[ 2017-09-21T17:29:04+08:00 ] 127.0.0.1 /Shopping/Public/Home/images/liselected.gif
INFO: [ app_init ] --START--
INFO: Run Behavior\BuildLiteBehavior [ RunTime:0.000000s ]
INFO: [ app_init ] --END-- [ RunTime:0.001000s ]
ERR: 无法加载模块:Shopping

[ 2017-09-21T17:29:18+08:00 ] 127.0.0.1 /Shopping/Public/Home/images/liselected.gif
INFO: [ app_init ] --START--
INFO: Run Behavior\BuildLiteBehavior [ RunTime:0.000000s ]
INFO: [ app_init ] --END-- [ RunTime:0.000000s ]
ERR: 无法加载模块:Shopping

[ 2017-09-21T17:29:39+08:00 ] 127.0.0.1 /Shopping/Public/Home/images/liselected.gif
INFO: [ app_init ] --START--
INFO: Run Behavior\BuildLiteBehavior [ RunTime:0.000000s ]
INFO: [ app_init ] --END-- [ RunTime:0.001000s ]
ERR: 无法加载模块:Shopping

[ 2017-09-21T17:30:15+08:00 ] 127.0.0.1 /Shopping/Public/Home/images/liselected.gif
INFO: [ app_init ] --START--
INFO: Run Behavior\BuildLiteBehavior [ RunTime:0.000000s ]
INFO: [ app_init ] --END-- [ RunTime:0.000000s ]
ERR: 无法加载模块:Shopping

[ 2017-09-21T17:33:05+08:00 ] 127.0.0.1 /Shopping/Public/Home/images/liselected.gif
INFO: [ app_init ] --START--
INFO: Run Behavior\BuildLiteBehavior [ RunTime:0.000000s ]
INFO: [ app_init ] --END-- [ RunTime:0.000000s ]
ERR: 无法加载模块:Shopping

[ 2017-09-21T17:33:33+08:00 ] 127.0.0.1 /Shopping/Public/Home/images/liselected.gif
INFO: [ app_init ] --START--
INFO: Run Behavior\BuildLiteBehavior [ RunTime:0.000000s ]
INFO: [ app_init ] --END-- [ RunTime:0.001000s ]
ERR: 无法加载模块:Shopping

[ 2017-09-21T17:33:45+08:00 ] 127.0.0.1 /Shopping/Public/Home/images/liselected.gif
INFO: [ app_init ] --START--
INFO: Run Behavior\BuildLiteBehavior [ RunTime:0.000000s ]
INFO: [ app_init ] --END-- [ RunTime:0.001000s ]
ERR: 无法加载模块:Shopping

[ 2017-09-21T17:36:41+08:00 ] 127.0.0.1 /Shopping/Public/Home/images/liselected.gif
INFO: [ app_init ] --START--
INFO: Run Behavior\BuildLiteBehavior [ RunTime:0.000000s ]
INFO: [ app_init ] --END-- [ RunTime:0.001000s ]
ERR: 无法加载模块:Shopping

[ 2017-09-21T17:36:41+08:00 ] 127.0.0.1 /Shopping/Public/Home/images/lmrz.png
INFO: [ app_init ] --START--
INFO: Run Behavior\BuildLiteBehavior [ RunTime:0.000000s ]
INFO: [ app_init ] --END-- [ RunTime:0.000000s ]
ERR: 无法加载模块:Shopping

[ 2017-09-21T17:36:41+08:00 ] 127.0.0.1 /Shopping/Public/Home/images/pro_V2_r6_c9.png
INFO: [ app_init ] --START--
INFO: Run Behavior\BuildLiteBehavior [ RunTime:0.000000s ]
INFO: [ app_init ] --END-- [ RunTime:0.000000s ]
ERR: 无法加载模块:Shopping

[ 2017-09-21T17:36:41+08:00 ] 127.0.0.1 /Shopping/Public/Home/images/pro_V2_r8_c10.png
INFO: [ app_init ] --START--
INFO: Run Behavior\BuildLiteBehavior [ RunTime:0.000000s ]
INFO: [ app_init ] --END-- [ RunTime:0.000000s ]
ERR: 无法加载模块:Shopping

[ 2017-09-21T17:36:41+08:00 ] 127.0.0.1 /Shopping/Public/Home/images/pro_V2_r8_c9.png
INFO: [ app_init ] --START--
INFO: Run Behavior\BuildLiteBehavior [ RunTime:0.000000s ]
INFO: [ app_init ] --END-- [ RunTime:0.000000s ]
ERR: 无法加载模块:Shopping

[ 2017-09-21T17:36:42+08:00 ] 127.0.0.1 /Shopping/Public/Home/images/lmrz.png
INFO: [ app_init ] --START--
INFO: Run Behavior\BuildLiteBehavior [ RunTime:0.000000s ]
INFO: [ app_init ] --END-- [ RunTime:0.000000s ]
ERR: 无法加载模块:Shopping

[ 2017-09-21T17:36:52+08:00 ] 127.0.0.1 /Shopping/Public/Home/images/liselected.gif
INFO: [ app_init ] --START--
INFO: Run Behavior\BuildLiteBehavior [ RunTime:0.000000s ]
INFO: [ app_init ] --END-- [ RunTime:0.000000s ]
ERR: 无法加载模块:Shopping

[ 2017-09-21T17:37:38+08:00 ] 127.0.0.1 /Shopping/Public/Home/images/liselected.gif
INFO: [ app_init ] --START--
INFO: Run Behavior\BuildLiteBehavior [ RunTime:0.000000s ]
INFO: [ app_init ] --END-- [ RunTime:0.000000s ]
ERR: 无法加载模块:Shopping

[ 2017-09-21T17:37:38+08:00 ] 127.0.0.1 /Shopping/Public/Home/images/liselected.gif
INFO: [ app_init ] --START--
INFO: Run Behavior\BuildLiteBehavior [ RunTime:0.000000s ]
INFO: [ app_init ] --END-- [ RunTime:0.000000s ]
ERR: 无法加载模块:Shopping

[ 2017-09-21T17:38:54+08:00 ] 127.0.0.1 /Shopping/Public/Home/images/liselected.gif
INFO: [ app_init ] --START--
INFO: Run Behavior\BuildLiteBehavior [ RunTime:0.000000s ]
INFO: [ app_init ] --END-- [ RunTime:0.001000s ]
ERR: 无法加载模块:Shopping

[ 2017-09-21T17:41:46+08:00 ] 127.0.0.1 /Shopping/Public/Home/images/liselected.gif
INFO: [ app_init ] --START--
INFO: Run Behavior\BuildLiteBehavior [ RunTime:0.000000s ]
INFO: [ app_init ] --END-- [ RunTime:0.000000s ]
ERR: 无法加载模块:Shopping

[ 2017-09-21T17:49:30+08:00 ] 127.0.0.1 /Shopping/Public/Home/images/Service1.png
INFO: [ app_init ] --START--
INFO: Run Behavior\BuildLiteBehavior [ RunTime:0.000000s ]
INFO: [ app_init ] --END-- [ RunTime:0.000000s ]
ERR: 无法加载模块:Shopping

[ 2017-09-21T17:49:30+08:00 ] 127.0.0.1 /Shopping/Public/Home/images/erweim.jpg
INFO: [ app_init ] --START--
INFO: Run Behavior\BuildLiteBehavior [ RunTime:0.000000s ]
INFO: [ app_init ] --END-- [ RunTime:0.000000s ]
ERR: 无法加载模块:Shopping

[ 2017-09-21T17:49:30+08:00 ] 127.0.0.1 /Shopping/Public/Home/AD/ad-3.jpg
INFO: [ app_init ] --START--
INFO: Run Behavior\BuildLiteBehavior [ RunTime:0.000000s ]
INFO: [ app_init ] --END-- [ RunTime:0.000000s ]
ERR: 无法加载模块:Shopping

[ 2017-09-21T17:49:30+08:00 ] 127.0.0.1 /Shopping/Public/Home/AD/ad-7.jpg
INFO: [ app_init ] --START--
INFO: Run Behavior\BuildLiteBehavior [ RunTime:0.000000s ]
INFO: [ app_init ] --END-- [ RunTime:0.000000s ]
ERR: 无法加载模块:Shopping

[ 2017-09-21T17:49:30+08:00 ] 127.0.0.1 /Shopping/Public/Home/AD/ad-6.jpg
INFO: [ app_init ] --START--
INFO: Run Behavior\BuildLiteBehavior [ RunTime:0.000000s ]
INFO: [ app_init ] --END-- [ RunTime:0.000000s ]
ERR: 无法加载模块:Shopping

[ 2017-09-21T17:49:33+08:00 ] 127.0.0.1 /Shopping/Public/Home/images/lmrz.png
INFO: [ app_init ] --START--
INFO: Run Behavior\BuildLiteBehavior [ RunTime:0.000000s ]
INFO: [ app_init ] --END-- [ RunTime:0.000000s ]
ERR: 无法加载模块:Shopping

[ 2017-09-21T17:49:33+08:00 ] 127.0.0.1 /Shopping/Public/Home/images/pro_V2_r6_c9.png
INFO: [ app_init ] --START--
INFO: Run Behavior\BuildLiteBehavior [ RunTime:0.000000s ]
INFO: [ app_init ] --END-- [ RunTime:0.000000s ]
ERR: 无法加载模块:Shopping

[ 2017-09-21T17:49:33+08:00 ] 127.0.0.1 /Shopping/Public/Home/images/pro_V2_r8_c10.png
INFO: [ app_init ] --START--
INFO: Run Behavior\BuildLiteBehavior [ RunTime:0.000000s ]
INFO: [ app_init ] --END-- [ RunTime:0.000000s ]
ERR: 无法加载模块:Shopping

[ 2017-09-21T17:49:33+08:00 ] 127.0.0.1 /Shopping/Public/Home/images/pro_V2_r8_c9.png
INFO: [ app_init ] --START--
INFO: Run Behavior\BuildLiteBehavior [ RunTime:0.000000s ]
INFO: [ app_init ] --END-- [ RunTime:0.001000s ]
ERR: 无法加载模块:Shopping

[ 2017-09-21T17:49:33+08:00 ] 127.0.0.1 /Shopping/Public/Home/images/lmrz.png
INFO: [ app_init ] --START--
INFO: Run Behavior\BuildLiteBehavior [ RunTime:0.000000s ]
INFO: [ app_init ] --END-- [ RunTime:0.000000s ]
ERR: 无法加载模块:Shopping

[ 2017-09-21T17:49:33+08:00 ] 127.0.0.1 /Shopping/Public/Home/images/pro_V2_r6_c9.png
INFO: [ app_init ] --START--
INFO: Run Behavior\BuildLiteBehavior [ RunTime:0.000000s ]
INFO: [ app_init ] --END-- [ RunTime:0.000000s ]
ERR: 无法加载模块:Shopping

[ 2017-09-21T17:49:33+08:00 ] 127.0.0.1 /Shopping/Public/Home/images/pro_V2_r8_c10.png
INFO: [ app_init ] --START--
INFO: Run Behavior\BuildLiteBehavior [ RunTime:0.000000s ]
INFO: [ app_init ] --END-- [ RunTime:0.000000s ]
ERR: 无法加载模块:Shopping

[ 2017-09-21T17:49:33+08:00 ] 127.0.0.1 /Shopping/Public/Home/images/pro_V2_r8_c9.png
INFO: [ app_init ] --START--
INFO: Run Behavior\BuildLiteBehavior [ RunTime:0.000000s ]
INFO: [ app_init ] --END-- [ RunTime:0.000000s ]
ERR: 无法加载模块:Shopping

[ 2017-09-21T17:49:42+08:00 ] 127.0.0.1 /Shopping/Public/Home/images/liselected.gif
INFO: [ app_init ] --START--
INFO: Run Behavior\BuildLiteBehavior [ RunTime:0.000000s ]
INFO: [ app_init ] --END-- [ RunTime:0.000000s ]
ERR: 无法加载模块:Shopping

[ 2017-09-21T17:49:46+08:00 ] 127.0.0.1 /Shopping/Public/Home/images/liselected.gif
INFO: [ app_init ] --START--
INFO: Run Behavior\BuildLiteBehavior [ RunTime:0.000000s ]
INFO: [ app_init ] --END-- [ RunTime:0.000000s ]
ERR: 无法加载模块:Shopping

[ 2017-09-21T17:51:22+08:00 ] 127.0.0.1 /Shopping/Public/Home/images/liselected.gif
INFO: [ app_init ] --START--
INFO: Run Behavior\BuildLiteBehavior [ RunTime:0.000000s ]
INFO: [ app_init ] --END-- [ RunTime:0.000000s ]
ERR: 无法加载模块:Shopping

[ 2017-09-21T17:51:29+08:00 ] 127.0.0.1 /Shopping/Public/Home/images/Service1.png
INFO: [ app_init ] --START--
INFO: Run Behavior\BuildLiteBehavior [ RunTime:0.000000s ]
INFO: [ app_init ] --END-- [ RunTime:0.000000s ]
ERR: 无法加载模块:Shopping

[ 2017-09-21T17:51:29+08:00 ] 127.0.0.1 /Shopping/Public/Home/images/erweim.jpg
INFO: [ app_init ] --START--
INFO: Run Behavior\BuildLiteBehavior [ RunTime:0.000000s ]
INFO: [ app_init ] --END-- [ RunTime:0.001000s ]
ERR: 无法加载模块:Shopping

[ 2017-09-21T17:51:29+08:00 ] 127.0.0.1 /Shopping/Public/Home/images/Service1.png
INFO: [ app_init ] --START--
INFO: Run Behavior\BuildLiteBehavior [ RunTime:0.000000s ]
INFO: [ app_init ] --END-- [ RunTime:0.001001s ]
ERR: 无法加载模块:Shopping

[ 2017-09-21T17:51:29+08:00 ] 127.0.0.1 /Shopping/Public/Home/AD/ad-3.jpg
INFO: [ app_init ] --START--
INFO: Run Behavior\BuildLiteBehavior [ RunTime:0.000000s ]
INFO: [ app_init ] --END-- [ RunTime:0.000000s ]
ERR: 无法加载模块:Shopping

[ 2017-09-21T17:51:29+08:00 ] 127.0.0.1 /Shopping/Public/Home/AD/ad-7.jpg
INFO: [ app_init ] --START--
INFO: Run Behavior\BuildLiteBehavior [ RunTime:0.000000s ]
INFO: [ app_init ] --END-- [ RunTime:0.000000s ]
ERR: 无法加载模块:Shopping

[ 2017-09-21T17:51:29+08:00 ] 127.0.0.1 /Shopping/Public/Home/AD/ad-6.jpg
INFO: [ app_init ] --START--
INFO: Run Behavior\BuildLiteBehavior [ RunTime:0.000000s ]
INFO: [ app_init ] --END-- [ RunTime:0.000000s ]
ERR: 无法加载模块:Shopping

[ 2017-09-21T17:51:32+08:00 ] 127.0.0.1 /Shopping/Public/Home/images/lmrz.png
INFO: [ app_init ] --START--
INFO: Run Behavior\BuildLiteBehavior [ RunTime:0.000000s ]
INFO: [ app_init ] --END-- [ RunTime:0.000000s ]
ERR: 无法加载模块:Shopping

[ 2017-09-21T17:51:32+08:00 ] 127.0.0.1 /Shopping/Public/Home/images/pro_V2_r6_c9.png
INFO: [ app_init ] --START--
INFO: Run Behavior\BuildLiteBehavior [ RunTime:0.000000s ]
INFO: [ app_init ] --END-- [ RunTime:0.000000s ]
ERR: 无法加载模块:Shopping

[ 2017-09-21T17:51:32+08:00 ] 127.0.0.1 /Shopping/Public/Home/images/pro_V2_r8_c10.png
INFO: [ app_init ] --START--
INFO: Run Behavior\BuildLiteBehavior [ RunTime:0.000000s ]
INFO: [ app_init ] --END-- [ RunTime:0.000000s ]
ERR: 无法加载模块:Shopping

[ 2017-09-21T17:51:32+08:00 ] 127.0.0.1 /Shopping/Public/Home/images/pro_V2_r8_c9.png
INFO: [ app_init ] --START--
INFO: Run Behavior\BuildLiteBehavior [ RunTime:0.000000s ]
INFO: [ app_init ] --END-- [ RunTime:0.000000s ]
ERR: 无法加载模块:Shopping

[ 2017-09-21T17:51:32+08:00 ] 127.0.0.1 /Shopping/Public/Home/images/lmrz.png
INFO: [ app_init ] --START--
INFO: Run Behavior\BuildLiteBehavior [ RunTime:0.000000s ]
INFO: [ app_init ] --END-- [ RunTime:0.000000s ]
ERR: 无法加载模块:Shopping

[ 2017-09-21T17:51:38+08:00 ] 127.0.0.1 /Shopping/Public/Home/images/liselected.gif
INFO: [ app_init ] --START--
INFO: Run Behavior\BuildLiteBehavior [ RunTime:0.000000s ]
INFO: [ app_init ] --END-- [ RunTime:0.000000s ]
ERR: 无法加载模块:Shopping

[ 2017-09-21T17:53:03+08:00 ] 127.0.0.1 /Shopping/Public/Home/images/liselected.gif
INFO: [ app_init ] --START--
INFO: Run Behavior\BuildLiteBehavior [ RunTime:0.000000s ]
INFO: [ app_init ] --END-- [ RunTime:0.000000s ]
ERR: 无法加载模块:Shopping

[ 2017-09-21T17:53:08+08:00 ] 127.0.0.1 /Shopping/Public/Home/images/liselected.gif
INFO: [ app_init ] --START--
INFO: Run Behavior\BuildLiteBehavior [ RunTime:0.000000s ]
INFO: [ app_init ] --END-- [ RunTime:0.000000s ]
ERR: 无法加载模块:Shopping

[ 2017-09-21T17:53:27+08:00 ] 127.0.0.1 /Shopping/Public/Home/images/liselected.gif
INFO: [ app_init ] --START--
INFO: Run Behavior\BuildLiteBehavior [ RunTime:0.000000s ]
INFO: [ app_init ] --END-- [ RunTime:0.000000s ]
ERR: 无法加载模块:Shopping

[ 2017-09-21T17:53:43+08:00 ] 127.0.0.1 /Shopping/Public/Home/images/liselected.gif
INFO: [ app_init ] --START--
INFO: Run Behavior\BuildLiteBehavior [ RunTime:0.000000s ]
INFO: [ app_init ] --END-- [ RunTime:0.000000s ]
ERR: 无法加载模块:Shopping

[ 2017-09-21T17:54:03+08:00 ] 127.0.0.1 /Shopping/Public/Home/images/liselected.gif
INFO: [ app_init ] --START--
INFO: Run Behavior\BuildLiteBehavior [ RunTime:0.000000s ]
INFO: [ app_init ] --END-- [ RunTime:0.000000s ]
ERR: 无法加载模块:Shopping

[ 2017-09-21T17:54:14+08:00 ] 127.0.0.1 /Shopping/Public/Home/images/liselected.gif
INFO: [ app_init ] --START--
INFO: Run Behavior\BuildLiteBehavior [ RunTime:0.000000s ]
INFO: [ app_init ] --END-- [ RunTime:0.000000s ]
ERR: 无法加载模块:Shopping

