[ 2018-04-27T09:29:57+08:00 ] 127.0.0.1 /favicon.ico
INFO: [ app_init ] --START--
INFO: Run Behavior\BuildLiteBehavior [ RunTime:0.000000s ]
INFO: [ app_init ] --END-- [ RunTime:0.000000s ]
ERR: 无法加载模块:Favicon

[ 2018-04-27T09:32:35+08:00 ] 127.0.0.1 /favicon.ico
INFO: [ app_init ] --START--
INFO: Run Behavior\BuildLiteBehavior [ RunTime:0.000000s ]
INFO: [ app_init ] --END-- [ RunTime:0.000000s ]
ERR: 无法加载模块:Favicon

[ 2018-04-27T15:35:00+08:00 ] 127.0.0.1 /css/style.css
INFO: [ app_init ] --START--
INFO: Run Behavior\BuildLiteBehavior [ RunTime:0.000000s ]
INFO: [ app_init ] --END-- [ RunTime:0.000000s ]
ERR: 无法加载模块:Css

[ 2018-04-27T15:35:00+08:00 ] 127.0.0.1 /favicon.ico
INFO: [ app_init ] --START--
INFO: Run Behavior\BuildLiteBehavior [ RunTime:0.000000s ]
INFO: [ app_init ] --END-- [ RunTime:0.000000s ]
ERR: 无法加载模块:Favicon

[ 2018-04-27T15:51:22+08:00 ] 127.0.0.1 /morelikethis/blt_icons2.png
INFO: [ app_init ] --START--
INFO: Run Behavior\BuildLiteBehavior [ RunTime:0.000000s ]
INFO: [ app_init ] --END-- [ RunTime:0.000000s ]
ERR: 无法加载模块:Morelikethis

[ 2018-04-27T15:51:22+08:00 ] 127.0.0.1 /misc/symbols/deviantart-symbols3.ttf
INFO: [ app_init ] --START--
INFO: Run Behavior\BuildLiteBehavior [ RunTime:0.000000s ]
INFO: [ app_init ] --END-- [ RunTime:0.000000s ]
ERR: 无法加载模块:Misc

[ 2018-04-27T15:51:22+08:00 ] 127.0.0.1 /minish/pager/next-pale.png
INFO: [ app_init ] --START--
INFO: Run Behavior\BuildLiteBehavior [ RunTime:0.000000s ]
INFO: [ app_init ] --END-- [ RunTime:0.001000s ]
ERR: 无法加载模块:Minish

[ 2018-04-27T15:51:22+08:00 ] 127.0.0.1 /minish/pager/prev.png
INFO: [ app_init ] --START--
INFO: Run Behavior\BuildLiteBehavior [ RunTime:0.000000s ]
INFO: [ app_init ] --END-- [ RunTime:0.000000s ]
ERR: 无法加载模块:Minish

[ 2018-04-27T15:51:22+08:00 ] 127.0.0.1 /minish/pager/gotobox-gradient.png
INFO: [ app_init ] --START--
INFO: Run Behavior\BuildLiteBehavior [ RunTime:0.000000s ]
INFO: [ app_init ] --END-- [ RunTime:0.000000s ]
ERR: 无法加载模块:Minish

[ 2018-04-27T15:51:22+08:00 ] 127.0.0.1 /misc/symbols/deviantart-symbols3.woff
INFO: [ app_init ] --START--
INFO: Run Behavior\BuildLiteBehavior [ RunTime:0.000000s ]
INFO: [ app_init ] --END-- [ RunTime:0.000000s ]
ERR: 无法加载模块:Misc

[ 2018-04-27T15:51:22+08:00 ] 127.0.0.1 /minish/deviation/artist-comment-l.gif?2
INFO: [ app_init ] --START--
INFO: Run Behavior\BuildLiteBehavior [ RunTime:0.000000s ]
INFO: [ app_init ] --END-- [ RunTime:0.000000s ]
ERR: 无法加载模块:Minish

[ 2018-04-27T15:51:25+08:00 ] 127.0.0.1 /morelikethis/blt_icons2.png
INFO: [ app_init ] --START--
INFO: Run Behavior\BuildLiteBehavior [ RunTime:0.000000s ]
INFO: [ app_init ] --END-- [ RunTime:0.000000s ]
ERR: 无法加载模块:Morelikethis

[ 2018-04-27T15:51:25+08:00 ] 127.0.0.1 /minish/pager/gotobox-gradient.png
INFO: [ app_init ] --START--
INFO: Run Behavior\BuildLiteBehavior [ RunTime:0.000000s ]
INFO: [ app_init ] --END-- [ RunTime:0.000000s ]
ERR: 无法加载模块:Minish

[ 2018-04-27T15:51:25+08:00 ] 127.0.0.1 /minish/pager/prev.png
INFO: [ app_init ] --START--
INFO: Run Behavior\BuildLiteBehavior [ RunTime:0.000000s ]
INFO: [ app_init ] --END-- [ RunTime:0.001000s ]
ERR: 无法加载模块:Minish

[ 2018-04-27T15:51:25+08:00 ] 127.0.0.1 /minish/pager/next-pale.png
INFO: [ app_init ] --START--
INFO: Run Behavior\BuildLiteBehavior [ RunTime:0.000000s ]
INFO: [ app_init ] --END-- [ RunTime:0.000000s ]
ERR: 无法加载模块:Minish

[ 2018-04-27T15:51:25+08:00 ] 127.0.0.1 /misc/symbols/deviantart-symbols3.ttf
INFO: [ app_init ] --START--
INFO: Run Behavior\BuildLiteBehavior [ RunTime:0.000000s ]
INFO: [ app_init ] --END-- [ RunTime:0.000000s ]
ERR: 无法加载模块:Misc

[ 2018-04-27T15:51:25+08:00 ] 127.0.0.1 /misc/symbols/deviantart-symbols3.woff
INFO: [ app_init ] --START--
INFO: Run Behavior\BuildLiteBehavior [ RunTime:0.000000s ]
INFO: [ app_init ] --END-- [ RunTime:0.000000s ]
ERR: 无法加载模块:Misc

[ 2018-04-27T15:51:25+08:00 ] 127.0.0.1 /minish/deviation/artist-comment-l.gif?2
INFO: [ app_init ] --START--
INFO: Run Behavior\BuildLiteBehavior [ RunTime:0.000000s ]
INFO: [ app_init ] --END-- [ RunTime:0.000000s ]
ERR: 无法加载模块:Minish

[ 2018-04-27T15:51:26+08:00 ] 127.0.0.1 /favicon.ico
INFO: [ app_init ] --START--
INFO: Run Behavior\BuildLiteBehavior [ RunTime:0.000000s ]
INFO: [ app_init ] --END-- [ RunTime:0.000000s ]
ERR: 无法加载模块:Favicon

[ 2018-04-27T15:58:41+08:00 ] 127.0.0.1 /morelikethis/blt_icons2.png
INFO: [ app_init ] --START--
INFO: Run Behavior\BuildLiteBehavior [ RunTime:0.000000s ]
INFO: [ app_init ] --END-- [ RunTime:0.000000s ]
ERR: 无法加载模块:Morelikethis

[ 2018-04-27T15:58:41+08:00 ] 127.0.0.1 /minish/pager/gotobox-gradient.png
INFO: [ app_init ] --START--
INFO: Run Behavior\BuildLiteBehavior [ RunTime:0.000000s ]
INFO: [ app_init ] --END-- [ RunTime:0.000000s ]
ERR: 无法加载模块:Minish

[ 2018-04-27T15:58:41+08:00 ] 127.0.0.1 /minish/pager/next-pale.png
INFO: [ app_init ] --START--
INFO: Run Behavior\BuildLiteBehavior [ RunTime:0.000000s ]
INFO: [ app_init ] --END-- [ RunTime:0.000000s ]
ERR: 无法加载模块:Minish

[ 2018-04-27T15:58:41+08:00 ] 127.0.0.1 /minish/pager/prev.png
INFO: [ app_init ] --START--
INFO: Run Behavior\BuildLiteBehavior [ RunTime:0.000000s ]
INFO: [ app_init ] --END-- [ RunTime:0.000000s ]
ERR: 无法加载模块:Minish

[ 2018-04-27T15:58:41+08:00 ] 127.0.0.1 /misc/symbols/deviantart-symbols3.ttf
INFO: [ app_init ] --START--
INFO: Run Behavior\BuildLiteBehavior [ RunTime:0.000000s ]
INFO: [ app_init ] --END-- [ RunTime:0.000000s ]
ERR: 无法加载模块:Misc

[ 2018-04-27T15:58:41+08:00 ] 127.0.0.1 /misc/symbols/deviantart-symbols3.woff
INFO: [ app_init ] --START--
INFO: Run Behavior\BuildLiteBehavior [ RunTime:0.000000s ]
INFO: [ app_init ] --END-- [ RunTime:0.000000s ]
ERR: 无法加载模块:Misc

[ 2018-04-27T15:58:41+08:00 ] 127.0.0.1 /minish/deviation/artist-comment-l.gif?2
INFO: [ app_init ] --START--
INFO: Run Behavior\BuildLiteBehavior [ RunTime:0.000000s ]
INFO: [ app_init ] --END-- [ RunTime:0.000000s ]
ERR: 无法加载模块:Minish

[ 2018-04-27T15:59:14+08:00 ] 127.0.0.1 /morelikethis/blt_icons2.png
INFO: [ app_init ] --START--
INFO: Run Behavior\BuildLiteBehavior [ RunTime:0.000000s ]
INFO: [ app_init ] --END-- [ RunTime:0.001000s ]
ERR: 无法加载模块:Morelikethis

[ 2018-04-27T15:59:14+08:00 ] 127.0.0.1 /misc/symbols/deviantart-symbols3.ttf
INFO: [ app_init ] --START--
INFO: Run Behavior\BuildLiteBehavior [ RunTime:0.000000s ]
INFO: [ app_init ] --END-- [ RunTime:0.000000s ]
ERR: 无法加载模块:Misc

[ 2018-04-27T15:59:14+08:00 ] 127.0.0.1 /minish/pager/prev.png
INFO: [ app_init ] --START--
INFO: Run Behavior\BuildLiteBehavior [ RunTime:0.001001s ]
INFO: [ app_init ] --END-- [ RunTime:0.001001s ]
ERR: 无法加载模块:Minish

[ 2018-04-27T15:59:14+08:00 ] 127.0.0.1 /minish/pager/gotobox-gradient.png
INFO: [ app_init ] --START--
INFO: Run Behavior\BuildLiteBehavior [ RunTime:0.000000s ]
INFO: [ app_init ] --END-- [ RunTime:0.000000s ]
ERR: 无法加载模块:Minish

[ 2018-04-27T15:59:14+08:00 ] 127.0.0.1 /minish/pager/next-pale.png
INFO: [ app_init ] --START--
INFO: Run Behavior\BuildLiteBehavior [ RunTime:0.000000s ]
INFO: [ app_init ] --END-- [ RunTime:0.000000s ]
ERR: 无法加载模块:Minish

[ 2018-04-27T15:59:14+08:00 ] 127.0.0.1 /misc/symbols/deviantart-symbols3.woff
INFO: [ app_init ] --START--
INFO: Run Behavior\BuildLiteBehavior [ RunTime:0.000000s ]
INFO: [ app_init ] --END-- [ RunTime:0.000000s ]
ERR: 无法加载模块:Misc

[ 2018-04-27T15:59:14+08:00 ] 127.0.0.1 /minish/deviation/artist-comment-l.gif?2
INFO: [ app_init ] --START--
INFO: Run Behavior\BuildLiteBehavior [ RunTime:0.000000s ]
INFO: [ app_init ] --END-- [ RunTime:0.000000s ]
ERR: 无法加载模块:Minish

[ 2018-04-27T16:01:08+08:00 ] 127.0.0.1 /morelikethis/blt_icons2.png
INFO: [ app_init ] --START--
INFO: Run Behavior\BuildLiteBehavior [ RunTime:0.000000s ]
INFO: [ app_init ] --END-- [ RunTime:0.001000s ]
ERR: 无法加载模块:Morelikethis

[ 2018-04-27T16:01:08+08:00 ] 127.0.0.1 /minish/pager/gotobox-gradient.png
INFO: [ app_init ] --START--
INFO: Run Behavior\BuildLiteBehavior [ RunTime:0.000000s ]
INFO: [ app_init ] --END-- [ RunTime:0.000000s ]
ERR: 无法加载模块:Minish

[ 2018-04-27T16:01:08+08:00 ] 127.0.0.1 /minish/pager/next-pale.png
INFO: [ app_init ] --START--
INFO: Run Behavior\BuildLiteBehavior [ RunTime:0.000000s ]
INFO: [ app_init ] --END-- [ RunTime:0.000000s ]
ERR: 无法加载模块:Minish

[ 2018-04-27T16:01:08+08:00 ] 127.0.0.1 /minish/pager/prev.png
INFO: [ app_init ] --START--
INFO: Run Behavior\BuildLiteBehavior [ RunTime:0.000000s ]
INFO: [ app_init ] --END-- [ RunTime:0.000000s ]
ERR: 无法加载模块:Minish

[ 2018-04-27T16:01:08+08:00 ] 127.0.0.1 /misc/symbols/deviantart-symbols3.ttf
INFO: [ app_init ] --START--
INFO: Run Behavior\BuildLiteBehavior [ RunTime:0.000000s ]
INFO: [ app_init ] --END-- [ RunTime:0.000000s ]
ERR: 无法加载模块:Misc

[ 2018-04-27T16:01:08+08:00 ] 127.0.0.1 /misc/symbols/deviantart-symbols3.woff
INFO: [ app_init ] --START--
INFO: Run Behavior\BuildLiteBehavior [ RunTime:0.000000s ]
INFO: [ app_init ] --END-- [ RunTime:0.000000s ]
ERR: 无法加载模块:Misc

[ 2018-04-27T16:01:09+08:00 ] 127.0.0.1 /minish/deviation/artist-comment-l.gif?2
INFO: [ app_init ] --START--
INFO: Run Behavior\BuildLiteBehavior [ RunTime:0.000000s ]
INFO: [ app_init ] --END-- [ RunTime:0.000000s ]
ERR: 无法加载模块:Minish

[ 2018-04-27T16:04:03+08:00 ] 127.0.0.1 /morelikethis/blt_icons2.png
INFO: [ app_init ] --START--
INFO: Run Behavior\BuildLiteBehavior [ RunTime:0.000000s ]
INFO: [ app_init ] --END-- [ RunTime:0.000000s ]
ERR: 无法加载模块:Morelikethis

[ 2018-04-27T16:04:03+08:00 ] 127.0.0.1 /minish/pager/gotobox-gradient.png
INFO: [ app_init ] --START--
INFO: Run Behavior\BuildLiteBehavior [ RunTime:0.000000s ]
INFO: [ app_init ] --END-- [ RunTime:0.000000s ]
ERR: 无法加载模块:Minish

[ 2018-04-27T16:04:03+08:00 ] 127.0.0.1 /minish/pager/next-pale.png
INFO: [ app_init ] --START--
INFO: Run Behavior\BuildLiteBehavior [ RunTime:0.000000s ]
INFO: [ app_init ] --END-- [ RunTime:0.001000s ]
ERR: 无法加载模块:Minish

[ 2018-04-27T16:04:03+08:00 ] 127.0.0.1 /minish/pager/prev.png
INFO: [ app_init ] --START--
INFO: Run Behavior\BuildLiteBehavior [ RunTime:0.000000s ]
INFO: [ app_init ] --END-- [ RunTime:0.000000s ]
ERR: 无法加载模块:Minish

[ 2018-04-27T16:04:03+08:00 ] 127.0.0.1 /misc/symbols/deviantart-symbols3.ttf
INFO: [ app_init ] --START--
INFO: Run Behavior\BuildLiteBehavior [ RunTime:0.000000s ]
INFO: [ app_init ] --END-- [ RunTime:0.000000s ]
ERR: 无法加载模块:Misc

[ 2018-04-27T16:04:04+08:00 ] 127.0.0.1 /misc/symbols/deviantart-symbols3.woff
INFO: [ app_init ] --START--
INFO: Run Behavior\BuildLiteBehavior [ RunTime:0.000000s ]
INFO: [ app_init ] --END-- [ RunTime:0.000000s ]
ERR: 无法加载模块:Misc

[ 2018-04-27T16:04:04+08:00 ] 127.0.0.1 /minish/deviation/artist-comment-l.gif?2
INFO: [ app_init ] --START--
INFO: Run Behavior\BuildLiteBehavior [ RunTime:0.000000s ]
INFO: [ app_init ] --END-- [ RunTime:0.001000s ]
ERR: 无法加载模块:Minish

[ 2018-04-27T16:04:26+08:00 ] 127.0.0.1 /morelikethis/blt_icons2.png
INFO: [ app_init ] --START--
INFO: Run Behavior\BuildLiteBehavior [ RunTime:0.000000s ]
INFO: [ app_init ] --END-- [ RunTime:0.000000s ]
ERR: 无法加载模块:Morelikethis

[ 2018-04-27T16:04:26+08:00 ] 127.0.0.1 /minish/pager/gotobox-gradient.png
INFO: [ app_init ] --START--
INFO: Run Behavior\BuildLiteBehavior [ RunTime:0.000000s ]
INFO: [ app_init ] --END-- [ RunTime:0.000000s ]
ERR: 无法加载模块:Minish

[ 2018-04-27T16:04:26+08:00 ] 127.0.0.1 /misc/symbols/deviantart-symbols3.ttf
INFO: [ app_init ] --START--
INFO: Run Behavior\BuildLiteBehavior [ RunTime:0.000000s ]
INFO: [ app_init ] --END-- [ RunTime:0.001000s ]
ERR: 无法加载模块:Misc

[ 2018-04-27T16:04:26+08:00 ] 127.0.0.1 /minish/pager/prev.png
INFO: [ app_init ] --START--
INFO: Run Behavior\BuildLiteBehavior [ RunTime:0.000000s ]
INFO: [ app_init ] --END-- [ RunTime:0.001000s ]
ERR: 无法加载模块:Minish

[ 2018-04-27T16:04:26+08:00 ] 127.0.0.1 /minish/pager/next-pale.png
INFO: [ app_init ] --START--
INFO: Run Behavior\BuildLiteBehavior [ RunTime:0.000000s ]
INFO: [ app_init ] --END-- [ RunTime:0.000000s ]
ERR: 无法加载模块:Minish

[ 2018-04-27T16:04:26+08:00 ] 127.0.0.1 /misc/symbols/deviantart-symbols3.woff
INFO: [ app_init ] --START--
INFO: Run Behavior\BuildLiteBehavior [ RunTime:0.000000s ]
INFO: [ app_init ] --END-- [ RunTime:0.000000s ]
ERR: 无法加载模块:Misc

[ 2018-04-27T16:04:26+08:00 ] 127.0.0.1 /minish/deviation/artist-comment-l.gif?2
INFO: [ app_init ] --START--
INFO: Run Behavior\BuildLiteBehavior [ RunTime:0.000000s ]
INFO: [ app_init ] --END-- [ RunTime:0.000000s ]
ERR: 无法加载模块:Minish

[ 2018-04-27T16:04:37+08:00 ] 127.0.0.1 /morelikethis/blt_icons2.png
INFO: [ app_init ] --START--
INFO: Run Behavior\BuildLiteBehavior [ RunTime:0.001000s ]
INFO: [ app_init ] --END-- [ RunTime:0.001000s ]
ERR: 无法加载模块:Morelikethis

[ 2018-04-27T16:04:37+08:00 ] 127.0.0.1 /minish/pager/next-pale.png
INFO: [ app_init ] --START--
INFO: Run Behavior\BuildLiteBehavior [ RunTime:0.000000s ]
INFO: [ app_init ] --END-- [ RunTime:0.001000s ]
ERR: 无法加载模块:Minish

[ 2018-04-27T16:04:37+08:00 ] 127.0.0.1 /minish/pager/gotobox-gradient.png
INFO: [ app_init ] --START--
INFO: Run Behavior\BuildLiteBehavior [ RunTime:0.000000s ]
INFO: [ app_init ] --END-- [ RunTime:0.000000s ]
ERR: 无法加载模块:Minish

[ 2018-04-27T16:04:37+08:00 ] 127.0.0.1 /misc/symbols/deviantart-symbols3.ttf
INFO: [ app_init ] --START--
INFO: Run Behavior\BuildLiteBehavior [ RunTime:0.000000s ]
INFO: [ app_init ] --END-- [ RunTime:0.001000s ]
ERR: 无法加载模块:Misc

[ 2018-04-27T16:04:37+08:00 ] 127.0.0.1 /minish/pager/prev.png
INFO: [ app_init ] --START--
INFO: Run Behavior\BuildLiteBehavior [ RunTime:0.000000s ]
INFO: [ app_init ] --END-- [ RunTime:0.000000s ]
ERR: 无法加载模块:Minish

[ 2018-04-27T16:04:37+08:00 ] 127.0.0.1 /misc/symbols/deviantart-symbols3.woff
INFO: [ app_init ] --START--
INFO: Run Behavior\BuildLiteBehavior [ RunTime:0.000000s ]
INFO: [ app_init ] --END-- [ RunTime:0.000000s ]
ERR: 无法加载模块:Misc

[ 2018-04-27T16:04:37+08:00 ] 127.0.0.1 /minish/deviation/artist-comment-l.gif?2
INFO: [ app_init ] --START--
INFO: Run Behavior\BuildLiteBehavior [ RunTime:0.000000s ]
INFO: [ app_init ] --END-- [ RunTime:0.000000s ]
ERR: 无法加载模块:Minish

[ 2018-04-27T16:06:38+08:00 ] 127.0.0.1 /morelikethis/blt_icons2.png
INFO: [ app_init ] --START--
INFO: Run Behavior\BuildLiteBehavior [ RunTime:0.000000s ]
INFO: [ app_init ] --END-- [ RunTime:0.001000s ]
ERR: 无法加载模块:Morelikethis

[ 2018-04-27T16:06:38+08:00 ] 127.0.0.1 /minish/pager/gotobox-gradient.png
INFO: [ app_init ] --START--
INFO: Run Behavior\BuildLiteBehavior [ RunTime:0.000000s ]
INFO: [ app_init ] --END-- [ RunTime:0.000000s ]
ERR: 无法加载模块:Minish

[ 2018-04-27T16:06:38+08:00 ] 127.0.0.1 /minish/pager/next-pale.png
INFO: [ app_init ] --START--
INFO: Run Behavior\BuildLiteBehavior [ RunTime:0.000000s ]
INFO: [ app_init ] --END-- [ RunTime:0.000000s ]
ERR: 无法加载模块:Minish

[ 2018-04-27T16:06:38+08:00 ] 127.0.0.1 /minish/pager/prev.png
INFO: [ app_init ] --START--
INFO: Run Behavior\BuildLiteBehavior [ RunTime:0.000000s ]
INFO: [ app_init ] --END-- [ RunTime:0.000000s ]
ERR: 无法加载模块:Minish

[ 2018-04-27T16:06:38+08:00 ] 127.0.0.1 /misc/symbols/deviantart-symbols3.ttf
INFO: [ app_init ] --START--
INFO: Run Behavior\BuildLiteBehavior [ RunTime:0.000000s ]
INFO: [ app_init ] --END-- [ RunTime:0.000000s ]
ERR: 无法加载模块:Misc

[ 2018-04-27T16:06:38+08:00 ] 127.0.0.1 /misc/symbols/deviantart-symbols3.woff
INFO: [ app_init ] --START--
INFO: Run Behavior\BuildLiteBehavior [ RunTime:0.000000s ]
INFO: [ app_init ] --END-- [ RunTime:0.001000s ]
ERR: 无法加载模块:Misc

[ 2018-04-27T16:06:38+08:00 ] 127.0.0.1 /minish/deviation/artist-comment-l.gif?2
INFO: [ app_init ] --START--
INFO: Run Behavior\BuildLiteBehavior [ RunTime:0.000000s ]
INFO: [ app_init ] --END-- [ RunTime:0.000000s ]
ERR: 无法加载模块:Minish

[ 2018-04-27T16:08:08+08:00 ] 127.0.0.1 /morelikethis/blt_icons2.png
INFO: [ app_init ] --START--
INFO: Run Behavior\BuildLiteBehavior [ RunTime:0.000000s ]
INFO: [ app_init ] --END-- [ RunTime:0.000000s ]
ERR: 无法加载模块:Morelikethis

[ 2018-04-27T16:08:08+08:00 ] 127.0.0.1 /minish/pager/gotobox-gradient.png
INFO: [ app_init ] --START--
INFO: Run Behavior\BuildLiteBehavior [ RunTime:0.000000s ]
INFO: [ app_init ] --END-- [ RunTime:0.000000s ]
ERR: 无法加载模块:Minish

[ 2018-04-27T16:08:08+08:00 ] 127.0.0.1 /minish/pager/next-pale.png
INFO: [ app_init ] --START--
INFO: Run Behavior\BuildLiteBehavior [ RunTime:0.000000s ]
INFO: [ app_init ] --END-- [ RunTime:0.000000s ]
ERR: 无法加载模块:Minish

[ 2018-04-27T16:08:08+08:00 ] 127.0.0.1 /minish/pager/prev.png
INFO: [ app_init ] --START--
INFO: Run Behavior\BuildLiteBehavior [ RunTime:0.000000s ]
INFO: [ app_init ] --END-- [ RunTime:0.000000s ]
ERR: 无法加载模块:Minish

[ 2018-04-27T16:08:08+08:00 ] 127.0.0.1 /misc/symbols/deviantart-symbols3.ttf
INFO: [ app_init ] --START--
INFO: Run Behavior\BuildLiteBehavior [ RunTime:0.000000s ]
INFO: [ app_init ] --END-- [ RunTime:0.000000s ]
ERR: 无法加载模块:Misc

[ 2018-04-27T16:08:08+08:00 ] 127.0.0.1 /misc/symbols/deviantart-symbols3.woff
INFO: [ app_init ] --START--
INFO: Run Behavior\BuildLiteBehavior [ RunTime:0.000000s ]
INFO: [ app_init ] --END-- [ RunTime:0.001000s ]
ERR: 无法加载模块:Misc

[ 2018-04-27T16:08:08+08:00 ] 127.0.0.1 /minish/deviation/artist-comment-l.gif?2
INFO: [ app_init ] --START--
INFO: Run Behavior\BuildLiteBehavior [ RunTime:0.000000s ]
INFO: [ app_init ] --END-- [ RunTime:0.000000s ]
ERR: 无法加载模块:Minish

