[ 2017-12-08T14:23:58+08:00 ] 127.0.0.1 /index.php/exam/user/listExam
INFO: [ app_init ] --START--
INFO: Run Behavior\BuildLiteBehavior [ RunTime:0.000000s ]
INFO: [ app_init ] --END-- [ RunTime:0.000000s ]
INFO: [ app_begin ] --START--
INFO: Run Behavior\ReadHtmlCacheBehavior [ RunTime:0.000000s ]
INFO: [ app_begin ] --END-- [ RunTime:0.000000s ]
SQL: SHOW COLUMNS FROM `hwh_exam` [ RunTime:0.0030s ]
SQL: SELECT * FROM `hwh_exam`  [ RunTime:0.0000s ]
INFO: [ view_parse ] --START--
INFO: [ template_filter ] --START--
INFO: Run Behavior\ContentReplaceBehavior [ RunTime:0.000000s ]
INFO: [ template_filter ] --END-- [ RunTime:0.000000s ]
INFO: Run Behavior\ParseTemplateBehavior [ RunTime:0.003000s ]
INFO: [ view_parse ] --END-- [ RunTime:0.003000s ]
INFO: [ view_filter ] --START--
INFO: Run Behavior\WriteHtmlCacheBehavior [ RunTime:0.000000s ]
INFO: [ view_filter ] --END-- [ RunTime:0.000000s ]
INFO: [ app_end ] --START--
INFO: Run Behavior\ShowPageTraceBehavior [ RunTime:0.001000s ]
INFO: [ app_end ] --END-- [ RunTime:0.001000s ]

[ 2017-12-08T14:24:00+08:00 ] 127.0.0.1 /index.php/Exam/User/onExam?id=2&timestamp=17508.266666666666H
INFO: [ app_init ] --START--
INFO: Run Behavior\BuildLiteBehavior [ RunTime:0.000000s ]
INFO: [ app_init ] --END-- [ RunTime:0.001000s ]
INFO: [ app_begin ] --START--
INFO: Run Behavior\ReadHtmlCacheBehavior [ RunTime:0.001000s ]
INFO: [ app_begin ] --END-- [ RunTime:0.001000s ]
SQL: SHOW COLUMNS FROM `hwh_exam` [ RunTime:0.0070s ]
SQL: SELECT * FROM `hwh_exam` WHERE ( id=2 ) LIMIT 1   [ RunTime:0.0000s ]
SQL: SHOW COLUMNS FROM `hwh_exam_question` [ RunTime:0.0070s ]
SQL: SELECT * FROM `hwh_exam_question` WHERE ( examId=2 )  [ RunTime:0.0010s ]
INFO: [ view_parse ] --START--
INFO: [ template_filter ] --START--
INFO: Run Behavior\ContentReplaceBehavior [ RunTime:0.000000s ]
INFO: [ template_filter ] --END-- [ RunTime:0.000000s ]
INFO: Run Behavior\ParseTemplateBehavior [ RunTime:0.007000s ]
INFO: [ view_parse ] --END-- [ RunTime:0.007000s ]
INFO: [ view_filter ] --START--
INFO: Run Behavior\WriteHtmlCacheBehavior [ RunTime:0.000000s ]
INFO: [ view_filter ] --END-- [ RunTime:0.000000s ]
INFO: [ app_end ] --START--
INFO: Run Behavior\ShowPageTraceBehavior [ RunTime:0.001000s ]
INFO: [ app_end ] --END-- [ RunTime:0.001000s ]

[ 2017-12-08T14:24:01+08:00 ] 127.0.0.1 /index.php/exam/user/getexam.html
INFO: [ app_init ] --START--
INFO: Run Behavior\BuildLiteBehavior [ RunTime:0.000000s ]
INFO: [ app_init ] --END-- [ RunTime:0.001000s ]
INFO: [ app_begin ] --START--
INFO: Run Behavior\ReadHtmlCacheBehavior [ RunTime:0.001000s ]
INFO: [ app_begin ] --END-- [ RunTime:0.001000s ]
SQL: SHOW COLUMNS FROM `hwh_exam` [ RunTime:0.0070s ]
SQL: SELECT * FROM `hwh_exam` WHERE `id` = 2 LIMIT 1   [ RunTime:0.0000s ]
NOTIC: [8] Undefined offset: 1 D:\phpStudy\WWW\haozi\Application\Exam\Controller\UserController.class.php 第 93 行.
SQL: SHOW COLUMNS FROM `hwh_exam_user_result` [ RunTime:0.0060s ]
SQL: INSERT INTO `hwh_exam_user_result` (`userId`,`examId`,`questionId`,`userOption`) VALUES ('7','2','0',NULL) [ RunTime:0.0010s ]
NOTIC: [8] Undefined offset: 1 D:\phpStudy\WWW\haozi\Application\Exam\Controller\UserController.class.php 第 126 行.
SQL: INSERT INTO `hwh_exam_user_result` (`userId`,`examId`,`questionId`,`userOption`) VALUES ('7','2','0','') [ RunTime:0.0010s ]
SQL: SELECT * FROM `hwh_exam_user_result` WHERE `userId` = 7 AND `examId` = 2  [ RunTime:0.0000s ]
SQL: SHOW COLUMNS FROM `hwh_exam_question` [ RunTime:0.0070s ]
SQL: SELECT * FROM `hwh_exam_question` WHERE `examId` = 2 AND `id` = 1 LIMIT 1   [ RunTime:0.0000s ]
SQL: UPDATE `hwh_exam_user_result` SET `isRightOption`='2',`quesOption`='B' WHERE `userId` = 7 AND `examId` = 2 AND `questionId` = 1 [ RunTime:0.0010s ]
SQL: SELECT * FROM `hwh_exam_question` WHERE `examId` = 2 AND `id` = 2 LIMIT 1   [ RunTime:0.0010s ]
SQL: UPDATE `hwh_exam_user_result` SET `isRightOption`='2',`quesOption`='A|C' WHERE `userId` = 7 AND `examId` = 2 AND `questionId` = 2 [ RunTime:0.0000s ]
SQL: SELECT * FROM `hwh_exam_question` WHERE `examId` = 2 AND `id` = 1 LIMIT 1   [ RunTime:0.0010s ]
SQL: UPDATE `hwh_exam_user_result` SET `isRightOption`='2',`quesOption`='B' WHERE `userId` = 7 AND `examId` = 2 AND `questionId` = 1 [ RunTime:0.0000s ]
SQL: SELECT * FROM `hwh_exam_question` WHERE `examId` = 2 AND `id` = 2 LIMIT 1   [ RunTime:0.0000s ]
SQL: UPDATE `hwh_exam_user_result` SET `isRightOption`='2',`quesOption`='A|C' WHERE `userId` = 7 AND `examId` = 2 AND `questionId` = 2 [ RunTime:0.0010s ]
SQL: SELECT * FROM `hwh_exam_question` WHERE `examId` = 2 AND `id` = 1 LIMIT 1   [ RunTime:0.0000s ]
SQL: UPDATE `hwh_exam_user_result` SET `isRightOption`='1',`quesOption`='B' WHERE `userId` = 7 AND `examId` = 2 AND `questionId` = 1 [ RunTime:0.0010s ]
SQL: SELECT * FROM `hwh_exam_question` WHERE `examId` = 2 AND `id` = 2 LIMIT 1   [ RunTime:0.0000s ]
SQL: UPDATE `hwh_exam_user_result` SET `isRightOption`='2',`quesOption`='A|C' WHERE `userId` = 7 AND `examId` = 2 AND `questionId` = 2 [ RunTime:0.0000s ]
SQL: SELECT * FROM `hwh_exam_question` WHERE `examId` = 2 AND `id` = 0 LIMIT 1   [ RunTime:0.0010s ]
SQL: UPDATE `hwh_exam_user_result` SET `isRightOption`='1',`quesOption`=NULL WHERE `userId` = 7 AND `examId` = 2 AND `questionId` = 0 [ RunTime:0.0000s ]
SQL: SELECT * FROM `hwh_exam_question` WHERE `examId` = 2 AND `id` = 0 LIMIT 1   [ RunTime:0.0010s ]
SQL: UPDATE `hwh_exam_user_result` SET `isRightOption`='1',`quesOption`=NULL WHERE `userId` = 7 AND `examId` = 2 AND `questionId` = 0 [ RunTime:0.0000s ]
SQL: SELECT COUNT(*) AS tp_count FROM `hwh_exam_user_result` WHERE `userId` = 7 AND `examId` = 2 AND `isRightOption` = 1 LIMIT 1   [ RunTime:0.0000s ]
SQL: SELECT COUNT(*) AS tp_count FROM `hwh_exam_user_result` WHERE `userId` = 7 AND `examId` = 2 AND `isRightOption` = 2 LIMIT 1   [ RunTime:0.0010s ]
SQL: SELECT COUNT(*) AS tp_count FROM `hwh_exam_question` WHERE `examId` = 2 LIMIT 1   [ RunTime:0.0000s ]
SQL: SHOW COLUMNS FROM `hwh_exam_rank_list` [ RunTime:0.0050s ]
SQL: INSERT INTO `hwh_exam_rank_list` (`examId`,`userId`,`rightNum`,`errorNum`,`accuracy`,`createDate`) VALUES ('2','7','5','3','250','2017-12-08 14:24:01') [ RunTime:0.0210s ]

[ 2017-12-08T14:24:01+08:00 ] 127.0.0.1 /index.php/exam/user/setuserexam.html
INFO: [ app_init ] --START--
INFO: Run Behavior\BuildLiteBehavior [ RunTime:0.000000s ]
INFO: [ app_init ] --END-- [ RunTime:0.000000s ]
INFO: [ app_begin ] --START--
INFO: Run Behavior\ReadHtmlCacheBehavior [ RunTime:0.000000s ]
INFO: [ app_begin ] --END-- [ RunTime:0.000000s ]
SQL: SHOW COLUMNS FROM `hwh_exam_rank_list` [ RunTime:0.0040s ]
SQL: SELECT * FROM `hwh_exam_rank_list` WHERE `examId` = 2 AND `userId` = 7 LIMIT 1   [ RunTime:0.0010s ]
SQL: SHOW COLUMNS FROM `hwh_exam_user_result` [ RunTime:0.0040s ]
SQL: SELECT * FROM `hwh_exam_user_result` WHERE `examId` = 2 AND `userId` = 7  [ RunTime:0.0000s ]
INFO: [ app_end ] --START--
INFO: Run Behavior\ShowPageTraceBehavior [ RunTime:0.001000s ]
INFO: [ app_end ] --END-- [ RunTime:0.001000s ]

[ 2017-12-08T14:24:32+08:00 ] 127.0.0.1 /index.php/exam/user/listExam
INFO: [ app_init ] --START--
INFO: Run Behavior\BuildLiteBehavior [ RunTime:0.000000s ]
INFO: [ app_init ] --END-- [ RunTime:0.001000s ]
INFO: [ app_begin ] --START--
INFO: Run Behavior\ReadHtmlCacheBehavior [ RunTime:0.001000s ]
INFO: [ app_begin ] --END-- [ RunTime:0.001000s ]
SQL: SHOW COLUMNS FROM `hwh_exam` [ RunTime:0.0060s ]
SQL: SELECT * FROM `hwh_exam`  [ RunTime:0.0000s ]
INFO: [ view_parse ] --START--
INFO: [ template_filter ] --START--
INFO: Run Behavior\ContentReplaceBehavior [ RunTime:0.000000s ]
INFO: [ template_filter ] --END-- [ RunTime:0.000000s ]
INFO: Run Behavior\ParseTemplateBehavior [ RunTime:0.005001s ]
INFO: [ view_parse ] --END-- [ RunTime:0.005001s ]
INFO: [ view_filter ] --START--
INFO: Run Behavior\WriteHtmlCacheBehavior [ RunTime:0.001000s ]
INFO: [ view_filter ] --END-- [ RunTime:0.001000s ]
INFO: [ app_end ] --START--
INFO: Run Behavior\ShowPageTraceBehavior [ RunTime:0.000000s ]
INFO: [ app_end ] --END-- [ RunTime:0.000000s ]

[ 2017-12-08T14:24:33+08:00 ] 127.0.0.1 /index.php/Exam/User/onExam?id=2&timestamp=17508.267048611113H
INFO: [ app_init ] --START--
INFO: Run Behavior\BuildLiteBehavior [ RunTime:0.000000s ]
INFO: [ app_init ] --END-- [ RunTime:0.001000s ]
INFO: [ app_begin ] --START--
INFO: Run Behavior\ReadHtmlCacheBehavior [ RunTime:0.001001s ]
INFO: [ app_begin ] --END-- [ RunTime:0.001001s ]
SQL: SHOW COLUMNS FROM `hwh_exam` [ RunTime:0.0040s ]
SQL: SELECT * FROM `hwh_exam` WHERE ( id=2 ) LIMIT 1   [ RunTime:0.0010s ]
SQL: SHOW COLUMNS FROM `hwh_exam_question` [ RunTime:0.0040s ]
SQL: SELECT * FROM `hwh_exam_question` WHERE ( examId=2 )  [ RunTime:0.0000s ]
INFO: [ view_parse ] --START--
INFO: [ template_filter ] --START--
INFO: Run Behavior\ContentReplaceBehavior [ RunTime:0.000000s ]
INFO: [ template_filter ] --END-- [ RunTime:0.000000s ]
INFO: Run Behavior\ParseTemplateBehavior [ RunTime:0.004000s ]
INFO: [ view_parse ] --END-- [ RunTime:0.004000s ]
INFO: [ view_filter ] --START--
INFO: Run Behavior\WriteHtmlCacheBehavior [ RunTime:0.000000s ]
INFO: [ view_filter ] --END-- [ RunTime:0.000000s ]
INFO: [ app_end ] --START--
INFO: Run Behavior\ShowPageTraceBehavior [ RunTime:0.001001s ]
INFO: [ app_end ] --END-- [ RunTime:0.001001s ]

[ 2017-12-08T14:24:35+08:00 ] 127.0.0.1 /index.php/exam/user/getexam.html
INFO: [ app_init ] --START--
INFO: Run Behavior\BuildLiteBehavior [ RunTime:0.000000s ]
INFO: [ app_init ] --END-- [ RunTime:0.001000s ]
INFO: [ app_begin ] --START--
INFO: Run Behavior\ReadHtmlCacheBehavior [ RunTime:0.001000s ]
INFO: [ app_begin ] --END-- [ RunTime:0.001000s ]
SQL: SHOW COLUMNS FROM `hwh_exam` [ RunTime:0.0070s ]
SQL: SELECT * FROM `hwh_exam` WHERE `id` = 2 LIMIT 1   [ RunTime:0.0000s ]
NOTIC: [8] Undefined offset: 1 D:\phpStudy\WWW\haozi\Application\Exam\Controller\UserController.class.php 第 93 行.
SQL: SHOW COLUMNS FROM `hwh_exam_user_result` [ RunTime:0.0070s ]
SQL: INSERT INTO `hwh_exam_user_result` (`userId`,`examId`,`questionId`,`userOption`) VALUES ('7','2','0',NULL) [ RunTime:0.0010s ]
NOTIC: [8] Undefined offset: 1 D:\phpStudy\WWW\haozi\Application\Exam\Controller\UserController.class.php 第 126 行.
SQL: INSERT INTO `hwh_exam_user_result` (`userId`,`examId`,`questionId`,`userOption`) VALUES ('7','2','0','') [ RunTime:0.0010s ]
SQL: SELECT * FROM `hwh_exam_user_result` WHERE `userId` = 7 AND `examId` = 2  [ RunTime:0.0000s ]
SQL: SHOW COLUMNS FROM `hwh_exam_question` [ RunTime:0.0070s ]
SQL: SELECT * FROM `hwh_exam_question` WHERE `examId` = 2 AND `id` = 0 LIMIT 1   [ RunTime:0.0010s ]
SQL: UPDATE `hwh_exam_user_result` SET `isRightOption`='1',`quesOption`=NULL WHERE `userId` = 7 AND `examId` = 2 AND `questionId` = 0 [ RunTime:0.0000s ]
SQL: SELECT * FROM `hwh_exam_question` WHERE `examId` = 2 AND `id` = 0 LIMIT 1   [ RunTime:0.0010s ]
SQL: UPDATE `hwh_exam_user_result` SET `isRightOption`='1',`quesOption`=NULL WHERE `userId` = 7 AND `examId` = 2 AND `questionId` = 0 [ RunTime:0.0000s ]
SQL: SELECT COUNT(*) AS tp_count FROM `hwh_exam_user_result` WHERE `userId` = 7 AND `examId` = 2 AND `isRightOption` = 1 LIMIT 1   [ RunTime:0.0010s ]
SQL: SELECT COUNT(*) AS tp_count FROM `hwh_exam_user_result` WHERE `userId` = 7 AND `examId` = 2 AND `isRightOption` = 2 LIMIT 1   [ RunTime:0.0000s ]
SQL: SELECT COUNT(*) AS tp_count FROM `hwh_exam_question` WHERE `examId` = 2 LIMIT 1   [ RunTime:0.0000s ]
SQL: SHOW COLUMNS FROM `hwh_exam_rank_list` [ RunTime:0.0070s ]
SQL: INSERT INTO `hwh_exam_rank_list` (`examId`,`userId`,`rightNum`,`errorNum`,`accuracy`,`createDate`) VALUES ('2','7','2','0','100','2017-12-08 14:24:35') [ RunTime:0.0010s ]

[ 2017-12-08T14:24:35+08:00 ] 127.0.0.1 /index.php/exam/user/setuserexam.html
INFO: [ app_init ] --START--
INFO: Run Behavior\BuildLiteBehavior [ RunTime:0.000000s ]
INFO: [ app_init ] --END-- [ RunTime:0.001000s ]
INFO: [ app_begin ] --START--
INFO: Run Behavior\ReadHtmlCacheBehavior [ RunTime:0.000000s ]
INFO: [ app_begin ] --END-- [ RunTime:0.001001s ]
SQL: SHOW COLUMNS FROM `hwh_exam_rank_list` [ RunTime:0.0030s ]
SQL: SELECT * FROM `hwh_exam_rank_list` WHERE `examId` = 2 AND `userId` = 7 LIMIT 1   [ RunTime:0.0000s ]
SQL: SHOW COLUMNS FROM `hwh_exam_user_result` [ RunTime:0.0030s ]
SQL: SELECT * FROM `hwh_exam_user_result` WHERE `examId` = 2 AND `userId` = 7  [ RunTime:0.0000s ]
INFO: [ app_end ] --START--
INFO: Run Behavior\ShowPageTraceBehavior [ RunTime:0.000000s ]
INFO: [ app_end ] --END-- [ RunTime:0.000000s ]

