[ 2017-12-07T14:39:33+08:00 ] 127.0.0.1 /index.php/exam/user/listExam
INFO: [ app_init ] --START--
INFO: Run Behavior\BuildLiteBehavior [ RunTime:0.000000s ]
INFO: [ app_init ] --END-- [ RunTime:0.000000s ]
INFO: [ app_begin ] --START--
INFO: Run Behavior\ReadHtmlCacheBehavior [ RunTime:0.001000s ]
INFO: [ app_begin ] --END-- [ RunTime:0.001000s ]
SQL: SHOW COLUMNS FROM `hwh_exam` [ RunTime:0.0260s ]
SQL: SELECT * FROM `hwh_exam`  [ RunTime:0.0010s ]
INFO: [ view_parse ] --START--
INFO: [ template_filter ] --START--
INFO: Run Behavior\ContentReplaceBehavior [ RunTime:0.000000s ]
INFO: [ template_filter ] --END-- [ RunTime:0.000000s ]
INFO: Run Behavior\ParseTemplateBehavior [ RunTime:0.035002s ]
INFO: [ view_parse ] --END-- [ RunTime:0.035002s ]
INFO: [ view_filter ] --START--
INFO: Run Behavior\WriteHtmlCacheBehavior [ RunTime:0.004000s ]
INFO: [ view_filter ] --END-- [ RunTime:0.004000s ]
INFO: [ app_end ] --START--
INFO: Run Behavior\ShowPageTraceBehavior [ RunTime:0.011001s ]
INFO: [ app_end ] --END-- [ RunTime:0.011001s ]

[ 2017-12-07T14:39:35+08:00 ] 127.0.0.1 /index.php/Exam/User/onExam?id=2&timestamp=17507.27747685185H
INFO: [ app_init ] --START--
INFO: Run Behavior\BuildLiteBehavior [ RunTime:0.000000s ]
INFO: [ app_init ] --END-- [ RunTime:0.001000s ]
INFO: [ app_begin ] --START--
INFO: Run Behavior\ReadHtmlCacheBehavior [ RunTime:0.000000s ]
INFO: [ app_begin ] --END-- [ RunTime:0.000000s ]
SQL: SHOW COLUMNS FROM `hwh_exam` [ RunTime:0.0070s ]
SQL: SELECT * FROM `hwh_exam` WHERE ( id=2 ) LIMIT 1   [ RunTime:0.0000s ]
SQL: SHOW COLUMNS FROM `hwh_exam_question` [ RunTime:0.0060s ]
SQL: SELECT * FROM `hwh_exam_question` WHERE ( examId=2 )  [ RunTime:0.0010s ]
INFO: [ view_parse ] --START--
INFO: [ template_filter ] --START--
INFO: Run Behavior\ContentReplaceBehavior [ RunTime:0.000000s ]
INFO: [ template_filter ] --END-- [ RunTime:0.000000s ]
INFO: Run Behavior\ParseTemplateBehavior [ RunTime:0.019002s ]
INFO: [ view_parse ] --END-- [ RunTime:0.019002s ]
INFO: [ view_filter ] --START--
INFO: Run Behavior\WriteHtmlCacheBehavior [ RunTime:0.000000s ]
INFO: [ view_filter ] --END-- [ RunTime:0.000000s ]
INFO: [ app_end ] --START--
INFO: Run Behavior\ShowPageTraceBehavior [ RunTime:0.001000s ]
INFO: [ app_end ] --END-- [ RunTime:0.001000s ]

[ 2017-12-07T14:39:39+08:00 ] 127.0.0.1 /index.php/exam/user/getexam.html
INFO: [ app_init ] --START--
INFO: Run Behavior\BuildLiteBehavior [ RunTime:0.000000s ]
INFO: [ app_init ] --END-- [ RunTime:0.001000s ]
INFO: [ app_begin ] --START--
INFO: Run Behavior\ReadHtmlCacheBehavior [ RunTime:0.001000s ]
INFO: [ app_begin ] --END-- [ RunTime:0.001000s ]

[ 2017-12-07T14:40:29+08:00 ] 127.0.0.1 /index.php/exam/user/listExam
INFO: [ app_init ] --START--
INFO: Run Behavior\BuildLiteBehavior [ RunTime:0.000000s ]
INFO: [ app_init ] --END-- [ RunTime:0.001000s ]
INFO: [ app_begin ] --START--
INFO: Run Behavior\ReadHtmlCacheBehavior [ RunTime:0.000000s ]
INFO: [ app_begin ] --END-- [ RunTime:0.000000s ]
SQL: SHOW COLUMNS FROM `hwh_exam` [ RunTime:0.0050s ]
SQL: SELECT * FROM `hwh_exam`  [ RunTime:0.0010s ]
INFO: [ view_parse ] --START--
INFO: [ template_filter ] --START--
INFO: Run Behavior\ContentReplaceBehavior [ RunTime:0.000000s ]
INFO: [ template_filter ] --END-- [ RunTime:0.000000s ]
INFO: Run Behavior\ParseTemplateBehavior [ RunTime:0.004000s ]
INFO: [ view_parse ] --END-- [ RunTime:0.004000s ]
INFO: [ view_filter ] --START--
INFO: Run Behavior\WriteHtmlCacheBehavior [ RunTime:0.000000s ]
INFO: [ view_filter ] --END-- [ RunTime:0.000000s ]
INFO: [ app_end ] --START--
INFO: Run Behavior\ShowPageTraceBehavior [ RunTime:0.001000s ]
INFO: [ app_end ] --END-- [ RunTime:0.001000s ]

[ 2017-12-07T14:41:53+08:00 ] 127.0.0.1 /index.php/Exam/User/onExam?id=2&timestamp=17507.279085648148H
INFO: [ app_init ] --START--
INFO: Run Behavior\BuildLiteBehavior [ RunTime:0.000000s ]
INFO: [ app_init ] --END-- [ RunTime:0.000000s ]
INFO: [ app_begin ] --START--
INFO: Run Behavior\ReadHtmlCacheBehavior [ RunTime:0.001000s ]
INFO: [ app_begin ] --END-- [ RunTime:0.001000s ]
SQL: SHOW COLUMNS FROM `hwh_exam` [ RunTime:0.0070s ]
SQL: SELECT * FROM `hwh_exam` WHERE ( id=2 ) LIMIT 1   [ RunTime:0.0000s ]
SQL: SHOW COLUMNS FROM `hwh_exam_question` [ RunTime:0.0070s ]
SQL: SELECT * FROM `hwh_exam_question` WHERE ( examId=2 )  [ RunTime:0.0000s ]
INFO: [ view_parse ] --START--
INFO: [ template_filter ] --START--
INFO: Run Behavior\ContentReplaceBehavior [ RunTime:0.000000s ]
INFO: [ template_filter ] --END-- [ RunTime:0.000000s ]
INFO: Run Behavior\ParseTemplateBehavior [ RunTime:0.008000s ]
INFO: [ view_parse ] --END-- [ RunTime:0.008000s ]
INFO: [ view_filter ] --START--
INFO: Run Behavior\WriteHtmlCacheBehavior [ RunTime:0.001000s ]
INFO: [ view_filter ] --END-- [ RunTime:0.001000s ]
INFO: [ app_end ] --START--
INFO: Run Behavior\ShowPageTraceBehavior [ RunTime:0.001001s ]
INFO: [ app_end ] --END-- [ RunTime:0.001001s ]

[ 2017-12-07T14:41:56+08:00 ] 127.0.0.1 /index.php/exam/user/getexam.html
INFO: [ app_init ] --START--
INFO: Run Behavior\BuildLiteBehavior [ RunTime:0.000000s ]
INFO: [ app_init ] --END-- [ RunTime:0.000000s ]
INFO: [ app_begin ] --START--
INFO: Run Behavior\ReadHtmlCacheBehavior [ RunTime:0.001000s ]
INFO: [ app_begin ] --END-- [ RunTime:0.001000s ]
SQL: SHOW COLUMNS FROM `hwh_exam` [ RunTime:0.0070s ]
SQL: SELECT * FROM `hwh_exam` WHERE `id` = 2 LIMIT 1   [ RunTime:0.0000s ]
SQL: SHOW COLUMNS FROM `hwh_exam_user_result` [ RunTime:0.0070s ]
SQL: INSERT INTO `hwh_exam_user_result` (`userId`,`examId`,`questionId`,`userOption`) VALUES ('7','2','1','B') [ RunTime:0.0010s ]
SQL: INSERT INTO `hwh_exam_user_result` (`userId`,`examId`,`questionId`,`userOption`) VALUES ('7','2','2','B|C') [ RunTime:0.0000s ]
SQL: SELECT * FROM `hwh_exam_user_result` WHERE `userId` = 7 AND `examId` = 2  [ RunTime:0.0010s ]
SQL: SHOW COLUMNS FROM `hwh_exam_question` [ RunTime:0.0070s ]
SQL: SELECT * FROM `hwh_exam_question` WHERE `examId` = 2 AND `id` = 1 LIMIT 1   [ RunTime:0.0010s ]
SQL: UPDATE `hwh_exam_user_result` SET `isRightOption`='2',`quesOption`='B' WHERE `userId` = 7 AND `examId` = 2 AND `questionId` = 1 [ RunTime:0.0000s ]
SQL: SELECT * FROM `hwh_exam_question` WHERE `examId` = 2 AND `id` = 2 LIMIT 1   [ RunTime:0.0010s ]
SQL: UPDATE `hwh_exam_user_result` SET `isRightOption`='2',`quesOption`='A|C' WHERE `userId` = 7 AND `examId` = 2 AND `questionId` = 2 [ RunTime:0.0010s ]
SQL: SELECT * FROM `hwh_exam_question` WHERE `examId` = 2 AND `id` = 1 LIMIT 1   [ RunTime:0.0000s ]
SQL: UPDATE `hwh_exam_user_result` SET `isRightOption`='2',`quesOption`='B' WHERE `userId` = 7 AND `examId` = 2 AND `questionId` = 1 [ RunTime:0.0010s ]
SQL: SELECT * FROM `hwh_exam_question` WHERE `examId` = 2 AND `id` = 2 LIMIT 1   [ RunTime:0.0000s ]
SQL: UPDATE `hwh_exam_user_result` SET `isRightOption`='2',`quesOption`='A|C' WHERE `userId` = 7 AND `examId` = 2 AND `questionId` = 2 [ RunTime:0.0000s ]
SQL: SELECT * FROM `hwh_exam_question` WHERE `examId` = 2 AND `id` = 1 LIMIT 1   [ RunTime:0.0010s ]
SQL: UPDATE `hwh_exam_user_result` SET `isRightOption`='1',`quesOption`='B' WHERE `userId` = 7 AND `examId` = 2 AND `questionId` = 1 [ RunTime:0.0000s ]
SQL: SELECT * FROM `hwh_exam_question` WHERE `examId` = 2 AND `id` = 2 LIMIT 1   [ RunTime:0.0010s ]
SQL: UPDATE `hwh_exam_user_result` SET `isRightOption`='2',`quesOption`='A|C' WHERE `userId` = 7 AND `examId` = 2 AND `questionId` = 2 [ RunTime:0.0000s ]
SQL: SELECT COUNT(*) AS tp_count FROM `hwh_exam_user_result` WHERE `userId` = 7 AND `examId` = 2 AND `isRightOption` = 1 LIMIT 1   [ RunTime:0.0000s ]
SQL: SELECT COUNT(*) AS tp_count FROM `hwh_exam_user_result` WHERE `id` = 2 AND `userId` = 7 AND `examId` = 2 AND `isRightOption` = 2 LIMIT 1   [ RunTime:0.0010s ]
SQL: SELECT COUNT(*) AS tp_count FROM `hwh_exam_question` WHERE `examId` = 2 LIMIT 1   [ RunTime:0.0000s ]
SQL: SHOW COLUMNS FROM `hwh_exam_rank_list` [ RunTime:0.0080s ]
SQL: INSERT INTO `hwh_exam_rank_list` (`examId`,`userId`,`rightNum`,`errorNum`,`accuracy`,`createDate`) VALUES ('2','7','3','1','150','2017-12-07 14:41:56') [ RunTime:0.0190s ]

[ 2017-12-07T14:41:56+08:00 ] 127.0.0.1 /index.php/exam/user/setuserexam.html
INFO: [ app_init ] --START--
INFO: Run Behavior\BuildLiteBehavior [ RunTime:0.000000s ]
INFO: [ app_init ] --END-- [ RunTime:0.000000s ]
INFO: [ app_begin ] --START--
INFO: Run Behavior\ReadHtmlCacheBehavior [ RunTime:0.001000s ]
INFO: [ app_begin ] --END-- [ RunTime:0.001000s ]
SQL: SHOW COLUMNS FROM `hwh_exam_rank_list` [ RunTime:0.0030s ]
SQL: SELECT * FROM `hwh_exam_rank_list` WHERE `examId` = 2 AND `userId` = 7 LIMIT 1   [ RunTime:0.0010s ]
SQL: SHOW COLUMNS FROM `hwh_exam_user_result` [ RunTime:0.0030s ]
SQL: SELECT * FROM `hwh_exam_user_result` WHERE `examId` = 2 AND `userId` = 7  [ RunTime:0.0000s ]
INFO: [ app_end ] --START--
INFO: Run Behavior\ShowPageTraceBehavior [ RunTime:0.000000s ]
INFO: [ app_end ] --END-- [ RunTime:0.000000s ]

