[ 2017-03-23T10:04:04+08:00 ] 127.0.0.1 /admin/
INFO: [ app_init ] --START--
INFO: Run Behavior\BuildLiteBehavior [ RunTime:0.000000s ]
INFO: [ app_init ] --END-- [ RunTime:0.001000s ]
INFO: [ app_begin ] --START--
INFO: Run Behavior\ReadHtmlCacheBehavior [ RunTime:0.001000s ]
INFO: [ app_begin ] --END-- [ RunTime:0.001000s ]
INFO: [ view_parse ] --START--
INFO: [ template_filter ] --START--
INFO: Run Behavior\ContentReplaceBehavior [ RunTime:0.000000s ]
INFO: [ template_filter ] --END-- [ RunTime:0.000000s ]
INFO: Run Behavior\ParseTemplateBehavior [ RunTime:0.021002s ]
INFO: [ view_parse ] --END-- [ RunTime:0.021002s ]
INFO: [ view_filter ] --START--
INFO: Run Behavior\WriteHtmlCacheBehavior [ RunTime:0.000000s ]
INFO: [ view_filter ] --END-- [ RunTime:0.000000s ]
INFO: [ app_end ] --START--
INFO: Run Behavior\ShowPageTraceBehavior [ RunTime:0.000000s ]
INFO: [ app_end ] --END-- [ RunTime:0.000000s ]

[ 2017-03-23T10:04:09+08:00 ] 127.0.0.1 /index.php/admin/yulu/yululist.html
INFO: [ app_init ] --START--
INFO: Run Behavior\BuildLiteBehavior [ RunTime:0.000000s ]
INFO: [ app_init ] --END-- [ RunTime:0.000000s ]
INFO: [ app_begin ] --START--
INFO: Run Behavior\ReadHtmlCacheBehavior [ RunTime:0.001000s ]
INFO: [ app_begin ] --END-- [ RunTime:0.001000s ]
INFO: [ view_parse ] --START--
INFO: [ template_filter ] --START--
INFO: Run Behavior\ContentReplaceBehavior [ RunTime:0.001000s ]
INFO: [ template_filter ] --END-- [ RunTime:0.001000s ]
INFO: Run Behavior\ParseTemplateBehavior [ RunTime:0.008001s ]
INFO: [ view_parse ] --END-- [ RunTime:0.008001s ]
INFO: [ view_filter ] --START--
INFO: Run Behavior\WriteHtmlCacheBehavior [ RunTime:0.000000s ]
INFO: [ view_filter ] --END-- [ RunTime:0.000000s ]
INFO: [ app_end ] --START--
INFO: Run Behavior\ShowPageTraceBehavior [ RunTime:0.000000s ]
INFO: [ app_end ] --END-- [ RunTime:0.000000s ]

[ 2017-03-23T10:04:11+08:00 ] 127.0.0.1 /index.php/admin/yulu/yululistajax.html
INFO: [ app_init ] --START--
INFO: Run Behavior\BuildLiteBehavior [ RunTime:0.000000s ]
INFO: [ app_init ] --END-- [ RunTime:0.000000s ]
INFO: [ app_begin ] --START--
INFO: Run Behavior\ReadHtmlCacheBehavior [ RunTime:0.001000s ]
INFO: [ app_begin ] --END-- [ RunTime:0.001000s ]
SQL: SHOW COLUMNS FROM `hwh_yulu` [ RunTime:0.0050s ]
NOTIC: [8] Undefined variable: where D:\phpStudy\WWW\haozi\Application\Admin\Controller\YuluController.class.php 第 87 行.
SQL: SELECT COUNT(*) AS tp_count FROM `hwh_yulu` LIMIT 1   [ RunTime:0.0000s ]
NOTIC: [8] Undefined variable: where D:\phpStudy\WWW\haozi\Application\Admin\Controller\YuluController.class.php 第 97 行.
NOTIC: [2] Invalid argument supplied for foreach() D:\phpStudy\WWW\haozi\Application\Admin\Controller\YuluController.class.php 第 97 行.
NOTIC: [8] Undefined variable: where D:\phpStudy\WWW\haozi\Application\Admin\Controller\YuluController.class.php 第 102 行.
SQL: SELECT `id`,`content`,`author`,`img`,`like_count`,`maketime`,`is_ok` FROM `hwh_yulu` ORDER BY id LIMIT 0,2   [ RunTime:0.0000s ]
INFO: [ app_end ] --START--
INFO: Run Behavior\ShowPageTraceBehavior [ RunTime:0.001000s ]
INFO: [ app_end ] --END-- [ RunTime:0.001000s ]

[ 2017-03-23T10:04:16+08:00 ] 127.0.0.1 /index.php/admin/yulu/yululistajax.html
INFO: [ app_init ] --START--
INFO: Run Behavior\BuildLiteBehavior [ RunTime:0.000000s ]
INFO: [ app_init ] --END-- [ RunTime:0.000000s ]
INFO: [ app_begin ] --START--
INFO: Run Behavior\ReadHtmlCacheBehavior [ RunTime:0.000000s ]
INFO: [ app_begin ] --END-- [ RunTime:0.001000s ]
SQL: SHOW COLUMNS FROM `hwh_yulu` [ RunTime:0.0060s ]
NOTIC: [8] Undefined variable: where D:\phpStudy\WWW\haozi\Application\Admin\Controller\YuluController.class.php 第 87 行.
SQL: SELECT COUNT(*) AS tp_count FROM `hwh_yulu` LIMIT 1   [ RunTime:0.0000s ]
NOTIC: [8] Undefined variable: where D:\phpStudy\WWW\haozi\Application\Admin\Controller\YuluController.class.php 第 97 行.
NOTIC: [2] Invalid argument supplied for foreach() D:\phpStudy\WWW\haozi\Application\Admin\Controller\YuluController.class.php 第 97 行.
NOTIC: [8] Undefined variable: where D:\phpStudy\WWW\haozi\Application\Admin\Controller\YuluController.class.php 第 102 行.
SQL: SELECT `id`,`content`,`author`,`img`,`like_count`,`maketime`,`is_ok` FROM `hwh_yulu` ORDER BY id LIMIT 2,2   [ RunTime:0.0010s ]
INFO: [ app_end ] --START--
INFO: Run Behavior\ShowPageTraceBehavior [ RunTime:0.000000s ]
INFO: [ app_end ] --END-- [ RunTime:0.000000s ]

[ 2017-03-23T10:04:20+08:00 ] 127.0.0.1 /index.php/admin/yulu/yuluchange.html
INFO: [ app_init ] --START--
INFO: Run Behavior\BuildLiteBehavior [ RunTime:0.000000s ]
INFO: [ app_init ] --END-- [ RunTime:0.000000s ]
INFO: [ app_begin ] --START--
INFO: Run Behavior\ReadHtmlCacheBehavior [ RunTime:0.001000s ]
INFO: [ app_begin ] --END-- [ RunTime:0.001000s ]
SQL: SHOW COLUMNS FROM `hwh_yulu` [ RunTime:0.0030s ]
SQL: UPDATE `hwh_yulu` SET `is_ok`='1' WHERE `id` = 13 [ RunTime:0.0390s ]

[ 2017-03-23T10:04:20+08:00 ] 127.0.0.1 /index.php/admin/yulu/yululistajax.html
INFO: [ app_init ] --START--
INFO: Run Behavior\BuildLiteBehavior [ RunTime:0.000000s ]
INFO: [ app_init ] --END-- [ RunTime:0.000000s ]
INFO: [ app_begin ] --START--
INFO: Run Behavior\ReadHtmlCacheBehavior [ RunTime:0.001000s ]
INFO: [ app_begin ] --END-- [ RunTime:0.001000s ]
SQL: SHOW COLUMNS FROM `hwh_yulu` [ RunTime:0.0040s ]
NOTIC: [8] Undefined variable: where D:\phpStudy\WWW\haozi\Application\Admin\Controller\YuluController.class.php 第 87 行.
SQL: SELECT COUNT(*) AS tp_count FROM `hwh_yulu` LIMIT 1   [ RunTime:0.0000s ]
NOTIC: [8] Undefined variable: where D:\phpStudy\WWW\haozi\Application\Admin\Controller\YuluController.class.php 第 97 行.
NOTIC: [2] Invalid argument supplied for foreach() D:\phpStudy\WWW\haozi\Application\Admin\Controller\YuluController.class.php 第 97 行.
NOTIC: [8] Undefined variable: where D:\phpStudy\WWW\haozi\Application\Admin\Controller\YuluController.class.php 第 102 行.
SQL: SELECT `id`,`content`,`author`,`img`,`like_count`,`maketime`,`is_ok` FROM `hwh_yulu` ORDER BY id LIMIT 2,2   [ RunTime:0.0000s ]
INFO: [ app_end ] --START--
INFO: Run Behavior\ShowPageTraceBehavior [ RunTime:0.000000s ]
INFO: [ app_end ] --END-- [ RunTime:0.000000s ]

