[ 2017-08-01T16:34:29+08:00 ] 127.0.0.1 /index.php/admin/
INFO: [ app_init ] --START--
INFO: Run Behavior\BuildLiteBehavior [ RunTime:0.000000s ]
INFO: [ app_init ] --END-- [ RunTime:0.000000s ]
INFO: [ app_begin ] --START--
INFO: Run Behavior\ReadHtmlCacheBehavior [ RunTime:0.000000s ]
INFO: [ app_begin ] --END-- [ RunTime:0.000000s ]

[ 2017-08-01T16:34:29+08:00 ] 127.0.0.1 /index.php/admin/login/login.html
INFO: [ app_init ] --START--
INFO: Run Behavior\BuildLiteBehavior [ RunTime:0.000000s ]
INFO: [ app_init ] --END-- [ RunTime:0.000000s ]
INFO: [ app_begin ] --START--
INFO: Run Behavior\ReadHtmlCacheBehavior [ RunTime:0.001000s ]
INFO: [ app_begin ] --END-- [ RunTime:0.001000s ]
INFO: [ view_parse ] --START--
INFO: [ template_filter ] --START--
INFO: Run Behavior\ContentReplaceBehavior [ RunTime:0.000000s ]
INFO: [ template_filter ] --END-- [ RunTime:0.000000s ]
INFO: Run Behavior\ParseTemplateBehavior [ RunTime:0.014001s ]
INFO: [ view_parse ] --END-- [ RunTime:0.014001s ]
INFO: [ view_filter ] --START--
INFO: Run Behavior\WriteHtmlCacheBehavior [ RunTime:0.000000s ]
INFO: [ view_filter ] --END-- [ RunTime:0.000000s ]
INFO: [ app_end ] --START--
INFO: Run Behavior\ShowPageTraceBehavior [ RunTime:0.000000s ]
INFO: [ app_end ] --END-- [ RunTime:0.000000s ]

[ 2017-08-01T16:34:29+08:00 ] 127.0.0.1 /index.php/Admin/Login/verify
INFO: [ app_init ] --START--
INFO: Run Behavior\BuildLiteBehavior [ RunTime:0.000000s ]
INFO: [ app_init ] --END-- [ RunTime:0.001000s ]
INFO: [ app_begin ] --START--
INFO: Run Behavior\ReadHtmlCacheBehavior [ RunTime:0.000000s ]
INFO: [ app_begin ] --END-- [ RunTime:0.000000s ]
INFO: [ app_end ] --START--
INFO: Run Behavior\ShowPageTraceBehavior [ RunTime:0.000000s ]
INFO: [ app_end ] --END-- [ RunTime:0.000000s ]

[ 2017-08-01T16:34:38+08:00 ] 127.0.0.1 /index.php/admin/login/ajaxlogin.html
INFO: [ app_init ] --START--
INFO: Run Behavior\BuildLiteBehavior [ RunTime:0.000000s ]
INFO: [ app_init ] --END-- [ RunTime:0.000000s ]
INFO: [ app_begin ] --START--
INFO: Run Behavior\ReadHtmlCacheBehavior [ RunTime:0.001000s ]
INFO: [ app_begin ] --END-- [ RunTime:0.001000s ]
SQL: SHOW COLUMNS FROM `hwh_admin` [ RunTime:0.0120s ]
SQL: SELECT * FROM `hwh_admin` WHERE `username` = 'haozi' AND `password` = '5d14438a7c70719dc20a764ac92072b3' LIMIT 1   [ RunTime:0.0010s ]
SQL: SHOW COLUMNS FROM `hwh_admin_log` [ RunTime:0.0160s ]
SQL: INSERT INTO `hwh_admin_log` (`admin_id`,`login_ip`,`login_time`) VALUES ('1','127.0.0.1','2017:08:01 16:34:38') [ RunTime:0.0250s ]

[ 2017-08-01T16:34:38+08:00 ] 127.0.0.1 /index.php/admin/index/index.html
INFO: [ app_init ] --START--
INFO: Run Behavior\BuildLiteBehavior [ RunTime:0.000000s ]
INFO: [ app_init ] --END-- [ RunTime:0.001000s ]
INFO: [ app_begin ] --START--
INFO: Run Behavior\ReadHtmlCacheBehavior [ RunTime:0.001000s ]
INFO: [ app_begin ] --END-- [ RunTime:0.001000s ]
INFO: [ view_parse ] --START--
INFO: [ template_filter ] --START--
INFO: Run Behavior\ContentReplaceBehavior [ RunTime:0.000000s ]
INFO: [ template_filter ] --END-- [ RunTime:0.001000s ]
INFO: Run Behavior\ParseTemplateBehavior [ RunTime:0.011001s ]
INFO: [ view_parse ] --END-- [ RunTime:0.011001s ]
INFO: [ view_filter ] --START--
INFO: Run Behavior\WriteHtmlCacheBehavior [ RunTime:0.000000s ]
INFO: [ view_filter ] --END-- [ RunTime:0.000000s ]
INFO: [ app_end ] --START--
INFO: Run Behavior\ShowPageTraceBehavior [ RunTime:0.001000s ]
INFO: [ app_end ] --END-- [ RunTime:0.001000s ]

[ 2017-08-01T16:34:40+08:00 ] 127.0.0.1 /index.php/admin/index/design.html
INFO: [ app_init ] --START--
INFO: Run Behavior\BuildLiteBehavior [ RunTime:0.000000s ]
INFO: [ app_init ] --END-- [ RunTime:0.001000s ]
INFO: [ app_begin ] --START--
INFO: Run Behavior\ReadHtmlCacheBehavior [ RunTime:0.001000s ]
INFO: [ app_begin ] --END-- [ RunTime:0.001000s ]
ERR: 非法操作:design

[ 2017-08-01T16:34:43+08:00 ] 127.0.0.1 /index.php/admin/user/userlist.html
INFO: [ app_init ] --START--
INFO: Run Behavior\BuildLiteBehavior [ RunTime:0.000000s ]
INFO: [ app_init ] --END-- [ RunTime:0.000000s ]
INFO: [ app_begin ] --START--
INFO: Run Behavior\ReadHtmlCacheBehavior [ RunTime:0.000000s ]
INFO: [ app_begin ] --END-- [ RunTime:0.000000s ]
INFO: [ view_parse ] --START--
INFO: [ template_filter ] --START--
INFO: Run Behavior\ContentReplaceBehavior [ RunTime:0.000000s ]
INFO: [ template_filter ] --END-- [ RunTime:0.000000s ]
INFO: Run Behavior\ParseTemplateBehavior [ RunTime:0.009000s ]
INFO: [ view_parse ] --END-- [ RunTime:0.009000s ]
INFO: [ view_filter ] --START--
INFO: Run Behavior\WriteHtmlCacheBehavior [ RunTime:0.001000s ]
INFO: [ view_filter ] --END-- [ RunTime:0.001000s ]
INFO: [ app_end ] --START--
INFO: Run Behavior\ShowPageTraceBehavior [ RunTime:0.001000s ]
INFO: [ app_end ] --END-- [ RunTime:0.001000s ]

[ 2017-08-01T16:34:43+08:00 ] 127.0.0.1 /index.php/admin/yulu/yululistajax.html
INFO: [ app_init ] --START--
INFO: Run Behavior\BuildLiteBehavior [ RunTime:0.000000s ]
INFO: [ app_init ] --END-- [ RunTime:0.000000s ]
INFO: [ app_begin ] --START--
INFO: Run Behavior\ReadHtmlCacheBehavior [ RunTime:0.000000s ]
INFO: [ app_begin ] --END-- [ RunTime:0.000000s ]
SQL: SHOW COLUMNS FROM `hwh_yulu` [ RunTime:0.0030s ]
NOTIC: [8] Undefined variable: where D:\phpStudy\WWW\haozi\Application\Admin\Controller\YuluController.class.php 第 96 行.
SQL: SELECT COUNT(*) AS tp_count FROM `hwh_yulu` LIMIT 1   [ RunTime:0.0000s ]
NOTIC: [8] Undefined variable: where D:\phpStudy\WWW\haozi\Application\Admin\Controller\YuluController.class.php 第 106 行.
NOTIC: [2] Invalid argument supplied for foreach() D:\phpStudy\WWW\haozi\Application\Admin\Controller\YuluController.class.php 第 106 行.
NOTIC: [8] Undefined variable: where D:\phpStudy\WWW\haozi\Application\Admin\Controller\YuluController.class.php 第 111 行.
SQL: SELECT `id`,`content`,`uid`,`uid_type`,`author`,`img`,`like_count`,`maketime`,`is_ok` FROM `hwh_yulu` ORDER BY id LIMIT 0,10   [ RunTime:0.0000s ]
INFO: [ app_end ] --START--
INFO: Run Behavior\ShowPageTraceBehavior [ RunTime:0.001000s ]
INFO: [ app_end ] --END-- [ RunTime:0.001000s ]

[ 2017-08-01T17:13:41+08:00 ] 127.0.0.1 /index.php/admin/user/userlist.html
INFO: [ app_init ] --START--
INFO: Run Behavior\BuildLiteBehavior [ RunTime:0.000000s ]
INFO: [ app_init ] --END-- [ RunTime:0.000000s ]
INFO: [ app_begin ] --START--
INFO: Run Behavior\ReadHtmlCacheBehavior [ RunTime:0.000000s ]
INFO: [ app_begin ] --END-- [ RunTime:0.000000s ]
INFO: [ view_parse ] --START--
INFO: [ template_filter ] --START--
INFO: Run Behavior\ContentReplaceBehavior [ RunTime:0.000000s ]
INFO: [ template_filter ] --END-- [ RunTime:0.000000s ]
INFO: Run Behavior\ParseTemplateBehavior [ RunTime:0.009001s ]
INFO: [ view_parse ] --END-- [ RunTime:0.009001s ]
INFO: [ view_filter ] --START--
INFO: Run Behavior\WriteHtmlCacheBehavior [ RunTime:0.001000s ]
INFO: [ view_filter ] --END-- [ RunTime:0.001000s ]
INFO: [ app_end ] --START--
INFO: Run Behavior\ShowPageTraceBehavior [ RunTime:0.001000s ]
INFO: [ app_end ] --END-- [ RunTime:0.001000s ]

[ 2017-08-01T17:14:03+08:00 ] 127.0.0.1 /index.php/admin/user/userlist.html
INFO: [ app_init ] --START--
INFO: Run Behavior\BuildLiteBehavior [ RunTime:0.000000s ]
INFO: [ app_init ] --END-- [ RunTime:0.000000s ]
INFO: [ app_begin ] --START--
INFO: Run Behavior\ReadHtmlCacheBehavior [ RunTime:0.000000s ]
INFO: [ app_begin ] --END-- [ RunTime:0.000000s ]
INFO: [ view_parse ] --START--
INFO: [ template_filter ] --START--
INFO: Run Behavior\ContentReplaceBehavior [ RunTime:0.000000s ]
INFO: [ template_filter ] --END-- [ RunTime:0.000000s ]
INFO: Run Behavior\ParseTemplateBehavior [ RunTime:0.006000s ]
INFO: [ view_parse ] --END-- [ RunTime:0.006000s ]
INFO: [ view_filter ] --START--
INFO: Run Behavior\WriteHtmlCacheBehavior [ RunTime:0.001000s ]
INFO: [ view_filter ] --END-- [ RunTime:0.001000s ]
INFO: [ app_end ] --START--
INFO: Run Behavior\ShowPageTraceBehavior [ RunTime:0.000000s ]
INFO: [ app_end ] --END-- [ RunTime:0.000000s ]

[ 2017-08-01T17:14:36+08:00 ] 127.0.0.1 /index.php/admin/user/userlist.html
INFO: [ app_init ] --START--
INFO: Run Behavior\BuildLiteBehavior [ RunTime:0.000000s ]
INFO: [ app_init ] --END-- [ RunTime:0.001000s ]
INFO: [ app_begin ] --START--
INFO: Run Behavior\ReadHtmlCacheBehavior [ RunTime:0.000000s ]
INFO: [ app_begin ] --END-- [ RunTime:0.000000s ]
INFO: [ view_parse ] --START--
INFO: [ template_filter ] --START--
INFO: Run Behavior\ContentReplaceBehavior [ RunTime:0.000000s ]
INFO: [ template_filter ] --END-- [ RunTime:0.000000s ]
INFO: Run Behavior\ParseTemplateBehavior [ RunTime:0.010001s ]
INFO: [ view_parse ] --END-- [ RunTime:0.011001s ]
INFO: [ view_filter ] --START--
INFO: Run Behavior\WriteHtmlCacheBehavior [ RunTime:0.000000s ]
INFO: [ view_filter ] --END-- [ RunTime:0.000000s ]
INFO: [ app_end ] --START--
INFO: Run Behavior\ShowPageTraceBehavior [ RunTime:0.001000s ]
INFO: [ app_end ] --END-- [ RunTime:0.001000s ]

[ 2017-08-01T17:14:58+08:00 ] 127.0.0.1 /index.php/admin/user/userlist.html
INFO: [ app_init ] --START--
INFO: Run Behavior\BuildLiteBehavior [ RunTime:0.000000s ]
INFO: [ app_init ] --END-- [ RunTime:0.000000s ]
INFO: [ app_begin ] --START--
INFO: Run Behavior\ReadHtmlCacheBehavior [ RunTime:0.001000s ]
INFO: [ app_begin ] --END-- [ RunTime:0.001000s ]
INFO: [ view_parse ] --START--
INFO: [ template_filter ] --START--
INFO: Run Behavior\ContentReplaceBehavior [ RunTime:0.000000s ]
INFO: [ template_filter ] --END-- [ RunTime:0.000000s ]
INFO: Run Behavior\ParseTemplateBehavior [ RunTime:0.009000s ]
INFO: [ view_parse ] --END-- [ RunTime:0.009000s ]
INFO: [ view_filter ] --START--
INFO: Run Behavior\WriteHtmlCacheBehavior [ RunTime:0.000000s ]
INFO: [ view_filter ] --END-- [ RunTime:0.000000s ]
INFO: [ app_end ] --START--
INFO: Run Behavior\ShowPageTraceBehavior [ RunTime:0.000000s ]
INFO: [ app_end ] --END-- [ RunTime:0.000000s ]

[ 2017-08-01T17:14:58+08:00 ] 127.0.0.1 /index.php/admin/user/userlistajax.html
INFO: [ app_init ] --START--
INFO: Run Behavior\BuildLiteBehavior [ RunTime:0.000000s ]
INFO: [ app_init ] --END-- [ RunTime:0.000000s ]
INFO: [ app_begin ] --START--
INFO: Run Behavior\ReadHtmlCacheBehavior [ RunTime:0.001000s ]
INFO: [ app_begin ] --END-- [ RunTime:0.001000s ]
SQL: SHOW COLUMNS FROM `hwh_user` [ RunTime:0.0030s ]
NOTIC: [8] Undefined variable: where D:\phpStudy\WWW\haozi\Application\Admin\Controller\UserController.class.php 第 35 行.
SQL: SELECT COUNT(*) AS tp_count FROM hwh_user u LIMIT 1   [ RunTime:0.0000s ]
NOTIC: [8] Undefined variable: where D:\phpStudy\WWW\haozi\Application\Admin\Controller\UserController.class.php 第 45 行.
NOTIC: [2] Invalid argument supplied for foreach() D:\phpStudy\WWW\haozi\Application\Admin\Controller\UserController.class.php 第 45 行.
NOTIC: [8] Undefined variable: where D:\phpStudy\WWW\haozi\Application\Admin\Controller\UserController.class.php 第 53 行.
SQL: SELECT u.username,u.nickname,u.u_birthday,u.u_img,u.email,u.states,u.qq_openid,u.regist_time,q.qq_nickname,q.qq_img FROM hwh_user u left JOIN hwh_user_qq q on q.qq_openid = u.qq_openid  LIMIT 0,10   [ RunTime:0.0010s ]
INFO: [ app_end ] --START--
INFO: Run Behavior\ShowPageTraceBehavior [ RunTime:0.000000s ]
INFO: [ app_end ] --END-- [ RunTime:0.000000s ]

[ 2017-08-01T17:14:58+08:00 ] 127.0.0.1 /index.php/admin/user/null
INFO: [ app_init ] --START--
INFO: Run Behavior\BuildLiteBehavior [ RunTime:0.000000s ]
INFO: [ app_init ] --END-- [ RunTime:0.001000s ]
INFO: [ app_begin ] --START--
INFO: Run Behavior\ReadHtmlCacheBehavior [ RunTime:0.000000s ]
INFO: [ app_begin ] --END-- [ RunTime:0.000000s ]
ERR: 非法操作:null

[ 2017-08-01T17:15:51+08:00 ] 127.0.0.1 /index.php/admin/user/userlist.html
INFO: [ app_init ] --START--
INFO: Run Behavior\BuildLiteBehavior [ RunTime:0.000000s ]
INFO: [ app_init ] --END-- [ RunTime:0.000000s ]
INFO: [ app_begin ] --START--
INFO: Run Behavior\ReadHtmlCacheBehavior [ RunTime:0.001000s ]
INFO: [ app_begin ] --END-- [ RunTime:0.001000s ]
INFO: [ view_parse ] --START--
INFO: [ template_filter ] --START--
INFO: Run Behavior\ContentReplaceBehavior [ RunTime:0.000000s ]
INFO: [ template_filter ] --END-- [ RunTime:0.000000s ]
INFO: Run Behavior\ParseTemplateBehavior [ RunTime:0.008000s ]
INFO: [ view_parse ] --END-- [ RunTime:0.008000s ]
INFO: [ view_filter ] --START--
INFO: Run Behavior\WriteHtmlCacheBehavior [ RunTime:0.001000s ]
INFO: [ view_filter ] --END-- [ RunTime:0.001000s ]
INFO: [ app_end ] --START--
INFO: Run Behavior\ShowPageTraceBehavior [ RunTime:0.001000s ]
INFO: [ app_end ] --END-- [ RunTime:0.001000s ]

[ 2017-08-01T17:15:52+08:00 ] 127.0.0.1 /index.php/admin/user/userlistajax.html
INFO: [ app_init ] --START--
INFO: Run Behavior\BuildLiteBehavior [ RunTime:0.000000s ]
INFO: [ app_init ] --END-- [ RunTime:0.000000s ]
INFO: [ app_begin ] --START--
INFO: Run Behavior\ReadHtmlCacheBehavior [ RunTime:0.001000s ]
INFO: [ app_begin ] --END-- [ RunTime:0.001000s ]
SQL: SHOW COLUMNS FROM `hwh_user` [ RunTime:0.0030s ]
NOTIC: [8] Undefined variable: where D:\phpStudy\WWW\haozi\Application\Admin\Controller\UserController.class.php 第 35 行.
SQL: SELECT COUNT(*) AS tp_count FROM hwh_user u LIMIT 1   [ RunTime:0.0000s ]
NOTIC: [8] Undefined variable: where D:\phpStudy\WWW\haozi\Application\Admin\Controller\UserController.class.php 第 45 行.
NOTIC: [2] Invalid argument supplied for foreach() D:\phpStudy\WWW\haozi\Application\Admin\Controller\UserController.class.php 第 45 行.
NOTIC: [8] Undefined variable: where D:\phpStudy\WWW\haozi\Application\Admin\Controller\UserController.class.php 第 53 行.
SQL: SELECT u.username,u.nickname,u.u_birthday,u.u_img,u.email,u.states,u.qq_openid,u.regist_time,q.qq_nickname,q.qq_img FROM hwh_user u left JOIN hwh_user_qq q on q.qq_openid = u.qq_openid  LIMIT 0,10   [ RunTime:0.0000s ]
INFO: [ app_end ] --START--
INFO: Run Behavior\ShowPageTraceBehavior [ RunTime:0.000000s ]
INFO: [ app_end ] --END-- [ RunTime:0.000000s ]

[ 2017-08-01T17:15:52+08:00 ] 127.0.0.1 /index.php/admin/user/null
INFO: [ app_init ] --START--
INFO: Run Behavior\BuildLiteBehavior [ RunTime:0.000000s ]
INFO: [ app_init ] --END-- [ RunTime:0.000000s ]
INFO: [ app_begin ] --START--
INFO: Run Behavior\ReadHtmlCacheBehavior [ RunTime:0.000000s ]
INFO: [ app_begin ] --END-- [ RunTime:0.000000s ]
ERR: 非法操作:null

[ 2017-08-01T17:25:55+08:00 ] 127.0.0.1 /index.php/admin/user/userlist.html
INFO: [ app_init ] --START--
INFO: Run Behavior\BuildLiteBehavior [ RunTime:0.000000s ]
INFO: [ app_init ] --END-- [ RunTime:0.000000s ]
INFO: [ app_begin ] --START--
INFO: Run Behavior\ReadHtmlCacheBehavior [ RunTime:0.000000s ]
INFO: [ app_begin ] --END-- [ RunTime:0.001000s ]
INFO: [ view_parse ] --START--
INFO: [ template_filter ] --START--
INFO: Run Behavior\ContentReplaceBehavior [ RunTime:0.000000s ]
INFO: [ template_filter ] --END-- [ RunTime:0.000000s ]
INFO: Run Behavior\ParseTemplateBehavior [ RunTime:0.006000s ]
INFO: [ view_parse ] --END-- [ RunTime:0.006000s ]
INFO: [ view_filter ] --START--
INFO: Run Behavior\WriteHtmlCacheBehavior [ RunTime:0.000000s ]
INFO: [ view_filter ] --END-- [ RunTime:0.000000s ]
INFO: [ app_end ] --START--
INFO: Run Behavior\ShowPageTraceBehavior [ RunTime:0.001000s ]
INFO: [ app_end ] --END-- [ RunTime:0.001000s ]

[ 2017-08-01T17:25:56+08:00 ] 127.0.0.1 /index.php/admin/user/userlistajax.html
INFO: [ app_init ] --START--
INFO: Run Behavior\BuildLiteBehavior [ RunTime:0.000000s ]
INFO: [ app_init ] --END-- [ RunTime:0.000000s ]
INFO: [ app_begin ] --START--
INFO: Run Behavior\ReadHtmlCacheBehavior [ RunTime:0.001001s ]
INFO: [ app_begin ] --END-- [ RunTime:0.001001s ]
SQL: SHOW COLUMNS FROM `hwh_user` [ RunTime:0.0030s ]
NOTIC: [8] Undefined variable: where D:\phpStudy\WWW\haozi\Application\Admin\Controller\UserController.class.php 第 35 行.
SQL: SELECT COUNT(*) AS tp_count FROM hwh_user u LIMIT 1   [ RunTime:0.0000s ]
NOTIC: [8] Undefined variable: where D:\phpStudy\WWW\haozi\Application\Admin\Controller\UserController.class.php 第 45 行.
NOTIC: [2] Invalid argument supplied for foreach() D:\phpStudy\WWW\haozi\Application\Admin\Controller\UserController.class.php 第 45 行.
NOTIC: [8] Undefined variable: where D:\phpStudy\WWW\haozi\Application\Admin\Controller\UserController.class.php 第 53 行.
SQL: SELECT u.username,u.nickname,u.u_birthday,u.u_img,u.email,u.states,u.qq_openid,u.regist_time,q.qq_nickname,q.qq_img FROM hwh_user u left JOIN hwh_user_qq q on q.qq_openid = u.qq_openid  LIMIT 0,10   [ RunTime:0.0010s ]
INFO: [ app_end ] --START--
INFO: Run Behavior\ShowPageTraceBehavior [ RunTime:0.000000s ]
INFO: [ app_end ] --END-- [ RunTime:0.000000s ]

[ 2017-08-01T17:25:56+08:00 ] 127.0.0.1 /index.php/admin/user/null
INFO: [ app_init ] --START--
INFO: Run Behavior\BuildLiteBehavior [ RunTime:0.000000s ]
INFO: [ app_init ] --END-- [ RunTime:0.000000s ]
INFO: [ app_begin ] --START--
INFO: Run Behavior\ReadHtmlCacheBehavior [ RunTime:0.000000s ]
INFO: [ app_begin ] --END-- [ RunTime:0.000000s ]
ERR: 非法操作:null

[ 2017-08-01T17:26:56+08:00 ] 127.0.0.1 /index.php/admin/user/userlist.html
INFO: [ app_init ] --START--
INFO: Run Behavior\BuildLiteBehavior [ RunTime:0.000000s ]
INFO: [ app_init ] --END-- [ RunTime:0.000000s ]
INFO: [ app_begin ] --START--
INFO: Run Behavior\ReadHtmlCacheBehavior [ RunTime:0.000000s ]
INFO: [ app_begin ] --END-- [ RunTime:0.000000s ]
INFO: [ view_parse ] --START--
INFO: [ template_filter ] --START--
INFO: Run Behavior\ContentReplaceBehavior [ RunTime:0.001000s ]
INFO: [ template_filter ] --END-- [ RunTime:0.001000s ]
INFO: Run Behavior\ParseTemplateBehavior [ RunTime:0.006000s ]
INFO: [ view_parse ] --END-- [ RunTime:0.006000s ]
INFO: [ view_filter ] --START--
INFO: Run Behavior\WriteHtmlCacheBehavior [ RunTime:0.000000s ]
INFO: [ view_filter ] --END-- [ RunTime:0.000000s ]
INFO: [ app_end ] --START--
INFO: Run Behavior\ShowPageTraceBehavior [ RunTime:0.001000s ]
INFO: [ app_end ] --END-- [ RunTime:0.001000s ]

[ 2017-08-01T17:26:56+08:00 ] 127.0.0.1 /index.php/admin/user/userlistajax.html
INFO: [ app_init ] --START--
INFO: Run Behavior\BuildLiteBehavior [ RunTime:0.000000s ]
INFO: [ app_init ] --END-- [ RunTime:0.000000s ]
INFO: [ app_begin ] --START--
INFO: Run Behavior\ReadHtmlCacheBehavior [ RunTime:0.001000s ]
INFO: [ app_begin ] --END-- [ RunTime:0.001000s ]
SQL: SHOW COLUMNS FROM `hwh_user` [ RunTime:0.0030s ]
NOTIC: [8] Undefined variable: where D:\phpStudy\WWW\haozi\Application\Admin\Controller\UserController.class.php 第 35 行.
SQL: SELECT COUNT(*) AS tp_count FROM hwh_user u LIMIT 1   [ RunTime:0.0000s ]
NOTIC: [8] Undefined variable: where D:\phpStudy\WWW\haozi\Application\Admin\Controller\UserController.class.php 第 45 行.
NOTIC: [2] Invalid argument supplied for foreach() D:\phpStudy\WWW\haozi\Application\Admin\Controller\UserController.class.php 第 45 行.
NOTIC: [8] Undefined variable: where D:\phpStudy\WWW\haozi\Application\Admin\Controller\UserController.class.php 第 53 行.
SQL: SELECT u.id,u.username,u.nickname,u.u_birthday,u.u_img,u.email,u.states,u.qq_openid,u.regist_time,q.qq_nickname,q.qq_img FROM hwh_user u left JOIN hwh_user_qq q on q.qq_openid = u.qq_openid  LIMIT 0,10   [ RunTime:0.0000s ]
INFO: [ app_end ] --START--
INFO: Run Behavior\ShowPageTraceBehavior [ RunTime:0.001000s ]
INFO: [ app_end ] --END-- [ RunTime:0.001000s ]

[ 2017-08-01T17:27:04+08:00 ] 127.0.0.1 /index.php/admin/user/null
INFO: [ app_init ] --START--
INFO: Run Behavior\BuildLiteBehavior [ RunTime:0.000000s ]
INFO: [ app_init ] --END-- [ RunTime:0.000000s ]
INFO: [ app_begin ] --START--
INFO: Run Behavior\ReadHtmlCacheBehavior [ RunTime:0.001000s ]
INFO: [ app_begin ] --END-- [ RunTime:0.001000s ]
ERR: 非法操作:null

[ 2017-08-01T17:27:42+08:00 ] 127.0.0.1 /index.php/admin/user/userlist.html
INFO: [ app_init ] --START--
INFO: Run Behavior\BuildLiteBehavior [ RunTime:0.000000s ]
INFO: [ app_init ] --END-- [ RunTime:0.000000s ]
INFO: [ app_begin ] --START--
INFO: Run Behavior\ReadHtmlCacheBehavior [ RunTime:0.000000s ]
INFO: [ app_begin ] --END-- [ RunTime:0.000000s ]
INFO: [ view_parse ] --START--
INFO: [ template_filter ] --START--
INFO: Run Behavior\ContentReplaceBehavior [ RunTime:0.000000s ]
INFO: [ template_filter ] --END-- [ RunTime:0.000000s ]
INFO: Run Behavior\ParseTemplateBehavior [ RunTime:0.006000s ]
INFO: [ view_parse ] --END-- [ RunTime:0.006000s ]
INFO: [ view_filter ] --START--
INFO: Run Behavior\WriteHtmlCacheBehavior [ RunTime:0.001000s ]
INFO: [ view_filter ] --END-- [ RunTime:0.001000s ]
INFO: [ app_end ] --START--
INFO: Run Behavior\ShowPageTraceBehavior [ RunTime:0.000000s ]
INFO: [ app_end ] --END-- [ RunTime:0.000000s ]

[ 2017-08-01T17:27:42+08:00 ] 127.0.0.1 /index.php/admin/user/userlistajax.html
INFO: [ app_init ] --START--
INFO: Run Behavior\BuildLiteBehavior [ RunTime:0.000000s ]
INFO: [ app_init ] --END-- [ RunTime:0.001000s ]
INFO: [ app_begin ] --START--
INFO: Run Behavior\ReadHtmlCacheBehavior [ RunTime:0.000000s ]
INFO: [ app_begin ] --END-- [ RunTime:0.000000s ]
SQL: SHOW COLUMNS FROM `hwh_user` [ RunTime:0.0030s ]
NOTIC: [8] Undefined variable: where D:\phpStudy\WWW\haozi\Application\Admin\Controller\UserController.class.php 第 35 行.
SQL: SELECT COUNT(*) AS tp_count FROM hwh_user u LIMIT 1   [ RunTime:0.0000s ]
NOTIC: [8] Undefined variable: where D:\phpStudy\WWW\haozi\Application\Admin\Controller\UserController.class.php 第 45 行.
NOTIC: [2] Invalid argument supplied for foreach() D:\phpStudy\WWW\haozi\Application\Admin\Controller\UserController.class.php 第 45 行.
NOTIC: [8] Undefined variable: where D:\phpStudy\WWW\haozi\Application\Admin\Controller\UserController.class.php 第 53 行.
SQL: SELECT u.id,u.username,u.nickname,u.u_birthday,u.u_img,u.email,u.states,u.qq_openid,u.regist_time,q.qq_nickname,q.qq_img FROM hwh_user u left JOIN hwh_user_qq q on q.qq_openid = u.qq_openid  LIMIT 0,10   [ RunTime:0.0000s ]
INFO: [ app_end ] --START--
INFO: Run Behavior\ShowPageTraceBehavior [ RunTime:0.001000s ]
INFO: [ app_end ] --END-- [ RunTime:0.001000s ]

[ 2017-08-01T17:27:42+08:00 ] 127.0.0.1 /index.php/admin/user/null
INFO: [ app_init ] --START--
INFO: Run Behavior\BuildLiteBehavior [ RunTime:0.000000s ]
INFO: [ app_init ] --END-- [ RunTime:0.000000s ]
INFO: [ app_begin ] --START--
INFO: Run Behavior\ReadHtmlCacheBehavior [ RunTime:0.000000s ]
INFO: [ app_begin ] --END-- [ RunTime:0.000000s ]
ERR: 非法操作:null

[ 2017-08-01T17:43:54+08:00 ] 127.0.0.1 /index.php/admin/user/userlist.html
INFO: [ app_init ] --START--
INFO: Run Behavior\BuildLiteBehavior [ RunTime:0.000000s ]
INFO: [ app_init ] --END-- [ RunTime:0.000000s ]
INFO: [ app_begin ] --START--
INFO: Run Behavior\ReadHtmlCacheBehavior [ RunTime:0.001001s ]
INFO: [ app_begin ] --END-- [ RunTime:0.001001s ]
INFO: [ view_parse ] --START--
INFO: [ template_filter ] --START--
INFO: Run Behavior\ContentReplaceBehavior [ RunTime:0.001000s ]
INFO: [ template_filter ] --END-- [ RunTime:0.001000s ]
INFO: Run Behavior\ParseTemplateBehavior [ RunTime:0.006000s ]
INFO: [ view_parse ] --END-- [ RunTime:0.006000s ]
INFO: [ view_filter ] --START--
INFO: Run Behavior\WriteHtmlCacheBehavior [ RunTime:0.000000s ]
INFO: [ view_filter ] --END-- [ RunTime:0.000000s ]
INFO: [ app_end ] --START--
INFO: Run Behavior\ShowPageTraceBehavior [ RunTime:0.001000s ]
INFO: [ app_end ] --END-- [ RunTime:0.001000s ]

[ 2017-08-01T17:43:54+08:00 ] 127.0.0.1 /index.php/admin/user/userlistajax.html
INFO: [ app_init ] --START--
INFO: Run Behavior\BuildLiteBehavior [ RunTime:0.001000s ]
INFO: [ app_init ] --END-- [ RunTime:0.001000s ]
INFO: [ app_begin ] --START--
INFO: Run Behavior\ReadHtmlCacheBehavior [ RunTime:0.000000s ]
INFO: [ app_begin ] --END-- [ RunTime:0.000000s ]
SQL: SHOW COLUMNS FROM `hwh_user` [ RunTime:0.0030s ]
NOTIC: [8] Undefined variable: where D:\phpStudy\WWW\haozi\Application\Admin\Controller\UserController.class.php 第 49 行.
SQL: SELECT COUNT(*) AS tp_count FROM hwh_user u LIMIT 1   [ RunTime:0.0000s ]
NOTIC: [8] Undefined variable: where D:\phpStudy\WWW\haozi\Application\Admin\Controller\UserController.class.php 第 59 行.
NOTIC: [2] Invalid argument supplied for foreach() D:\phpStudy\WWW\haozi\Application\Admin\Controller\UserController.class.php 第 59 行.
NOTIC: [8] Undefined variable: where D:\phpStudy\WWW\haozi\Application\Admin\Controller\UserController.class.php 第 67 行.
SQL: SELECT u.id,u.username,u.nickname,u.u_birthday,u.u_img,u.email,u.states,u.qq_openid,u.regist_time,u.is_black,q.qq_nickname,q.qq_img FROM hwh_user u left JOIN hwh_user_qq q on q.qq_openid = u.qq_openid  LIMIT 0,10   [ RunTime:0.0010s ]
INFO: [ app_end ] --START--
INFO: Run Behavior\ShowPageTraceBehavior [ RunTime:0.000000s ]
INFO: [ app_end ] --END-- [ RunTime:0.000000s ]

[ 2017-08-01T17:43:55+08:00 ] 127.0.0.1 /index.php/admin/user/null
INFO: [ app_init ] --START--
INFO: Run Behavior\BuildLiteBehavior [ RunTime:0.000000s ]
INFO: [ app_init ] --END-- [ RunTime:0.000000s ]
INFO: [ app_begin ] --START--
INFO: Run Behavior\ReadHtmlCacheBehavior [ RunTime:0.000000s ]
INFO: [ app_begin ] --END-- [ RunTime:0.000000s ]
ERR: 非法操作:null

[ 2017-08-01T17:44:13+08:00 ] 127.0.0.1 /index.php/admin/user/userlist.html
INFO: [ app_init ] --START--
INFO: Run Behavior\BuildLiteBehavior [ RunTime:0.000000s ]
INFO: [ app_init ] --END-- [ RunTime:0.000000s ]
INFO: [ app_begin ] --START--
INFO: Run Behavior\ReadHtmlCacheBehavior [ RunTime:0.000000s ]
INFO: [ app_begin ] --END-- [ RunTime:0.000000s ]
INFO: [ view_parse ] --START--
INFO: [ template_filter ] --START--
INFO: Run Behavior\ContentReplaceBehavior [ RunTime:0.000000s ]
INFO: [ template_filter ] --END-- [ RunTime:0.000000s ]
INFO: Run Behavior\ParseTemplateBehavior [ RunTime:0.006000s ]
INFO: [ view_parse ] --END-- [ RunTime:0.006000s ]
INFO: [ view_filter ] --START--
INFO: Run Behavior\WriteHtmlCacheBehavior [ RunTime:0.000000s ]
INFO: [ view_filter ] --END-- [ RunTime:0.000000s ]
INFO: [ app_end ] --START--
INFO: Run Behavior\ShowPageTraceBehavior [ RunTime:0.000000s ]
INFO: [ app_end ] --END-- [ RunTime:0.001000s ]

[ 2017-08-01T17:44:14+08:00 ] 127.0.0.1 /index.php/admin/user/userlistajax.html
INFO: [ app_init ] --START--
INFO: Run Behavior\BuildLiteBehavior [ RunTime:0.000000s ]
INFO: [ app_init ] --END-- [ RunTime:0.000000s ]
INFO: [ app_begin ] --START--
INFO: Run Behavior\ReadHtmlCacheBehavior [ RunTime:0.000000s ]
INFO: [ app_begin ] --END-- [ RunTime:0.000000s ]
SQL: SHOW COLUMNS FROM `hwh_user` [ RunTime:0.0030s ]
NOTIC: [8] Undefined variable: where D:\phpStudy\WWW\haozi\Application\Admin\Controller\UserController.class.php 第 49 行.
SQL: SELECT COUNT(*) AS tp_count FROM hwh_user u LIMIT 1   [ RunTime:0.0000s ]
NOTIC: [8] Undefined variable: where D:\phpStudy\WWW\haozi\Application\Admin\Controller\UserController.class.php 第 59 行.
NOTIC: [2] Invalid argument supplied for foreach() D:\phpStudy\WWW\haozi\Application\Admin\Controller\UserController.class.php 第 59 行.
NOTIC: [8] Undefined variable: where D:\phpStudy\WWW\haozi\Application\Admin\Controller\UserController.class.php 第 67 行.
SQL: SELECT u.id,u.username,u.nickname,u.u_birthday,u.u_img,u.email,u.states,u.qq_openid,u.regist_time,u.is_black,q.qq_nickname,q.qq_img FROM hwh_user u left JOIN hwh_user_qq q on q.qq_openid = u.qq_openid  LIMIT 0,10   [ RunTime:0.0000s ]
INFO: [ app_end ] --START--
INFO: Run Behavior\ShowPageTraceBehavior [ RunTime:0.001000s ]
INFO: [ app_end ] --END-- [ RunTime:0.001000s ]

[ 2017-08-01T17:44:14+08:00 ] 127.0.0.1 /index.php/admin/user/null
INFO: [ app_init ] --START--
INFO: Run Behavior\BuildLiteBehavior [ RunTime:0.000000s ]
INFO: [ app_init ] --END-- [ RunTime:0.001000s ]
INFO: [ app_begin ] --START--
INFO: Run Behavior\ReadHtmlCacheBehavior [ RunTime:0.000000s ]
INFO: [ app_begin ] --END-- [ RunTime:0.000000s ]
ERR: 非法操作:null

[ 2017-08-01T17:44:17+08:00 ] 127.0.0.1 /index.php/admin/user/userlist.html
INFO: [ app_init ] --START--
INFO: Run Behavior\BuildLiteBehavior [ RunTime:0.000000s ]
INFO: [ app_init ] --END-- [ RunTime:0.001000s ]
INFO: [ app_begin ] --START--
INFO: Run Behavior\ReadHtmlCacheBehavior [ RunTime:0.001000s ]
INFO: [ app_begin ] --END-- [ RunTime:0.001000s ]
INFO: [ view_parse ] --START--
INFO: [ template_filter ] --START--
INFO: Run Behavior\ContentReplaceBehavior [ RunTime:0.001000s ]
INFO: [ template_filter ] --END-- [ RunTime:0.001000s ]
INFO: Run Behavior\ParseTemplateBehavior [ RunTime:0.010001s ]
INFO: [ view_parse ] --END-- [ RunTime:0.010001s ]
INFO: [ view_filter ] --START--
INFO: Run Behavior\WriteHtmlCacheBehavior [ RunTime:0.001000s ]
INFO: [ view_filter ] --END-- [ RunTime:0.001000s ]
INFO: [ app_end ] --START--
INFO: Run Behavior\ShowPageTraceBehavior [ RunTime:0.001000s ]
INFO: [ app_end ] --END-- [ RunTime:0.001000s ]

[ 2017-08-01T17:44:17+08:00 ] 127.0.0.1 /index.php/admin/user/userlistajax.html
INFO: [ app_init ] --START--
INFO: Run Behavior\BuildLiteBehavior [ RunTime:0.000000s ]
INFO: [ app_init ] --END-- [ RunTime:0.000000s ]
INFO: [ app_begin ] --START--
INFO: Run Behavior\ReadHtmlCacheBehavior [ RunTime:0.000000s ]
INFO: [ app_begin ] --END-- [ RunTime:0.000000s ]
SQL: SHOW COLUMNS FROM `hwh_user` [ RunTime:0.0020s ]
NOTIC: [8] Undefined variable: where D:\phpStudy\WWW\haozi\Application\Admin\Controller\UserController.class.php 第 49 行.
SQL: SELECT COUNT(*) AS tp_count FROM hwh_user u LIMIT 1   [ RunTime:0.0000s ]
NOTIC: [8] Undefined variable: where D:\phpStudy\WWW\haozi\Application\Admin\Controller\UserController.class.php 第 59 行.
NOTIC: [2] Invalid argument supplied for foreach() D:\phpStudy\WWW\haozi\Application\Admin\Controller\UserController.class.php 第 59 行.
NOTIC: [8] Undefined variable: where D:\phpStudy\WWW\haozi\Application\Admin\Controller\UserController.class.php 第 67 行.
SQL: SELECT u.id,u.username,u.nickname,u.u_birthday,u.u_img,u.email,u.states,u.qq_openid,u.regist_time,u.is_black,q.qq_nickname,q.qq_img FROM hwh_user u left JOIN hwh_user_qq q on q.qq_openid = u.qq_openid  LIMIT 0,10   [ RunTime:0.0000s ]
INFO: [ app_end ] --START--
INFO: Run Behavior\ShowPageTraceBehavior [ RunTime:0.000000s ]
INFO: [ app_end ] --END-- [ RunTime:0.000000s ]

[ 2017-08-01T17:44:21+08:00 ] 127.0.0.1 /index.php/admin/user/userlist.html
INFO: [ app_init ] --START--
INFO: Run Behavior\BuildLiteBehavior [ RunTime:0.000000s ]
INFO: [ app_init ] --END-- [ RunTime:0.001000s ]
INFO: [ app_begin ] --START--
INFO: Run Behavior\ReadHtmlCacheBehavior [ RunTime:0.001000s ]
INFO: [ app_begin ] --END-- [ RunTime:0.001000s ]
INFO: [ view_parse ] --START--
INFO: [ template_filter ] --START--
INFO: Run Behavior\ContentReplaceBehavior [ RunTime:0.000000s ]
INFO: [ template_filter ] --END-- [ RunTime:0.000000s ]
INFO: Run Behavior\ParseTemplateBehavior [ RunTime:0.008000s ]
INFO: [ view_parse ] --END-- [ RunTime:0.008000s ]
INFO: [ view_filter ] --START--
INFO: Run Behavior\WriteHtmlCacheBehavior [ RunTime:0.001000s ]
INFO: [ view_filter ] --END-- [ RunTime:0.001000s ]
INFO: [ app_end ] --START--
INFO: Run Behavior\ShowPageTraceBehavior [ RunTime:0.000000s ]
INFO: [ app_end ] --END-- [ RunTime:0.000000s ]

[ 2017-08-01T17:44:21+08:00 ] 127.0.0.1 /index.php/admin/user/userlistajax.html
INFO: [ app_init ] --START--
INFO: Run Behavior\BuildLiteBehavior [ RunTime:0.000000s ]
INFO: [ app_init ] --END-- [ RunTime:0.000000s ]
INFO: [ app_begin ] --START--
INFO: Run Behavior\ReadHtmlCacheBehavior [ RunTime:0.001000s ]
INFO: [ app_begin ] --END-- [ RunTime:0.001000s ]
SQL: SHOW COLUMNS FROM `hwh_user` [ RunTime:0.0030s ]
NOTIC: [8] Undefined variable: where D:\phpStudy\WWW\haozi\Application\Admin\Controller\UserController.class.php 第 49 行.
SQL: SELECT COUNT(*) AS tp_count FROM hwh_user u LIMIT 1   [ RunTime:0.0000s ]
NOTIC: [8] Undefined variable: where D:\phpStudy\WWW\haozi\Application\Admin\Controller\UserController.class.php 第 59 行.
NOTIC: [2] Invalid argument supplied for foreach() D:\phpStudy\WWW\haozi\Application\Admin\Controller\UserController.class.php 第 59 行.
NOTIC: [8] Undefined variable: where D:\phpStudy\WWW\haozi\Application\Admin\Controller\UserController.class.php 第 67 行.
SQL: SELECT u.id,u.username,u.nickname,u.u_birthday,u.u_img,u.email,u.states,u.qq_openid,u.regist_time,u.is_black,q.qq_nickname,q.qq_img FROM hwh_user u left JOIN hwh_user_qq q on q.qq_openid = u.qq_openid  LIMIT 0,10   [ RunTime:0.0010s ]
INFO: [ app_end ] --START--
INFO: Run Behavior\ShowPageTraceBehavior [ RunTime:0.000000s ]
INFO: [ app_end ] --END-- [ RunTime:0.000000s ]

[ 2017-08-01T17:44:44+08:00 ] 127.0.0.1 /index.php/admin/user/userlist.html
INFO: [ app_init ] --START--
INFO: Run Behavior\BuildLiteBehavior [ RunTime:0.000000s ]
INFO: [ app_init ] --END-- [ RunTime:0.000000s ]
INFO: [ app_begin ] --START--
INFO: Run Behavior\ReadHtmlCacheBehavior [ RunTime:0.000000s ]
INFO: [ app_begin ] --END-- [ RunTime:0.000000s ]
INFO: [ view_parse ] --START--
INFO: [ template_filter ] --START--
INFO: Run Behavior\ContentReplaceBehavior [ RunTime:0.000000s ]
INFO: [ template_filter ] --END-- [ RunTime:0.000000s ]
INFO: Run Behavior\ParseTemplateBehavior [ RunTime:0.008000s ]
INFO: [ view_parse ] --END-- [ RunTime:0.008000s ]
INFO: [ view_filter ] --START--
INFO: Run Behavior\WriteHtmlCacheBehavior [ RunTime:0.001000s ]
INFO: [ view_filter ] --END-- [ RunTime:0.001000s ]
INFO: [ app_end ] --START--
INFO: Run Behavior\ShowPageTraceBehavior [ RunTime:0.000000s ]
INFO: [ app_end ] --END-- [ RunTime:0.000000s ]

[ 2017-08-01T17:44:45+08:00 ] 127.0.0.1 /index.php/admin/user/userlistajax.html
INFO: [ app_init ] --START--
INFO: Run Behavior\BuildLiteBehavior [ RunTime:0.000000s ]
INFO: [ app_init ] --END-- [ RunTime:0.000000s ]
INFO: [ app_begin ] --START--
INFO: Run Behavior\ReadHtmlCacheBehavior [ RunTime:0.000000s ]
INFO: [ app_begin ] --END-- [ RunTime:0.000000s ]
SQL: SHOW COLUMNS FROM `hwh_user` [ RunTime:0.0030s ]
NOTIC: [8] Undefined variable: where D:\phpStudy\WWW\haozi\Application\Admin\Controller\UserController.class.php 第 49 行.
SQL: SELECT COUNT(*) AS tp_count FROM hwh_user u LIMIT 1   [ RunTime:0.0000s ]
NOTIC: [8] Undefined variable: where D:\phpStudy\WWW\haozi\Application\Admin\Controller\UserController.class.php 第 59 行.
NOTIC: [2] Invalid argument supplied for foreach() D:\phpStudy\WWW\haozi\Application\Admin\Controller\UserController.class.php 第 59 行.
NOTIC: [8] Undefined variable: where D:\phpStudy\WWW\haozi\Application\Admin\Controller\UserController.class.php 第 67 行.
SQL: SELECT u.id,u.username,u.nickname,u.u_birthday,u.u_img,u.email,u.states,u.qq_openid,u.regist_time,u.is_black,q.qq_nickname,q.qq_img FROM hwh_user u left JOIN hwh_user_qq q on q.qq_openid = u.qq_openid  LIMIT 0,10   [ RunTime:0.0000s ]
INFO: [ app_end ] --START--
INFO: Run Behavior\ShowPageTraceBehavior [ RunTime:0.000000s ]
INFO: [ app_end ] --END-- [ RunTime:0.000000s ]

[ 2017-08-01T17:44:51+08:00 ] 127.0.0.1 /index.php/admin/user/userlist.html
INFO: [ app_init ] --START--
INFO: Run Behavior\BuildLiteBehavior [ RunTime:0.000000s ]
INFO: [ app_init ] --END-- [ RunTime:0.001000s ]
INFO: [ app_begin ] --START--
INFO: Run Behavior\ReadHtmlCacheBehavior [ RunTime:0.000000s ]
INFO: [ app_begin ] --END-- [ RunTime:0.000000s ]
INFO: [ view_parse ] --START--
INFO: [ template_filter ] --START--
INFO: Run Behavior\ContentReplaceBehavior [ RunTime:0.000000s ]
INFO: [ template_filter ] --END-- [ RunTime:0.000000s ]
INFO: Run Behavior\ParseTemplateBehavior [ RunTime:0.010000s ]
INFO: [ view_parse ] --END-- [ RunTime:0.010000s ]
INFO: [ view_filter ] --START--
INFO: Run Behavior\WriteHtmlCacheBehavior [ RunTime:0.000000s ]
INFO: [ view_filter ] --END-- [ RunTime:0.000000s ]
INFO: [ app_end ] --START--
INFO: Run Behavior\ShowPageTraceBehavior [ RunTime:0.001000s ]
INFO: [ app_end ] --END-- [ RunTime:0.001000s ]

[ 2017-08-01T17:44:51+08:00 ] 127.0.0.1 /index.php/admin/user/userlistajax.html
INFO: [ app_init ] --START--
INFO: Run Behavior\BuildLiteBehavior [ RunTime:0.000000s ]
INFO: [ app_init ] --END-- [ RunTime:0.000000s ]
INFO: [ app_begin ] --START--
INFO: Run Behavior\ReadHtmlCacheBehavior [ RunTime:0.000000s ]
INFO: [ app_begin ] --END-- [ RunTime:0.000000s ]
SQL: SHOW COLUMNS FROM `hwh_user` [ RunTime:0.0030s ]
NOTIC: [8] Undefined variable: where D:\phpStudy\WWW\haozi\Application\Admin\Controller\UserController.class.php 第 49 行.
SQL: SELECT COUNT(*) AS tp_count FROM hwh_user u LIMIT 1   [ RunTime:0.0000s ]
NOTIC: [8] Undefined variable: where D:\phpStudy\WWW\haozi\Application\Admin\Controller\UserController.class.php 第 59 行.
NOTIC: [2] Invalid argument supplied for foreach() D:\phpStudy\WWW\haozi\Application\Admin\Controller\UserController.class.php 第 59 行.
NOTIC: [8] Undefined variable: where D:\phpStudy\WWW\haozi\Application\Admin\Controller\UserController.class.php 第 67 行.
SQL: SELECT u.id,u.username,u.nickname,u.u_birthday,u.u_img,u.email,u.states,u.qq_openid,u.regist_time,u.is_black,q.qq_nickname,q.qq_img FROM hwh_user u left JOIN hwh_user_qq q on q.qq_openid = u.qq_openid  LIMIT 0,10   [ RunTime:0.0000s ]
INFO: [ app_end ] --START--
INFO: Run Behavior\ShowPageTraceBehavior [ RunTime:0.001000s ]
INFO: [ app_end ] --END-- [ RunTime:0.001000s ]

[ 2017-08-01T17:45:06+08:00 ] 127.0.0.1 /index.php/admin/user/null
INFO: [ app_init ] --START--
INFO: Run Behavior\BuildLiteBehavior [ RunTime:0.000000s ]
INFO: [ app_init ] --END-- [ RunTime:0.000000s ]
INFO: [ app_begin ] --START--
INFO: Run Behavior\ReadHtmlCacheBehavior [ RunTime:0.000000s ]
INFO: [ app_begin ] --END-- [ RunTime:0.000000s ]
ERR: 非法操作:null

[ 2017-08-01T17:47:02+08:00 ] 127.0.0.1 /index.php/admin/user/userlist.html
INFO: [ app_init ] --START--
INFO: Run Behavior\BuildLiteBehavior [ RunTime:0.000000s ]
INFO: [ app_init ] --END-- [ RunTime:0.000000s ]
INFO: [ app_begin ] --START--
INFO: Run Behavior\ReadHtmlCacheBehavior [ RunTime:0.001000s ]
INFO: [ app_begin ] --END-- [ RunTime:0.001000s ]
INFO: [ view_parse ] --START--
INFO: [ template_filter ] --START--
INFO: Run Behavior\ContentReplaceBehavior [ RunTime:0.000000s ]
INFO: [ template_filter ] --END-- [ RunTime:0.000000s ]
INFO: Run Behavior\ParseTemplateBehavior [ RunTime:0.007000s ]
INFO: [ view_parse ] --END-- [ RunTime:0.007000s ]
INFO: [ view_filter ] --START--
INFO: Run Behavior\WriteHtmlCacheBehavior [ RunTime:0.001000s ]
INFO: [ view_filter ] --END-- [ RunTime:0.001000s ]
INFO: [ app_end ] --START--
INFO: Run Behavior\ShowPageTraceBehavior [ RunTime:0.000000s ]
INFO: [ app_end ] --END-- [ RunTime:0.000000s ]

[ 2017-08-01T17:47:02+08:00 ] 127.0.0.1 /index.php/admin/user/userlistajax.html
INFO: [ app_init ] --START--
INFO: Run Behavior\BuildLiteBehavior [ RunTime:0.000000s ]
INFO: [ app_init ] --END-- [ RunTime:0.000000s ]
INFO: [ app_begin ] --START--
INFO: Run Behavior\ReadHtmlCacheBehavior [ RunTime:0.001000s ]
INFO: [ app_begin ] --END-- [ RunTime:0.001000s ]
SQL: SHOW COLUMNS FROM `hwh_user` [ RunTime:0.0030s ]
NOTIC: [8] Undefined variable: where D:\phpStudy\WWW\haozi\Application\Admin\Controller\UserController.class.php 第 49 行.
SQL: SELECT COUNT(*) AS tp_count FROM hwh_user u LIMIT 1   [ RunTime:0.0000s ]
NOTIC: [8] Undefined variable: where D:\phpStudy\WWW\haozi\Application\Admin\Controller\UserController.class.php 第 59 行.
NOTIC: [2] Invalid argument supplied for foreach() D:\phpStudy\WWW\haozi\Application\Admin\Controller\UserController.class.php 第 59 行.
NOTIC: [8] Undefined variable: where D:\phpStudy\WWW\haozi\Application\Admin\Controller\UserController.class.php 第 67 行.
SQL: SELECT u.id,u.username,u.nickname,u.u_birthday,u.u_img,u.email,u.states,u.qq_openid,u.regist_time,u.is_black,q.qq_nickname,q.qq_img FROM hwh_user u left JOIN hwh_user_qq q on q.qq_openid = u.qq_openid  LIMIT 0,10   [ RunTime:0.0000s ]
INFO: [ app_end ] --START--
INFO: Run Behavior\ShowPageTraceBehavior [ RunTime:0.001000s ]
INFO: [ app_end ] --END-- [ RunTime:0.001000s ]

[ 2017-08-01T17:47:02+08:00 ] 127.0.0.1 /index.php/admin/user/null
INFO: [ app_init ] --START--
INFO: Run Behavior\BuildLiteBehavior [ RunTime:0.000000s ]
INFO: [ app_init ] --END-- [ RunTime:0.000000s ]
INFO: [ app_begin ] --START--
INFO: Run Behavior\ReadHtmlCacheBehavior [ RunTime:0.001000s ]
INFO: [ app_begin ] --END-- [ RunTime:0.001000s ]
ERR: 非法操作:null

[ 2017-08-01T17:47:18+08:00 ] 127.0.0.1 /index.php/admin/user/addblackuser.html?id=2
INFO: [ app_init ] --START--
INFO: Run Behavior\BuildLiteBehavior [ RunTime:0.000000s ]
INFO: [ app_init ] --END-- [ RunTime:0.000000s ]
INFO: [ app_begin ] --START--
INFO: Run Behavior\ReadHtmlCacheBehavior [ RunTime:0.000000s ]
INFO: [ app_begin ] --END-- [ RunTime:0.000000s ]
SQL: SHOW COLUMNS FROM `hwh_user` [ RunTime:0.0050s ]
SQL: UPDATE `hwh_user` SET `is_black`='1' WHERE ( id=2 ) [ RunTime:0.0360s ]

[ 2017-08-01T17:47:18+08:00 ] 127.0.0.1 /index.php/admin/user/userlistajax.html
INFO: [ app_init ] --START--
INFO: Run Behavior\BuildLiteBehavior [ RunTime:0.000000s ]
INFO: [ app_init ] --END-- [ RunTime:0.000000s ]
INFO: [ app_begin ] --START--
INFO: Run Behavior\ReadHtmlCacheBehavior [ RunTime:0.000000s ]
INFO: [ app_begin ] --END-- [ RunTime:0.000000s ]
SQL: SHOW COLUMNS FROM `hwh_user` [ RunTime:0.0030s ]
NOTIC: [8] Undefined variable: where D:\phpStudy\WWW\haozi\Application\Admin\Controller\UserController.class.php 第 49 行.
SQL: SELECT COUNT(*) AS tp_count FROM hwh_user u LIMIT 1   [ RunTime:0.0000s ]
NOTIC: [8] Undefined variable: where D:\phpStudy\WWW\haozi\Application\Admin\Controller\UserController.class.php 第 59 行.
NOTIC: [2] Invalid argument supplied for foreach() D:\phpStudy\WWW\haozi\Application\Admin\Controller\UserController.class.php 第 59 行.
NOTIC: [8] Undefined variable: where D:\phpStudy\WWW\haozi\Application\Admin\Controller\UserController.class.php 第 67 行.
SQL: SELECT u.id,u.username,u.nickname,u.u_birthday,u.u_img,u.email,u.states,u.qq_openid,u.regist_time,u.is_black,q.qq_nickname,q.qq_img FROM hwh_user u left JOIN hwh_user_qq q on q.qq_openid = u.qq_openid  LIMIT 0,10   [ RunTime:0.0000s ]
INFO: [ app_end ] --START--
INFO: Run Behavior\ShowPageTraceBehavior [ RunTime:0.001000s ]
INFO: [ app_end ] --END-- [ RunTime:0.001000s ]

[ 2017-08-01T17:47:44+08:00 ] 127.0.0.1 /index.php/admin/user/userlist.html
INFO: [ app_init ] --START--
INFO: Run Behavior\BuildLiteBehavior [ RunTime:0.000000s ]
INFO: [ app_init ] --END-- [ RunTime:0.000000s ]
INFO: [ app_begin ] --START--
INFO: Run Behavior\ReadHtmlCacheBehavior [ RunTime:0.001000s ]
INFO: [ app_begin ] --END-- [ RunTime:0.001000s ]
INFO: [ view_parse ] --START--
INFO: [ template_filter ] --START--
INFO: Run Behavior\ContentReplaceBehavior [ RunTime:0.001000s ]
INFO: [ template_filter ] --END-- [ RunTime:0.001000s ]
INFO: Run Behavior\ParseTemplateBehavior [ RunTime:0.009001s ]
INFO: [ view_parse ] --END-- [ RunTime:0.009001s ]
INFO: [ view_filter ] --START--
INFO: Run Behavior\WriteHtmlCacheBehavior [ RunTime:0.000000s ]
INFO: [ view_filter ] --END-- [ RunTime:0.000000s ]
INFO: [ app_end ] --START--
INFO: Run Behavior\ShowPageTraceBehavior [ RunTime:0.000000s ]
INFO: [ app_end ] --END-- [ RunTime:0.000000s ]

[ 2017-08-01T17:47:44+08:00 ] 127.0.0.1 /index.php/admin/user/userlistajax.html
INFO: [ app_init ] --START--
INFO: Run Behavior\BuildLiteBehavior [ RunTime:0.000000s ]
INFO: [ app_init ] --END-- [ RunTime:0.000000s ]
INFO: [ app_begin ] --START--
INFO: Run Behavior\ReadHtmlCacheBehavior [ RunTime:0.001000s ]
INFO: [ app_begin ] --END-- [ RunTime:0.001000s ]
SQL: SHOW COLUMNS FROM `hwh_user` [ RunTime:0.0030s ]
NOTIC: [8] Undefined variable: where D:\phpStudy\WWW\haozi\Application\Admin\Controller\UserController.class.php 第 49 行.
SQL: SELECT COUNT(*) AS tp_count FROM hwh_user u LIMIT 1   [ RunTime:0.0000s ]
NOTIC: [8] Undefined variable: where D:\phpStudy\WWW\haozi\Application\Admin\Controller\UserController.class.php 第 59 行.
NOTIC: [2] Invalid argument supplied for foreach() D:\phpStudy\WWW\haozi\Application\Admin\Controller\UserController.class.php 第 59 行.
NOTIC: [8] Undefined variable: where D:\phpStudy\WWW\haozi\Application\Admin\Controller\UserController.class.php 第 67 行.
SQL: SELECT u.id,u.username,u.nickname,u.u_birthday,u.u_img,u.email,u.states,u.qq_openid,u.regist_time,u.is_black,q.qq_nickname,q.qq_img FROM hwh_user u left JOIN hwh_user_qq q on q.qq_openid = u.qq_openid  LIMIT 0,10   [ RunTime:0.0000s ]
INFO: [ app_end ] --START--
INFO: Run Behavior\ShowPageTraceBehavior [ RunTime:0.001000s ]
INFO: [ app_end ] --END-- [ RunTime:0.001000s ]

[ 2017-08-01T17:48:11+08:00 ] 127.0.0.1 /index.php/admin/user/null
INFO: [ app_init ] --START--
INFO: Run Behavior\BuildLiteBehavior [ RunTime:0.000000s ]
INFO: [ app_init ] --END-- [ RunTime:0.001000s ]
INFO: [ app_begin ] --START--
INFO: Run Behavior\ReadHtmlCacheBehavior [ RunTime:0.001000s ]
INFO: [ app_begin ] --END-- [ RunTime:0.001000s ]
ERR: 非法操作:null

[ 2017-08-01T17:49:47+08:00 ] 127.0.0.1 /index.php/admin/user/userlist.html
INFO: [ app_init ] --START--
INFO: Run Behavior\BuildLiteBehavior [ RunTime:0.000000s ]
INFO: [ app_init ] --END-- [ RunTime:0.001000s ]
INFO: [ app_begin ] --START--
INFO: Run Behavior\ReadHtmlCacheBehavior [ RunTime:0.001000s ]
INFO: [ app_begin ] --END-- [ RunTime:0.001000s ]
INFO: [ view_parse ] --START--
INFO: [ template_filter ] --START--
INFO: Run Behavior\ContentReplaceBehavior [ RunTime:0.000000s ]
INFO: [ template_filter ] --END-- [ RunTime:0.000000s ]
INFO: Run Behavior\ParseTemplateBehavior [ RunTime:0.007001s ]
INFO: [ view_parse ] --END-- [ RunTime:0.007001s ]
INFO: [ view_filter ] --START--
INFO: Run Behavior\WriteHtmlCacheBehavior [ RunTime:0.000000s ]
INFO: [ view_filter ] --END-- [ RunTime:0.000000s ]
INFO: [ app_end ] --START--
INFO: Run Behavior\ShowPageTraceBehavior [ RunTime:0.000000s ]
INFO: [ app_end ] --END-- [ RunTime:0.000000s ]

[ 2017-08-01T17:49:47+08:00 ] 127.0.0.1 /index.php/admin/user/userlistajax.html
INFO: [ app_init ] --START--
INFO: Run Behavior\BuildLiteBehavior [ RunTime:0.000000s ]
INFO: [ app_init ] --END-- [ RunTime:0.000000s ]
INFO: [ app_begin ] --START--
INFO: Run Behavior\ReadHtmlCacheBehavior [ RunTime:0.000000s ]
INFO: [ app_begin ] --END-- [ RunTime:0.000000s ]
SQL: SHOW COLUMNS FROM `hwh_user` [ RunTime:0.0030s ]
NOTIC: [8] Undefined variable: where D:\phpStudy\WWW\haozi\Application\Admin\Controller\UserController.class.php 第 49 行.
SQL: SELECT COUNT(*) AS tp_count FROM hwh_user u LIMIT 1   [ RunTime:0.0000s ]
NOTIC: [8] Undefined variable: where D:\phpStudy\WWW\haozi\Application\Admin\Controller\UserController.class.php 第 59 行.
NOTIC: [2] Invalid argument supplied for foreach() D:\phpStudy\WWW\haozi\Application\Admin\Controller\UserController.class.php 第 59 行.
NOTIC: [8] Undefined variable: where D:\phpStudy\WWW\haozi\Application\Admin\Controller\UserController.class.php 第 67 行.
SQL: SELECT u.id,u.username,u.nickname,u.u_birthday,u.u_img,u.email,u.states,u.qq_openid,u.regist_time,u.is_black,q.qq_nickname,q.qq_img FROM hwh_user u left JOIN hwh_user_qq q on q.qq_openid = u.qq_openid  LIMIT 0,1   [ RunTime:0.0000s ]
INFO: [ app_end ] --START--
INFO: Run Behavior\ShowPageTraceBehavior [ RunTime:0.001000s ]
INFO: [ app_end ] --END-- [ RunTime:0.001000s ]

[ 2017-08-01T17:49:47+08:00 ] 127.0.0.1 /index.php/admin/user/null
INFO: [ app_init ] --START--
INFO: Run Behavior\BuildLiteBehavior [ RunTime:0.000000s ]
INFO: [ app_init ] --END-- [ RunTime:0.000000s ]
INFO: [ app_begin ] --START--
INFO: Run Behavior\ReadHtmlCacheBehavior [ RunTime:0.000000s ]
INFO: [ app_begin ] --END-- [ RunTime:0.000000s ]
ERR: 非法操作:null

[ 2017-08-01T17:49:48+08:00 ] 127.0.0.1 /index.php/admin/user/userlistajax.html
INFO: [ app_init ] --START--
INFO: Run Behavior\BuildLiteBehavior [ RunTime:0.000000s ]
INFO: [ app_init ] --END-- [ RunTime:0.000000s ]
INFO: [ app_begin ] --START--
INFO: Run Behavior\ReadHtmlCacheBehavior [ RunTime:0.000000s ]
INFO: [ app_begin ] --END-- [ RunTime:0.001000s ]
SQL: SHOW COLUMNS FROM `hwh_user` [ RunTime:0.0040s ]
NOTIC: [8] Undefined variable: where D:\phpStudy\WWW\haozi\Application\Admin\Controller\UserController.class.php 第 49 行.
SQL: SELECT COUNT(*) AS tp_count FROM hwh_user u LIMIT 1   [ RunTime:0.0000s ]
NOTIC: [8] Undefined variable: where D:\phpStudy\WWW\haozi\Application\Admin\Controller\UserController.class.php 第 59 行.
NOTIC: [2] Invalid argument supplied for foreach() D:\phpStudy\WWW\haozi\Application\Admin\Controller\UserController.class.php 第 59 行.
NOTIC: [8] Undefined variable: where D:\phpStudy\WWW\haozi\Application\Admin\Controller\UserController.class.php 第 67 行.
SQL: SELECT u.id,u.username,u.nickname,u.u_birthday,u.u_img,u.email,u.states,u.qq_openid,u.regist_time,u.is_black,q.qq_nickname,q.qq_img FROM hwh_user u left JOIN hwh_user_qq q on q.qq_openid = u.qq_openid  LIMIT 1,1   [ RunTime:0.0000s ]
INFO: [ app_end ] --START--
INFO: Run Behavior\ShowPageTraceBehavior [ RunTime:0.001000s ]
INFO: [ app_end ] --END-- [ RunTime:0.001000s ]

[ 2017-08-01T17:49:50+08:00 ] 127.0.0.1 /index.php/admin/user/userlistajax.html
INFO: [ app_init ] --START--
INFO: Run Behavior\BuildLiteBehavior [ RunTime:0.000000s ]
INFO: [ app_init ] --END-- [ RunTime:0.000000s ]
INFO: [ app_begin ] --START--
INFO: Run Behavior\ReadHtmlCacheBehavior [ RunTime:0.001000s ]
INFO: [ app_begin ] --END-- [ RunTime:0.001000s ]
SQL: SHOW COLUMNS FROM `hwh_user` [ RunTime:0.0040s ]
NOTIC: [8] Undefined variable: where D:\phpStudy\WWW\haozi\Application\Admin\Controller\UserController.class.php 第 49 行.
SQL: SELECT COUNT(*) AS tp_count FROM hwh_user u LIMIT 1   [ RunTime:0.0010s ]
NOTIC: [8] Undefined variable: where D:\phpStudy\WWW\haozi\Application\Admin\Controller\UserController.class.php 第 59 行.
NOTIC: [2] Invalid argument supplied for foreach() D:\phpStudy\WWW\haozi\Application\Admin\Controller\UserController.class.php 第 59 行.
NOTIC: [8] Undefined variable: where D:\phpStudy\WWW\haozi\Application\Admin\Controller\UserController.class.php 第 67 行.
SQL: SELECT u.id,u.username,u.nickname,u.u_birthday,u.u_img,u.email,u.states,u.qq_openid,u.regist_time,u.is_black,q.qq_nickname,q.qq_img FROM hwh_user u left JOIN hwh_user_qq q on q.qq_openid = u.qq_openid  LIMIT 0,1   [ RunTime:0.0000s ]
INFO: [ app_end ] --START--
INFO: Run Behavior\ShowPageTraceBehavior [ RunTime:0.001000s ]
INFO: [ app_end ] --END-- [ RunTime:0.001000s ]

[ 2017-08-01T17:49:56+08:00 ] 127.0.0.1 /index.php/admin/user/null
INFO: [ app_init ] --START--
INFO: Run Behavior\BuildLiteBehavior [ RunTime:0.000000s ]
INFO: [ app_init ] --END-- [ RunTime:0.000000s ]
INFO: [ app_begin ] --START--
INFO: Run Behavior\ReadHtmlCacheBehavior [ RunTime:0.001000s ]
INFO: [ app_begin ] --END-- [ RunTime:0.001000s ]
ERR: 非法操作:null

[ 2017-08-01T17:50:59+08:00 ] 127.0.0.1 /index.php/admin/user/userlist.html
INFO: [ app_init ] --START--
INFO: Run Behavior\BuildLiteBehavior [ RunTime:0.000000s ]
INFO: [ app_init ] --END-- [ RunTime:0.000000s ]
INFO: [ app_begin ] --START--
INFO: Run Behavior\ReadHtmlCacheBehavior [ RunTime:0.000000s ]
INFO: [ app_begin ] --END-- [ RunTime:0.000000s ]
INFO: [ view_parse ] --START--
INFO: [ template_filter ] --START--
INFO: Run Behavior\ContentReplaceBehavior [ RunTime:0.000000s ]
INFO: [ template_filter ] --END-- [ RunTime:0.000000s ]
INFO: Run Behavior\ParseTemplateBehavior [ RunTime:0.006000s ]
INFO: [ view_parse ] --END-- [ RunTime:0.006000s ]
INFO: [ view_filter ] --START--
INFO: Run Behavior\WriteHtmlCacheBehavior [ RunTime:0.000000s ]
INFO: [ view_filter ] --END-- [ RunTime:0.000000s ]
INFO: [ app_end ] --START--
INFO: Run Behavior\ShowPageTraceBehavior [ RunTime:0.000000s ]
INFO: [ app_end ] --END-- [ RunTime:0.001000s ]

[ 2017-08-01T17:50:59+08:00 ] 127.0.0.1 /index.php/admin/user/userlistajax.html
INFO: [ app_init ] --START--
INFO: Run Behavior\BuildLiteBehavior [ RunTime:0.000000s ]
INFO: [ app_init ] --END-- [ RunTime:0.000000s ]
INFO: [ app_begin ] --START--
INFO: Run Behavior\ReadHtmlCacheBehavior [ RunTime:0.001000s ]
INFO: [ app_begin ] --END-- [ RunTime:0.001000s ]
SQL: SHOW COLUMNS FROM `hwh_user` [ RunTime:0.0030s ]
NOTIC: [8] Undefined variable: where D:\phpStudy\WWW\haozi\Application\Admin\Controller\UserController.class.php 第 49 行.
SQL: SELECT COUNT(*) AS tp_count FROM hwh_user u LIMIT 1   [ RunTime:0.0000s ]
NOTIC: [8] Undefined variable: where D:\phpStudy\WWW\haozi\Application\Admin\Controller\UserController.class.php 第 59 行.
NOTIC: [2] Invalid argument supplied for foreach() D:\phpStudy\WWW\haozi\Application\Admin\Controller\UserController.class.php 第 59 行.
NOTIC: [8] Undefined variable: where D:\phpStudy\WWW\haozi\Application\Admin\Controller\UserController.class.php 第 67 行.
SQL: SELECT u.id,u.username,u.nickname,u.u_birthday,u.u_img,u.email,u.states,u.qq_openid,u.regist_time,u.is_black,q.qq_nickname,q.qq_img FROM hwh_user u left JOIN hwh_user_qq q on q.qq_openid = u.qq_openid  LIMIT 0,10   [ RunTime:0.0010s ]
INFO: [ app_end ] --START--
INFO: Run Behavior\ShowPageTraceBehavior [ RunTime:0.000000s ]
INFO: [ app_end ] --END-- [ RunTime:0.000000s ]

[ 2017-08-01T17:50:59+08:00 ] 127.0.0.1 /index.php/admin/user/null
INFO: [ app_init ] --START--
INFO: Run Behavior\BuildLiteBehavior [ RunTime:0.000000s ]
INFO: [ app_init ] --END-- [ RunTime:0.000000s ]
INFO: [ app_begin ] --START--
INFO: Run Behavior\ReadHtmlCacheBehavior [ RunTime:0.000000s ]
INFO: [ app_begin ] --END-- [ RunTime:0.000000s ]
ERR: 非法操作:null

[ 2017-08-01T17:51:10+08:00 ] 127.0.0.1 /index.php/admin/user/userlist.html
INFO: [ app_init ] --START--
INFO: Run Behavior\BuildLiteBehavior [ RunTime:0.000000s ]
INFO: [ app_init ] --END-- [ RunTime:0.000000s ]
INFO: [ app_begin ] --START--
INFO: Run Behavior\ReadHtmlCacheBehavior [ RunTime:0.000000s ]
INFO: [ app_begin ] --END-- [ RunTime:0.000000s ]
INFO: [ view_parse ] --START--
INFO: [ template_filter ] --START--
INFO: Run Behavior\ContentReplaceBehavior [ RunTime:0.000000s ]
INFO: [ template_filter ] --END-- [ RunTime:0.000000s ]
INFO: Run Behavior\ParseTemplateBehavior [ RunTime:0.004001s ]
INFO: [ view_parse ] --END-- [ RunTime:0.004001s ]
INFO: [ view_filter ] --START--
INFO: Run Behavior\WriteHtmlCacheBehavior [ RunTime:0.001000s ]
INFO: [ view_filter ] --END-- [ RunTime:0.001000s ]
INFO: [ app_end ] --START--
INFO: Run Behavior\ShowPageTraceBehavior [ RunTime:0.000000s ]
INFO: [ app_end ] --END-- [ RunTime:0.000000s ]

[ 2017-08-01T17:51:11+08:00 ] 127.0.0.1 /index.php/admin/user/userlistajax.html
INFO: [ app_init ] --START--
INFO: Run Behavior\BuildLiteBehavior [ RunTime:0.000000s ]
INFO: [ app_init ] --END-- [ RunTime:0.000000s ]
INFO: [ app_begin ] --START--
INFO: Run Behavior\ReadHtmlCacheBehavior [ RunTime:0.001000s ]
INFO: [ app_begin ] --END-- [ RunTime:0.001000s ]
SQL: SHOW COLUMNS FROM `hwh_user` [ RunTime:0.0030s ]
NOTIC: [8] Undefined variable: where D:\phpStudy\WWW\haozi\Application\Admin\Controller\UserController.class.php 第 49 行.
SQL: SELECT COUNT(*) AS tp_count FROM hwh_user u LIMIT 1   [ RunTime:0.0000s ]
NOTIC: [8] Undefined variable: where D:\phpStudy\WWW\haozi\Application\Admin\Controller\UserController.class.php 第 59 行.
NOTIC: [2] Invalid argument supplied for foreach() D:\phpStudy\WWW\haozi\Application\Admin\Controller\UserController.class.php 第 59 行.
NOTIC: [8] Undefined variable: where D:\phpStudy\WWW\haozi\Application\Admin\Controller\UserController.class.php 第 67 行.
SQL: SELECT u.id,u.username,u.nickname,u.u_birthday,u.u_img,u.email,u.states,u.qq_openid,u.regist_time,u.is_black,q.qq_nickname,q.qq_img FROM hwh_user u left JOIN hwh_user_qq q on q.qq_openid = u.qq_openid  LIMIT 0,10   [ RunTime:0.0000s ]
INFO: [ app_end ] --START--
INFO: Run Behavior\ShowPageTraceBehavior [ RunTime:0.001000s ]
INFO: [ app_end ] --END-- [ RunTime:0.001000s ]

[ 2017-08-01T17:51:11+08:00 ] 127.0.0.1 /index.php/admin/user/null
INFO: [ app_init ] --START--
INFO: Run Behavior\BuildLiteBehavior [ RunTime:0.000000s ]
INFO: [ app_init ] --END-- [ RunTime:0.000000s ]
INFO: [ app_begin ] --START--
INFO: Run Behavior\ReadHtmlCacheBehavior [ RunTime:0.000000s ]
INFO: [ app_begin ] --END-- [ RunTime:0.000000s ]
ERR: 非法操作:null

[ 2017-08-01T17:52:00+08:00 ] 127.0.0.1 /index.php/admin/user/userlist.html
INFO: [ app_init ] --START--
INFO: Run Behavior\BuildLiteBehavior [ RunTime:0.000000s ]
INFO: [ app_init ] --END-- [ RunTime:0.000000s ]
INFO: [ app_begin ] --START--
INFO: Run Behavior\ReadHtmlCacheBehavior [ RunTime:0.000000s ]
INFO: [ app_begin ] --END-- [ RunTime:0.000000s ]
INFO: [ view_parse ] --START--
INFO: [ template_filter ] --START--
INFO: Run Behavior\ContentReplaceBehavior [ RunTime:0.000000s ]
INFO: [ template_filter ] --END-- [ RunTime:0.000000s ]
INFO: Run Behavior\ParseTemplateBehavior [ RunTime:0.007000s ]
INFO: [ view_parse ] --END-- [ RunTime:0.007000s ]
INFO: [ view_filter ] --START--
INFO: Run Behavior\WriteHtmlCacheBehavior [ RunTime:0.000000s ]
INFO: [ view_filter ] --END-- [ RunTime:0.000000s ]
INFO: [ app_end ] --START--
INFO: Run Behavior\ShowPageTraceBehavior [ RunTime:0.000000s ]
INFO: [ app_end ] --END-- [ RunTime:0.000000s ]

[ 2017-08-01T17:52:01+08:00 ] 127.0.0.1 /index.php/admin/user/userlistajax.html
INFO: [ app_init ] --START--
INFO: Run Behavior\BuildLiteBehavior [ RunTime:0.000000s ]
INFO: [ app_init ] --END-- [ RunTime:0.000000s ]
INFO: [ app_begin ] --START--
INFO: Run Behavior\ReadHtmlCacheBehavior [ RunTime:0.001000s ]
INFO: [ app_begin ] --END-- [ RunTime:0.001000s ]
SQL: SHOW COLUMNS FROM `hwh_user` [ RunTime:0.0030s ]
NOTIC: [8] Undefined variable: where D:\phpStudy\WWW\haozi\Application\Admin\Controller\UserController.class.php 第 49 行.
SQL: SELECT COUNT(*) AS tp_count FROM hwh_user u LIMIT 1   [ RunTime:0.0000s ]
NOTIC: [8] Undefined variable: where D:\phpStudy\WWW\haozi\Application\Admin\Controller\UserController.class.php 第 59 行.
NOTIC: [2] Invalid argument supplied for foreach() D:\phpStudy\WWW\haozi\Application\Admin\Controller\UserController.class.php 第 59 行.
NOTIC: [8] Undefined variable: where D:\phpStudy\WWW\haozi\Application\Admin\Controller\UserController.class.php 第 67 行.
SQL: SELECT u.id,u.username,u.nickname,u.u_birthday,u.u_img,u.email,u.states,u.qq_openid,u.regist_time,u.is_black,q.qq_nickname,q.qq_img FROM hwh_user u left JOIN hwh_user_qq q on q.qq_openid = u.qq_openid  LIMIT 0,10   [ RunTime:0.0000s ]
INFO: [ app_end ] --START--
INFO: Run Behavior\ShowPageTraceBehavior [ RunTime:0.001000s ]
INFO: [ app_end ] --END-- [ RunTime:0.001000s ]

[ 2017-08-01T17:52:01+08:00 ] 127.0.0.1 /index.php/admin/user/null
INFO: [ app_init ] --START--
INFO: Run Behavior\BuildLiteBehavior [ RunTime:0.000000s ]
INFO: [ app_init ] --END-- [ RunTime:0.000000s ]
INFO: [ app_begin ] --START--
INFO: Run Behavior\ReadHtmlCacheBehavior [ RunTime:0.000000s ]
INFO: [ app_begin ] --END-- [ RunTime:0.000000s ]
ERR: 非法操作:null

[ 2017-08-01T17:53:39+08:00 ] 127.0.0.1 /index.php/admin/user/userlist.html
INFO: [ app_init ] --START--
INFO: Run Behavior\BuildLiteBehavior [ RunTime:0.000000s ]
INFO: [ app_init ] --END-- [ RunTime:0.000000s ]
INFO: [ app_begin ] --START--
INFO: Run Behavior\ReadHtmlCacheBehavior [ RunTime:0.000000s ]
INFO: [ app_begin ] --END-- [ RunTime:0.000000s ]
INFO: [ view_parse ] --START--
INFO: [ template_filter ] --START--
INFO: Run Behavior\ContentReplaceBehavior [ RunTime:0.000000s ]
INFO: [ template_filter ] --END-- [ RunTime:0.000000s ]
INFO: Run Behavior\ParseTemplateBehavior [ RunTime:0.005000s ]
INFO: [ view_parse ] --END-- [ RunTime:0.005000s ]
INFO: [ view_filter ] --START--
INFO: Run Behavior\WriteHtmlCacheBehavior [ RunTime:0.000000s ]
INFO: [ view_filter ] --END-- [ RunTime:0.000000s ]
INFO: [ app_end ] --START--
INFO: Run Behavior\ShowPageTraceBehavior [ RunTime:0.000000s ]
INFO: [ app_end ] --END-- [ RunTime:0.000000s ]

[ 2017-08-01T17:53:39+08:00 ] 127.0.0.1 /index.php/admin/user/userlistajax.html
INFO: [ app_init ] --START--
INFO: Run Behavior\BuildLiteBehavior [ RunTime:0.000000s ]
INFO: [ app_init ] --END-- [ RunTime:0.000000s ]
INFO: [ app_begin ] --START--
INFO: Run Behavior\ReadHtmlCacheBehavior [ RunTime:0.000000s ]
INFO: [ app_begin ] --END-- [ RunTime:0.000000s ]
SQL: SHOW COLUMNS FROM `hwh_user` [ RunTime:0.0030s ]
NOTIC: [8] Undefined variable: where D:\phpStudy\WWW\haozi\Application\Admin\Controller\UserController.class.php 第 49 行.
SQL: SELECT COUNT(*) AS tp_count FROM hwh_user u LIMIT 1   [ RunTime:0.0000s ]
NOTIC: [8] Undefined variable: where D:\phpStudy\WWW\haozi\Application\Admin\Controller\UserController.class.php 第 59 行.
NOTIC: [2] Invalid argument supplied for foreach() D:\phpStudy\WWW\haozi\Application\Admin\Controller\UserController.class.php 第 59 行.
NOTIC: [8] Undefined variable: where D:\phpStudy\WWW\haozi\Application\Admin\Controller\UserController.class.php 第 67 行.
SQL: SELECT u.id,u.username,u.nickname,u.u_birthday,u.u_img,u.email,u.states,u.qq_openid,u.regist_time,u.is_black,q.qq_nickname,q.qq_img FROM hwh_user u left JOIN hwh_user_qq q on q.qq_openid = u.qq_openid  LIMIT 0,10   [ RunTime:0.0000s ]
INFO: [ app_end ] --START--
INFO: Run Behavior\ShowPageTraceBehavior [ RunTime:0.001000s ]
INFO: [ app_end ] --END-- [ RunTime:0.001000s ]

[ 2017-08-01T17:53:39+08:00 ] 127.0.0.1 /index.php/admin/user/null
INFO: [ app_init ] --START--
INFO: Run Behavior\BuildLiteBehavior [ RunTime:0.000000s ]
INFO: [ app_init ] --END-- [ RunTime:0.000000s ]
INFO: [ app_begin ] --START--
INFO: Run Behavior\ReadHtmlCacheBehavior [ RunTime:0.000000s ]
INFO: [ app_begin ] --END-- [ RunTime:0.000000s ]
ERR: 非法操作:null

[ 2017-08-01T17:53:45+08:00 ] 127.0.0.1 /index.php/admin/user/userlistajax.html
INFO: [ app_init ] --START--
INFO: Run Behavior\BuildLiteBehavior [ RunTime:0.000000s ]
INFO: [ app_init ] --END-- [ RunTime:0.000000s ]
INFO: [ app_begin ] --START--
INFO: Run Behavior\ReadHtmlCacheBehavior [ RunTime:0.001000s ]
INFO: [ app_begin ] --END-- [ RunTime:0.001000s ]
SQL: SHOW COLUMNS FROM `hwh_user` [ RunTime:0.0030s ]
SQL: SELECT COUNT(*) AS tp_count FROM hwh_user u WHERE u.username LIKE '%dawenhao%' LIMIT 1   [ RunTime:0.0000s ]
NOTIC: [2] urlencode() expects parameter 1 to be string, array given D:\phpStudy\WWW\haozi\Application\Admin\Controller\UserController.class.php 第 60 行.
SQL: SELECT u.id,u.username,u.nickname,u.u_birthday,u.u_img,u.email,u.states,u.qq_openid,u.regist_time,u.is_black,q.qq_nickname,q.qq_img FROM hwh_user u left JOIN hwh_user_qq q on q.qq_openid = u.qq_openid  WHERE u.username LIKE '%dawenhao%' LIMIT 0,10   [ RunTime:0.0000s ]
INFO: [ app_end ] --START--
INFO: Run Behavior\ShowPageTraceBehavior [ RunTime:0.001000s ]
INFO: [ app_end ] --END-- [ RunTime:0.001000s ]

[ 2017-08-01T17:53:50+08:00 ] 127.0.0.1 /index.php/admin/user/userlistajax.html
INFO: [ app_init ] --START--
INFO: Run Behavior\BuildLiteBehavior [ RunTime:0.000000s ]
INFO: [ app_init ] --END-- [ RunTime:0.000000s ]
INFO: [ app_begin ] --START--
INFO: Run Behavior\ReadHtmlCacheBehavior [ RunTime:0.000000s ]
INFO: [ app_begin ] --END-- [ RunTime:0.001000s ]
SQL: SHOW COLUMNS FROM `hwh_user` [ RunTime:0.0030s ]
SQL: SELECT COUNT(*) AS tp_count FROM hwh_user u WHERE u.username LIKE '%dawenhao%' AND u.states = '2' LIMIT 1   [ RunTime:0.0000s ]
NOTIC: [2] urlencode() expects parameter 1 to be string, array given D:\phpStudy\WWW\haozi\Application\Admin\Controller\UserController.class.php 第 60 行.
SQL: SELECT u.id,u.username,u.nickname,u.u_birthday,u.u_img,u.email,u.states,u.qq_openid,u.regist_time,u.is_black,q.qq_nickname,q.qq_img FROM hwh_user u left JOIN hwh_user_qq q on q.qq_openid = u.qq_openid  WHERE u.username LIKE '%dawenhao%' AND u.states = '2' LIMIT 0,10   [ RunTime:0.0010s ]
INFO: [ app_end ] --START--
INFO: Run Behavior\ShowPageTraceBehavior [ RunTime:0.000000s ]
INFO: [ app_end ] --END-- [ RunTime:0.000000s ]

[ 2017-08-01T17:53:53+08:00 ] 127.0.0.1 /index.php/admin/user/userlistajax.html
INFO: [ app_init ] --START--
INFO: Run Behavior\BuildLiteBehavior [ RunTime:0.000000s ]
INFO: [ app_init ] --END-- [ RunTime:0.000000s ]
INFO: [ app_begin ] --START--
INFO: Run Behavior\ReadHtmlCacheBehavior [ RunTime:0.001000s ]
INFO: [ app_begin ] --END-- [ RunTime:0.001000s ]
SQL: SHOW COLUMNS FROM `hwh_user` [ RunTime:0.0040s ]
SQL: SELECT COUNT(*) AS tp_count FROM hwh_user u WHERE u.username LIKE '%dawenhao%' AND u.states = '2' LIMIT 1   [ RunTime:0.0000s ]
NOTIC: [2] urlencode() expects parameter 1 to be string, array given D:\phpStudy\WWW\haozi\Application\Admin\Controller\UserController.class.php 第 60 行.
SQL: SELECT u.id,u.username,u.nickname,u.u_birthday,u.u_img,u.email,u.states,u.qq_openid,u.regist_time,u.is_black,q.qq_nickname,q.qq_img FROM hwh_user u left JOIN hwh_user_qq q on q.qq_openid = u.qq_openid  WHERE u.username LIKE '%dawenhao%' AND u.states = '2' LIMIT 0,10   [ RunTime:0.0000s ]
INFO: [ app_end ] --START--
INFO: Run Behavior\ShowPageTraceBehavior [ RunTime:0.001000s ]
INFO: [ app_end ] --END-- [ RunTime:0.001000s ]

[ 2017-08-01T17:54:47+08:00 ] 127.0.0.1 /index.php/admin/user/null
INFO: [ app_init ] --START--
INFO: Run Behavior\BuildLiteBehavior [ RunTime:0.000000s ]
INFO: [ app_init ] --END-- [ RunTime:0.001000s ]
INFO: [ app_begin ] --START--
INFO: Run Behavior\ReadHtmlCacheBehavior [ RunTime:0.001000s ]
INFO: [ app_begin ] --END-- [ RunTime:0.001000s ]
ERR: 非法操作:null

[ 2017-08-01T17:54:58+08:00 ] 127.0.0.1 /index.php/admin/user/userlist.html
INFO: [ app_init ] --START--
INFO: Run Behavior\BuildLiteBehavior [ RunTime:0.000000s ]
INFO: [ app_init ] --END-- [ RunTime:0.000000s ]
INFO: [ app_begin ] --START--
INFO: Run Behavior\ReadHtmlCacheBehavior [ RunTime:0.001000s ]
INFO: [ app_begin ] --END-- [ RunTime:0.001000s ]
INFO: [ view_parse ] --START--
INFO: [ template_filter ] --START--
INFO: Run Behavior\ContentReplaceBehavior [ RunTime:0.000000s ]
INFO: [ template_filter ] --END-- [ RunTime:0.000000s ]
INFO: Run Behavior\ParseTemplateBehavior [ RunTime:0.005001s ]
INFO: [ view_parse ] --END-- [ RunTime:0.005001s ]
INFO: [ view_filter ] --START--
INFO: Run Behavior\WriteHtmlCacheBehavior [ RunTime:0.000000s ]
INFO: [ view_filter ] --END-- [ RunTime:0.000000s ]
INFO: [ app_end ] --START--
INFO: Run Behavior\ShowPageTraceBehavior [ RunTime:0.001000s ]
INFO: [ app_end ] --END-- [ RunTime:0.001000s ]

[ 2017-08-01T17:54:58+08:00 ] 127.0.0.1 /index.php/admin/user/userlistajax.html
INFO: [ app_init ] --START--
INFO: Run Behavior\BuildLiteBehavior [ RunTime:0.000000s ]
INFO: [ app_init ] --END-- [ RunTime:0.000000s ]
INFO: [ app_begin ] --START--
INFO: Run Behavior\ReadHtmlCacheBehavior [ RunTime:0.000000s ]
INFO: [ app_begin ] --END-- [ RunTime:0.000000s ]
SQL: SHOW COLUMNS FROM `hwh_user` [ RunTime:0.0030s ]
NOTIC: [8] Undefined variable: where D:\phpStudy\WWW\haozi\Application\Admin\Controller\UserController.class.php 第 49 行.
SQL: SELECT COUNT(*) AS tp_count FROM hwh_user u LIMIT 1   [ RunTime:0.0000s ]
NOTIC: [8] Undefined variable: where D:\phpStudy\WWW\haozi\Application\Admin\Controller\UserController.class.php 第 59 行.
NOTIC: [2] Invalid argument supplied for foreach() D:\phpStudy\WWW\haozi\Application\Admin\Controller\UserController.class.php 第 59 行.
NOTIC: [8] Undefined variable: where D:\phpStudy\WWW\haozi\Application\Admin\Controller\UserController.class.php 第 67 行.
SQL: SELECT u.id,u.username,u.nickname,u.u_birthday,u.u_img,u.email,u.states,u.qq_openid,u.regist_time,u.is_black,q.qq_nickname,q.qq_img FROM hwh_user u left JOIN hwh_user_qq q on q.qq_openid = u.qq_openid  LIMIT 0,10   [ RunTime:0.0000s ]
INFO: [ app_end ] --START--
INFO: Run Behavior\ShowPageTraceBehavior [ RunTime:0.001000s ]
INFO: [ app_end ] --END-- [ RunTime:0.001000s ]

[ 2017-08-01T17:54:58+08:00 ] 127.0.0.1 /index.php/admin/user/null
INFO: [ app_init ] --START--
INFO: Run Behavior\BuildLiteBehavior [ RunTime:0.000000s ]
INFO: [ app_init ] --END-- [ RunTime:0.000000s ]
INFO: [ app_begin ] --START--
INFO: Run Behavior\ReadHtmlCacheBehavior [ RunTime:0.000000s ]
INFO: [ app_begin ] --END-- [ RunTime:0.000000s ]
ERR: 非法操作:null

[ 2017-08-01T17:55:00+08:00 ] 127.0.0.1 /index.php/admin/user/userlistajax.html
INFO: [ app_init ] --START--
INFO: Run Behavior\BuildLiteBehavior [ RunTime:0.000000s ]
INFO: [ app_init ] --END-- [ RunTime:0.000000s ]
INFO: [ app_begin ] --START--
INFO: Run Behavior\ReadHtmlCacheBehavior [ RunTime:0.000000s ]
INFO: [ app_begin ] --END-- [ RunTime:0.000000s ]
SQL: SHOW COLUMNS FROM `hwh_user` [ RunTime:0.0030s ]
SQL: SELECT COUNT(*) AS tp_count FROM hwh_user u WHERE u.states = '0' LIMIT 1   [ RunTime:0.0000s ]
SQL: SELECT u.id,u.username,u.nickname,u.u_birthday,u.u_img,u.email,u.states,u.qq_openid,u.regist_time,u.is_black,q.qq_nickname,q.qq_img FROM hwh_user u left JOIN hwh_user_qq q on q.qq_openid = u.qq_openid  WHERE u.states = '0' LIMIT 0,10   [ RunTime:0.0000s ]
INFO: [ app_end ] --START--
INFO: Run Behavior\ShowPageTraceBehavior [ RunTime:0.001000s ]
INFO: [ app_end ] --END-- [ RunTime:0.001000s ]

[ 2017-08-01T17:55:03+08:00 ] 127.0.0.1 /index.php/admin/user/userlistajax.html
INFO: [ app_init ] --START--
INFO: Run Behavior\BuildLiteBehavior [ RunTime:0.000000s ]
INFO: [ app_init ] --END-- [ RunTime:0.000000s ]
INFO: [ app_begin ] --START--
INFO: Run Behavior\ReadHtmlCacheBehavior [ RunTime:0.001000s ]
INFO: [ app_begin ] --END-- [ RunTime:0.001000s ]
SQL: SHOW COLUMNS FROM `hwh_user` [ RunTime:0.0040s ]
SQL: SELECT COUNT(*) AS tp_count FROM hwh_user u WHERE u.states = '1' LIMIT 1   [ RunTime:0.0000s ]
SQL: SELECT u.id,u.username,u.nickname,u.u_birthday,u.u_img,u.email,u.states,u.qq_openid,u.regist_time,u.is_black,q.qq_nickname,q.qq_img FROM hwh_user u left JOIN hwh_user_qq q on q.qq_openid = u.qq_openid  WHERE u.states = '1' LIMIT 0,10   [ RunTime:0.0000s ]
INFO: [ app_end ] --START--
INFO: Run Behavior\ShowPageTraceBehavior [ RunTime:0.001000s ]
INFO: [ app_end ] --END-- [ RunTime:0.001000s ]

[ 2017-08-01T17:55:06+08:00 ] 127.0.0.1 /index.php/admin/user/null
INFO: [ app_init ] --START--
INFO: Run Behavior\BuildLiteBehavior [ RunTime:0.000000s ]
INFO: [ app_init ] --END-- [ RunTime:0.001001s ]
INFO: [ app_begin ] --START--
INFO: Run Behavior\ReadHtmlCacheBehavior [ RunTime:0.001000s ]
INFO: [ app_begin ] --END-- [ RunTime:0.002000s ]
ERR: 非法操作:null

