[ 2017-11-24T14:49:15+08:00 ] 127.0.0.1 /mall.php/Home/
INFO: [ app_init ] --START--
INFO: Run Behavior\BuildLiteBehavior [ RunTime:0.000000s ]
INFO: [ app_init ] --END-- [ RunTime:0.000000s ]
INFO: [ app_begin ] --START--
INFO: Run Behavior\ReadHtmlCacheBehavior [ RunTime:0.000000s ]
INFO: [ app_begin ] --END-- [ RunTime:0.000000s ]
SQL: SHOW COLUMNS FROM `hwh_user` [ RunTime:0.0040s ]
SQL: SELECT * FROM `hwh_user` WHERE ( id=7 ) LIMIT 1   [ RunTime:0.0000s ]
SQL: SHOW COLUMNS FROM `hwh_user_log` [ RunTime:0.0040s ]
SQL: SELECT `user_time` FROM `hwh_user_log` WHERE `uid` = 7 AND `user_type` = 1 ORDER BY id desc LIMIT 1   [ RunTime:0.0000s ]
SQL: SHOW COLUMNS FROM `hwh_goods_cart` [ RunTime:0.0030s ]
SQL: SELECT COUNT(*) AS tp_count FROM `hwh_goods_cart` WHERE `userId` = 7 LIMIT 1   [ RunTime:0.0070s ]
SQL: SELECT * FROM `hwh_goods_cart` WHERE `userId` = 7  [ RunTime:0.0000s ]
SQL: SHOW COLUMNS FROM `hwh_goods_cart` [ RunTime:0.0000s ]
SQL: SELECT c.id,c.goodsNum,c.amount,c.attrValue1,c.attrValue2,c.isok,c.createDate,g.price,g.name,g.img FROM hwh_goods_cart c INNER JOIN hwh_goods g on g.id = c.goodsId  WHERE c.userId = '7' LIMIT 3   [ RunTime:0.0000s ]
SQL: SHOW COLUMNS FROM `hwh_goods` [ RunTime:0.0000s ]
NOTIC: [8] Undefined variable: w D:\phpStudy\WWW\haozi\Shopping\Home\Controller\IndexController.class.php 第 39 行.
SQL: SELECT `id`,`topCategoryId`,`categoryId`,`attrIdList`,`attrNameList`,`name`,`price`,`oldPrice`,`soldNum`,`img`,`unitName`,`isMarketable`,`description`,`createDate`,`updateDate` FROM `hwh_goods`  [ RunTime:0.0000s ]
SQL: SHOW COLUMNS FROM `hwh_goods_category` [ RunTime:0.0000s ]
SQL: SELECT `id`,`parentId`,`name` FROM `hwh_goods_category` WHERE `id` = 6 LIMIT 1   [ RunTime:0.0000s ]
SQL: SELECT `id`,`parentId`,`name` FROM `hwh_goods_category` WHERE ( parentId=6 )  [ RunTime:0.0000s ]
SQL: SELECT `id`,`parentId`,`name` FROM `hwh_goods_category` WHERE `id` = 4 LIMIT 1   [ RunTime:0.0000s ]
SQL: SELECT `id`,`parentId`,`name` FROM `hwh_goods_category` WHERE ( parentId=4 )  [ RunTime:0.0000s ]
SQL: SELECT `id`,`name` FROM `hwh_goods_category` WHERE ( parentId=0 ) ORDER BY ordernum  [ RunTime:0.0000s ]
SQL: SELECT `id`,`name` FROM `hwh_goods_category` WHERE ( parentId=4 )  [ RunTime:0.0000s ]
SQL: SELECT `id`,`name` FROM `hwh_goods_category` WHERE ( parentId=6 )  [ RunTime:0.0000s ]
INFO: [ view_parse ] --START--
INFO: [ template_filter ] --START--
INFO: Run Behavior\ContentReplaceBehavior [ RunTime:0.000000s ]
INFO: [ template_filter ] --END-- [ RunTime:0.000000s ]
NOTIC: [8] Undefined index: qq_nickname D:\phpStudy\WWW\haozi\Shopping\Runtime\Cache\Home\52e8ed71ecc076a29e9c6c3fe4b5ea9e.php 第 24 行.
INFO: Run Behavior\ParseTemplateBehavior [ RunTime:0.036601s ]
INFO: [ view_parse ] --END-- [ RunTime:0.036601s ]
INFO: [ view_filter ] --START--
INFO: Run Behavior\WriteHtmlCacheBehavior [ RunTime:0.001000s ]
INFO: [ view_filter ] --END-- [ RunTime:0.001000s ]
INFO: [ app_end ] --START--
INFO: Run Behavior\ShowPageTraceBehavior [ RunTime:0.001001s ]
INFO: [ app_end ] --END-- [ RunTime:0.001001s ]

[ 2017-11-24T14:49:18+08:00 ] 127.0.0.1 /mall.php/home/Goods/goodsView?id=13
INFO: [ app_init ] --START--
INFO: Run Behavior\BuildLiteBehavior [ RunTime:0.000000s ]
INFO: [ app_init ] --END-- [ RunTime:0.000000s ]
INFO: [ app_begin ] --START--
INFO: Run Behavior\ReadHtmlCacheBehavior [ RunTime:0.001000s ]
INFO: [ app_begin ] --END-- [ RunTime:0.001000s ]
SQL: SHOW COLUMNS FROM `hwh_user` [ RunTime:0.0040s ]
SQL: SELECT * FROM `hwh_user` WHERE ( id=7 ) LIMIT 1   [ RunTime:0.0000s ]
SQL: SHOW COLUMNS FROM `hwh_user_log` [ RunTime:0.0040s ]
SQL: SELECT `user_time` FROM `hwh_user_log` WHERE `uid` = 7 AND `user_type` = 1 ORDER BY id desc LIMIT 1   [ RunTime:0.0000s ]
SQL: SHOW COLUMNS FROM `hwh_goods_cart` [ RunTime:0.0030s ]
SQL: SELECT COUNT(*) AS tp_count FROM `hwh_goods_cart` WHERE `userId` = 7 LIMIT 1   [ RunTime:0.0000s ]
SQL: SELECT * FROM `hwh_goods_cart` WHERE `userId` = 7  [ RunTime:0.0000s ]
SQL: SHOW COLUMNS FROM `hwh_goods_cart` [ RunTime:0.0040s ]
SQL: SELECT c.id,c.goodsNum,c.amount,c.attrValue1,c.attrValue2,c.isok,c.createDate,g.price,g.name,g.img FROM hwh_goods_cart c INNER JOIN hwh_goods g on g.id = c.goodsId  WHERE c.userId = '7' LIMIT 3   [ RunTime:0.0000s ]
SQL: SHOW COLUMNS FROM `hwh_goods` [ RunTime:0.0040s ]
SQL: SELECT * FROM `hwh_goods` WHERE ( id=13 ) LIMIT 1   [ RunTime:0.0000s ]
SQL: SHOW COLUMNS FROM `hwh_goods_store` [ RunTime:0.0040s ]
SQL: SELECT * FROM `hwh_goods_store` WHERE ( goodsId=13 )  [ RunTime:0.0240s ]
SQL: SELECT attrValue1 as attrValue FROM `hwh_goods_store` WHERE ( goodsId=13 ) GROUP BY attrValue1  [ RunTime:0.0030s ]
SQL: SHOW COLUMNS FROM `hwh_attribute_name` [ RunTime:0.0040s ]
SQL: SELECT `id`,`attrname` FROM `hwh_attribute_name`  [ RunTime:0.0000s ]
SQL: SHOW COLUMNS FROM `hwh_attribute_value` [ RunTime:0.0040s ]
SQL: SELECT * FROM `hwh_attribute_value` WHERE ( attrNameId=7 )  [ RunTime:0.0000s ]
SQL: SELECT * FROM `hwh_attribute_value` WHERE ( attrNameId=4 )  [ RunTime:0.0000s ]
SQL: SELECT * FROM `hwh_attribute_value` WHERE ( attrNameId=6 )  [ RunTime:0.0000s ]
NOTIC: [8] Undefined index: 材质 D:\phpStudy\WWW\haozi\Shopping\Home\Controller\GoodsController.class.php 第 76 行.
NOTIC: [8] Undefined index: 尺码 D:\phpStudy\WWW\haozi\Shopping\Home\Controller\GoodsController.class.php 第 76 行.
SQL: SELECT `attrValue1`,`attrValue2` FROM `hwh_goods_store` WHERE ( goodsId=13 )  [ RunTime:0.0010s ]
SQL: SELECT COUNT(*) AS tp_count FROM `hwh_goods_cart` WHERE `userId` = 7 AND `isok` = 1 LIMIT 1   [ RunTime:0.0000s ]
INFO: [ view_parse ] --START--
INFO: [ template_filter ] --START--
INFO: Run Behavior\ContentReplaceBehavior [ RunTime:0.001000s ]
INFO: [ template_filter ] --END-- [ RunTime:0.001000s ]
NOTIC: [8] Undefined variable: count D:\phpStudy\WWW\haozi\Shopping\Runtime\Cache\Home\f9dbfb5ad94d55bff5702423295fdbc9.php 第 281 行.
INFO: Run Behavior\ParseTemplateBehavior [ RunTime:0.019001s ]
INFO: [ view_parse ] --END-- [ RunTime:0.019001s ]
INFO: [ view_filter ] --START--
INFO: Run Behavior\WriteHtmlCacheBehavior [ RunTime:0.001001s ]
INFO: [ view_filter ] --END-- [ RunTime:0.001001s ]
INFO: [ app_end ] --START--
INFO: Run Behavior\ShowPageTraceBehavior [ RunTime:0.001000s ]
INFO: [ app_end ] --END-- [ RunTime:0.001000s ]

[ 2017-11-24T14:49:18+08:00 ] 127.0.0.1 /mall.php/home/goods/commentlist.html
INFO: [ app_init ] --START--
INFO: Run Behavior\BuildLiteBehavior [ RunTime:0.000000s ]
INFO: [ app_init ] --END-- [ RunTime:0.000000s ]
INFO: [ app_begin ] --START--
INFO: Run Behavior\ReadHtmlCacheBehavior [ RunTime:0.001000s ]
INFO: [ app_begin ] --END-- [ RunTime:0.001000s ]
SQL: SHOW COLUMNS FROM `hwh_user` [ RunTime:0.0050s ]
SQL: SELECT * FROM `hwh_user` WHERE ( id=7 ) LIMIT 1   [ RunTime:0.0000s ]
SQL: SHOW COLUMNS FROM `hwh_user_log` [ RunTime:0.0030s ]
SQL: SELECT `user_time` FROM `hwh_user_log` WHERE `uid` = 7 AND `user_type` = 1 ORDER BY id desc LIMIT 1   [ RunTime:0.0000s ]
SQL: SHOW COLUMNS FROM `hwh_goods_cart` [ RunTime:0.0030s ]
SQL: SELECT COUNT(*) AS tp_count FROM `hwh_goods_cart` WHERE `userId` = 7 LIMIT 1   [ RunTime:0.0010s ]
SQL: SELECT * FROM `hwh_goods_cart` WHERE `userId` = 7  [ RunTime:0.0000s ]
SQL: SHOW COLUMNS FROM `hwh_goods_cart` [ RunTime:0.0040s ]
SQL: SELECT c.id,c.goodsNum,c.amount,c.attrValue1,c.attrValue2,c.isok,c.createDate,g.price,g.name,g.img FROM hwh_goods_cart c INNER JOIN hwh_goods g on g.id = c.goodsId  WHERE c.userId = '7' LIMIT 3   [ RunTime:0.0000s ]
SQL: SHOW COLUMNS FROM `hwh_user_qq` [ RunTime:0.0030s ]
SQL: SELECT `qq_nickname` FROM `hwh_user_qq` WHERE `qq_openid` = null LIMIT 1   [ RunTime:0.0010s ]
SQL: SHOW COLUMNS FROM `hwh_goods_comment` [ RunTime:0.0030s ]
SQL: SELECT c.*,g.name,g.img,u.nickname,u.username FROM hwh_goods_comment c left JOIN hwh_goods g on g.id = c.goodsId left JOIN hwh_user u on u.id = c.userId  WHERE c.goodsId = '13' ORDER BY createDate desc  [ RunTime:0.0010s ]
NOTIC: [8] Undefined variable: count D:\phpStudy\WWW\haozi\Shopping\Home\Controller\GoodsController.class.php 第 196 行.
INFO: [ app_end ] --START--
INFO: Run Behavior\ShowPageTraceBehavior [ RunTime:0.000000s ]
INFO: [ app_end ] --END-- [ RunTime:0.000000s ]

[ 2017-11-24T14:49:18+08:00 ] 127.0.0.1 /mall.php/home/Goods/null
INFO: [ app_init ] --START--
INFO: Run Behavior\BuildLiteBehavior [ RunTime:0.000000s ]
INFO: [ app_init ] --END-- [ RunTime:0.000000s ]
INFO: [ app_begin ] --START--
INFO: Run Behavior\ReadHtmlCacheBehavior [ RunTime:0.000000s ]
INFO: [ app_begin ] --END-- [ RunTime:0.000000s ]
SQL: SHOW COLUMNS FROM `hwh_user` [ RunTime:0.0040s ]
SQL: SELECT * FROM `hwh_user` WHERE ( id=7 ) LIMIT 1   [ RunTime:0.0000s ]
SQL: SHOW COLUMNS FROM `hwh_user_log` [ RunTime:0.0030s ]
SQL: SELECT `user_time` FROM `hwh_user_log` WHERE `uid` = 7 AND `user_type` = 1 ORDER BY id desc LIMIT 1   [ RunTime:0.0000s ]
SQL: SHOW COLUMNS FROM `hwh_goods_cart` [ RunTime:0.0040s ]
SQL: SELECT COUNT(*) AS tp_count FROM `hwh_goods_cart` WHERE `userId` = 7 LIMIT 1   [ RunTime:0.0000s ]
SQL: SELECT * FROM `hwh_goods_cart` WHERE `userId` = 7  [ RunTime:0.0000s ]
SQL: SHOW COLUMNS FROM `hwh_goods_cart` [ RunTime:0.0030s ]
SQL: SELECT c.id,c.goodsNum,c.amount,c.attrValue1,c.attrValue2,c.isok,c.createDate,g.price,g.name,g.img FROM hwh_goods_cart c INNER JOIN hwh_goods g on g.id = c.goodsId  WHERE c.userId = '7' LIMIT 3   [ RunTime:0.0000s ]
ERR: 非法操作:null

[ 2017-11-24T14:49:28+08:00 ] 127.0.0.1 /mall.php/home/order/subordernow.html
INFO: [ app_init ] --START--
INFO: Run Behavior\BuildLiteBehavior [ RunTime:0.000000s ]
INFO: [ app_init ] --END-- [ RunTime:0.000000s ]
INFO: [ app_begin ] --START--
INFO: Run Behavior\ReadHtmlCacheBehavior [ RunTime:0.000000s ]
INFO: [ app_begin ] --END-- [ RunTime:0.000000s ]
SQL: SHOW COLUMNS FROM `hwh_user` [ RunTime:0.0000s ]
SQL: SELECT * FROM `hwh_user` WHERE ( id=7 ) LIMIT 1   [ RunTime:0.0000s ]
SQL: SHOW COLUMNS FROM `hwh_user_log` [ RunTime:0.0000s ]
SQL: SELECT `user_time` FROM `hwh_user_log` WHERE `uid` = 7 AND `user_type` = 1 ORDER BY id desc LIMIT 1   [ RunTime:0.0000s ]
SQL: SHOW COLUMNS FROM `hwh_goods_cart` [ RunTime:0.0000s ]
SQL: SELECT COUNT(*) AS tp_count FROM `hwh_goods_cart` WHERE `userId` = 7 LIMIT 1   [ RunTime:0.0000s ]
SQL: SELECT * FROM `hwh_goods_cart` WHERE `userId` = 7  [ RunTime:0.0000s ]
SQL: SHOW COLUMNS FROM `hwh_goods_cart` [ RunTime:0.0000s ]
SQL: SELECT c.id,c.goodsNum,c.amount,c.attrValue1,c.attrValue2,c.isok,c.createDate,g.price,g.name,g.img FROM hwh_goods_cart c INNER JOIN hwh_goods g on g.id = c.goodsId  WHERE c.userId = '7' LIMIT 3   [ RunTime:0.0000s ]

[ 2017-11-24T14:49:30+08:00 ] 127.0.0.1 /mall.php/home/goods/goodsstoreview.html
INFO: [ app_init ] --START--
INFO: Run Behavior\BuildLiteBehavior [ RunTime:0.000000s ]
INFO: [ app_init ] --END-- [ RunTime:0.000000s ]
INFO: [ app_begin ] --START--
INFO: Run Behavior\ReadHtmlCacheBehavior [ RunTime:0.000000s ]
INFO: [ app_begin ] --END-- [ RunTime:0.000000s ]
SQL: SHOW COLUMNS FROM `hwh_user` [ RunTime:0.0000s ]
SQL: SELECT * FROM `hwh_user` WHERE ( id=7 ) LIMIT 1   [ RunTime:0.0000s ]
SQL: SHOW COLUMNS FROM `hwh_user_log` [ RunTime:0.0000s ]
SQL: SELECT `user_time` FROM `hwh_user_log` WHERE `uid` = 7 AND `user_type` = 1 ORDER BY id desc LIMIT 1   [ RunTime:0.0000s ]
SQL: SHOW COLUMNS FROM `hwh_goods_cart` [ RunTime:0.0000s ]
SQL: SELECT COUNT(*) AS tp_count FROM `hwh_goods_cart` WHERE `userId` = 7 LIMIT 1   [ RunTime:0.0000s ]
SQL: SELECT * FROM `hwh_goods_cart` WHERE `userId` = 7  [ RunTime:0.0000s ]
SQL: SHOW COLUMNS FROM `hwh_goods_cart` [ RunTime:0.0156s ]
SQL: SELECT c.id,c.goodsNum,c.amount,c.attrValue1,c.attrValue2,c.isok,c.createDate,g.price,g.name,g.img FROM hwh_goods_cart c INNER JOIN hwh_goods g on g.id = c.goodsId  WHERE c.userId = '7' LIMIT 3   [ RunTime:0.0000s ]
SQL: SHOW COLUMNS FROM `hwh_goods_store` [ RunTime:0.0040s ]
SQL: SELECT `stock`,`soldNum` FROM `hwh_goods_store` WHERE `goodsId` = 13 AND `attrValue1` = '红色' LIMIT 1   [ RunTime:0.0000s ]
INFO: [ app_end ] --START--
INFO: Run Behavior\ShowPageTraceBehavior [ RunTime:0.001000s ]
INFO: [ app_end ] --END-- [ RunTime:0.001000s ]

[ 2017-11-24T14:49:31+08:00 ] 127.0.0.1 /mall.php/home/order/subordernow.html
INFO: [ app_init ] --START--
INFO: Run Behavior\BuildLiteBehavior [ RunTime:0.000000s ]
INFO: [ app_init ] --END-- [ RunTime:0.001001s ]
INFO: [ app_begin ] --START--
INFO: Run Behavior\ReadHtmlCacheBehavior [ RunTime:0.000000s ]
INFO: [ app_begin ] --END-- [ RunTime:0.000000s ]
SQL: SHOW COLUMNS FROM `hwh_user` [ RunTime:0.0000s ]
SQL: SELECT * FROM `hwh_user` WHERE ( id=7 ) LIMIT 1   [ RunTime:0.0000s ]
SQL: SHOW COLUMNS FROM `hwh_user_log` [ RunTime:0.0000s ]
SQL: SELECT `user_time` FROM `hwh_user_log` WHERE `uid` = 7 AND `user_type` = 1 ORDER BY id desc LIMIT 1   [ RunTime:0.0000s ]
SQL: SHOW COLUMNS FROM `hwh_goods_cart` [ RunTime:0.0000s ]
SQL: SELECT COUNT(*) AS tp_count FROM `hwh_goods_cart` WHERE `userId` = 7 LIMIT 1   [ RunTime:0.0156s ]
SQL: SELECT * FROM `hwh_goods_cart` WHERE `userId` = 7  [ RunTime:0.0000s ]
SQL: SHOW COLUMNS FROM `hwh_goods_cart` [ RunTime:0.0040s ]
SQL: SELECT c.id,c.goodsNum,c.amount,c.attrValue1,c.attrValue2,c.isok,c.createDate,g.price,g.name,g.img FROM hwh_goods_cart c INNER JOIN hwh_goods g on g.id = c.goodsId  WHERE c.userId = '7' LIMIT 3   [ RunTime:0.0000s ]
SQL: SHOW COLUMNS FROM `hwh_goods` [ RunTime:0.0000s ]
SQL: SELECT * FROM `hwh_goods` WHERE `id` = 13 LIMIT 1   [ RunTime:0.0000s ]
SQL: SHOW COLUMNS FROM `hwh_goods_store` [ RunTime:0.0000s ]
SQL: SELECT `stock` FROM `hwh_goods_store` WHERE `goodsId` = 13 AND `attrValue1` = '红色' LIMIT 1   [ RunTime:0.0000s ]

[ 2017-11-24T14:49:31+08:00 ] 127.0.0.1 /mall.php/home/order/confirmOrderNow?goodsId=13&price=558.00&goodsNum=1&attr1=%E7%BA%A2%E8%89%B2&attr2=
INFO: [ app_init ] --START--
INFO: Run Behavior\BuildLiteBehavior [ RunTime:0.000000s ]
INFO: [ app_init ] --END-- [ RunTime:0.000000s ]
INFO: [ app_begin ] --START--
INFO: Run Behavior\ReadHtmlCacheBehavior [ RunTime:0.000000s ]
INFO: [ app_begin ] --END-- [ RunTime:0.000000s ]
SQL: SHOW COLUMNS FROM `hwh_user` [ RunTime:0.0040s ]
SQL: SELECT * FROM `hwh_user` WHERE ( id=7 ) LIMIT 1   [ RunTime:0.0000s ]
SQL: SHOW COLUMNS FROM `hwh_user_log` [ RunTime:0.0030s ]
SQL: SELECT `user_time` FROM `hwh_user_log` WHERE `uid` = 7 AND `user_type` = 1 ORDER BY id desc LIMIT 1   [ RunTime:0.0010s ]
SQL: SHOW COLUMNS FROM `hwh_goods_cart` [ RunTime:0.0030s ]
SQL: SELECT COUNT(*) AS tp_count FROM `hwh_goods_cart` WHERE `userId` = 7 LIMIT 1   [ RunTime:0.0000s ]
SQL: SELECT * FROM `hwh_goods_cart` WHERE `userId` = 7  [ RunTime:0.0010s ]
SQL: SHOW COLUMNS FROM `hwh_goods_cart` [ RunTime:0.0030s ]
SQL: SELECT c.id,c.goodsNum,c.amount,c.attrValue1,c.attrValue2,c.isok,c.createDate,g.price,g.name,g.img FROM hwh_goods_cart c INNER JOIN hwh_goods g on g.id = c.goodsId  WHERE c.userId = '7' LIMIT 3   [ RunTime:0.0000s ]
SQL: SHOW COLUMNS FROM `hwh_goods` [ RunTime:0.0030s ]
SQL: SELECT `id`,`name`,`price`,`img` FROM `hwh_goods` WHERE ( id=13 ) LIMIT 1   [ RunTime:0.0010s ]
SQL: SHOW COLUMNS FROM `hwh_user_ship_address` [ RunTime:0.0030s ]
SQL: SELECT * FROM `hwh_user_ship_address` WHERE `userId` = 7 AND `isDefault` = 1 LIMIT 1   [ RunTime:0.0000s ]
INFO: [ view_parse ] --START--
INFO: [ template_filter ] --START--
INFO: Run Behavior\ContentReplaceBehavior [ RunTime:0.000000s ]
INFO: [ template_filter ] --END-- [ RunTime:0.000000s ]
NOTIC: [8] Undefined index: qq_nickname D:\phpStudy\WWW\haozi\Shopping\Runtime\Cache\Home\5f25098d8b2118d8f68c9151c1eff822.php 第 61 行.
INFO: Run Behavior\ParseTemplateBehavior [ RunTime:0.027001s ]
INFO: [ view_parse ] --END-- [ RunTime:0.027001s ]
INFO: [ view_filter ] --START--
INFO: Run Behavior\WriteHtmlCacheBehavior [ RunTime:0.000000s ]
INFO: [ view_filter ] --END-- [ RunTime:0.000000s ]
INFO: [ app_end ] --START--
INFO: Run Behavior\ShowPageTraceBehavior [ RunTime:0.000000s ]
INFO: [ app_end ] --END-- [ RunTime:0.000000s ]

[ 2017-11-24T14:49:32+08:00 ] 127.0.0.1 /mall.php/home/usercenter/arealist.html
INFO: [ app_init ] --START--
INFO: Run Behavior\BuildLiteBehavior [ RunTime:0.000000s ]
INFO: [ app_init ] --END-- [ RunTime:0.000000s ]
INFO: [ app_begin ] --START--
INFO: Run Behavior\ReadHtmlCacheBehavior [ RunTime:0.000000s ]
INFO: [ app_begin ] --END-- [ RunTime:0.000000s ]
SQL: SHOW COLUMNS FROM `hwh_user` [ RunTime:0.0000s ]
SQL: SELECT * FROM `hwh_user` WHERE ( id=7 ) LIMIT 1   [ RunTime:0.0000s ]
SQL: SHOW COLUMNS FROM `hwh_user_log` [ RunTime:0.0000s ]
SQL: SELECT `user_time` FROM `hwh_user_log` WHERE `uid` = 7 AND `user_type` = 1 ORDER BY id desc LIMIT 1   [ RunTime:0.0000s ]
SQL: SHOW COLUMNS FROM `hwh_goods_cart` [ RunTime:0.0000s ]
SQL: SELECT COUNT(*) AS tp_count FROM `hwh_goods_cart` WHERE `userId` = 7 LIMIT 1   [ RunTime:0.0000s ]
SQL: SELECT * FROM `hwh_goods_cart` WHERE `userId` = 7  [ RunTime:0.0000s ]
SQL: SHOW COLUMNS FROM `hwh_goods_cart` [ RunTime:0.0000s ]
SQL: SELECT c.id,c.goodsNum,c.amount,c.attrValue1,c.attrValue2,c.isok,c.createDate,g.price,g.name,g.img FROM hwh_goods_cart c INNER JOIN hwh_goods g on g.id = c.goodsId  WHERE c.userId = '7' LIMIT 3   [ RunTime:0.0000s ]
SQL: SHOW COLUMNS FROM `hwh_area` [ RunTime:0.0000s ]
SQL: SELECT `id`,`name` FROM `hwh_area` WHERE `tree_path` = ','  [ RunTime:0.0166s ]
SQL: SELECT `id`,`name`,`tree_path`,`parent_id` FROM `hwh_area` WHERE `parent_id` = ''  [ RunTime:0.0000s ]
NOTIC: [8] Undefined variable: zoneList D:\phpStudy\WWW\haozi\Shopping\Home\Controller\UsercenterController.class.php 第 259 行.
NOTIC: [8] Undefined variable: zoneList D:\phpStudy\WWW\haozi\Shopping\Home\Controller\UsercenterController.class.php 第 259 行.
INFO: [ app_end ] --START--
INFO: Run Behavior\ShowPageTraceBehavior [ RunTime:0.000000s ]
INFO: [ app_end ] --END-- [ RunTime:0.000000s ]

[ 2017-11-24T14:49:44+08:00 ] 127.0.0.1 /mall.php/home/usercenter/orderlist.html
INFO: [ app_init ] --START--
INFO: Run Behavior\BuildLiteBehavior [ RunTime:0.000000s ]
INFO: [ app_init ] --END-- [ RunTime:0.000000s ]
INFO: [ app_begin ] --START--
INFO: Run Behavior\ReadHtmlCacheBehavior [ RunTime:0.000000s ]
INFO: [ app_begin ] --END-- [ RunTime:0.000000s ]
SQL: SHOW COLUMNS FROM `hwh_user` [ RunTime:0.0166s ]
SQL: SELECT * FROM `hwh_user` WHERE ( id=7 ) LIMIT 1   [ RunTime:0.0000s ]
SQL: SHOW COLUMNS FROM `hwh_user_log` [ RunTime:0.0010s ]
SQL: SELECT `user_time` FROM `hwh_user_log` WHERE `uid` = 7 AND `user_type` = 1 ORDER BY id desc LIMIT 1   [ RunTime:0.0000s ]
SQL: SHOW COLUMNS FROM `hwh_goods_cart` [ RunTime:0.0000s ]
SQL: SELECT COUNT(*) AS tp_count FROM `hwh_goods_cart` WHERE `userId` = 7 LIMIT 1   [ RunTime:0.0000s ]
SQL: SELECT * FROM `hwh_goods_cart` WHERE `userId` = 7  [ RunTime:0.0000s ]
SQL: SHOW COLUMNS FROM `hwh_goods_cart` [ RunTime:0.0000s ]
SQL: SELECT c.id,c.goodsNum,c.amount,c.attrValue1,c.attrValue2,c.isok,c.createDate,g.price,g.name,g.img FROM hwh_goods_cart c INNER JOIN hwh_goods g on g.id = c.goodsId  WHERE c.userId = '7' LIMIT 3   [ RunTime:0.0000s ]
INFO: [ view_parse ] --START--
INFO: [ template_filter ] --START--
INFO: Run Behavior\ContentReplaceBehavior [ RunTime:0.000000s ]
INFO: [ template_filter ] --END-- [ RunTime:0.000000s ]
NOTIC: [8] Undefined index: qq_nickname D:\phpStudy\WWW\haozi\Shopping\Runtime\Cache\Home\eb0fab4f99ae221789a46839c09ef638.php 第 28 行.
NOTIC: [8] Undefined variable: count D:\phpStudy\WWW\haozi\Shopping\Runtime\Cache\Home\eb0fab4f99ae221789a46839c09ef638.php 第 213 行.
NOTIC: [8] Undefined variable: count D:\phpStudy\WWW\haozi\Shopping\Runtime\Cache\Home\eb0fab4f99ae221789a46839c09ef638.php 第 214 行.
NOTIC: [8] Undefined variable: count D:\phpStudy\WWW\haozi\Shopping\Runtime\Cache\Home\eb0fab4f99ae221789a46839c09ef638.php 第 215 行.
NOTIC: [8] Undefined variable: count D:\phpStudy\WWW\haozi\Shopping\Runtime\Cache\Home\eb0fab4f99ae221789a46839c09ef638.php 第 216 行.
NOTIC: [8] Undefined variable: count D:\phpStudy\WWW\haozi\Shopping\Runtime\Cache\Home\eb0fab4f99ae221789a46839c09ef638.php 第 217 行.
NOTIC: [8] Undefined variable: count D:\phpStudy\WWW\haozi\Shopping\Runtime\Cache\Home\eb0fab4f99ae221789a46839c09ef638.php 第 218 行.
NOTIC: [8] Undefined variable: count D:\phpStudy\WWW\haozi\Shopping\Runtime\Cache\Home\eb0fab4f99ae221789a46839c09ef638.php 第 219 行.
INFO: Run Behavior\ParseTemplateBehavior [ RunTime:0.031601s ]
INFO: [ view_parse ] --END-- [ RunTime:0.031601s ]
INFO: [ view_filter ] --START--
INFO: Run Behavior\WriteHtmlCacheBehavior [ RunTime:0.000000s ]
INFO: [ view_filter ] --END-- [ RunTime:0.000000s ]
INFO: [ app_end ] --START--
INFO: Run Behavior\ShowPageTraceBehavior [ RunTime:0.000000s ]
INFO: [ app_end ] --END-- [ RunTime:0.000000s ]

[ 2017-11-24T14:49:44+08:00 ] 127.0.0.1 /mall.php/home/usercenter/orderlist.html
INFO: [ app_init ] --START--
INFO: Run Behavior\BuildLiteBehavior [ RunTime:0.000000s ]
INFO: [ app_init ] --END-- [ RunTime:0.001001s ]
INFO: [ app_begin ] --START--
INFO: Run Behavior\ReadHtmlCacheBehavior [ RunTime:0.000000s ]
INFO: [ app_begin ] --END-- [ RunTime:0.000000s ]
SQL: SHOW COLUMNS FROM `hwh_user` [ RunTime:0.0000s ]
SQL: SELECT * FROM `hwh_user` WHERE ( id=7 ) LIMIT 1   [ RunTime:0.0000s ]
SQL: SHOW COLUMNS FROM `hwh_user_log` [ RunTime:0.0000s ]
SQL: SELECT `user_time` FROM `hwh_user_log` WHERE `uid` = 7 AND `user_type` = 1 ORDER BY id desc LIMIT 1   [ RunTime:0.0000s ]
SQL: SHOW COLUMNS FROM `hwh_goods_cart` [ RunTime:0.0000s ]
SQL: SELECT COUNT(*) AS tp_count FROM `hwh_goods_cart` WHERE `userId` = 7 LIMIT 1   [ RunTime:0.0000s ]
SQL: SELECT * FROM `hwh_goods_cart` WHERE `userId` = 7  [ RunTime:0.0000s ]
SQL: SHOW COLUMNS FROM `hwh_goods_cart` [ RunTime:0.0156s ]
SQL: SELECT c.id,c.goodsNum,c.amount,c.attrValue1,c.attrValue2,c.isok,c.createDate,g.price,g.name,g.img FROM hwh_goods_cart c INNER JOIN hwh_goods g on g.id = c.goodsId  WHERE c.userId = '7' LIMIT 3   [ RunTime:0.0000s ]
SQL: SHOW COLUMNS FROM `hwh_order` [ RunTime:0.0000s ]
SQL: SELECT `id`,`orderNo`,`totalAmount`,`payState`,`shipState`,`isComment`,`createDate` FROM `hwh_order` WHERE `userId` = 7 AND `payState` = 1  [ RunTime:0.0000s ]
SQL: select count(id) as count from hwh_order where userId = 7 [ RunTime:0.0000s ]
SQL: select count(id) as count from hwh_order where userId = 7 and payState = 1 [ RunTime:0.0000s ]
SQL: select count(id) as count from hwh_order where userId = 7 and payState = 2 and shipState = 1 [ RunTime:0.0000s ]
SQL: select count(id) as count from hwh_order where userId = 7 and payState = 2 and shipState = 2 [ RunTime:0.0000s ]
SQL: select count(id) as count from hwh_order where userId = 7 and payState = 2 and shipState = 4 [ RunTime:0.0000s ]
SQL: select count(id) as count from hwh_order where userId = 7 and payState = 2 and shipState = 3 [ RunTime:0.0000s ]
SQL: select count(id) as count from hwh_order where userId = 7 and payState in (3,4) [ RunTime:0.0000s ]

[ 2017-11-24T14:49:48+08:00 ] 127.0.0.1 /mall.php/home/usercenter/mycartlist.html
INFO: [ app_init ] --START--
INFO: Run Behavior\BuildLiteBehavior [ RunTime:0.000000s ]
INFO: [ app_init ] --END-- [ RunTime:0.000000s ]
INFO: [ app_begin ] --START--
INFO: Run Behavior\ReadHtmlCacheBehavior [ RunTime:0.000000s ]
INFO: [ app_begin ] --END-- [ RunTime:0.000000s ]
SQL: SHOW COLUMNS FROM `hwh_user` [ RunTime:0.0040s ]
SQL: SELECT * FROM `hwh_user` WHERE ( id=7 ) LIMIT 1   [ RunTime:0.0000s ]
SQL: SHOW COLUMNS FROM `hwh_user_log` [ RunTime:0.0040s ]
SQL: SELECT `user_time` FROM `hwh_user_log` WHERE `uid` = 7 AND `user_type` = 1 ORDER BY id desc LIMIT 1   [ RunTime:0.0000s ]
SQL: SHOW COLUMNS FROM `hwh_goods_cart` [ RunTime:0.0030s ]
SQL: SELECT COUNT(*) AS tp_count FROM `hwh_goods_cart` WHERE `userId` = 7 LIMIT 1   [ RunTime:0.0000s ]
SQL: SELECT * FROM `hwh_goods_cart` WHERE `userId` = 7  [ RunTime:0.0010s ]
SQL: SHOW COLUMNS FROM `hwh_goods_cart` [ RunTime:0.0030s ]
SQL: SELECT c.id,c.goodsNum,c.amount,c.attrValue1,c.attrValue2,c.isok,c.createDate,g.price,g.name,g.img FROM hwh_goods_cart c INNER JOIN hwh_goods g on g.id = c.goodsId  WHERE c.userId = '7' LIMIT 3   [ RunTime:0.0000s ]
INFO: [ view_parse ] --START--
INFO: [ template_filter ] --START--
INFO: Run Behavior\ContentReplaceBehavior [ RunTime:0.000000s ]
INFO: [ template_filter ] --END-- [ RunTime:0.000000s ]
NOTIC: [8] Undefined index: qq_nickname D:\phpStudy\WWW\haozi\Shopping\Runtime\Cache\Home\a0392ab61c975c188e88917fb6c93df1.php 第 28 行.
INFO: Run Behavior\ParseTemplateBehavior [ RunTime:0.026001s ]
INFO: [ view_parse ] --END-- [ RunTime:0.026001s ]
INFO: [ view_filter ] --START--
INFO: Run Behavior\WriteHtmlCacheBehavior [ RunTime:0.000000s ]
INFO: [ view_filter ] --END-- [ RunTime:0.000000s ]
INFO: [ app_end ] --START--
INFO: Run Behavior\ShowPageTraceBehavior [ RunTime:0.001000s ]
INFO: [ app_end ] --END-- [ RunTime:0.001000s ]

[ 2017-11-24T14:49:48+08:00 ] 127.0.0.1 /mall.php/home/usercenter/mycartlist.html
INFO: [ app_init ] --START--
INFO: Run Behavior\BuildLiteBehavior [ RunTime:0.000000s ]
INFO: [ app_init ] --END-- [ RunTime:0.000000s ]
INFO: [ app_begin ] --START--
INFO: Run Behavior\ReadHtmlCacheBehavior [ RunTime:0.000000s ]
INFO: [ app_begin ] --END-- [ RunTime:0.000000s ]
SQL: SHOW COLUMNS FROM `hwh_user` [ RunTime:0.0156s ]
SQL: SELECT * FROM `hwh_user` WHERE ( id=7 ) LIMIT 1   [ RunTime:0.0000s ]
SQL: SHOW COLUMNS FROM `hwh_user_log` [ RunTime:0.0000s ]
SQL: SELECT `user_time` FROM `hwh_user_log` WHERE `uid` = 7 AND `user_type` = 1 ORDER BY id desc LIMIT 1   [ RunTime:0.0000s ]
SQL: SHOW COLUMNS FROM `hwh_goods_cart` [ RunTime:0.0000s ]
SQL: SELECT COUNT(*) AS tp_count FROM `hwh_goods_cart` WHERE `userId` = 7 LIMIT 1   [ RunTime:0.0000s ]
SQL: SELECT * FROM `hwh_goods_cart` WHERE `userId` = 7  [ RunTime:0.0000s ]
SQL: SHOW COLUMNS FROM `hwh_goods_cart` [ RunTime:0.0000s ]
SQL: SELECT c.id,c.goodsNum,c.amount,c.attrValue1,c.attrValue2,c.isok,c.createDate,g.price,g.name,g.img FROM hwh_goods_cart c INNER JOIN hwh_goods g on g.id = c.goodsId  WHERE c.userId = '7' LIMIT 3   [ RunTime:0.0000s ]
SQL: SELECT id as cartId,`goodsNum`,`amount`,`attrValue1`,`attrValue2`,`isok`,`createDate` FROM `hwh_goods_cart` WHERE `userId` = 7  [ RunTime:0.0000s ]

[ 2017-11-24T14:49:52+08:00 ] 127.0.0.1 /mall.php/home/
INFO: [ app_init ] --START--
INFO: Run Behavior\BuildLiteBehavior [ RunTime:0.000000s ]
INFO: [ app_init ] --END-- [ RunTime:0.001000s ]
INFO: [ app_begin ] --START--
INFO: Run Behavior\ReadHtmlCacheBehavior [ RunTime:0.001000s ]
INFO: [ app_begin ] --END-- [ RunTime:0.001000s ]
SQL: SHOW COLUMNS FROM `hwh_user` [ RunTime:0.0030s ]
SQL: SELECT * FROM `hwh_user` WHERE ( id=7 ) LIMIT 1   [ RunTime:0.0010s ]
SQL: SHOW COLUMNS FROM `hwh_user_log` [ RunTime:0.0030s ]
SQL: SELECT `user_time` FROM `hwh_user_log` WHERE `uid` = 7 AND `user_type` = 1 ORDER BY id desc LIMIT 1   [ RunTime:0.0000s ]
SQL: SHOW COLUMNS FROM `hwh_goods_cart` [ RunTime:0.0030s ]
SQL: SELECT COUNT(*) AS tp_count FROM `hwh_goods_cart` WHERE `userId` = 7 LIMIT 1   [ RunTime:0.0010s ]
SQL: SELECT * FROM `hwh_goods_cart` WHERE `userId` = 7  [ RunTime:0.0000s ]
SQL: SHOW COLUMNS FROM `hwh_goods_cart` [ RunTime:0.0030s ]
SQL: SELECT c.id,c.goodsNum,c.amount,c.attrValue1,c.attrValue2,c.isok,c.createDate,g.price,g.name,g.img FROM hwh_goods_cart c INNER JOIN hwh_goods g on g.id = c.goodsId  WHERE c.userId = '7' LIMIT 3   [ RunTime:0.0000s ]
SQL: SHOW COLUMNS FROM `hwh_goods` [ RunTime:0.0030s ]
NOTIC: [8] Undefined variable: w D:\phpStudy\WWW\haozi\Shopping\Home\Controller\IndexController.class.php 第 39 行.
SQL: SELECT `id`,`topCategoryId`,`categoryId`,`attrIdList`,`attrNameList`,`name`,`price`,`oldPrice`,`soldNum`,`img`,`unitName`,`isMarketable`,`description`,`createDate`,`updateDate` FROM `hwh_goods`  [ RunTime:0.0010s ]
SQL: SHOW COLUMNS FROM `hwh_goods_category` [ RunTime:0.0030s ]
SQL: SELECT `id`,`parentId`,`name` FROM `hwh_goods_category` WHERE `id` = 6 LIMIT 1   [ RunTime:0.0000s ]
SQL: SELECT `id`,`parentId`,`name` FROM `hwh_goods_category` WHERE ( parentId=6 )  [ RunTime:0.0000s ]
SQL: SELECT `id`,`parentId`,`name` FROM `hwh_goods_category` WHERE `id` = 4 LIMIT 1   [ RunTime:0.0000s ]
SQL: SELECT `id`,`parentId`,`name` FROM `hwh_goods_category` WHERE ( parentId=4 )  [ RunTime:0.0010s ]
SQL: SELECT `id`,`name` FROM `hwh_goods_category` WHERE ( parentId=0 ) ORDER BY ordernum  [ RunTime:0.0000s ]
SQL: SELECT `id`,`name` FROM `hwh_goods_category` WHERE ( parentId=4 )  [ RunTime:0.0000s ]
SQL: SELECT `id`,`name` FROM `hwh_goods_category` WHERE ( parentId=6 )  [ RunTime:0.0000s ]
INFO: [ view_parse ] --START--
INFO: [ template_filter ] --START--
INFO: Run Behavior\ContentReplaceBehavior [ RunTime:0.000000s ]
INFO: [ template_filter ] --END-- [ RunTime:0.000000s ]
NOTIC: [8] Undefined index: qq_nickname D:\phpStudy\WWW\haozi\Shopping\Runtime\Cache\Home\52e8ed71ecc076a29e9c6c3fe4b5ea9e.php 第 24 行.
INFO: Run Behavior\ParseTemplateBehavior [ RunTime:0.006000s ]
INFO: [ view_parse ] --END-- [ RunTime:0.006000s ]
INFO: [ view_filter ] --START--
INFO: Run Behavior\WriteHtmlCacheBehavior [ RunTime:0.001000s ]
INFO: [ view_filter ] --END-- [ RunTime:0.001000s ]
INFO: [ app_end ] --START--
INFO: Run Behavior\ShowPageTraceBehavior [ RunTime:0.001000s ]
INFO: [ app_end ] --END-- [ RunTime:0.001000s ]

[ 2017-11-24T14:49:56+08:00 ] 127.0.0.1 /mall.php/home/Goods/goodsView?id=13
INFO: [ app_init ] --START--
INFO: Run Behavior\BuildLiteBehavior [ RunTime:0.000000s ]
INFO: [ app_init ] --END-- [ RunTime:0.001000s ]
INFO: [ app_begin ] --START--
INFO: Run Behavior\ReadHtmlCacheBehavior [ RunTime:0.001000s ]
INFO: [ app_begin ] --END-- [ RunTime:0.001000s ]
SQL: SHOW COLUMNS FROM `hwh_user` [ RunTime:0.0030s ]
SQL: SELECT * FROM `hwh_user` WHERE ( id=7 ) LIMIT 1   [ RunTime:0.0000s ]
SQL: SHOW COLUMNS FROM `hwh_user_log` [ RunTime:0.0030s ]
SQL: SELECT `user_time` FROM `hwh_user_log` WHERE `uid` = 7 AND `user_type` = 1 ORDER BY id desc LIMIT 1   [ RunTime:0.0000s ]
SQL: SHOW COLUMNS FROM `hwh_goods_cart` [ RunTime:0.0030s ]
SQL: SELECT COUNT(*) AS tp_count FROM `hwh_goods_cart` WHERE `userId` = 7 LIMIT 1   [ RunTime:0.0000s ]
SQL: SELECT * FROM `hwh_goods_cart` WHERE `userId` = 7  [ RunTime:0.0000s ]
SQL: SHOW COLUMNS FROM `hwh_goods_cart` [ RunTime:0.0040s ]
SQL: SELECT c.id,c.goodsNum,c.amount,c.attrValue1,c.attrValue2,c.isok,c.createDate,g.price,g.name,g.img FROM hwh_goods_cart c INNER JOIN hwh_goods g on g.id = c.goodsId  WHERE c.userId = '7' LIMIT 3   [ RunTime:0.0000s ]
SQL: SHOW COLUMNS FROM `hwh_goods` [ RunTime:0.0030s ]
SQL: SELECT * FROM `hwh_goods` WHERE ( id=13 ) LIMIT 1   [ RunTime:0.0010s ]
SQL: SHOW COLUMNS FROM `hwh_goods_store` [ RunTime:0.0030s ]
SQL: SELECT * FROM `hwh_goods_store` WHERE ( goodsId=13 )  [ RunTime:0.0000s ]
SQL: SELECT attrValue1 as attrValue FROM `hwh_goods_store` WHERE ( goodsId=13 ) GROUP BY attrValue1  [ RunTime:0.0030s ]
SQL: SHOW COLUMNS FROM `hwh_attribute_name` [ RunTime:0.0030s ]
SQL: SELECT `id`,`attrname` FROM `hwh_attribute_name`  [ RunTime:0.0000s ]
SQL: SHOW COLUMNS FROM `hwh_attribute_value` [ RunTime:0.0030s ]
SQL: SELECT * FROM `hwh_attribute_value` WHERE ( attrNameId=7 )  [ RunTime:0.0000s ]
SQL: SELECT * FROM `hwh_attribute_value` WHERE ( attrNameId=4 )  [ RunTime:0.0010s ]
SQL: SELECT * FROM `hwh_attribute_value` WHERE ( attrNameId=6 )  [ RunTime:0.0000s ]
NOTIC: [8] Undefined index: 材质 D:\phpStudy\WWW\haozi\Shopping\Home\Controller\GoodsController.class.php 第 76 行.
NOTIC: [8] Undefined index: 尺码 D:\phpStudy\WWW\haozi\Shopping\Home\Controller\GoodsController.class.php 第 76 行.
SQL: SELECT `attrValue1`,`attrValue2` FROM `hwh_goods_store` WHERE ( goodsId=13 )  [ RunTime:0.0000s ]
SQL: SELECT COUNT(*) AS tp_count FROM `hwh_goods_cart` WHERE `userId` = 7 AND `isok` = 1 LIMIT 1   [ RunTime:0.0000s ]
INFO: [ view_parse ] --START--
INFO: [ template_filter ] --START--
INFO: Run Behavior\ContentReplaceBehavior [ RunTime:0.000000s ]
INFO: [ template_filter ] --END-- [ RunTime:0.000000s ]
NOTIC: [8] Undefined variable: count D:\phpStudy\WWW\haozi\Shopping\Runtime\Cache\Home\f9dbfb5ad94d55bff5702423295fdbc9.php 第 281 行.
INFO: Run Behavior\ParseTemplateBehavior [ RunTime:0.000000s ]
INFO: [ view_parse ] --END-- [ RunTime:0.000000s ]
INFO: [ view_filter ] --START--
INFO: Run Behavior\WriteHtmlCacheBehavior [ RunTime:0.000000s ]
INFO: [ view_filter ] --END-- [ RunTime:0.000000s ]
INFO: [ app_end ] --START--
INFO: Run Behavior\ShowPageTraceBehavior [ RunTime:0.000000s ]
INFO: [ app_end ] --END-- [ RunTime:0.000000s ]

[ 2017-11-24T14:49:56+08:00 ] 127.0.0.1 /mall.php/home/goods/commentlist.html
INFO: [ app_init ] --START--
INFO: Run Behavior\BuildLiteBehavior [ RunTime:0.000000s ]
INFO: [ app_init ] --END-- [ RunTime:0.000000s ]
INFO: [ app_begin ] --START--
INFO: Run Behavior\ReadHtmlCacheBehavior [ RunTime:0.000000s ]
INFO: [ app_begin ] --END-- [ RunTime:0.000000s ]
SQL: SHOW COLUMNS FROM `hwh_user` [ RunTime:0.0040s ]
SQL: SELECT * FROM `hwh_user` WHERE ( id=7 ) LIMIT 1   [ RunTime:0.0010s ]
SQL: SHOW COLUMNS FROM `hwh_user_log` [ RunTime:0.0030s ]
SQL: SELECT `user_time` FROM `hwh_user_log` WHERE `uid` = 7 AND `user_type` = 1 ORDER BY id desc LIMIT 1   [ RunTime:0.0000s ]
SQL: SHOW COLUMNS FROM `hwh_goods_cart` [ RunTime:0.0030s ]
SQL: SELECT COUNT(*) AS tp_count FROM `hwh_goods_cart` WHERE `userId` = 7 LIMIT 1   [ RunTime:0.0000s ]
SQL: SELECT * FROM `hwh_goods_cart` WHERE `userId` = 7  [ RunTime:0.0000s ]
SQL: SHOW COLUMNS FROM `hwh_goods_cart` [ RunTime:0.0000s ]
SQL: SELECT c.id,c.goodsNum,c.amount,c.attrValue1,c.attrValue2,c.isok,c.createDate,g.price,g.name,g.img FROM hwh_goods_cart c INNER JOIN hwh_goods g on g.id = c.goodsId  WHERE c.userId = '7' LIMIT 3   [ RunTime:0.0000s ]
SQL: SHOW COLUMNS FROM `hwh_user_qq` [ RunTime:0.0000s ]
SQL: SELECT `qq_nickname` FROM `hwh_user_qq` WHERE `qq_openid` = null LIMIT 1   [ RunTime:0.0000s ]
SQL: SHOW COLUMNS FROM `hwh_goods_comment` [ RunTime:0.0000s ]
SQL: SELECT c.*,g.name,g.img,u.nickname,u.username FROM hwh_goods_comment c left JOIN hwh_goods g on g.id = c.goodsId left JOIN hwh_user u on u.id = c.userId  WHERE c.goodsId = '13' ORDER BY createDate desc  [ RunTime:0.0000s ]
NOTIC: [8] Undefined variable: count D:\phpStudy\WWW\haozi\Shopping\Home\Controller\GoodsController.class.php 第 196 行.
INFO: [ app_end ] --START--
INFO: Run Behavior\ShowPageTraceBehavior [ RunTime:0.000000s ]
INFO: [ app_end ] --END-- [ RunTime:0.000000s ]

[ 2017-11-24T14:49:56+08:00 ] 127.0.0.1 /mall.php/home/Goods/null
INFO: [ app_init ] --START--
INFO: Run Behavior\BuildLiteBehavior [ RunTime:0.000000s ]
INFO: [ app_init ] --END-- [ RunTime:0.000000s ]
INFO: [ app_begin ] --START--
INFO: Run Behavior\ReadHtmlCacheBehavior [ RunTime:0.000000s ]
INFO: [ app_begin ] --END-- [ RunTime:0.000000s ]
SQL: SHOW COLUMNS FROM `hwh_user` [ RunTime:0.0040s ]
SQL: SELECT * FROM `hwh_user` WHERE ( id=7 ) LIMIT 1   [ RunTime:0.0000s ]
SQL: SHOW COLUMNS FROM `hwh_user_log` [ RunTime:0.0030s ]
SQL: SELECT `user_time` FROM `hwh_user_log` WHERE `uid` = 7 AND `user_type` = 1 ORDER BY id desc LIMIT 1   [ RunTime:0.0000s ]
SQL: SHOW COLUMNS FROM `hwh_goods_cart` [ RunTime:0.0040s ]
SQL: SELECT COUNT(*) AS tp_count FROM `hwh_goods_cart` WHERE `userId` = 7 LIMIT 1   [ RunTime:0.0000s ]
SQL: SELECT * FROM `hwh_goods_cart` WHERE `userId` = 7  [ RunTime:0.0000s ]
SQL: SHOW COLUMNS FROM `hwh_goods_cart` [ RunTime:0.0030s ]
SQL: SELECT c.id,c.goodsNum,c.amount,c.attrValue1,c.attrValue2,c.isok,c.createDate,g.price,g.name,g.img FROM hwh_goods_cart c INNER JOIN hwh_goods g on g.id = c.goodsId  WHERE c.userId = '7' LIMIT 3   [ RunTime:0.0010s ]
ERR: 非法操作:null

[ 2017-11-24T14:50:01+08:00 ] 127.0.0.1 /mall.php/home/goods/goodsstoreview.html
INFO: [ app_init ] --START--
INFO: Run Behavior\BuildLiteBehavior [ RunTime:0.000000s ]
INFO: [ app_init ] --END-- [ RunTime:0.001000s ]
INFO: [ app_begin ] --START--
INFO: Run Behavior\ReadHtmlCacheBehavior [ RunTime:0.001000s ]
INFO: [ app_begin ] --END-- [ RunTime:0.001000s ]
SQL: SHOW COLUMNS FROM `hwh_user` [ RunTime:0.0000s ]
SQL: SELECT * FROM `hwh_user` WHERE ( id=7 ) LIMIT 1   [ RunTime:0.0000s ]
SQL: SHOW COLUMNS FROM `hwh_user_log` [ RunTime:0.0156s ]
SQL: SELECT `user_time` FROM `hwh_user_log` WHERE `uid` = 7 AND `user_type` = 1 ORDER BY id desc LIMIT 1   [ RunTime:0.0000s ]
SQL: SHOW COLUMNS FROM `hwh_goods_cart` [ RunTime:0.0000s ]
SQL: SELECT COUNT(*) AS tp_count FROM `hwh_goods_cart` WHERE `userId` = 7 LIMIT 1   [ RunTime:0.0000s ]
SQL: SELECT * FROM `hwh_goods_cart` WHERE `userId` = 7  [ RunTime:0.0000s ]
SQL: SHOW COLUMNS FROM `hwh_goods_cart` [ RunTime:0.0000s ]
SQL: SELECT c.id,c.goodsNum,c.amount,c.attrValue1,c.attrValue2,c.isok,c.createDate,g.price,g.name,g.img FROM hwh_goods_cart c INNER JOIN hwh_goods g on g.id = c.goodsId  WHERE c.userId = '7' LIMIT 3   [ RunTime:0.0000s ]
SQL: SHOW COLUMNS FROM `hwh_goods_store` [ RunTime:0.0176s ]
SQL: SELECT `stock`,`soldNum` FROM `hwh_goods_store` WHERE `goodsId` = 13 AND `attrValue1` = '红色' LIMIT 1   [ RunTime:0.0000s ]
INFO: [ app_end ] --START--
INFO: Run Behavior\ShowPageTraceBehavior [ RunTime:0.000000s ]
INFO: [ app_end ] --END-- [ RunTime:0.000000s ]

[ 2017-11-24T14:50:02+08:00 ] 127.0.0.1 /mall.php/home/cart/addcart.html
INFO: [ app_init ] --START--
INFO: Run Behavior\BuildLiteBehavior [ RunTime:0.000000s ]
INFO: [ app_init ] --END-- [ RunTime:0.000000s ]
INFO: [ app_begin ] --START--
INFO: Run Behavior\ReadHtmlCacheBehavior [ RunTime:0.000000s ]
INFO: [ app_begin ] --END-- [ RunTime:0.000000s ]
SQL: SHOW COLUMNS FROM `hwh_user` [ RunTime:0.0030s ]
SQL: SELECT * FROM `hwh_user` WHERE ( id=7 ) LIMIT 1   [ RunTime:0.0000s ]
SQL: SHOW COLUMNS FROM `hwh_user_log` [ RunTime:0.0000s ]
SQL: SELECT `user_time` FROM `hwh_user_log` WHERE `uid` = 7 AND `user_type` = 1 ORDER BY id desc LIMIT 1   [ RunTime:0.0000s ]
SQL: SHOW COLUMNS FROM `hwh_goods_cart` [ RunTime:0.0000s ]
SQL: SELECT COUNT(*) AS tp_count FROM `hwh_goods_cart` WHERE `userId` = 7 LIMIT 1   [ RunTime:0.0000s ]
SQL: SELECT * FROM `hwh_goods_cart` WHERE `userId` = 7  [ RunTime:0.0000s ]
SQL: SHOW COLUMNS FROM `hwh_goods_cart` [ RunTime:0.0000s ]
SQL: SELECT c.id,c.goodsNum,c.amount,c.attrValue1,c.attrValue2,c.isok,c.createDate,g.price,g.name,g.img FROM hwh_goods_cart c INNER JOIN hwh_goods g on g.id = c.goodsId  WHERE c.userId = '7' LIMIT 3   [ RunTime:0.0000s ]
SQL: SHOW COLUMNS FROM `hwh_goods` [ RunTime:0.0176s ]
SQL: SELECT * FROM `hwh_goods` WHERE `id` = 13 LIMIT 1   [ RunTime:0.0000s ]
SQL: SHOW COLUMNS FROM `hwh_goods_store` [ RunTime:0.0040s ]
SQL: SELECT `stock` FROM `hwh_goods_store` WHERE `goodsId` = 13 AND `attrValue1` = '红色' LIMIT 1   [ RunTime:0.0000s ]
SQL: INSERT INTO `hwh_goods_cart` (`userId`,`goodsId`,`goodsNum`,`amount`,`attrValue1`,`attrValue2`,`createDate`) VALUES ('7','13','1','558','红色','','2017-11-24 14:50:02') [ RunTime:0.0000s ]
SQL: UPDATE `hwh_goods_store` SET `stock`='64' WHERE `goodsId` = 13 AND `attrValue1` = '红色' [ RunTime:0.0010s ]
SQL: SELECT * FROM `hwh_goods_cart` WHERE `goodsId` = 13 AND `attrValue1` = '红色' AND `userId` = 7 AND `isok` = 1 ORDER BY createDate desc  [ RunTime:0.0000s ]

[ 2017-11-24T14:50:02+08:00 ] 127.0.0.1 /mall.php/home/goods/goodscartnum.html
INFO: [ app_init ] --START--
INFO: Run Behavior\BuildLiteBehavior [ RunTime:0.000000s ]
INFO: [ app_init ] --END-- [ RunTime:0.000000s ]
INFO: [ app_begin ] --START--
INFO: Run Behavior\ReadHtmlCacheBehavior [ RunTime:0.000000s ]
INFO: [ app_begin ] --END-- [ RunTime:0.000000s ]
SQL: SHOW COLUMNS FROM `hwh_user` [ RunTime:0.0030s ]
SQL: SELECT * FROM `hwh_user` WHERE ( id=7 ) LIMIT 1   [ RunTime:0.0000s ]
SQL: SHOW COLUMNS FROM `hwh_user_log` [ RunTime:0.0030s ]
SQL: SELECT `user_time` FROM `hwh_user_log` WHERE `uid` = 7 AND `user_type` = 1 ORDER BY id desc LIMIT 1   [ RunTime:0.0000s ]
SQL: SHOW COLUMNS FROM `hwh_goods_cart` [ RunTime:0.0000s ]
SQL: SELECT COUNT(*) AS tp_count FROM `hwh_goods_cart` WHERE `userId` = 7 LIMIT 1   [ RunTime:0.0000s ]
SQL: SELECT * FROM `hwh_goods_cart` WHERE `userId` = 7  [ RunTime:0.0000s ]
SQL: SHOW COLUMNS FROM `hwh_goods_cart` [ RunTime:0.0000s ]
SQL: SELECT c.id,c.goodsNum,c.amount,c.attrValue1,c.attrValue2,c.isok,c.createDate,g.price,g.name,g.img FROM hwh_goods_cart c INNER JOIN hwh_goods g on g.id = c.goodsId  WHERE c.userId = '7' LIMIT 3   [ RunTime:0.0000s ]
SQL: SELECT COUNT(*) AS tp_count FROM `hwh_goods_cart` WHERE `userId` = 1 AND `isok` = 1 LIMIT 1   [ RunTime:0.0000s ]
INFO: [ app_end ] --START--
INFO: Run Behavior\ShowPageTraceBehavior [ RunTime:0.000000s ]
INFO: [ app_end ] --END-- [ RunTime:0.000000s ]

[ 2017-11-24T14:50:07+08:00 ] 127.0.0.1 /mall.php/home/usercenter/mycartlist.html
INFO: [ app_init ] --START--
INFO: Run Behavior\BuildLiteBehavior [ RunTime:0.000000s ]
INFO: [ app_init ] --END-- [ RunTime:0.000000s ]
INFO: [ app_begin ] --START--
INFO: Run Behavior\ReadHtmlCacheBehavior [ RunTime:0.000000s ]
INFO: [ app_begin ] --END-- [ RunTime:0.000000s ]
SQL: SHOW COLUMNS FROM `hwh_user` [ RunTime:0.0020s ]
SQL: SELECT * FROM `hwh_user` WHERE ( id=7 ) LIMIT 1   [ RunTime:0.0000s ]
SQL: SHOW COLUMNS FROM `hwh_user_log` [ RunTime:0.0000s ]
SQL: SELECT `user_time` FROM `hwh_user_log` WHERE `uid` = 7 AND `user_type` = 1 ORDER BY id desc LIMIT 1   [ RunTime:0.0000s ]
SQL: SHOW COLUMNS FROM `hwh_goods_cart` [ RunTime:0.0000s ]
SQL: SELECT COUNT(*) AS tp_count FROM `hwh_goods_cart` WHERE `userId` = 7 LIMIT 1   [ RunTime:0.0000s ]
SQL: SELECT * FROM `hwh_goods_cart` WHERE `userId` = 7  [ RunTime:0.0000s ]
SQL: SHOW COLUMNS FROM `hwh_goods_cart` [ RunTime:0.0000s ]
SQL: SELECT c.id,c.goodsNum,c.amount,c.attrValue1,c.attrValue2,c.isok,c.createDate,g.price,g.name,g.img FROM hwh_goods_cart c INNER JOIN hwh_goods g on g.id = c.goodsId  WHERE c.userId = '7' LIMIT 3   [ RunTime:0.0000s ]
INFO: [ view_parse ] --START--
INFO: [ template_filter ] --START--
INFO: Run Behavior\ContentReplaceBehavior [ RunTime:0.000000s ]
INFO: [ template_filter ] --END-- [ RunTime:0.000000s ]
NOTIC: [8] Undefined index: qq_nickname D:\phpStudy\WWW\haozi\Shopping\Runtime\Cache\Home\a0392ab61c975c188e88917fb6c93df1.php 第 28 行.
INFO: Run Behavior\ParseTemplateBehavior [ RunTime:0.018600s ]
INFO: [ view_parse ] --END-- [ RunTime:0.018600s ]
INFO: [ view_filter ] --START--
INFO: Run Behavior\WriteHtmlCacheBehavior [ RunTime:0.000000s ]
INFO: [ view_filter ] --END-- [ RunTime:0.000000s ]
INFO: [ app_end ] --START--
INFO: Run Behavior\ShowPageTraceBehavior [ RunTime:0.000000s ]
INFO: [ app_end ] --END-- [ RunTime:0.000000s ]

[ 2017-11-24T14:50:08+08:00 ] 127.0.0.1 /mall.php/home/usercenter/mycartlist.html
INFO: [ app_init ] --START--
INFO: Run Behavior\BuildLiteBehavior [ RunTime:0.000000s ]
INFO: [ app_init ] --END-- [ RunTime:0.000000s ]
INFO: [ app_begin ] --START--
INFO: Run Behavior\ReadHtmlCacheBehavior [ RunTime:0.001000s ]
INFO: [ app_begin ] --END-- [ RunTime:0.001000s ]
SQL: SHOW COLUMNS FROM `hwh_user` [ RunTime:0.0040s ]
SQL: SELECT * FROM `hwh_user` WHERE ( id=7 ) LIMIT 1   [ RunTime:0.0010s ]
SQL: SHOW COLUMNS FROM `hwh_user_log` [ RunTime:0.0030s ]
SQL: SELECT `user_time` FROM `hwh_user_log` WHERE `uid` = 7 AND `user_type` = 1 ORDER BY id desc LIMIT 1   [ RunTime:0.0000s ]
SQL: SHOW COLUMNS FROM `hwh_goods_cart` [ RunTime:0.0030s ]
SQL: SELECT COUNT(*) AS tp_count FROM `hwh_goods_cart` WHERE `userId` = 7 LIMIT 1   [ RunTime:0.0000s ]
SQL: SELECT * FROM `hwh_goods_cart` WHERE `userId` = 7  [ RunTime:0.0000s ]
SQL: SHOW COLUMNS FROM `hwh_goods_cart` [ RunTime:0.0010s ]
SQL: SELECT c.id,c.goodsNum,c.amount,c.attrValue1,c.attrValue2,c.isok,c.createDate,g.price,g.name,g.img FROM hwh_goods_cart c INNER JOIN hwh_goods g on g.id = c.goodsId  WHERE c.userId = '7' LIMIT 3   [ RunTime:0.0000s ]
SQL: SELECT id as cartId,`goodsNum`,`amount`,`attrValue1`,`attrValue2`,`isok`,`createDate` FROM `hwh_goods_cart` WHERE `userId` = 7  [ RunTime:0.0000s ]
NOTIC: [8] Undefined index: goodsid D:\phpStudy\WWW\haozi\Shopping\Home\Controller\UsercenterController.class.php 第 480 行.
SQL: SHOW COLUMNS FROM `hwh_goods` [ RunTime:0.0000s ]
SQL: SELECT `id`,`name`,`img`,`description`,`price`,`unitName` FROM `hwh_goods` LIMIT 1   [ RunTime:0.0000s ]

[ 2017-11-24T14:50:08+08:00 ] 127.0.0.1 /mall.php/home/usercenter/null
INFO: [ app_init ] --START--
INFO: Run Behavior\BuildLiteBehavior [ RunTime:0.000000s ]
INFO: [ app_init ] --END-- [ RunTime:0.000000s ]
INFO: [ app_begin ] --START--
INFO: Run Behavior\ReadHtmlCacheBehavior [ RunTime:0.000000s ]
INFO: [ app_begin ] --END-- [ RunTime:0.000000s ]
SQL: SHOW COLUMNS FROM `hwh_user` [ RunTime:0.0040s ]
SQL: SELECT * FROM `hwh_user` WHERE ( id=7 ) LIMIT 1   [ RunTime:0.0000s ]
SQL: SHOW COLUMNS FROM `hwh_user_log` [ RunTime:0.0040s ]
SQL: SELECT `user_time` FROM `hwh_user_log` WHERE `uid` = 7 AND `user_type` = 1 ORDER BY id desc LIMIT 1   [ RunTime:0.0000s ]
SQL: SHOW COLUMNS FROM `hwh_goods_cart` [ RunTime:0.0030s ]
SQL: SELECT COUNT(*) AS tp_count FROM `hwh_goods_cart` WHERE `userId` = 7 LIMIT 1   [ RunTime:0.0000s ]
SQL: SELECT * FROM `hwh_goods_cart` WHERE `userId` = 7  [ RunTime:0.0010s ]
SQL: SHOW COLUMNS FROM `hwh_goods_cart` [ RunTime:0.0030s ]
SQL: SELECT c.id,c.goodsNum,c.amount,c.attrValue1,c.attrValue2,c.isok,c.createDate,g.price,g.name,g.img FROM hwh_goods_cart c INNER JOIN hwh_goods g on g.id = c.goodsId  WHERE c.userId = '7' LIMIT 3   [ RunTime:0.0000s ]
ERR: 非法操作:null

[ 2017-11-24T14:50:11+08:00 ] 127.0.0.1 /mall.php/home/cart/subcart.html
INFO: [ app_init ] --START--
INFO: Run Behavior\BuildLiteBehavior [ RunTime:0.000000s ]
INFO: [ app_init ] --END-- [ RunTime:0.000000s ]
INFO: [ app_begin ] --START--
INFO: Run Behavior\ReadHtmlCacheBehavior [ RunTime:0.000000s ]
INFO: [ app_begin ] --END-- [ RunTime:0.000000s ]
SQL: SHOW COLUMNS FROM `hwh_user` [ RunTime:0.0000s ]
SQL: SELECT * FROM `hwh_user` WHERE ( id=7 ) LIMIT 1   [ RunTime:0.0000s ]
SQL: SHOW COLUMNS FROM `hwh_user_log` [ RunTime:0.0000s ]
SQL: SELECT `user_time` FROM `hwh_user_log` WHERE `uid` = 7 AND `user_type` = 1 ORDER BY id desc LIMIT 1   [ RunTime:0.0000s ]
SQL: SHOW COLUMNS FROM `hwh_goods_cart` [ RunTime:0.0000s ]
SQL: SELECT COUNT(*) AS tp_count FROM `hwh_goods_cart` WHERE `userId` = 7 LIMIT 1   [ RunTime:0.0000s ]
SQL: SELECT * FROM `hwh_goods_cart` WHERE `userId` = 7  [ RunTime:0.0000s ]
SQL: SHOW COLUMNS FROM `hwh_goods_cart` [ RunTime:0.0000s ]
SQL: SELECT c.id,c.goodsNum,c.amount,c.attrValue1,c.attrValue2,c.isok,c.createDate,g.price,g.name,g.img FROM hwh_goods_cart c INNER JOIN hwh_goods g on g.id = c.goodsId  WHERE c.userId = '7' LIMIT 3   [ RunTime:0.0000s ]
SQL: SELECT * FROM `hwh_goods_cart` WHERE `id` IN ('10')  [ RunTime:0.0000s ]
INFO: [ app_end ] --START--
INFO: Run Behavior\ShowPageTraceBehavior [ RunTime:0.000000s ]
INFO: [ app_end ] --END-- [ RunTime:0.000000s ]

[ 2017-11-24T14:50:12+08:00 ] 127.0.0.1 /mall.php/home/cart/subcart.html
INFO: [ app_init ] --START--
INFO: Run Behavior\BuildLiteBehavior [ RunTime:0.000000s ]
INFO: [ app_init ] --END-- [ RunTime:0.000000s ]
INFO: [ app_begin ] --START--
INFO: Run Behavior\ReadHtmlCacheBehavior [ RunTime:0.000000s ]
INFO: [ app_begin ] --END-- [ RunTime:0.000000s ]
SQL: SHOW COLUMNS FROM `hwh_user` [ RunTime:0.0050s ]
SQL: SELECT * FROM `hwh_user` WHERE ( id=7 ) LIMIT 1   [ RunTime:0.0000s ]
SQL: SHOW COLUMNS FROM `hwh_user_log` [ RunTime:0.0040s ]
SQL: SELECT `user_time` FROM `hwh_user_log` WHERE `uid` = 7 AND `user_type` = 1 ORDER BY id desc LIMIT 1   [ RunTime:0.0000s ]
SQL: SHOW COLUMNS FROM `hwh_goods_cart` [ RunTime:0.0040s ]
SQL: SELECT COUNT(*) AS tp_count FROM `hwh_goods_cart` WHERE `userId` = 7 LIMIT 1   [ RunTime:0.0010s ]
SQL: SELECT * FROM `hwh_goods_cart` WHERE `userId` = 7  [ RunTime:0.0000s ]
SQL: SHOW COLUMNS FROM `hwh_goods_cart` [ RunTime:0.0040s ]
SQL: SELECT c.id,c.goodsNum,c.amount,c.attrValue1,c.attrValue2,c.isok,c.createDate,g.price,g.name,g.img FROM hwh_goods_cart c INNER JOIN hwh_goods g on g.id = c.goodsId  WHERE c.userId = '7' LIMIT 3   [ RunTime:0.0000s ]
SQL: SELECT * FROM `hwh_goods_cart` WHERE `id` IN ('')  [ RunTime:0.0000s ]
INFO: [ app_end ] --START--
INFO: Run Behavior\ShowPageTraceBehavior [ RunTime:0.001000s ]
INFO: [ app_end ] --END-- [ RunTime:0.001000s ]

[ 2017-11-24T14:50:12+08:00 ] 127.0.0.1 /mall.php/home/cart/subcart.html
INFO: [ app_init ] --START--
INFO: Run Behavior\BuildLiteBehavior [ RunTime:0.000000s ]
INFO: [ app_init ] --END-- [ RunTime:0.000000s ]
INFO: [ app_begin ] --START--
INFO: Run Behavior\ReadHtmlCacheBehavior [ RunTime:0.000000s ]
INFO: [ app_begin ] --END-- [ RunTime:0.000000s ]
SQL: SHOW COLUMNS FROM `hwh_user` [ RunTime:0.0000s ]
SQL: SELECT * FROM `hwh_user` WHERE ( id=7 ) LIMIT 1   [ RunTime:0.0000s ]
SQL: SHOW COLUMNS FROM `hwh_user_log` [ RunTime:0.0000s ]
SQL: SELECT `user_time` FROM `hwh_user_log` WHERE `uid` = 7 AND `user_type` = 1 ORDER BY id desc LIMIT 1   [ RunTime:0.0000s ]
SQL: SHOW COLUMNS FROM `hwh_goods_cart` [ RunTime:0.0000s ]
SQL: SELECT COUNT(*) AS tp_count FROM `hwh_goods_cart` WHERE `userId` = 7 LIMIT 1   [ RunTime:0.0000s ]
SQL: SELECT * FROM `hwh_goods_cart` WHERE `userId` = 7  [ RunTime:0.0000s ]
SQL: SHOW COLUMNS FROM `hwh_goods_cart` [ RunTime:0.0156s ]
SQL: SELECT c.id,c.goodsNum,c.amount,c.attrValue1,c.attrValue2,c.isok,c.createDate,g.price,g.name,g.img FROM hwh_goods_cart c INNER JOIN hwh_goods g on g.id = c.goodsId  WHERE c.userId = '7' LIMIT 3   [ RunTime:0.0000s ]
SQL: SELECT * FROM `hwh_goods_cart` WHERE `id` IN ('10')  [ RunTime:0.0000s ]
INFO: [ app_end ] --START--
INFO: Run Behavior\ShowPageTraceBehavior [ RunTime:0.000000s ]
INFO: [ app_end ] --END-- [ RunTime:0.000000s ]

[ 2017-11-24T14:50:13+08:00 ] 127.0.0.1 /mall.php/home/cart/subcart.html
INFO: [ app_init ] --START--
INFO: Run Behavior\BuildLiteBehavior [ RunTime:0.000000s ]
INFO: [ app_init ] --END-- [ RunTime:0.000000s ]
INFO: [ app_begin ] --START--
INFO: Run Behavior\ReadHtmlCacheBehavior [ RunTime:0.001000s ]
INFO: [ app_begin ] --END-- [ RunTime:0.016600s ]
SQL: SHOW COLUMNS FROM `hwh_user` [ RunTime:0.0050s ]
SQL: SELECT * FROM `hwh_user` WHERE ( id=7 ) LIMIT 1   [ RunTime:0.0000s ]
SQL: SHOW COLUMNS FROM `hwh_user_log` [ RunTime:0.0040s ]
SQL: SELECT `user_time` FROM `hwh_user_log` WHERE `uid` = 7 AND `user_type` = 1 ORDER BY id desc LIMIT 1   [ RunTime:0.0010s ]
SQL: SHOW COLUMNS FROM `hwh_goods_cart` [ RunTime:0.0040s ]
SQL: SELECT COUNT(*) AS tp_count FROM `hwh_goods_cart` WHERE `userId` = 7 LIMIT 1   [ RunTime:0.0000s ]
SQL: SELECT * FROM `hwh_goods_cart` WHERE `userId` = 7  [ RunTime:0.0010s ]
SQL: SHOW COLUMNS FROM `hwh_goods_cart` [ RunTime:0.0040s ]
SQL: SELECT c.id,c.goodsNum,c.amount,c.attrValue1,c.attrValue2,c.isok,c.createDate,g.price,g.name,g.img FROM hwh_goods_cart c INNER JOIN hwh_goods g on g.id = c.goodsId  WHERE c.userId = '7' LIMIT 3   [ RunTime:0.0000s ]
SQL: SELECT * FROM `hwh_goods_cart` WHERE `id` IN ('')  [ RunTime:0.0010s ]
INFO: [ app_end ] --START--
INFO: Run Behavior\ShowPageTraceBehavior [ RunTime:0.000000s ]
INFO: [ app_end ] --END-- [ RunTime:0.000000s ]

[ 2017-11-24T14:50:13+08:00 ] 127.0.0.1 /mall.php/home/cart/subcart.html
INFO: [ app_init ] --START--
INFO: Run Behavior\BuildLiteBehavior [ RunTime:0.000000s ]
INFO: [ app_init ] --END-- [ RunTime:0.000000s ]
INFO: [ app_begin ] --START--
INFO: Run Behavior\ReadHtmlCacheBehavior [ RunTime:0.000000s ]
INFO: [ app_begin ] --END-- [ RunTime:0.000000s ]
SQL: SHOW COLUMNS FROM `hwh_user` [ RunTime:0.0070s ]
SQL: SELECT * FROM `hwh_user` WHERE ( id=7 ) LIMIT 1   [ RunTime:0.0000s ]
SQL: SHOW COLUMNS FROM `hwh_user_log` [ RunTime:0.0060s ]
SQL: SELECT `user_time` FROM `hwh_user_log` WHERE `uid` = 7 AND `user_type` = 1 ORDER BY id desc LIMIT 1   [ RunTime:0.0000s ]
SQL: SHOW COLUMNS FROM `hwh_goods_cart` [ RunTime:0.0060s ]
SQL: SELECT COUNT(*) AS tp_count FROM `hwh_goods_cart` WHERE `userId` = 7 LIMIT 1   [ RunTime:0.0000s ]
SQL: SELECT * FROM `hwh_goods_cart` WHERE `userId` = 7  [ RunTime:0.0000s ]
SQL: SHOW COLUMNS FROM `hwh_goods_cart` [ RunTime:0.0000s ]
SQL: SELECT c.id,c.goodsNum,c.amount,c.attrValue1,c.attrValue2,c.isok,c.createDate,g.price,g.name,g.img FROM hwh_goods_cart c INNER JOIN hwh_goods g on g.id = c.goodsId  WHERE c.userId = '7' LIMIT 3   [ RunTime:0.0000s ]
SQL: SELECT * FROM `hwh_goods_cart` WHERE `id` IN ('10')  [ RunTime:0.0000s ]
INFO: [ app_end ] --START--
INFO: Run Behavior\ShowPageTraceBehavior [ RunTime:0.000000s ]
INFO: [ app_end ] --END-- [ RunTime:0.000000s ]

[ 2017-11-24T14:50:13+08:00 ] 127.0.0.1 /mall.php/home/cart/subcart.html
INFO: [ app_init ] --START--
INFO: Run Behavior\BuildLiteBehavior [ RunTime:0.000000s ]
INFO: [ app_init ] --END-- [ RunTime:0.000000s ]
INFO: [ app_begin ] --START--
INFO: Run Behavior\ReadHtmlCacheBehavior [ RunTime:0.001000s ]
INFO: [ app_begin ] --END-- [ RunTime:0.001000s ]
SQL: SHOW COLUMNS FROM `hwh_user` [ RunTime:0.0040s ]
SQL: SELECT * FROM `hwh_user` WHERE ( id=7 ) LIMIT 1   [ RunTime:0.0000s ]
SQL: SHOW COLUMNS FROM `hwh_user_log` [ RunTime:0.0030s ]
SQL: SELECT `user_time` FROM `hwh_user_log` WHERE `uid` = 7 AND `user_type` = 1 ORDER BY id desc LIMIT 1   [ RunTime:0.0010s ]
SQL: SHOW COLUMNS FROM `hwh_goods_cart` [ RunTime:0.0030s ]
SQL: SELECT COUNT(*) AS tp_count FROM `hwh_goods_cart` WHERE `userId` = 7 LIMIT 1   [ RunTime:0.0000s ]
SQL: SELECT * FROM `hwh_goods_cart` WHERE `userId` = 7  [ RunTime:0.0000s ]
SQL: SHOW COLUMNS FROM `hwh_goods_cart` [ RunTime:0.0030s ]
SQL: SELECT c.id,c.goodsNum,c.amount,c.attrValue1,c.attrValue2,c.isok,c.createDate,g.price,g.name,g.img FROM hwh_goods_cart c INNER JOIN hwh_goods g on g.id = c.goodsId  WHERE c.userId = '7' LIMIT 3   [ RunTime:0.0010s ]
SQL: SELECT * FROM `hwh_goods_cart` WHERE `id` IN ('')  [ RunTime:0.0000s ]
INFO: [ app_end ] --START--
INFO: Run Behavior\ShowPageTraceBehavior [ RunTime:0.001000s ]
INFO: [ app_end ] --END-- [ RunTime:0.001000s ]

[ 2017-11-24T14:50:13+08:00 ] 127.0.0.1 /mall.php/home/cart/subcart.html
INFO: [ app_init ] --START--
INFO: Run Behavior\BuildLiteBehavior [ RunTime:0.000000s ]
INFO: [ app_init ] --END-- [ RunTime:0.000000s ]
INFO: [ app_begin ] --START--
INFO: Run Behavior\ReadHtmlCacheBehavior [ RunTime:0.001000s ]
INFO: [ app_begin ] --END-- [ RunTime:0.001000s ]
SQL: SHOW COLUMNS FROM `hwh_user` [ RunTime:0.0060s ]
SQL: SELECT * FROM `hwh_user` WHERE ( id=7 ) LIMIT 1   [ RunTime:0.0000s ]
SQL: SHOW COLUMNS FROM `hwh_user_log` [ RunTime:0.0040s ]
SQL: SELECT `user_time` FROM `hwh_user_log` WHERE `uid` = 7 AND `user_type` = 1 ORDER BY id desc LIMIT 1   [ RunTime:0.0000s ]
SQL: SHOW COLUMNS FROM `hwh_goods_cart` [ RunTime:0.0050s ]
SQL: SELECT COUNT(*) AS tp_count FROM `hwh_goods_cart` WHERE `userId` = 7 LIMIT 1   [ RunTime:0.0000s ]
SQL: SELECT * FROM `hwh_goods_cart` WHERE `userId` = 7  [ RunTime:0.0000s ]
SQL: SHOW COLUMNS FROM `hwh_goods_cart` [ RunTime:0.0050s ]
SQL: SELECT c.id,c.goodsNum,c.amount,c.attrValue1,c.attrValue2,c.isok,c.createDate,g.price,g.name,g.img FROM hwh_goods_cart c INNER JOIN hwh_goods g on g.id = c.goodsId  WHERE c.userId = '7' LIMIT 3   [ RunTime:0.0010s ]
SQL: SELECT * FROM `hwh_goods_cart` WHERE `id` IN ('10')  [ RunTime:0.0000s ]
INFO: [ app_end ] --START--
INFO: Run Behavior\ShowPageTraceBehavior [ RunTime:0.001000s ]
INFO: [ app_end ] --END-- [ RunTime:0.001000s ]

[ 2017-11-24T14:50:13+08:00 ] 127.0.0.1 /mall.php/home/cart/subcart.html
INFO: [ app_init ] --START--
INFO: Run Behavior\BuildLiteBehavior [ RunTime:0.000000s ]
INFO: [ app_init ] --END-- [ RunTime:0.001000s ]
INFO: [ app_begin ] --START--
INFO: Run Behavior\ReadHtmlCacheBehavior [ RunTime:0.001000s ]
INFO: [ app_begin ] --END-- [ RunTime:0.001000s ]
SQL: SHOW COLUMNS FROM `hwh_user` [ RunTime:0.0040s ]
SQL: SELECT * FROM `hwh_user` WHERE ( id=7 ) LIMIT 1   [ RunTime:0.0010s ]
SQL: SHOW COLUMNS FROM `hwh_user_log` [ RunTime:0.0040s ]
SQL: SELECT `user_time` FROM `hwh_user_log` WHERE `uid` = 7 AND `user_type` = 1 ORDER BY id desc LIMIT 1   [ RunTime:0.0000s ]
SQL: SHOW COLUMNS FROM `hwh_goods_cart` [ RunTime:0.0040s ]
SQL: SELECT COUNT(*) AS tp_count FROM `hwh_goods_cart` WHERE `userId` = 7 LIMIT 1   [ RunTime:0.0010s ]
SQL: SELECT * FROM `hwh_goods_cart` WHERE `userId` = 7  [ RunTime:0.0000s ]
SQL: SHOW COLUMNS FROM `hwh_goods_cart` [ RunTime:0.0040s ]
SQL: SELECT c.id,c.goodsNum,c.amount,c.attrValue1,c.attrValue2,c.isok,c.createDate,g.price,g.name,g.img FROM hwh_goods_cart c INNER JOIN hwh_goods g on g.id = c.goodsId  WHERE c.userId = '7' LIMIT 3   [ RunTime:0.0000s ]
SQL: SELECT * FROM `hwh_goods_cart` WHERE `id` IN ('')  [ RunTime:0.0010s ]
INFO: [ app_end ] --START--
INFO: Run Behavior\ShowPageTraceBehavior [ RunTime:0.000000s ]
INFO: [ app_end ] --END-- [ RunTime:0.000000s ]

[ 2017-11-24T14:50:14+08:00 ] 127.0.0.1 /mall.php/home/cart/subcart.html
INFO: [ app_init ] --START--
INFO: Run Behavior\BuildLiteBehavior [ RunTime:0.000000s ]
INFO: [ app_init ] --END-- [ RunTime:0.000000s ]
INFO: [ app_begin ] --START--
INFO: Run Behavior\ReadHtmlCacheBehavior [ RunTime:0.000000s ]
INFO: [ app_begin ] --END-- [ RunTime:0.001000s ]
SQL: SHOW COLUMNS FROM `hwh_user` [ RunTime:0.0000s ]
SQL: SELECT * FROM `hwh_user` WHERE ( id=7 ) LIMIT 1   [ RunTime:0.0000s ]
SQL: SHOW COLUMNS FROM `hwh_user_log` [ RunTime:0.0000s ]
SQL: SELECT `user_time` FROM `hwh_user_log` WHERE `uid` = 7 AND `user_type` = 1 ORDER BY id desc LIMIT 1   [ RunTime:0.0000s ]
SQL: SHOW COLUMNS FROM `hwh_goods_cart` [ RunTime:0.0176s ]
SQL: SELECT COUNT(*) AS tp_count FROM `hwh_goods_cart` WHERE `userId` = 7 LIMIT 1   [ RunTime:0.0010s ]
SQL: SELECT * FROM `hwh_goods_cart` WHERE `userId` = 7  [ RunTime:0.0000s ]
SQL: SHOW COLUMNS FROM `hwh_goods_cart` [ RunTime:0.0060s ]
SQL: SELECT c.id,c.goodsNum,c.amount,c.attrValue1,c.attrValue2,c.isok,c.createDate,g.price,g.name,g.img FROM hwh_goods_cart c INNER JOIN hwh_goods g on g.id = c.goodsId  WHERE c.userId = '7' LIMIT 3   [ RunTime:0.0000s ]
SQL: SELECT * FROM `hwh_goods_cart` WHERE `id` IN ('10')  [ RunTime:0.0010s ]
INFO: [ app_end ] --START--
INFO: Run Behavior\ShowPageTraceBehavior [ RunTime:0.001000s ]
INFO: [ app_end ] --END-- [ RunTime:0.001000s ]

[ 2017-11-24T14:50:14+08:00 ] 127.0.0.1 /mall.php/home/cart/subcart.html
INFO: [ app_init ] --START--
INFO: Run Behavior\BuildLiteBehavior [ RunTime:0.000000s ]
INFO: [ app_init ] --END-- [ RunTime:0.000000s ]
INFO: [ app_begin ] --START--
INFO: Run Behavior\ReadHtmlCacheBehavior [ RunTime:0.000000s ]
INFO: [ app_begin ] --END-- [ RunTime:0.000000s ]
SQL: SHOW COLUMNS FROM `hwh_user` [ RunTime:0.0000s ]
SQL: SELECT * FROM `hwh_user` WHERE ( id=7 ) LIMIT 1   [ RunTime:0.0000s ]
SQL: SHOW COLUMNS FROM `hwh_user_log` [ RunTime:0.0000s ]
SQL: SELECT `user_time` FROM `hwh_user_log` WHERE `uid` = 7 AND `user_type` = 1 ORDER BY id desc LIMIT 1   [ RunTime:0.0000s ]
SQL: SHOW COLUMNS FROM `hwh_goods_cart` [ RunTime:0.0176s ]
SQL: SELECT COUNT(*) AS tp_count FROM `hwh_goods_cart` WHERE `userId` = 7 LIMIT 1   [ RunTime:0.0000s ]
SQL: SELECT * FROM `hwh_goods_cart` WHERE `userId` = 7  [ RunTime:0.0000s ]
SQL: SHOW COLUMNS FROM `hwh_goods_cart` [ RunTime:0.0000s ]
SQL: SELECT c.id,c.goodsNum,c.amount,c.attrValue1,c.attrValue2,c.isok,c.createDate,g.price,g.name,g.img FROM hwh_goods_cart c INNER JOIN hwh_goods g on g.id = c.goodsId  WHERE c.userId = '7' LIMIT 3   [ RunTime:0.0000s ]
SQL: SELECT * FROM `hwh_goods_cart` WHERE `id` IN ('')  [ RunTime:0.0000s ]
INFO: [ app_end ] --START--
INFO: Run Behavior\ShowPageTraceBehavior [ RunTime:0.000000s ]
INFO: [ app_end ] --END-- [ RunTime:0.000000s ]

[ 2017-11-24T14:50:14+08:00 ] 127.0.0.1 /mall.php/home/cart/subcart.html
INFO: [ app_init ] --START--
INFO: Run Behavior\BuildLiteBehavior [ RunTime:0.000000s ]
INFO: [ app_init ] --END-- [ RunTime:0.001000s ]
INFO: [ app_begin ] --START--
INFO: Run Behavior\ReadHtmlCacheBehavior [ RunTime:0.001000s ]
INFO: [ app_begin ] --END-- [ RunTime:0.001000s ]
SQL: SHOW COLUMNS FROM `hwh_user` [ RunTime:0.0000s ]
SQL: SELECT * FROM `hwh_user` WHERE ( id=7 ) LIMIT 1   [ RunTime:0.0000s ]
SQL: SHOW COLUMNS FROM `hwh_user_log` [ RunTime:0.0156s ]
SQL: SELECT `user_time` FROM `hwh_user_log` WHERE `uid` = 7 AND `user_type` = 1 ORDER BY id desc LIMIT 1   [ RunTime:0.0000s ]
SQL: SHOW COLUMNS FROM `hwh_goods_cart` [ RunTime:0.0030s ]
SQL: SELECT COUNT(*) AS tp_count FROM `hwh_goods_cart` WHERE `userId` = 7 LIMIT 1   [ RunTime:0.0000s ]
SQL: SELECT * FROM `hwh_goods_cart` WHERE `userId` = 7  [ RunTime:0.0000s ]
SQL: SHOW COLUMNS FROM `hwh_goods_cart` [ RunTime:0.0000s ]
SQL: SELECT c.id,c.goodsNum,c.amount,c.attrValue1,c.attrValue2,c.isok,c.createDate,g.price,g.name,g.img FROM hwh_goods_cart c INNER JOIN hwh_goods g on g.id = c.goodsId  WHERE c.userId = '7' LIMIT 3   [ RunTime:0.0000s ]
SQL: SELECT * FROM `hwh_goods_cart` WHERE `id` IN ('10')  [ RunTime:0.0000s ]
INFO: [ app_end ] --START--
INFO: Run Behavior\ShowPageTraceBehavior [ RunTime:0.000000s ]
INFO: [ app_end ] --END-- [ RunTime:0.000000s ]

[ 2017-11-24T14:50:14+08:00 ] 127.0.0.1 /mall.php/home/cart/subcart.html
INFO: [ app_init ] --START--
INFO: Run Behavior\BuildLiteBehavior [ RunTime:0.000000s ]
INFO: [ app_init ] --END-- [ RunTime:0.000000s ]
INFO: [ app_begin ] --START--
INFO: Run Behavior\ReadHtmlCacheBehavior [ RunTime:0.000000s ]
INFO: [ app_begin ] --END-- [ RunTime:0.000000s ]
SQL: SHOW COLUMNS FROM `hwh_user` [ RunTime:0.0040s ]
SQL: SELECT * FROM `hwh_user` WHERE ( id=7 ) LIMIT 1   [ RunTime:0.0000s ]
SQL: SHOW COLUMNS FROM `hwh_user_log` [ RunTime:0.0040s ]
SQL: SELECT `user_time` FROM `hwh_user_log` WHERE `uid` = 7 AND `user_type` = 1 ORDER BY id desc LIMIT 1   [ RunTime:0.0000s ]
SQL: SHOW COLUMNS FROM `hwh_goods_cart` [ RunTime:0.0040s ]
SQL: SELECT COUNT(*) AS tp_count FROM `hwh_goods_cart` WHERE `userId` = 7 LIMIT 1   [ RunTime:0.0000s ]
SQL: SELECT * FROM `hwh_goods_cart` WHERE `userId` = 7  [ RunTime:0.0000s ]
SQL: SHOW COLUMNS FROM `hwh_goods_cart` [ RunTime:0.0040s ]
SQL: SELECT c.id,c.goodsNum,c.amount,c.attrValue1,c.attrValue2,c.isok,c.createDate,g.price,g.name,g.img FROM hwh_goods_cart c INNER JOIN hwh_goods g on g.id = c.goodsId  WHERE c.userId = '7' LIMIT 3   [ RunTime:0.0000s ]
SQL: SELECT * FROM `hwh_goods_cart` WHERE `id` IN ('')  [ RunTime:0.0000s ]
INFO: [ app_end ] --START--
INFO: Run Behavior\ShowPageTraceBehavior [ RunTime:0.001000s ]
INFO: [ app_end ] --END-- [ RunTime:0.001000s ]

[ 2017-11-24T14:50:14+08:00 ] 127.0.0.1 /mall.php/home/cart/subcart.html
INFO: [ app_init ] --START--
INFO: Run Behavior\BuildLiteBehavior [ RunTime:0.000000s ]
INFO: [ app_init ] --END-- [ RunTime:0.000000s ]
INFO: [ app_begin ] --START--
INFO: Run Behavior\ReadHtmlCacheBehavior [ RunTime:0.000000s ]
INFO: [ app_begin ] --END-- [ RunTime:0.000000s ]
SQL: SHOW COLUMNS FROM `hwh_user` [ RunTime:0.0000s ]
SQL: SELECT * FROM `hwh_user` WHERE ( id=7 ) LIMIT 1   [ RunTime:0.0000s ]
SQL: SHOW COLUMNS FROM `hwh_user_log` [ RunTime:0.0000s ]
SQL: SELECT `user_time` FROM `hwh_user_log` WHERE `uid` = 7 AND `user_type` = 1 ORDER BY id desc LIMIT 1   [ RunTime:0.0000s ]
SQL: SHOW COLUMNS FROM `hwh_goods_cart` [ RunTime:0.0000s ]
SQL: SELECT COUNT(*) AS tp_count FROM `hwh_goods_cart` WHERE `userId` = 7 LIMIT 1   [ RunTime:0.0000s ]
SQL: SELECT * FROM `hwh_goods_cart` WHERE `userId` = 7  [ RunTime:0.0000s ]
SQL: SHOW COLUMNS FROM `hwh_goods_cart` [ RunTime:0.0156s ]
SQL: SELECT c.id,c.goodsNum,c.amount,c.attrValue1,c.attrValue2,c.isok,c.createDate,g.price,g.name,g.img FROM hwh_goods_cart c INNER JOIN hwh_goods g on g.id = c.goodsId  WHERE c.userId = '7' LIMIT 3   [ RunTime:0.0010s ]
SQL: SELECT * FROM `hwh_goods_cart` WHERE `id` IN ('10')  [ RunTime:0.0000s ]
INFO: [ app_end ] --START--
INFO: Run Behavior\ShowPageTraceBehavior [ RunTime:0.001001s ]
INFO: [ app_end ] --END-- [ RunTime:0.001001s ]

[ 2017-11-24T14:50:14+08:00 ] 127.0.0.1 /mall.php/home/cart/subcart.html
INFO: [ app_init ] --START--
INFO: Run Behavior\BuildLiteBehavior [ RunTime:0.000000s ]
INFO: [ app_init ] --END-- [ RunTime:0.000000s ]
INFO: [ app_begin ] --START--
INFO: Run Behavior\ReadHtmlCacheBehavior [ RunTime:0.001000s ]
INFO: [ app_begin ] --END-- [ RunTime:0.001000s ]
SQL: SHOW COLUMNS FROM `hwh_user` [ RunTime:0.0060s ]
SQL: SELECT * FROM `hwh_user` WHERE ( id=7 ) LIMIT 1   [ RunTime:0.0010s ]
SQL: SHOW COLUMNS FROM `hwh_user_log` [ RunTime:0.0050s ]
SQL: SELECT `user_time` FROM `hwh_user_log` WHERE `uid` = 7 AND `user_type` = 1 ORDER BY id desc LIMIT 1   [ RunTime:0.0010s ]
SQL: SHOW COLUMNS FROM `hwh_goods_cart` [ RunTime:0.0050s ]
SQL: SELECT COUNT(*) AS tp_count FROM `hwh_goods_cart` WHERE `userId` = 7 LIMIT 1   [ RunTime:0.0010s ]
SQL: SELECT * FROM `hwh_goods_cart` WHERE `userId` = 7  [ RunTime:0.0000s ]
SQL: SHOW COLUMNS FROM `hwh_goods_cart` [ RunTime:0.0040s ]
SQL: SELECT c.id,c.goodsNum,c.amount,c.attrValue1,c.attrValue2,c.isok,c.createDate,g.price,g.name,g.img FROM hwh_goods_cart c INNER JOIN hwh_goods g on g.id = c.goodsId  WHERE c.userId = '7' LIMIT 3   [ RunTime:0.0010s ]
SQL: SELECT * FROM `hwh_goods_cart` WHERE `id` IN ('')  [ RunTime:0.0000s ]
INFO: [ app_end ] --START--
INFO: Run Behavior\ShowPageTraceBehavior [ RunTime:0.001000s ]
INFO: [ app_end ] --END-- [ RunTime:0.001000s ]

[ 2017-11-24T14:50:14+08:00 ] 127.0.0.1 /mall.php/home/cart/subcart.html
INFO: [ app_init ] --START--
INFO: Run Behavior\BuildLiteBehavior [ RunTime:0.000000s ]
INFO: [ app_init ] --END-- [ RunTime:0.001000s ]
INFO: [ app_begin ] --START--
INFO: Run Behavior\ReadHtmlCacheBehavior [ RunTime:0.001000s ]
INFO: [ app_begin ] --END-- [ RunTime:0.001000s ]
SQL: SHOW COLUMNS FROM `hwh_user` [ RunTime:0.0030s ]
SQL: SELECT * FROM `hwh_user` WHERE ( id=7 ) LIMIT 1   [ RunTime:0.0000s ]
SQL: SHOW COLUMNS FROM `hwh_user_log` [ RunTime:0.0030s ]
SQL: SELECT `user_time` FROM `hwh_user_log` WHERE `uid` = 7 AND `user_type` = 1 ORDER BY id desc LIMIT 1   [ RunTime:0.0000s ]
SQL: SHOW COLUMNS FROM `hwh_goods_cart` [ RunTime:0.0040s ]
SQL: SELECT COUNT(*) AS tp_count FROM `hwh_goods_cart` WHERE `userId` = 7 LIMIT 1   [ RunTime:0.0000s ]
SQL: SELECT * FROM `hwh_goods_cart` WHERE `userId` = 7  [ RunTime:0.0000s ]
SQL: SHOW COLUMNS FROM `hwh_goods_cart` [ RunTime:0.0030s ]
SQL: SELECT c.id,c.goodsNum,c.amount,c.attrValue1,c.attrValue2,c.isok,c.createDate,g.price,g.name,g.img FROM hwh_goods_cart c INNER JOIN hwh_goods g on g.id = c.goodsId  WHERE c.userId = '7' LIMIT 3   [ RunTime:0.0000s ]
SQL: SELECT * FROM `hwh_goods_cart` WHERE `id` IN ('10')  [ RunTime:0.0000s ]
INFO: [ app_end ] --START--
INFO: Run Behavior\ShowPageTraceBehavior [ RunTime:0.001000s ]
INFO: [ app_end ] --END-- [ RunTime:0.001000s ]

[ 2017-11-24T14:50:15+08:00 ] 127.0.0.1 /mall.php/home/cart/subcart.html
INFO: [ app_init ] --START--
INFO: Run Behavior\BuildLiteBehavior [ RunTime:0.000000s ]
INFO: [ app_init ] --END-- [ RunTime:0.001000s ]
INFO: [ app_begin ] --START--
INFO: Run Behavior\ReadHtmlCacheBehavior [ RunTime:0.001000s ]
INFO: [ app_begin ] --END-- [ RunTime:0.001000s ]
SQL: SHOW COLUMNS FROM `hwh_user` [ RunTime:0.0060s ]
SQL: SELECT * FROM `hwh_user` WHERE ( id=7 ) LIMIT 1   [ RunTime:0.0000s ]
SQL: SHOW COLUMNS FROM `hwh_user_log` [ RunTime:0.0050s ]
SQL: SELECT `user_time` FROM `hwh_user_log` WHERE `uid` = 7 AND `user_type` = 1 ORDER BY id desc LIMIT 1   [ RunTime:0.0010s ]
SQL: SHOW COLUMNS FROM `hwh_goods_cart` [ RunTime:0.0050s ]
SQL: SELECT COUNT(*) AS tp_count FROM `hwh_goods_cart` WHERE `userId` = 7 LIMIT 1   [ RunTime:0.0000s ]
SQL: SELECT * FROM `hwh_goods_cart` WHERE `userId` = 7  [ RunTime:0.0000s ]
SQL: SHOW COLUMNS FROM `hwh_goods_cart` [ RunTime:0.0050s ]
SQL: SELECT c.id,c.goodsNum,c.amount,c.attrValue1,c.attrValue2,c.isok,c.createDate,g.price,g.name,g.img FROM hwh_goods_cart c INNER JOIN hwh_goods g on g.id = c.goodsId  WHERE c.userId = '7' LIMIT 3   [ RunTime:0.0000s ]
SQL: SELECT * FROM `hwh_goods_cart` WHERE `id` IN ('')  [ RunTime:0.0010s ]
INFO: [ app_end ] --START--
INFO: Run Behavior\ShowPageTraceBehavior [ RunTime:0.000000s ]
INFO: [ app_end ] --END-- [ RunTime:0.000000s ]

[ 2017-11-24T14:50:15+08:00 ] 127.0.0.1 /mall.php/home/cart/subcart.html
INFO: [ app_init ] --START--
INFO: Run Behavior\BuildLiteBehavior [ RunTime:0.000000s ]
INFO: [ app_init ] --END-- [ RunTime:0.000000s ]
INFO: [ app_begin ] --START--
INFO: Run Behavior\ReadHtmlCacheBehavior [ RunTime:0.001000s ]
INFO: [ app_begin ] --END-- [ RunTime:0.001000s ]
SQL: SHOW COLUMNS FROM `hwh_user` [ RunTime:0.0040s ]
SQL: SELECT * FROM `hwh_user` WHERE ( id=7 ) LIMIT 1   [ RunTime:0.0000s ]
SQL: SHOW COLUMNS FROM `hwh_user_log` [ RunTime:0.0030s ]
SQL: SELECT `user_time` FROM `hwh_user_log` WHERE `uid` = 7 AND `user_type` = 1 ORDER BY id desc LIMIT 1   [ RunTime:0.0000s ]
SQL: SHOW COLUMNS FROM `hwh_goods_cart` [ RunTime:0.0010s ]
SQL: SELECT COUNT(*) AS tp_count FROM `hwh_goods_cart` WHERE `userId` = 7 LIMIT 1   [ RunTime:0.0000s ]
SQL: SELECT * FROM `hwh_goods_cart` WHERE `userId` = 7  [ RunTime:0.0000s ]
SQL: SHOW COLUMNS FROM `hwh_goods_cart` [ RunTime:0.0000s ]
SQL: SELECT c.id,c.goodsNum,c.amount,c.attrValue1,c.attrValue2,c.isok,c.createDate,g.price,g.name,g.img FROM hwh_goods_cart c INNER JOIN hwh_goods g on g.id = c.goodsId  WHERE c.userId = '7' LIMIT 3   [ RunTime:0.0000s ]
SQL: SELECT * FROM `hwh_goods_cart` WHERE `id` IN ('10')  [ RunTime:0.0000s ]
INFO: [ app_end ] --START--
INFO: Run Behavior\ShowPageTraceBehavior [ RunTime:0.000000s ]
INFO: [ app_end ] --END-- [ RunTime:0.000000s ]

[ 2017-11-24T14:50:15+08:00 ] 127.0.0.1 /mall.php/home/cart/subcart.html
INFO: [ app_init ] --START--
INFO: Run Behavior\BuildLiteBehavior [ RunTime:0.000000s ]
INFO: [ app_init ] --END-- [ RunTime:0.000000s ]
INFO: [ app_begin ] --START--
INFO: Run Behavior\ReadHtmlCacheBehavior [ RunTime:0.000000s ]
INFO: [ app_begin ] --END-- [ RunTime:0.000000s ]
SQL: SHOW COLUMNS FROM `hwh_user` [ RunTime:0.0000s ]
SQL: SELECT * FROM `hwh_user` WHERE ( id=7 ) LIMIT 1   [ RunTime:0.0000s ]
SQL: SHOW COLUMNS FROM `hwh_user_log` [ RunTime:0.0000s ]
SQL: SELECT `user_time` FROM `hwh_user_log` WHERE `uid` = 7 AND `user_type` = 1 ORDER BY id desc LIMIT 1   [ RunTime:0.0000s ]
SQL: SHOW COLUMNS FROM `hwh_goods_cart` [ RunTime:0.0186s ]
SQL: SELECT COUNT(*) AS tp_count FROM `hwh_goods_cart` WHERE `userId` = 7 LIMIT 1   [ RunTime:0.0000s ]
SQL: SELECT * FROM `hwh_goods_cart` WHERE `userId` = 7  [ RunTime:0.0000s ]
SQL: SHOW COLUMNS FROM `hwh_goods_cart` [ RunTime:0.0050s ]
SQL: SELECT c.id,c.goodsNum,c.amount,c.attrValue1,c.attrValue2,c.isok,c.createDate,g.price,g.name,g.img FROM hwh_goods_cart c INNER JOIN hwh_goods g on g.id = c.goodsId  WHERE c.userId = '7' LIMIT 3   [ RunTime:0.0000s ]
SQL: SELECT * FROM `hwh_goods_cart` WHERE `id` IN ('')  [ RunTime:0.0010s ]
INFO: [ app_end ] --START--
INFO: Run Behavior\ShowPageTraceBehavior [ RunTime:0.000000s ]
INFO: [ app_end ] --END-- [ RunTime:0.000000s ]

[ 2017-11-24T14:50:15+08:00 ] 127.0.0.1 /mall.php/home/cart/subcart.html
INFO: [ app_init ] --START--
INFO: Run Behavior\BuildLiteBehavior [ RunTime:0.000000s ]
INFO: [ app_init ] --END-- [ RunTime:0.000000s ]
INFO: [ app_begin ] --START--
INFO: Run Behavior\ReadHtmlCacheBehavior [ RunTime:0.001000s ]
INFO: [ app_begin ] --END-- [ RunTime:0.001000s ]
SQL: SHOW COLUMNS FROM `hwh_user` [ RunTime:0.0040s ]
SQL: SELECT * FROM `hwh_user` WHERE ( id=7 ) LIMIT 1   [ RunTime:0.0000s ]
SQL: SHOW COLUMNS FROM `hwh_user_log` [ RunTime:0.0030s ]
SQL: SELECT `user_time` FROM `hwh_user_log` WHERE `uid` = 7 AND `user_type` = 1 ORDER BY id desc LIMIT 1   [ RunTime:0.0000s ]
SQL: SHOW COLUMNS FROM `hwh_goods_cart` [ RunTime:0.0030s ]
SQL: SELECT COUNT(*) AS tp_count FROM `hwh_goods_cart` WHERE `userId` = 7 LIMIT 1   [ RunTime:0.0000s ]
SQL: SELECT * FROM `hwh_goods_cart` WHERE `userId` = 7  [ RunTime:0.0000s ]
SQL: SHOW COLUMNS FROM `hwh_goods_cart` [ RunTime:0.0040s ]
SQL: SELECT c.id,c.goodsNum,c.amount,c.attrValue1,c.attrValue2,c.isok,c.createDate,g.price,g.name,g.img FROM hwh_goods_cart c INNER JOIN hwh_goods g on g.id = c.goodsId  WHERE c.userId = '7' LIMIT 3   [ RunTime:0.0000s ]
SQL: SELECT * FROM `hwh_goods_cart` WHERE `id` IN ('10')  [ RunTime:0.0000s ]
INFO: [ app_end ] --START--
INFO: Run Behavior\ShowPageTraceBehavior [ RunTime:0.001000s ]
INFO: [ app_end ] --END-- [ RunTime:0.001000s ]

[ 2017-11-24T14:50:15+08:00 ] 127.0.0.1 /mall.php/home/cart/subcart.html
INFO: [ app_init ] --START--
INFO: Run Behavior\BuildLiteBehavior [ RunTime:0.000000s ]
INFO: [ app_init ] --END-- [ RunTime:0.000000s ]
INFO: [ app_begin ] --START--
INFO: Run Behavior\ReadHtmlCacheBehavior [ RunTime:0.000000s ]
INFO: [ app_begin ] --END-- [ RunTime:0.000000s ]
SQL: SHOW COLUMNS FROM `hwh_user` [ RunTime:0.0000s ]
SQL: SELECT * FROM `hwh_user` WHERE ( id=7 ) LIMIT 1   [ RunTime:0.0000s ]
SQL: SHOW COLUMNS FROM `hwh_user_log` [ RunTime:0.0000s ]
SQL: SELECT `user_time` FROM `hwh_user_log` WHERE `uid` = 7 AND `user_type` = 1 ORDER BY id desc LIMIT 1   [ RunTime:0.0000s ]
SQL: SHOW COLUMNS FROM `hwh_goods_cart` [ RunTime:0.0156s ]
SQL: SELECT COUNT(*) AS tp_count FROM `hwh_goods_cart` WHERE `userId` = 7 LIMIT 1   [ RunTime:0.0000s ]
SQL: SELECT * FROM `hwh_goods_cart` WHERE `userId` = 7  [ RunTime:0.0000s ]
SQL: SHOW COLUMNS FROM `hwh_goods_cart` [ RunTime:0.0000s ]
SQL: SELECT c.id,c.goodsNum,c.amount,c.attrValue1,c.attrValue2,c.isok,c.createDate,g.price,g.name,g.img FROM hwh_goods_cart c INNER JOIN hwh_goods g on g.id = c.goodsId  WHERE c.userId = '7' LIMIT 3   [ RunTime:0.0000s ]
SQL: SELECT * FROM `hwh_goods_cart` WHERE `id` IN ('')  [ RunTime:0.0000s ]
INFO: [ app_end ] --START--
INFO: Run Behavior\ShowPageTraceBehavior [ RunTime:0.000000s ]
INFO: [ app_end ] --END-- [ RunTime:0.000000s ]

[ 2017-11-24T14:50:15+08:00 ] 127.0.0.1 /mall.php/home/cart/subcart.html
INFO: [ app_init ] --START--
INFO: Run Behavior\BuildLiteBehavior [ RunTime:0.000000s ]
INFO: [ app_init ] --END-- [ RunTime:0.000000s ]
INFO: [ app_begin ] --START--
INFO: Run Behavior\ReadHtmlCacheBehavior [ RunTime:0.000000s ]
INFO: [ app_begin ] --END-- [ RunTime:0.000000s ]
SQL: SHOW COLUMNS FROM `hwh_user` [ RunTime:0.0000s ]
SQL: SELECT * FROM `hwh_user` WHERE ( id=7 ) LIMIT 1   [ RunTime:0.0000s ]
SQL: SHOW COLUMNS FROM `hwh_user_log` [ RunTime:0.0000s ]
SQL: SELECT `user_time` FROM `hwh_user_log` WHERE `uid` = 7 AND `user_type` = 1 ORDER BY id desc LIMIT 1   [ RunTime:0.0000s ]
SQL: SHOW COLUMNS FROM `hwh_goods_cart` [ RunTime:0.0196s ]
SQL: SELECT COUNT(*) AS tp_count FROM `hwh_goods_cart` WHERE `userId` = 7 LIMIT 1   [ RunTime:0.0000s ]
SQL: SELECT * FROM `hwh_goods_cart` WHERE `userId` = 7  [ RunTime:0.0010s ]
SQL: SHOW COLUMNS FROM `hwh_goods_cart` [ RunTime:0.0060s ]
SQL: SELECT c.id,c.goodsNum,c.amount,c.attrValue1,c.attrValue2,c.isok,c.createDate,g.price,g.name,g.img FROM hwh_goods_cart c INNER JOIN hwh_goods g on g.id = c.goodsId  WHERE c.userId = '7' LIMIT 3   [ RunTime:0.0000s ]
SQL: SELECT * FROM `hwh_goods_cart` WHERE `id` IN ('10')  [ RunTime:0.0010s ]
INFO: [ app_end ] --START--
INFO: Run Behavior\ShowPageTraceBehavior [ RunTime:0.001000s ]
INFO: [ app_end ] --END-- [ RunTime:0.001000s ]

[ 2017-11-24T14:50:16+08:00 ] 127.0.0.1 /mall.php/home/cart/subcart.html
INFO: [ app_init ] --START--
INFO: Run Behavior\BuildLiteBehavior [ RunTime:0.000000s ]
INFO: [ app_init ] --END-- [ RunTime:0.000000s ]
INFO: [ app_begin ] --START--
INFO: Run Behavior\ReadHtmlCacheBehavior [ RunTime:0.000000s ]
INFO: [ app_begin ] --END-- [ RunTime:0.000000s ]
SQL: SHOW COLUMNS FROM `hwh_user` [ RunTime:0.0000s ]
SQL: SELECT * FROM `hwh_user` WHERE ( id=7 ) LIMIT 1   [ RunTime:0.0000s ]
SQL: SHOW COLUMNS FROM `hwh_user_log` [ RunTime:0.0000s ]
SQL: SELECT `user_time` FROM `hwh_user_log` WHERE `uid` = 7 AND `user_type` = 1 ORDER BY id desc LIMIT 1   [ RunTime:0.0000s ]
SQL: SHOW COLUMNS FROM `hwh_goods_cart` [ RunTime:0.0000s ]
SQL: SELECT COUNT(*) AS tp_count FROM `hwh_goods_cart` WHERE `userId` = 7 LIMIT 1   [ RunTime:0.0156s ]
SQL: SELECT * FROM `hwh_goods_cart` WHERE `userId` = 7  [ RunTime:0.0000s ]
SQL: SHOW COLUMNS FROM `hwh_goods_cart` [ RunTime:0.0020s ]
SQL: SELECT c.id,c.goodsNum,c.amount,c.attrValue1,c.attrValue2,c.isok,c.createDate,g.price,g.name,g.img FROM hwh_goods_cart c INNER JOIN hwh_goods g on g.id = c.goodsId  WHERE c.userId = '7' LIMIT 3   [ RunTime:0.0000s ]
SQL: SELECT * FROM `hwh_goods_cart` WHERE `id` IN ('')  [ RunTime:0.0000s ]
INFO: [ app_end ] --START--
INFO: Run Behavior\ShowPageTraceBehavior [ RunTime:0.000000s ]
INFO: [ app_end ] --END-- [ RunTime:0.000000s ]

[ 2017-11-24T14:50:16+08:00 ] 127.0.0.1 /mall.php/home/cart/subcart.html
INFO: [ app_init ] --START--
INFO: Run Behavior\BuildLiteBehavior [ RunTime:0.000000s ]
INFO: [ app_init ] --END-- [ RunTime:0.000000s ]
INFO: [ app_begin ] --START--
INFO: Run Behavior\ReadHtmlCacheBehavior [ RunTime:0.000000s ]
INFO: [ app_begin ] --END-- [ RunTime:0.000000s ]
SQL: SHOW COLUMNS FROM `hwh_user` [ RunTime:0.0156s ]
SQL: SELECT * FROM `hwh_user` WHERE ( id=7 ) LIMIT 1   [ RunTime:0.0010s ]
SQL: SHOW COLUMNS FROM `hwh_user_log` [ RunTime:0.0030s ]
SQL: SELECT `user_time` FROM `hwh_user_log` WHERE `uid` = 7 AND `user_type` = 1 ORDER BY id desc LIMIT 1   [ RunTime:0.0000s ]
SQL: SHOW COLUMNS FROM `hwh_goods_cart` [ RunTime:0.0030s ]
SQL: SELECT COUNT(*) AS tp_count FROM `hwh_goods_cart` WHERE `userId` = 7 LIMIT 1   [ RunTime:0.0000s ]
SQL: SELECT * FROM `hwh_goods_cart` WHERE `userId` = 7  [ RunTime:0.0000s ]
SQL: SHOW COLUMNS FROM `hwh_goods_cart` [ RunTime:0.0030s ]
SQL: SELECT c.id,c.goodsNum,c.amount,c.attrValue1,c.attrValue2,c.isok,c.createDate,g.price,g.name,g.img FROM hwh_goods_cart c INNER JOIN hwh_goods g on g.id = c.goodsId  WHERE c.userId = '7' LIMIT 3   [ RunTime:0.0000s ]
SQL: SELECT * FROM `hwh_goods_cart` WHERE `id` IN ('10')  [ RunTime:0.0000s ]
INFO: [ app_end ] --START--
INFO: Run Behavior\ShowPageTraceBehavior [ RunTime:0.001000s ]
INFO: [ app_end ] --END-- [ RunTime:0.001000s ]

[ 2017-11-24T14:50:16+08:00 ] 127.0.0.1 /mall.php/home/cart/subcart.html
INFO: [ app_init ] --START--
INFO: Run Behavior\BuildLiteBehavior [ RunTime:0.000000s ]
INFO: [ app_init ] --END-- [ RunTime:0.000000s ]
INFO: [ app_begin ] --START--
INFO: Run Behavior\ReadHtmlCacheBehavior [ RunTime:0.000000s ]
INFO: [ app_begin ] --END-- [ RunTime:0.000000s ]
SQL: SHOW COLUMNS FROM `hwh_user` [ RunTime:0.0060s ]
SQL: SELECT * FROM `hwh_user` WHERE ( id=7 ) LIMIT 1   [ RunTime:0.0000s ]
SQL: SHOW COLUMNS FROM `hwh_user_log` [ RunTime:0.0050s ]
SQL: SELECT `user_time` FROM `hwh_user_log` WHERE `uid` = 7 AND `user_type` = 1 ORDER BY id desc LIMIT 1   [ RunTime:0.0000s ]
SQL: SHOW COLUMNS FROM `hwh_goods_cart` [ RunTime:0.0050s ]
SQL: SELECT COUNT(*) AS tp_count FROM `hwh_goods_cart` WHERE `userId` = 7 LIMIT 1   [ RunTime:0.0000s ]
SQL: SELECT * FROM `hwh_goods_cart` WHERE `userId` = 7  [ RunTime:0.0000s ]
SQL: SHOW COLUMNS FROM `hwh_goods_cart` [ RunTime:0.0000s ]
SQL: SELECT c.id,c.goodsNum,c.amount,c.attrValue1,c.attrValue2,c.isok,c.createDate,g.price,g.name,g.img FROM hwh_goods_cart c INNER JOIN hwh_goods g on g.id = c.goodsId  WHERE c.userId = '7' LIMIT 3   [ RunTime:0.0000s ]
SQL: SELECT * FROM `hwh_goods_cart` WHERE `id` IN ('')  [ RunTime:0.0000s ]
INFO: [ app_end ] --START--
INFO: Run Behavior\ShowPageTraceBehavior [ RunTime:0.000000s ]
INFO: [ app_end ] --END-- [ RunTime:0.000000s ]

[ 2017-11-24T14:50:16+08:00 ] 127.0.0.1 /mall.php/home/cart/subcart.html
INFO: [ app_init ] --START--
INFO: Run Behavior\BuildLiteBehavior [ RunTime:0.000000s ]
INFO: [ app_init ] --END-- [ RunTime:0.001000s ]
INFO: [ app_begin ] --START--
INFO: Run Behavior\ReadHtmlCacheBehavior [ RunTime:0.000000s ]
INFO: [ app_begin ] --END-- [ RunTime:0.000000s ]
SQL: SHOW COLUMNS FROM `hwh_user` [ RunTime:0.0050s ]
SQL: SELECT * FROM `hwh_user` WHERE ( id=7 ) LIMIT 1   [ RunTime:0.0000s ]
SQL: SHOW COLUMNS FROM `hwh_user_log` [ RunTime:0.0040s ]
SQL: SELECT `user_time` FROM `hwh_user_log` WHERE `uid` = 7 AND `user_type` = 1 ORDER BY id desc LIMIT 1   [ RunTime:0.0010s ]
SQL: SHOW COLUMNS FROM `hwh_goods_cart` [ RunTime:0.0040s ]
SQL: SELECT COUNT(*) AS tp_count FROM `hwh_goods_cart` WHERE `userId` = 7 LIMIT 1   [ RunTime:0.0000s ]
SQL: SELECT * FROM `hwh_goods_cart` WHERE `userId` = 7  [ RunTime:0.0010s ]
SQL: SHOW COLUMNS FROM `hwh_goods_cart` [ RunTime:0.0040s ]
SQL: SELECT c.id,c.goodsNum,c.amount,c.attrValue1,c.attrValue2,c.isok,c.createDate,g.price,g.name,g.img FROM hwh_goods_cart c INNER JOIN hwh_goods g on g.id = c.goodsId  WHERE c.userId = '7' LIMIT 3   [ RunTime:0.0000s ]
SQL: SELECT * FROM `hwh_goods_cart` WHERE `id` IN ('10')  [ RunTime:0.0000s ]
INFO: [ app_end ] --START--
INFO: Run Behavior\ShowPageTraceBehavior [ RunTime:0.001000s ]
INFO: [ app_end ] --END-- [ RunTime:0.001000s ]

[ 2017-11-24T14:50:16+08:00 ] 127.0.0.1 /mall.php/home/cart/subcart.html
INFO: [ app_init ] --START--
INFO: Run Behavior\BuildLiteBehavior [ RunTime:0.000000s ]
INFO: [ app_init ] --END-- [ RunTime:0.000000s ]
INFO: [ app_begin ] --START--
INFO: Run Behavior\ReadHtmlCacheBehavior [ RunTime:0.000000s ]
INFO: [ app_begin ] --END-- [ RunTime:0.000000s ]
SQL: SHOW COLUMNS FROM `hwh_user` [ RunTime:0.0060s ]
SQL: SELECT * FROM `hwh_user` WHERE ( id=7 ) LIMIT 1   [ RunTime:0.0000s ]
SQL: SHOW COLUMNS FROM `hwh_user_log` [ RunTime:0.0070s ]
SQL: SELECT `user_time` FROM `hwh_user_log` WHERE `uid` = 7 AND `user_type` = 1 ORDER BY id desc LIMIT 1   [ RunTime:0.0000s ]
SQL: SHOW COLUMNS FROM `hwh_goods_cart` [ RunTime:0.0070s ]
SQL: SELECT COUNT(*) AS tp_count FROM `hwh_goods_cart` WHERE `userId` = 7 LIMIT 1   [ RunTime:0.0000s ]
SQL: SELECT * FROM `hwh_goods_cart` WHERE `userId` = 7  [ RunTime:0.0010s ]
SQL: SHOW COLUMNS FROM `hwh_goods_cart` [ RunTime:0.0040s ]
SQL: SELECT c.id,c.goodsNum,c.amount,c.attrValue1,c.attrValue2,c.isok,c.createDate,g.price,g.name,g.img FROM hwh_goods_cart c INNER JOIN hwh_goods g on g.id = c.goodsId  WHERE c.userId = '7' LIMIT 3   [ RunTime:0.0000s ]
SQL: SELECT * FROM `hwh_goods_cart` WHERE `id` IN ('')  [ RunTime:0.0010s ]
INFO: [ app_end ] --START--
INFO: Run Behavior\ShowPageTraceBehavior [ RunTime:0.000000s ]
INFO: [ app_end ] --END-- [ RunTime:0.000000s ]

[ 2017-11-24T14:50:16+08:00 ] 127.0.0.1 /mall.php/home/cart/subcart.html
INFO: [ app_init ] --START--
INFO: Run Behavior\BuildLiteBehavior [ RunTime:0.000000s ]
INFO: [ app_init ] --END-- [ RunTime:0.001000s ]
INFO: [ app_begin ] --START--
INFO: Run Behavior\ReadHtmlCacheBehavior [ RunTime:0.000000s ]
INFO: [ app_begin ] --END-- [ RunTime:0.000000s ]
SQL: SHOW COLUMNS FROM `hwh_user` [ RunTime:0.0050s ]
SQL: SELECT * FROM `hwh_user` WHERE ( id=7 ) LIMIT 1   [ RunTime:0.0000s ]
SQL: SHOW COLUMNS FROM `hwh_user_log` [ RunTime:0.0040s ]
SQL: SELECT `user_time` FROM `hwh_user_log` WHERE `uid` = 7 AND `user_type` = 1 ORDER BY id desc LIMIT 1   [ RunTime:0.0000s ]
SQL: SHOW COLUMNS FROM `hwh_goods_cart` [ RunTime:0.0040s ]
SQL: SELECT COUNT(*) AS tp_count FROM `hwh_goods_cart` WHERE `userId` = 7 LIMIT 1   [ RunTime:0.0000s ]
SQL: SELECT * FROM `hwh_goods_cart` WHERE `userId` = 7  [ RunTime:0.0010s ]
SQL: SHOW COLUMNS FROM `hwh_goods_cart` [ RunTime:0.0040s ]
SQL: SELECT c.id,c.goodsNum,c.amount,c.attrValue1,c.attrValue2,c.isok,c.createDate,g.price,g.name,g.img FROM hwh_goods_cart c INNER JOIN hwh_goods g on g.id = c.goodsId  WHERE c.userId = '7' LIMIT 3   [ RunTime:0.0000s ]
SQL: SELECT * FROM `hwh_goods_cart` WHERE `id` IN ('10')  [ RunTime:0.0000s ]
INFO: [ app_end ] --START--
INFO: Run Behavior\ShowPageTraceBehavior [ RunTime:0.001000s ]
INFO: [ app_end ] --END-- [ RunTime:0.001000s ]

[ 2017-11-24T14:50:17+08:00 ] 127.0.0.1 /mall.php/home/cart/subcart.html
INFO: [ app_init ] --START--
INFO: Run Behavior\BuildLiteBehavior [ RunTime:0.000000s ]
INFO: [ app_init ] --END-- [ RunTime:0.000000s ]
INFO: [ app_begin ] --START--
INFO: Run Behavior\ReadHtmlCacheBehavior [ RunTime:0.000000s ]
INFO: [ app_begin ] --END-- [ RunTime:0.000000s ]
SQL: SHOW COLUMNS FROM `hwh_user` [ RunTime:0.0000s ]
SQL: SELECT * FROM `hwh_user` WHERE ( id=7 ) LIMIT 1   [ RunTime:0.0000s ]
SQL: SHOW COLUMNS FROM `hwh_user_log` [ RunTime:0.0000s ]
SQL: SELECT `user_time` FROM `hwh_user_log` WHERE `uid` = 7 AND `user_type` = 1 ORDER BY id desc LIMIT 1   [ RunTime:0.0000s ]
SQL: SHOW COLUMNS FROM `hwh_goods_cart` [ RunTime:0.0000s ]
SQL: SELECT COUNT(*) AS tp_count FROM `hwh_goods_cart` WHERE `userId` = 7 LIMIT 1   [ RunTime:0.0000s ]
SQL: SELECT * FROM `hwh_goods_cart` WHERE `userId` = 7  [ RunTime:0.0000s ]
SQL: SHOW COLUMNS FROM `hwh_goods_cart` [ RunTime:0.0156s ]
SQL: SELECT c.id,c.goodsNum,c.amount,c.attrValue1,c.attrValue2,c.isok,c.createDate,g.price,g.name,g.img FROM hwh_goods_cart c INNER JOIN hwh_goods g on g.id = c.goodsId  WHERE c.userId = '7' LIMIT 3   [ RunTime:0.0000s ]
SQL: SELECT * FROM `hwh_goods_cart` WHERE `id` IN ('')  [ RunTime:0.0000s ]
INFO: [ app_end ] --START--
INFO: Run Behavior\ShowPageTraceBehavior [ RunTime:0.001000s ]
INFO: [ app_end ] --END-- [ RunTime:0.001000s ]

[ 2017-11-24T14:50:17+08:00 ] 127.0.0.1 /mall.php/home/cart/subcart.html
INFO: [ app_init ] --START--
INFO: Run Behavior\BuildLiteBehavior [ RunTime:0.000000s ]
INFO: [ app_init ] --END-- [ RunTime:0.001000s ]
INFO: [ app_begin ] --START--
INFO: Run Behavior\ReadHtmlCacheBehavior [ RunTime:0.001000s ]
INFO: [ app_begin ] --END-- [ RunTime:0.001000s ]
SQL: SHOW COLUMNS FROM `hwh_user` [ RunTime:0.0040s ]
SQL: SELECT * FROM `hwh_user` WHERE ( id=7 ) LIMIT 1   [ RunTime:0.0000s ]
SQL: SHOW COLUMNS FROM `hwh_user_log` [ RunTime:0.0030s ]
SQL: SELECT `user_time` FROM `hwh_user_log` WHERE `uid` = 7 AND `user_type` = 1 ORDER BY id desc LIMIT 1   [ RunTime:0.0010s ]
SQL: SHOW COLUMNS FROM `hwh_goods_cart` [ RunTime:0.0030s ]
SQL: SELECT COUNT(*) AS tp_count FROM `hwh_goods_cart` WHERE `userId` = 7 LIMIT 1   [ RunTime:0.0000s ]
SQL: SELECT * FROM `hwh_goods_cart` WHERE `userId` = 7  [ RunTime:0.0000s ]
SQL: SHOW COLUMNS FROM `hwh_goods_cart` [ RunTime:0.0040s ]
SQL: SELECT c.id,c.goodsNum,c.amount,c.attrValue1,c.attrValue2,c.isok,c.createDate,g.price,g.name,g.img FROM hwh_goods_cart c INNER JOIN hwh_goods g on g.id = c.goodsId  WHERE c.userId = '7' LIMIT 3   [ RunTime:0.0000s ]
SQL: SELECT * FROM `hwh_goods_cart` WHERE `id` IN ('10')  [ RunTime:0.0000s ]
INFO: [ app_end ] --START--
INFO: Run Behavior\ShowPageTraceBehavior [ RunTime:0.001000s ]
INFO: [ app_end ] --END-- [ RunTime:0.001000s ]

[ 2017-11-24T14:50:17+08:00 ] 127.0.0.1 /mall.php/home/cart/subcart.html
INFO: [ app_init ] --START--
INFO: Run Behavior\BuildLiteBehavior [ RunTime:0.000000s ]
INFO: [ app_init ] --END-- [ RunTime:0.001000s ]
INFO: [ app_begin ] --START--
INFO: Run Behavior\ReadHtmlCacheBehavior [ RunTime:0.000000s ]
INFO: [ app_begin ] --END-- [ RunTime:0.000000s ]
SQL: SHOW COLUMNS FROM `hwh_user` [ RunTime:0.0050s ]
SQL: SELECT * FROM `hwh_user` WHERE ( id=7 ) LIMIT 1   [ RunTime:0.0010s ]
SQL: SHOW COLUMNS FROM `hwh_user_log` [ RunTime:0.0040s ]
SQL: SELECT `user_time` FROM `hwh_user_log` WHERE `uid` = 7 AND `user_type` = 1 ORDER BY id desc LIMIT 1   [ RunTime:0.0000s ]
SQL: SHOW COLUMNS FROM `hwh_goods_cart` [ RunTime:0.0040s ]
SQL: SELECT COUNT(*) AS tp_count FROM `hwh_goods_cart` WHERE `userId` = 7 LIMIT 1   [ RunTime:0.0000s ]
SQL: SELECT * FROM `hwh_goods_cart` WHERE `userId` = 7  [ RunTime:0.0000s ]
SQL: SHOW COLUMNS FROM `hwh_goods_cart` [ RunTime:0.0040s ]
SQL: SELECT c.id,c.goodsNum,c.amount,c.attrValue1,c.attrValue2,c.isok,c.createDate,g.price,g.name,g.img FROM hwh_goods_cart c INNER JOIN hwh_goods g on g.id = c.goodsId  WHERE c.userId = '7' LIMIT 3   [ RunTime:0.0000s ]
SQL: SELECT * FROM `hwh_goods_cart` WHERE `id` IN ('')  [ RunTime:0.0000s ]
INFO: [ app_end ] --START--
INFO: Run Behavior\ShowPageTraceBehavior [ RunTime:0.001000s ]
INFO: [ app_end ] --END-- [ RunTime:0.001000s ]

[ 2017-11-24T14:50:17+08:00 ] 127.0.0.1 /mall.php/home/cart/subcart.html
INFO: [ app_init ] --START--
INFO: Run Behavior\BuildLiteBehavior [ RunTime:0.000000s ]
INFO: [ app_init ] --END-- [ RunTime:0.001000s ]
INFO: [ app_begin ] --START--
INFO: Run Behavior\ReadHtmlCacheBehavior [ RunTime:0.001000s ]
INFO: [ app_begin ] --END-- [ RunTime:0.001000s ]
SQL: SHOW COLUMNS FROM `hwh_user` [ RunTime:0.0050s ]
SQL: SELECT * FROM `hwh_user` WHERE ( id=7 ) LIMIT 1   [ RunTime:0.0000s ]
SQL: SHOW COLUMNS FROM `hwh_user_log` [ RunTime:0.0040s ]
SQL: SELECT `user_time` FROM `hwh_user_log` WHERE `uid` = 7 AND `user_type` = 1 ORDER BY id desc LIMIT 1   [ RunTime:0.0000s ]
SQL: SHOW COLUMNS FROM `hwh_goods_cart` [ RunTime:0.0040s ]
SQL: SELECT COUNT(*) AS tp_count FROM `hwh_goods_cart` WHERE `userId` = 7 LIMIT 1   [ RunTime:0.0000s ]
SQL: SELECT * FROM `hwh_goods_cart` WHERE `userId` = 7  [ RunTime:0.0010s ]
SQL: SHOW COLUMNS FROM `hwh_goods_cart` [ RunTime:0.0040s ]
SQL: SELECT c.id,c.goodsNum,c.amount,c.attrValue1,c.attrValue2,c.isok,c.createDate,g.price,g.name,g.img FROM hwh_goods_cart c INNER JOIN hwh_goods g on g.id = c.goodsId  WHERE c.userId = '7' LIMIT 3   [ RunTime:0.0000s ]
SQL: SELECT * FROM `hwh_goods_cart` WHERE `id` IN ('10')  [ RunTime:0.0010s ]
INFO: [ app_end ] --START--
INFO: Run Behavior\ShowPageTraceBehavior [ RunTime:0.000000s ]
INFO: [ app_end ] --END-- [ RunTime:0.000000s ]

[ 2017-11-24T14:50:17+08:00 ] 127.0.0.1 /mall.php/home/cart/subcart.html
INFO: [ app_init ] --START--
INFO: Run Behavior\BuildLiteBehavior [ RunTime:0.000000s ]
INFO: [ app_init ] --END-- [ RunTime:0.000000s ]
INFO: [ app_begin ] --START--
INFO: Run Behavior\ReadHtmlCacheBehavior [ RunTime:0.001000s ]
INFO: [ app_begin ] --END-- [ RunTime:0.001000s ]
SQL: SHOW COLUMNS FROM `hwh_user` [ RunTime:0.0060s ]
SQL: SELECT * FROM `hwh_user` WHERE ( id=7 ) LIMIT 1   [ RunTime:0.0010s ]
SQL: SHOW COLUMNS FROM `hwh_user_log` [ RunTime:0.0050s ]
SQL: SELECT `user_time` FROM `hwh_user_log` WHERE `uid` = 7 AND `user_type` = 1 ORDER BY id desc LIMIT 1   [ RunTime:0.0010s ]
SQL: SHOW COLUMNS FROM `hwh_goods_cart` [ RunTime:0.0050s ]
SQL: SELECT COUNT(*) AS tp_count FROM `hwh_goods_cart` WHERE `userId` = 7 LIMIT 1   [ RunTime:0.0000s ]
SQL: SELECT * FROM `hwh_goods_cart` WHERE `userId` = 7  [ RunTime:0.0010s ]
SQL: SHOW COLUMNS FROM `hwh_goods_cart` [ RunTime:0.0050s ]
SQL: SELECT c.id,c.goodsNum,c.amount,c.attrValue1,c.attrValue2,c.isok,c.createDate,g.price,g.name,g.img FROM hwh_goods_cart c INNER JOIN hwh_goods g on g.id = c.goodsId  WHERE c.userId = '7' LIMIT 3   [ RunTime:0.0000s ]
SQL: SELECT * FROM `hwh_goods_cart` WHERE `id` IN ('')  [ RunTime:0.0010s ]
INFO: [ app_end ] --START--
INFO: Run Behavior\ShowPageTraceBehavior [ RunTime:0.000000s ]
INFO: [ app_end ] --END-- [ RunTime:0.000000s ]

[ 2017-11-24T14:50:18+08:00 ] 127.0.0.1 /mall.php/home/cart/subcart.html
INFO: [ app_init ] --START--
INFO: Run Behavior\BuildLiteBehavior [ RunTime:0.000000s ]
INFO: [ app_init ] --END-- [ RunTime:0.000000s ]
INFO: [ app_begin ] --START--
INFO: Run Behavior\ReadHtmlCacheBehavior [ RunTime:0.000000s ]
INFO: [ app_begin ] --END-- [ RunTime:0.000000s ]
SQL: SHOW COLUMNS FROM `hwh_user` [ RunTime:0.0050s ]
SQL: SELECT * FROM `hwh_user` WHERE ( id=7 ) LIMIT 1   [ RunTime:0.0000s ]
SQL: SHOW COLUMNS FROM `hwh_user_log` [ RunTime:0.0000s ]
SQL: SELECT `user_time` FROM `hwh_user_log` WHERE `uid` = 7 AND `user_type` = 1 ORDER BY id desc LIMIT 1   [ RunTime:0.0000s ]
SQL: SHOW COLUMNS FROM `hwh_goods_cart` [ RunTime:0.0000s ]
SQL: SELECT COUNT(*) AS tp_count FROM `hwh_goods_cart` WHERE `userId` = 7 LIMIT 1   [ RunTime:0.0000s ]
SQL: SELECT * FROM `hwh_goods_cart` WHERE `userId` = 7  [ RunTime:0.0000s ]
SQL: SHOW COLUMNS FROM `hwh_goods_cart` [ RunTime:0.0000s ]
SQL: SELECT c.id,c.goodsNum,c.amount,c.attrValue1,c.attrValue2,c.isok,c.createDate,g.price,g.name,g.img FROM hwh_goods_cart c INNER JOIN hwh_goods g on g.id = c.goodsId  WHERE c.userId = '7' LIMIT 3   [ RunTime:0.0000s ]
SQL: SELECT * FROM `hwh_goods_cart` WHERE `id` IN ('10')  [ RunTime:0.0000s ]
INFO: [ app_end ] --START--
INFO: Run Behavior\ShowPageTraceBehavior [ RunTime:0.000000s ]
INFO: [ app_end ] --END-- [ RunTime:0.000000s ]

[ 2017-11-24T14:50:18+08:00 ] 127.0.0.1 /mall.php/home/cart/subcart.html
INFO: [ app_init ] --START--
INFO: Run Behavior\BuildLiteBehavior [ RunTime:0.000000s ]
INFO: [ app_init ] --END-- [ RunTime:0.001000s ]
INFO: [ app_begin ] --START--
INFO: Run Behavior\ReadHtmlCacheBehavior [ RunTime:0.001000s ]
INFO: [ app_begin ] --END-- [ RunTime:0.001000s ]
SQL: SHOW COLUMNS FROM `hwh_user` [ RunTime:0.0040s ]
SQL: SELECT * FROM `hwh_user` WHERE ( id=7 ) LIMIT 1   [ RunTime:0.0010s ]
SQL: SHOW COLUMNS FROM `hwh_user_log` [ RunTime:0.0030s ]
SQL: SELECT `user_time` FROM `hwh_user_log` WHERE `uid` = 7 AND `user_type` = 1 ORDER BY id desc LIMIT 1   [ RunTime:0.0010s ]
SQL: SHOW COLUMNS FROM `hwh_goods_cart` [ RunTime:0.0030s ]
SQL: SELECT COUNT(*) AS tp_count FROM `hwh_goods_cart` WHERE `userId` = 7 LIMIT 1   [ RunTime:0.0010s ]
SQL: SELECT * FROM `hwh_goods_cart` WHERE `userId` = 7  [ RunTime:0.0000s ]
SQL: SHOW COLUMNS FROM `hwh_goods_cart` [ RunTime:0.0030s ]
SQL: SELECT c.id,c.goodsNum,c.amount,c.attrValue1,c.attrValue2,c.isok,c.createDate,g.price,g.name,g.img FROM hwh_goods_cart c INNER JOIN hwh_goods g on g.id = c.goodsId  WHERE c.userId = '7' LIMIT 3   [ RunTime:0.0000s ]
SQL: SELECT * FROM `hwh_goods_cart` WHERE `id` IN ('')  [ RunTime:0.0000s ]
INFO: [ app_end ] --START--
INFO: Run Behavior\ShowPageTraceBehavior [ RunTime:0.001000s ]
INFO: [ app_end ] --END-- [ RunTime:0.001000s ]

