[ 2018-01-08T15:11:34+08:00 ] 127.0.0.1 /mall.php/home/
INFO: [ app_init ] --START--
INFO: Run Behavior\BuildLiteBehavior [ RunTime:0.000000s ]
INFO: [ app_init ] --END-- [ RunTime:0.001000s ]
INFO: [ app_begin ] --START--
INFO: Run Behavior\ReadHtmlCacheBehavior [ RunTime:0.001000s ]
INFO: [ app_begin ] --END-- [ RunTime:0.001000s ]
SQL: SHOW COLUMNS FROM `hwh_goods` [ RunTime:0.0090s ]
NOTIC: [8] Undefined variable: w D:\phpStudy\WWW\haozi\Shopping\Home\Controller\IndexController.class.php 第 39 行.
SQL: SELECT `id`,`topCategoryId`,`categoryId`,`attrIdList`,`attrNameList`,`name`,`price`,`oldPrice`,`soldNum`,`img`,`unitName`,`isMarketable`,`description`,`createDate`,`updateDate` FROM `hwh_goods`  [ RunTime:0.0010s ]
SQL: SHOW COLUMNS FROM `hwh_goods_category` [ RunTime:0.0080s ]
SQL: SELECT `id`,`parentId`,`name` FROM `hwh_goods_category` WHERE `id` = 4 LIMIT 1   [ RunTime:0.0000s ]
SQL: SELECT `id`,`parentId`,`name` FROM `hwh_goods_category` WHERE ( parentId=4 )  [ RunTime:0.0000s ]
SQL: SELECT `id`,`name` FROM `hwh_goods_category` WHERE ( parentId=0 ) ORDER BY ordernum  [ RunTime:0.0010s ]
SQL: SELECT `id`,`name` FROM `hwh_goods_category` WHERE ( parentId=4 )  [ RunTime:0.0000s ]
SQL: SELECT `id`,`name` FROM `hwh_goods_category` WHERE ( parentId=6 )  [ RunTime:0.0010s ]
INFO: [ view_parse ] --START--
INFO: [ template_filter ] --START--
INFO: Run Behavior\ContentReplaceBehavior [ RunTime:0.000000s ]
INFO: [ template_filter ] --END-- [ RunTime:0.001000s ]
NOTIC: [2] Invalid argument supplied for foreach() D:\phpStudy\WWW\haozi\Shopping\Runtime\Cache\Home\52e8ed71ecc076a29e9c6c3fe4b5ea9e.php 第 70 行.
INFO: Run Behavior\ParseTemplateBehavior [ RunTime:0.119007s ]
INFO: [ view_parse ] --END-- [ RunTime:0.119007s ]
INFO: [ view_filter ] --START--
INFO: Run Behavior\WriteHtmlCacheBehavior [ RunTime:0.009001s ]
INFO: [ view_filter ] --END-- [ RunTime:0.009001s ]
INFO: [ app_end ] --START--
INFO: Run Behavior\ShowPageTraceBehavior [ RunTime:0.010000s ]
INFO: [ app_end ] --END-- [ RunTime:0.010000s ]

[ 2018-01-08T15:12:53+08:00 ] 127.0.0.1 /mall.php/home/goods/goodsView?id=12
INFO: [ app_init ] --START--
INFO: Run Behavior\BuildLiteBehavior [ RunTime:0.000000s ]
INFO: [ app_init ] --END-- [ RunTime:0.000000s ]
INFO: [ app_begin ] --START--
INFO: Run Behavior\ReadHtmlCacheBehavior [ RunTime:0.001000s ]
INFO: [ app_begin ] --END-- [ RunTime:0.001000s ]
ERR: syntax error, unexpected '$uid' (T_VARIABLE)

[ 2018-01-08T15:14:22+08:00 ] 127.0.0.1 /mall.php/home/
INFO: [ app_init ] --START--
INFO: Run Behavior\BuildLiteBehavior [ RunTime:0.000000s ]
INFO: [ app_init ] --END-- [ RunTime:0.001000s ]
INFO: [ app_begin ] --START--
INFO: Run Behavior\ReadHtmlCacheBehavior [ RunTime:0.001000s ]
INFO: [ app_begin ] --END-- [ RunTime:0.001000s ]
SQL: SHOW COLUMNS FROM `hwh_user` [ RunTime:0.0060s ]
SQL: SELECT * FROM `hwh_user` WHERE ( id=1 ) LIMIT 1   [ RunTime:0.0000s ]
SQL: SHOW COLUMNS FROM `hwh_user_log` [ RunTime:0.0060s ]
SQL: SELECT `user_time` FROM `hwh_user_log` WHERE `uid` = 1 AND `user_type` = 1 ORDER BY id desc LIMIT 1   [ RunTime:0.0000s ]
SQL: SHOW COLUMNS FROM `hwh_goods_cart` [ RunTime:0.0070s ]
SQL: SELECT COUNT(*) AS tp_count FROM `hwh_goods_cart` WHERE `userId` = 1 LIMIT 1   [ RunTime:0.0000s ]
SQL: SELECT * FROM `hwh_goods_cart` WHERE `userId` = 1  [ RunTime:0.0010s ]
SQL: SHOW COLUMNS FROM `hwh_goods_cart` [ RunTime:0.0050s ]
SQL: SELECT c.id,c.goodsNum,c.amount,c.attrValue1,c.attrValue2,c.isok,c.createDate,g.price,g.name,g.img FROM hwh_goods_cart c INNER JOIN hwh_goods g on g.id = c.goodsId  WHERE c.userId = '1' LIMIT 3   [ RunTime:0.0000s ]
SQL: SHOW COLUMNS FROM `hwh_goods` [ RunTime:0.0060s ]
NOTIC: [8] Undefined variable: w D:\phpStudy\WWW\haozi\Shopping\Home\Controller\IndexController.class.php 第 39 行.
SQL: SELECT `id`,`topCategoryId`,`categoryId`,`attrIdList`,`attrNameList`,`name`,`price`,`oldPrice`,`soldNum`,`img`,`unitName`,`isMarketable`,`description`,`createDate`,`updateDate` FROM `hwh_goods`  [ RunTime:0.0000s ]
SQL: SHOW COLUMNS FROM `hwh_goods_category` [ RunTime:0.0050s ]
SQL: SELECT `id`,`parentId`,`name` FROM `hwh_goods_category` WHERE `id` = 4 LIMIT 1   [ RunTime:0.0010s ]
SQL: SELECT `id`,`parentId`,`name` FROM `hwh_goods_category` WHERE ( parentId=4 )  [ RunTime:0.0000s ]
SQL: SELECT `id`,`name` FROM `hwh_goods_category` WHERE ( parentId=0 ) ORDER BY ordernum  [ RunTime:0.0000s ]
SQL: SELECT `id`,`name` FROM `hwh_goods_category` WHERE ( parentId=4 )  [ RunTime:0.0000s ]
SQL: SELECT `id`,`name` FROM `hwh_goods_category` WHERE ( parentId=6 )  [ RunTime:0.0000s ]
INFO: [ view_parse ] --START--
INFO: [ template_filter ] --START--
INFO: Run Behavior\ContentReplaceBehavior [ RunTime:0.001000s ]
INFO: [ template_filter ] --END-- [ RunTime:0.001000s ]
NOTIC: [8] Undefined index: qq_nickname D:\phpStudy\WWW\haozi\Shopping\Runtime\Cache\Home\52e8ed71ecc076a29e9c6c3fe4b5ea9e.php 第 24 行.
INFO: Run Behavior\ParseTemplateBehavior [ RunTime:0.011000s ]
INFO: [ view_parse ] --END-- [ RunTime:0.011000s ]
INFO: [ view_filter ] --START--
INFO: Run Behavior\WriteHtmlCacheBehavior [ RunTime:0.000000s ]
INFO: [ view_filter ] --END-- [ RunTime:0.001000s ]
INFO: [ app_end ] --START--
INFO: Run Behavior\ShowPageTraceBehavior [ RunTime:0.001000s ]
INFO: [ app_end ] --END-- [ RunTime:0.001000s ]

[ 2018-01-08T15:14:25+08:00 ] 127.0.0.1 /mall.php/home/Goods/goodsView?id=12
INFO: [ app_init ] --START--
INFO: Run Behavior\BuildLiteBehavior [ RunTime:0.000000s ]
INFO: [ app_init ] --END-- [ RunTime:0.000000s ]
INFO: [ app_begin ] --START--
INFO: Run Behavior\ReadHtmlCacheBehavior [ RunTime:0.001000s ]
INFO: [ app_begin ] --END-- [ RunTime:0.001000s ]
ERR: syntax error, unexpected '$uid' (T_VARIABLE)

