[ 2018-01-04T16:14:00+08:00 ] 127.0.0.1 /mall.php/home/
INFO: [ app_init ] --START--
INFO: Run Behavior\BuildLiteBehavior [ RunTime:0.000000s ]
INFO: [ app_init ] --END-- [ RunTime:0.000000s ]
INFO: [ app_begin ] --START--
INFO: Run Behavior\ReadHtmlCacheBehavior [ RunTime:0.001000s ]
INFO: [ app_begin ] --END-- [ RunTime:0.001000s ]
SQL: SHOW COLUMNS FROM `hwh_user` [ RunTime:0.0040s ]
SQL: SELECT * FROM `hwh_user` WHERE ( id=7 ) LIMIT 1   [ RunTime:0.0000s ]
SQL: SHOW COLUMNS FROM `hwh_user_log` [ RunTime:0.0030s ]
SQL: SELECT `user_time` FROM `hwh_user_log` WHERE `uid` = 7 AND `user_type` = 1 ORDER BY id desc LIMIT 1   [ RunTime:0.0000s ]
SQL: SHOW COLUMNS FROM `hwh_goods_cart` [ RunTime:0.0030s ]
SQL: SELECT COUNT(*) AS tp_count FROM `hwh_goods_cart` WHERE `userId` = 7 LIMIT 1   [ RunTime:0.0090s ]
SQL: SELECT * FROM `hwh_goods_cart` WHERE `userId` = 7  [ RunTime:0.0010s ]
SQL: SHOW COLUMNS FROM `hwh_goods_cart` [ RunTime:0.0030s ]
SQL: SELECT c.id,c.goodsNum,c.amount,c.attrValue1,c.attrValue2,c.isok,c.createDate,g.price,g.name,g.img FROM hwh_goods_cart c INNER JOIN hwh_goods g on g.id = c.goodsId  WHERE c.userId = '7' LIMIT 3   [ RunTime:0.0000s ]
SQL: SHOW COLUMNS FROM `hwh_goods` [ RunTime:0.0040s ]
NOTIC: [8] Undefined variable: w D:\phpStudy\WWW\haozi\Shopping\Home\Controller\IndexController.class.php 第 39 行.
SQL: SELECT `id`,`topCategoryId`,`categoryId`,`attrIdList`,`attrNameList`,`name`,`price`,`oldPrice`,`soldNum`,`img`,`unitName`,`isMarketable`,`description`,`createDate`,`updateDate` FROM `hwh_goods`  [ RunTime:0.0010s ]
SQL: SHOW COLUMNS FROM `hwh_goods_category` [ RunTime:0.0030s ]
SQL: SELECT `id`,`parentId`,`name` FROM `hwh_goods_category` WHERE `id` = 6 LIMIT 1   [ RunTime:0.0010s ]
SQL: SELECT `id`,`parentId`,`name` FROM `hwh_goods_category` WHERE ( parentId=6 )  [ RunTime:0.0000s ]
SQL: SELECT `id`,`parentId`,`name` FROM `hwh_goods_category` WHERE `id` = 4 LIMIT 1   [ RunTime:0.0000s ]
SQL: SELECT `id`,`parentId`,`name` FROM `hwh_goods_category` WHERE ( parentId=4 )  [ RunTime:0.0000s ]
SQL: SELECT `id`,`name` FROM `hwh_goods_category` WHERE ( parentId=0 ) ORDER BY ordernum  [ RunTime:0.0010s ]
SQL: SELECT `id`,`name` FROM `hwh_goods_category` WHERE ( parentId=4 )  [ RunTime:0.0000s ]
SQL: SELECT `id`,`name` FROM `hwh_goods_category` WHERE ( parentId=6 )  [ RunTime:0.0000s ]
INFO: [ view_parse ] --START--
INFO: [ template_filter ] --START--
INFO: Run Behavior\ContentReplaceBehavior [ RunTime:0.000000s ]
INFO: [ template_filter ] --END-- [ RunTime:0.000000s ]
NOTIC: [8] Undefined index: qq_nickname D:\phpStudy\WWW\haozi\Shopping\Runtime\Cache\Home\52e8ed71ecc076a29e9c6c3fe4b5ea9e.php 第 24 行.
INFO: Run Behavior\ParseTemplateBehavior [ RunTime:0.020001s ]
INFO: [ view_parse ] --END-- [ RunTime:0.021001s ]
INFO: [ view_filter ] --START--
INFO: Run Behavior\WriteHtmlCacheBehavior [ RunTime:0.000000s ]
INFO: [ view_filter ] --END-- [ RunTime:0.000000s ]
INFO: [ app_end ] --START--
INFO: Run Behavior\ShowPageTraceBehavior [ RunTime:0.001000s ]
INFO: [ app_end ] --END-- [ RunTime:0.001000s ]

[ 2018-01-04T16:14:03+08:00 ] 127.0.0.1 /mall.php/home/Goods/goodsView?id=12
INFO: [ app_init ] --START--
INFO: Run Behavior\BuildLiteBehavior [ RunTime:0.000000s ]
INFO: [ app_init ] --END-- [ RunTime:0.001000s ]
INFO: [ app_begin ] --START--
INFO: Run Behavior\ReadHtmlCacheBehavior [ RunTime:0.000000s ]
INFO: [ app_begin ] --END-- [ RunTime:0.000000s ]
SQL: SHOW COLUMNS FROM `hwh_user` [ RunTime:0.0070s ]
SQL: SELECT * FROM `hwh_user` WHERE ( id=7 ) LIMIT 1   [ RunTime:0.0010s ]
SQL: SHOW COLUMNS FROM `hwh_user_log` [ RunTime:0.0060s ]
SQL: SELECT `user_time` FROM `hwh_user_log` WHERE `uid` = 7 AND `user_type` = 1 ORDER BY id desc LIMIT 1   [ RunTime:0.0010s ]
SQL: SHOW COLUMNS FROM `hwh_goods_cart` [ RunTime:0.0060s ]
SQL: SELECT COUNT(*) AS tp_count FROM `hwh_goods_cart` WHERE `userId` = 7 LIMIT 1   [ RunTime:0.0000s ]
SQL: SELECT * FROM `hwh_goods_cart` WHERE `userId` = 7  [ RunTime:0.0010s ]
SQL: SHOW COLUMNS FROM `hwh_goods_cart` [ RunTime:0.0060s ]
SQL: SELECT c.id,c.goodsNum,c.amount,c.attrValue1,c.attrValue2,c.isok,c.createDate,g.price,g.name,g.img FROM hwh_goods_cart c INNER JOIN hwh_goods g on g.id = c.goodsId  WHERE c.userId = '7' LIMIT 3   [ RunTime:0.0010s ]
SQL: SHOW COLUMNS FROM `hwh_goods` [ RunTime:0.0070s ]
SQL: SELECT * FROM `hwh_goods` WHERE ( id=12 ) LIMIT 1   [ RunTime:0.0000s ]
SQL: SHOW COLUMNS FROM `hwh_goods_store` [ RunTime:0.0070s ]
SQL: SELECT * FROM `hwh_goods_store` WHERE ( goodsId=12 )  [ RunTime:0.0010s ]
SQL: SELECT attrValue1 as attrValue FROM `hwh_goods_store` WHERE ( goodsId=12 ) GROUP BY attrValue1  [ RunTime:0.0060s ]
SQL: SHOW COLUMNS FROM `hwh_attribute_name` [ RunTime:0.0060s ]
SQL: SELECT `id`,`attrname` FROM `hwh_attribute_name`  [ RunTime:0.0000s ]
SQL: SHOW COLUMNS FROM `hwh_attribute_value` [ RunTime:0.0060s ]
SQL: SELECT * FROM `hwh_attribute_value` WHERE ( attrNameId=7 )  [ RunTime:0.0000s ]
SQL: SELECT * FROM `hwh_attribute_value` WHERE ( attrNameId=4 )  [ RunTime:0.0000s ]
SQL: SELECT * FROM `hwh_attribute_value` WHERE ( attrNameId=6 )  [ RunTime:0.0000s ]
NOTIC: [8] Undefined index: 颜色 D:\phpStudy\WWW\haozi\Shopping\Home\Controller\GoodsController.class.php 第 76 行.
NOTIC: [8] Undefined index: 尺码 D:\phpStudy\WWW\haozi\Shopping\Home\Controller\GoodsController.class.php 第 76 行.
SQL: SELECT `attrValue1`,`attrValue2` FROM `hwh_goods_store` WHERE ( goodsId=12 )  [ RunTime:0.0010s ]
SQL: SELECT COUNT(*) AS tp_count FROM `hwh_goods_cart` WHERE `userId` = 7 AND `isok` = 1 LIMIT 1   [ RunTime:0.0000s ]
INFO: [ view_parse ] --START--
INFO: [ template_filter ] --START--
INFO: Run Behavior\ContentReplaceBehavior [ RunTime:0.000000s ]
INFO: [ template_filter ] --END-- [ RunTime:0.001000s ]
NOTIC: [8] Undefined variable: count D:\phpStudy\WWW\haozi\Shopping\Runtime\Cache\Home\f9dbfb5ad94d55bff5702423295fdbc9.php 第 281 行.
INFO: Run Behavior\ParseTemplateBehavior [ RunTime:0.014001s ]
INFO: [ view_parse ] --END-- [ RunTime:0.014001s ]
INFO: [ view_filter ] --START--
INFO: Run Behavior\WriteHtmlCacheBehavior [ RunTime:0.001000s ]
INFO: [ view_filter ] --END-- [ RunTime:0.001000s ]
INFO: [ app_end ] --START--
INFO: Run Behavior\ShowPageTraceBehavior [ RunTime:0.000000s ]
INFO: [ app_end ] --END-- [ RunTime:0.000000s ]

[ 2018-01-04T16:14:04+08:00 ] 127.0.0.1 /mall.php/home/goods/commentlist.html
INFO: [ app_init ] --START--
INFO: Run Behavior\BuildLiteBehavior [ RunTime:0.000000s ]
INFO: [ app_init ] --END-- [ RunTime:0.001000s ]
INFO: [ app_begin ] --START--
INFO: Run Behavior\ReadHtmlCacheBehavior [ RunTime:0.000000s ]
INFO: [ app_begin ] --END-- [ RunTime:0.000000s ]
SQL: SHOW COLUMNS FROM `hwh_user` [ RunTime:0.0030s ]
SQL: SELECT * FROM `hwh_user` WHERE ( id=7 ) LIMIT 1   [ RunTime:0.0010s ]
SQL: SHOW COLUMNS FROM `hwh_user_log` [ RunTime:0.0030s ]
SQL: SELECT `user_time` FROM `hwh_user_log` WHERE `uid` = 7 AND `user_type` = 1 ORDER BY id desc LIMIT 1   [ RunTime:0.0000s ]
SQL: SHOW COLUMNS FROM `hwh_goods_cart` [ RunTime:0.0030s ]
SQL: SELECT COUNT(*) AS tp_count FROM `hwh_goods_cart` WHERE `userId` = 7 LIMIT 1   [ RunTime:0.0010s ]
SQL: SELECT * FROM `hwh_goods_cart` WHERE `userId` = 7  [ RunTime:0.0000s ]
SQL: SHOW COLUMNS FROM `hwh_goods_cart` [ RunTime:0.0030s ]
SQL: SELECT c.id,c.goodsNum,c.amount,c.attrValue1,c.attrValue2,c.isok,c.createDate,g.price,g.name,g.img FROM hwh_goods_cart c INNER JOIN hwh_goods g on g.id = c.goodsId  WHERE c.userId = '7' LIMIT 3   [ RunTime:0.0000s ]
SQL: SHOW COLUMNS FROM `hwh_user_qq` [ RunTime:0.0030s ]
SQL: SELECT `qq_nickname` FROM `hwh_user_qq` WHERE `qq_openid` = null LIMIT 1   [ RunTime:0.0000s ]
SQL: SHOW COLUMNS FROM `hwh_goods_comment` [ RunTime:0.0030s ]
SQL: SELECT c.*,g.name,g.img,u.nickname,u.username FROM hwh_goods_comment c left JOIN hwh_goods g on g.id = c.goodsId left JOIN hwh_user u on u.id = c.userId  WHERE c.goodsId = '12' ORDER BY createDate desc  [ RunTime:0.0000s ]
NOTIC: [8] Undefined variable: count D:\phpStudy\WWW\haozi\Shopping\Home\Controller\GoodsController.class.php 第 196 行.
INFO: [ app_end ] --START--
INFO: Run Behavior\ShowPageTraceBehavior [ RunTime:0.000000s ]
INFO: [ app_end ] --END-- [ RunTime:0.000000s ]

[ 2018-01-04T16:14:04+08:00 ] 127.0.0.1 /mall.php/home/Goods/null
INFO: [ app_init ] --START--
INFO: Run Behavior\BuildLiteBehavior [ RunTime:0.000000s ]
INFO: [ app_init ] --END-- [ RunTime:0.001000s ]
INFO: [ app_begin ] --START--
INFO: Run Behavior\ReadHtmlCacheBehavior [ RunTime:0.001000s ]
INFO: [ app_begin ] --END-- [ RunTime:0.001000s ]
SQL: SHOW COLUMNS FROM `hwh_user` [ RunTime:0.0030s ]
SQL: SELECT * FROM `hwh_user` WHERE ( id=7 ) LIMIT 1   [ RunTime:0.0000s ]
SQL: SHOW COLUMNS FROM `hwh_user_log` [ RunTime:0.0030s ]
SQL: SELECT `user_time` FROM `hwh_user_log` WHERE `uid` = 7 AND `user_type` = 1 ORDER BY id desc LIMIT 1   [ RunTime:0.0010s ]
SQL: SHOW COLUMNS FROM `hwh_goods_cart` [ RunTime:0.0020s ]
SQL: SELECT COUNT(*) AS tp_count FROM `hwh_goods_cart` WHERE `userId` = 7 LIMIT 1   [ RunTime:0.0000s ]
SQL: SELECT * FROM `hwh_goods_cart` WHERE `userId` = 7  [ RunTime:0.0000s ]
SQL: SHOW COLUMNS FROM `hwh_goods_cart` [ RunTime:0.0030s ]
SQL: SELECT c.id,c.goodsNum,c.amount,c.attrValue1,c.attrValue2,c.isok,c.createDate,g.price,g.name,g.img FROM hwh_goods_cart c INNER JOIN hwh_goods g on g.id = c.goodsId  WHERE c.userId = '7' LIMIT 3   [ RunTime:0.0010s ]
ERR: 非法操作:null

[ 2018-01-04T16:14:10+08:00 ] 127.0.0.1 /mall.php/home/goods/goodsstoreview.html
INFO: [ app_init ] --START--
INFO: Run Behavior\BuildLiteBehavior [ RunTime:0.000000s ]
INFO: [ app_init ] --END-- [ RunTime:0.001000s ]
INFO: [ app_begin ] --START--
INFO: Run Behavior\ReadHtmlCacheBehavior [ RunTime:0.001000s ]
INFO: [ app_begin ] --END-- [ RunTime:0.001000s ]
SQL: SHOW COLUMNS FROM `hwh_user` [ RunTime:0.0140s ]
SQL: SELECT * FROM `hwh_user` WHERE ( id=7 ) LIMIT 1   [ RunTime:0.0010s ]
SQL: SHOW COLUMNS FROM `hwh_user_log` [ RunTime:0.0130s ]
SQL: SELECT `user_time` FROM `hwh_user_log` WHERE `uid` = 7 AND `user_type` = 1 ORDER BY id desc LIMIT 1   [ RunTime:0.0010s ]
SQL: SHOW COLUMNS FROM `hwh_goods_cart` [ RunTime:0.0130s ]
SQL: SELECT COUNT(*) AS tp_count FROM `hwh_goods_cart` WHERE `userId` = 7 LIMIT 1   [ RunTime:0.0000s ]
SQL: SELECT * FROM `hwh_goods_cart` WHERE `userId` = 7  [ RunTime:0.0010s ]
SQL: SHOW COLUMNS FROM `hwh_goods_cart` [ RunTime:0.0080s ]
SQL: SELECT c.id,c.goodsNum,c.amount,c.attrValue1,c.attrValue2,c.isok,c.createDate,g.price,g.name,g.img FROM hwh_goods_cart c INNER JOIN hwh_goods g on g.id = c.goodsId  WHERE c.userId = '7' LIMIT 3   [ RunTime:0.0010s ]
SQL: SHOW COLUMNS FROM `hwh_goods_store` [ RunTime:0.0070s ]
SQL: SELECT `stock`,`soldNum` FROM `hwh_goods_store` WHERE `goodsId` = 12 AND `attrValue1` = '纯棉' LIMIT 1   [ RunTime:0.0000s ]
INFO: [ app_end ] --START--
INFO: Run Behavior\ShowPageTraceBehavior [ RunTime:0.001000s ]
INFO: [ app_end ] --END-- [ RunTime:0.002000s ]

