[ 2018-04-04T15:14:53+08:00 ] 127.0.0.1 /mall.php/
INFO: [ app_init ] --START--
INFO: Run Behavior\BuildLiteBehavior [ RunTime:0.000000s ]
INFO: [ app_init ] --END-- [ RunTime:0.001000s ]
INFO: [ app_begin ] --START--
INFO: Run Behavior\ReadHtmlCacheBehavior [ RunTime:0.000000s ]
INFO: [ app_begin ] --END-- [ RunTime:0.000000s ]
SQL: SHOW COLUMNS FROM `hwh_goods` [ RunTime:0.0030s ]
SQL: SELECT * FROM `hwh_goods` WHERE `isMarketable` = 1  [ RunTime:0.0000s ]
SQL: SHOW COLUMNS FROM `hwh_goods_category` [ RunTime:0.0030s ]
SQL: SELECT * FROM `hwh_goods_category` WHERE ( parentId=0 and isShow=1 )  [ RunTime:0.0010s ]
SQL: SELECT * FROM `hwh_goods_category` WHERE `parentId` = 1  [ RunTime:0.0000s ]
INFO: [ view_parse ] --START--
INFO: [ template_filter ] --START--
INFO: Run Behavior\ContentReplaceBehavior [ RunTime:0.000000s ]
INFO: [ template_filter ] --END-- [ RunTime:0.000000s ]
NOTIC: [2] Invalid argument supplied for foreach() D:\phpStudy\WWW\haozi\Shopping\Runtime\Cache\Home\52e8ed71ecc076a29e9c6c3fe4b5ea9e.php 第 70 行.
INFO: Run Behavior\ParseTemplateBehavior [ RunTime:0.025002s ]
INFO: [ view_parse ] --END-- [ RunTime:0.025002s ]
INFO: [ view_filter ] --START--
INFO: Run Behavior\WriteHtmlCacheBehavior [ RunTime:0.005000s ]
INFO: [ view_filter ] --END-- [ RunTime:0.005000s ]
INFO: [ app_end ] --START--
INFO: Run Behavior\ShowPageTraceBehavior [ RunTime:0.010000s ]
INFO: [ app_end ] --END-- [ RunTime:0.010000s ]

